[0.007s] Invoking command in '/home/nayanika/robotic_arm_ws/build/mrf_description': CMAKE_PREFIX_PATH=/home/nayanika/robot_ws/install/arm_gazebo:/opt/ros/humble /usr/bin/cmake /home/nayanika/robotic_arm_ws/src/mrf_description -DAMENT_CMAKE_SYMLINK_INSTALL=1 -DCMAKE_INSTALL_PREFIX=/home/nayanika/robotic_arm_ws/install/mrf_description
[0.078s] -- The C compiler identification is GNU 11.4.0
[0.136s] -- The CXX compiler identification is GNU 11.4.0
[0.140s] -- Detecting C compiler ABI info
[0.188s] -- Detecting C compiler ABI info - done
[0.193s] -- Check for working C compiler: /usr/bin/cc - skipped
[0.193s] -- Detecting C compile features
[0.194s] -- Detecting C compile features - done
[0.196s] -- Detecting CXX compiler ABI info
[0.252s] -- Detecting CXX compiler ABI info - done
[0.257s] -- Check for working CXX compiler: /usr/bin/c++ - skipped
[0.257s] -- Detecting CXX compile features
[0.257s] -- Detecting CXX compile features - done
[0.261s] -- Found ament_cmake: 1.3.14 (/opt/ros/humble/share/ament_cmake/cmake)
[0.358s] -- Found Python3: /usr/bin/python3 (found version "3.10.12") found components: Interpreter 
[0.397s] -- Override CMake install command with custom implementation using symlinks instead of copying resources
[0.475s] -- Configuring done
[0.475s] -- Generating done
[0.475s] -- Build files have been written to: /home/nayanika/robotic_arm_ws/build/mrf_description
[0.477s] Invoked command in '/home/nayanika/robotic_arm_ws/build/mrf_description' returned '0': CMAKE_PREFIX_PATH=/home/nayanika/robot_ws/install/arm_gazebo:/opt/ros/humble /usr/bin/cmake /home/nayanika/robotic_arm_ws/src/mrf_description -DAMENT_CMAKE_SYMLINK_INSTALL=1 -DCMAKE_INSTALL_PREFIX=/home/nayanika/robotic_arm_ws/install/mrf_description
[0.478s] Invoking command in '/home/nayanika/robotic_arm_ws/build/mrf_description': CMAKE_PREFIX_PATH=/home/nayanika/robot_ws/install/arm_gazebo:/opt/ros/humble /usr/bin/cmake --build /home/nayanika/robotic_arm_ws/build/mrf_description -- -j24 -l24
[0.506s] Invoked command in '/home/nayanika/robotic_arm_ws/build/mrf_description' returned '0': CMAKE_PREFIX_PATH=/home/nayanika/robot_ws/install/arm_gazebo:/opt/ros/humble /usr/bin/cmake --build /home/nayanika/robotic_arm_ws/build/mrf_description -- -j24 -l24
[0.507s] Invoking command in '/home/nayanika/robotic_arm_ws/build/mrf_description': CMAKE_PREFIX_PATH=/home/nayanika/robot_ws/install/arm_gazebo:/opt/ros/humble /usr/bin/cmake --install /home/nayanika/robotic_arm_ws/build/mrf_description
[0.513s] -- Install configuration: ""
[0.513s] -- Execute custom install script
[0.514s] -- Symlinking: /home/nayanika/robotic_arm_ws/install/mrf_description/share/mrf_description/urdf/kr_arm.xacro
[0.520s] -- Symlinking: /home/nayanika/robotic_arm_ws/install/mrf_description/share/mrf_description/urdf/robot.urdf.xacro
[0.527s] -- Symlinking: /home/nayanika/robotic_arm_ws/install/mrf_description/share/mrf_description/config/controllers.yaml
[0.532s] -- Symlinking: /home/nayanika/robotic_arm_ws/install/mrf_description/share/ament_index/resource_index/package_run_dependencies/mrf_description
[0.539s] -- Symlinking: /home/nayanika/robotic_arm_ws/install/mrf_description/share/ament_index/resource_index/parent_prefix_path/mrf_description
[0.545s] -- Symlinking: /home/nayanika/robotic_arm_ws/install/mrf_description/share/mrf_description/environment/ament_prefix_path.sh
[0.551s] -- Symlinking: /home/nayanika/robotic_arm_ws/install/mrf_description/share/mrf_description/environment/ament_prefix_path.dsv
[0.556s] -- Symlinking: /home/nayanika/robotic_arm_ws/install/mrf_description/share/mrf_description/environment/path.sh
[0.563s] -- Symlinking: /home/nayanika/robotic_arm_ws/install/mrf_description/share/mrf_description/environment/path.dsv
[0.568s] -- Symlinking: /home/nayanika/robotic_arm_ws/install/mrf_description/share/mrf_description/local_setup.bash
[0.574s] -- Symlinking: /home/nayanika/robotic_arm_ws/install/mrf_description/share/mrf_description/local_setup.sh
[0.579s] -- Symlinking: /home/nayanika/robotic_arm_ws/install/mrf_description/share/mrf_description/local_setup.zsh
[0.584s] -- Symlinking: /home/nayanika/robotic_arm_ws/install/mrf_description/share/mrf_description/local_setup.dsv
[0.590s] -- Symlinking: /home/nayanika/robotic_arm_ws/install/mrf_description/share/mrf_description/package.dsv
[0.595s] -- Symlinking: /home/nayanika/robotic_arm_ws/install/mrf_description/share/ament_index/resource_index/packages/mrf_description
[0.601s] -- Symlinking: /home/nayanika/robotic_arm_ws/install/mrf_description/share/mrf_description/cmake/mrf_descriptionConfig.cmake
[0.605s] -- Symlinking: /home/nayanika/robotic_arm_ws/install/mrf_description/share/mrf_description/cmake/mrf_descriptionConfig-version.cmake
[0.624s] -- Symlinking: /home/nayanika/robotic_arm_ws/install/mrf_description/share/mrf_description/package.xml
[0.625s] Invoked command in '/home/nayanika/robotic_arm_ws/build/mrf_description' returned '0': CMAKE_PREFIX_PATH=/home/nayanika/robot_ws/install/arm_gazebo:/opt/ros/humble /usr/bin/cmake --install /home/nayanika/robotic_arm_ws/build/mrf_description
