running develop
running egg_info
creating mrf_coordinator.egg-info
writing mrf_coordinator.egg-info/PKG-INFO
writing dependency_links to mrf_coordinator.egg-info/dependency_links.txt
writing entry points to mrf_coordinator.egg-info/entry_points.txt
writing requirements to mrf_coordinator.egg-info/requires.txt
writing top-level names to mrf_coordinator.egg-info/top_level.txt
writing manifest file 'mrf_coordinator.egg-info/SOURCES.txt'
reading manifest file 'mrf_coordinator.egg-info/SOURCES.txt'
writing manifest file 'mrf_coordinator.egg-info/SOURCES.txt'
running build_ext
Creating /home/nayanika/robotic_arm_ws/install/mrf_coordinator/lib/python3.10/site-packages/mrf-coordinator.egg-link (link to .)
Installing conveyor script to /home/nayanika/robotic_arm_ws/install/mrf_coordinator/lib/mrf_coordinator
Installing coordinator script to /home/nayanika/robotic_arm_ws/install/mrf_coordinator/lib/mrf_coordinator
Installing object_manager script to /home/nayanika/robotic_arm_ws/install/mrf_coordinator/lib/mrf_coordinator

Installed /home/nayanika/robotic_arm_ws/build/mrf_coordinator
running symlink_data
creating /home/nayanika/robotic_arm_ws/install/mrf_coordinator/share/ament_index
creating /home/nayanika/robotic_arm_ws/install/mrf_coordinator/share/ament_index/resource_index
creating /home/nayanika/robotic_arm_ws/install/mrf_coordinator/share/ament_index/resource_index/packages
symbolically linking /home/nayanika/robotic_arm_ws/build/mrf_coordinator/resource/mrf_coordinator -> /home/nayanika/robotic_arm_ws/install/mrf_coordinator/share/ament_index/resource_index/packages
symbolically linking /home/nayanika/robotic_arm_ws/build/mrf_coordinator/package.xml -> /home/nayanika/robotic_arm_ws/install/mrf_coordinator/share/mrf_coordinator
creating /home/nayanika/robotic_arm_ws/install/mrf_coordinator/share/mrf_coordinator/launch
creating /home/nayanika/robotic_arm_ws/install/mrf_coordinator/share/mrf_coordinator/config
