[0.009s] Invoking command in '/home/nayanika/robotic_arm_ws/build/mrf_bringup': AMENT_PREFIX_PATH=/home/nayanika/robotic_arm_ws/install/mrf_perception:/home/nayanika/robotic_arm_ws/install/mrf_coordinator:/home/nayanika/robotic_arm_ws/install/mrf_bringup:/home/nayanika/robotic_arm_ws/install/mrf_msgs:/home/nayanika/robotic_arm_ws/install/mrf_gazebo:/home/nayanika/robotic_arm_ws/install/mrf_description:/home/nayanika/robot_ws/install/arm_gazebo:/opt/ros/humble CMAKE_PREFIX_PATH=/home/nayanika/robotic_arm_ws/install/mrf_msgs:/home/nayanika/robotic_arm_ws/install/mrf_gazebo:/home/nayanika/robotic_arm_ws/install/mrf_description:/home/nayanika/robotic_arm_ws/install/mrf_bringup:/home/nayanika/robotic_arm_ws/install/mrf_perception:/home/nayanika/robotic_arm_ws/install/mrf_coordinator:/home/nayanika/robot_ws/install/arm_gazebo:/opt/ros/humble /usr/bin/cmake --build /home/nayanika/robotic_arm_ws/build/mrf_bringup -- -j24 -l24
[0.044s] Invoked command in '/home/nayanika/robotic_arm_ws/build/mrf_bringup' returned '0': AMENT_PREFIX_PATH=/home/nayanika/robotic_arm_ws/install/mrf_perception:/home/nayanika/robotic_arm_ws/install/mrf_coordinator:/home/nayanika/robotic_arm_ws/install/mrf_bringup:/home/nayanika/robotic_arm_ws/install/mrf_msgs:/home/nayanika/robotic_arm_ws/install/mrf_gazebo:/home/nayanika/robotic_arm_ws/install/mrf_description:/home/nayanika/robot_ws/install/arm_gazebo:/opt/ros/humble CMAKE_PREFIX_PATH=/home/nayanika/robotic_arm_ws/install/mrf_msgs:/home/nayanika/robotic_arm_ws/install/mrf_gazebo:/home/nayanika/robotic_arm_ws/install/mrf_description:/home/nayanika/robotic_arm_ws/install/mrf_bringup:/home/nayanika/robotic_arm_ws/install/mrf_perception:/home/nayanika/robotic_arm_ws/install/mrf_coordinator:/home/nayanika/robot_ws/install/arm_gazebo:/opt/ros/humble /usr/bin/cmake --build /home/nayanika/robotic_arm_ws/build/mrf_bringup -- -j24 -l24
[0.047s] Invoking command in '/home/nayanika/robotic_arm_ws/build/mrf_bringup': AMENT_PREFIX_PATH=/home/nayanika/robotic_arm_ws/install/mrf_perception:/home/nayanika/robotic_arm_ws/install/mrf_coordinator:/home/nayanika/robotic_arm_ws/install/mrf_bringup:/home/nayanika/robotic_arm_ws/install/mrf_msgs:/home/nayanika/robotic_arm_ws/install/mrf_gazebo:/home/nayanika/robotic_arm_ws/install/mrf_description:/home/nayanika/robot_ws/install/arm_gazebo:/opt/ros/humble CMAKE_PREFIX_PATH=/home/nayanika/robotic_arm_ws/install/mrf_msgs:/home/nayanika/robotic_arm_ws/install/mrf_gazebo:/home/nayanika/robotic_arm_ws/install/mrf_description:/home/nayanika/robotic_arm_ws/install/mrf_bringup:/home/nayanika/robotic_arm_ws/install/mrf_perception:/home/nayanika/robotic_arm_ws/install/mrf_coordinator:/home/nayanika/robot_ws/install/arm_gazebo:/opt/ros/humble /usr/bin/cmake --install /home/nayanika/robotic_arm_ws/build/mrf_bringup
[0.056s] -- Install configuration: ""
[0.057s] -- Execute custom install script
[0.057s] -- Up-to-date symlink: /home/nayanika/robotic_arm_ws/install/mrf_bringup/share/mrf_bringup/launch/mrf_sim.launch.py
[0.058s] -- Up-to-date symlink: /home/nayanika/robotic_arm_ws/install/mrf_bringup/share/ament_index/resource_index/package_run_dependencies/mrf_bringup
[0.058s] -- Up-to-date symlink: /home/nayanika/robotic_arm_ws/install/mrf_bringup/share/ament_index/resource_index/parent_prefix_path/mrf_bringup
[0.058s] -- Up-to-date symlink: /home/nayanika/robotic_arm_ws/install/mrf_bringup/share/mrf_bringup/environment/ament_prefix_path.sh
[0.058s] -- Up-to-date symlink: /home/nayanika/robotic_arm_ws/install/mrf_bringup/share/mrf_bringup/environment/ament_prefix_path.dsv
[0.058s] -- Up-to-date symlink: /home/nayanika/robotic_arm_ws/install/mrf_bringup/share/mrf_bringup/environment/path.sh
[0.059s] -- Up-to-date symlink: /home/nayanika/robotic_arm_ws/install/mrf_bringup/share/mrf_bringup/environment/path.dsv
[0.059s] -- Up-to-date symlink: /home/nayanika/robotic_arm_ws/install/mrf_bringup/share/mrf_bringup/local_setup.bash
[0.059s] -- Up-to-date symlink: /home/nayanika/robotic_arm_ws/install/mrf_bringup/share/mrf_bringup/local_setup.sh
[0.059s] -- Up-to-date symlink: /home/nayanika/robotic_arm_ws/install/mrf_bringup/share/mrf_bringup/local_setup.zsh
[0.059s] -- Up-to-date symlink: /home/nayanika/robotic_arm_ws/install/mrf_bringup/share/mrf_bringup/local_setup.dsv
[0.059s] -- Symlinking: /home/nayanika/robotic_arm_ws/install/mrf_bringup/share/mrf_bringup/package.dsv
[0.070s] -- Up-to-date symlink: /home/nayanika/robotic_arm_ws/install/mrf_bringup/share/ament_index/resource_index/packages/mrf_bringup
[0.070s] -- Up-to-date symlink: /home/nayanika/robotic_arm_ws/install/mrf_bringup/share/mrf_bringup/cmake/mrf_bringupConfig.cmake
[0.070s] -- Up-to-date symlink: /home/nayanika/robotic_arm_ws/install/mrf_bringup/share/mrf_bringup/cmake/mrf_bringupConfig-version.cmake
[0.070s] -- Up-to-date symlink: /home/nayanika/robotic_arm_ws/install/mrf_bringup/share/mrf_bringup/package.xml
[0.073s] Invoked command in '/home/nayanika/robotic_arm_ws/build/mrf_bringup' returned '0': AMENT_PREFIX_PATH=/home/nayanika/robotic_arm_ws/install/mrf_perception:/home/nayanika/robotic_arm_ws/install/mrf_coordinator:/home/nayanika/robotic_arm_ws/install/mrf_bringup:/home/nayanika/robotic_arm_ws/install/mrf_msgs:/home/nayanika/robotic_arm_ws/install/mrf_gazebo:/home/nayanika/robotic_arm_ws/install/mrf_description:/home/nayanika/robot_ws/install/arm_gazebo:/opt/ros/humble CMAKE_PREFIX_PATH=/home/nayanika/robotic_arm_ws/install/mrf_msgs:/home/nayanika/robotic_arm_ws/install/mrf_gazebo:/home/nayanika/robotic_arm_ws/install/mrf_description:/home/nayanika/robotic_arm_ws/install/mrf_bringup:/home/nayanika/robotic_arm_ws/install/mrf_perception:/home/nayanika/robotic_arm_ws/install/mrf_coordinator:/home/nayanika/robot_ws/install/arm_gazebo:/opt/ros/humble /usr/bin/cmake --install /home/nayanika/robotic_arm_ws/build/mrf_bringup
