[0.096s] DEBUG:colcon:Command line arguments: ['/usr/bin/colcon', 'build', '--symlink-install']
[0.096s] DEBUG:colcon:Parsed command line arguments: Namespace(log_base=None, log_level=None, verb_name='build', build_base='build', install_base='install', merge_install=False, symlink_install=True, test_result_base=None, continue_on_error=False, executor='parallel', parallel_workers=24, event_handlers=None, ignore_user_meta=False, metas=['./colcon.meta'], base_paths=['.'], packages_ignore=None, packages_ignore_regex=None, paths=None, packages_up_to=None, packages_up_to_regex=None, packages_above=None, packages_above_and_dependencies=None, packages_above_depth=None, packages_select_by_dep=None, packages_skip_by_dep=None, packages_skip_up_to=None, packages_select_build_failed=False, packages_skip_build_finished=False, packages_select_test_failures=False, packages_skip_test_passed=False, packages_select=None, packages_skip=None, packages_select_regex=None, packages_skip_regex=None, packages_start=None, packages_end=None, allow_overriding=[], cmake_args=None, cmake_target=None, cmake_target_skip_unavailable=False, cmake_clean_cache=False, cmake_clean_first=False, cmake_force_configure=False, ament_cmake_args=None, catkin_cmake_args=None, catkin_skip_building_tests=False, mixin_files=None, mixin=None, verb_parser=<colcon_mixin.mixin.mixin_argument.MixinArgumentDecorator object at 0x707216fa40a0>, verb_extension=<colcon_core.verb.build.BuildVerb object at 0x707216f679d0>, main=<bound method BuildVerb.main of <colcon_core.verb.build.BuildVerb object at 0x707216f679d0>>, mixin_verb=('build',))
[0.250s] Level 1:colcon.colcon_core.package_discovery:discover_packages(colcon_meta) check parameters
[0.250s] Level 1:colcon.colcon_core.package_discovery:discover_packages(recursive) check parameters
[0.250s] Level 1:colcon.colcon_core.package_discovery:discover_packages(ignore) check parameters
[0.250s] Level 1:colcon.colcon_core.package_discovery:discover_packages(path) check parameters
[0.250s] Level 1:colcon.colcon_core.package_discovery:discover_packages(colcon_meta) discover
[0.250s] Level 1:colcon.colcon_core.package_discovery:discover_packages(recursive) discover
[0.250s] INFO:colcon.colcon_core.package_discovery:Crawling recursively for packages in '/home/nayanika/robotic_arm_ws'
[0.250s] Level 1:colcon.colcon_core.package_identification:_identify(.) by extensions ['ignore', 'ignore_ament_install']
[0.250s] Level 1:colcon.colcon_core.package_identification:_identify(.) by extension 'ignore'
[0.250s] Level 1:colcon.colcon_core.package_identification:_identify(.) by extension 'ignore_ament_install'
[0.250s] Level 1:colcon.colcon_core.package_identification:_identify(.) by extensions ['colcon_pkg']
[0.250s] Level 1:colcon.colcon_core.package_identification:_identify(.) by extension 'colcon_pkg'
[0.251s] Level 1:colcon.colcon_core.package_identification:_identify(.) by extensions ['colcon_meta']
[0.251s] Level 1:colcon.colcon_core.package_identification:_identify(.) by extension 'colcon_meta'
[0.251s] Level 1:colcon.colcon_core.package_identification:_identify(.) by extensions ['ros']
[0.251s] Level 1:colcon.colcon_core.package_identification:_identify(.) by extension 'ros'
[0.283s] Level 1:colcon.colcon_core.package_identification:_identify(.) by extensions ['cmake', 'python']
[0.283s] Level 1:colcon.colcon_core.package_identification:_identify(.) by extension 'cmake'
[0.283s] Level 1:colcon.colcon_core.package_identification:_identify(.) by extension 'python'
[0.283s] Level 1:colcon.colcon_core.package_identification:_identify(.) by extensions ['python_setup_py']
[0.283s] Level 1:colcon.colcon_core.package_identification:_identify(.) by extension 'python_setup_py'
[0.283s] Level 1:colcon.colcon_core.package_identification:_identify(build) by extensions ['ignore', 'ignore_ament_install']
[0.283s] Level 1:colcon.colcon_core.package_identification:_identify(build) by extension 'ignore'
[0.283s] Level 1:colcon.colcon_core.package_identification:_identify(build) ignored
[0.283s] Level 1:colcon.colcon_core.package_identification:_identify(install) by extensions ['ignore', 'ignore_ament_install']
[0.283s] Level 1:colcon.colcon_core.package_identification:_identify(install) by extension 'ignore'
[0.283s] Level 1:colcon.colcon_core.package_identification:_identify(install) ignored
[0.283s] Level 1:colcon.colcon_core.package_identification:_identify(log) by extensions ['ignore', 'ignore_ament_install']
[0.283s] Level 1:colcon.colcon_core.package_identification:_identify(log) by extension 'ignore'
[0.284s] Level 1:colcon.colcon_core.package_identification:_identify(log) ignored
[0.284s] Level 1:colcon.colcon_core.package_identification:_identify(src) by extensions ['ignore', 'ignore_ament_install']
[0.284s] Level 1:colcon.colcon_core.package_identification:_identify(src) by extension 'ignore'
[0.284s] Level 1:colcon.colcon_core.package_identification:_identify(src) by extension 'ignore_ament_install'
[0.284s] Level 1:colcon.colcon_core.package_identification:_identify(src) by extensions ['colcon_pkg']
[0.284s] Level 1:colcon.colcon_core.package_identification:_identify(src) by extension 'colcon_pkg'
[0.284s] Level 1:colcon.colcon_core.package_identification:_identify(src) by extensions ['colcon_meta']
[0.284s] Level 1:colcon.colcon_core.package_identification:_identify(src) by extension 'colcon_meta'
[0.284s] Level 1:colcon.colcon_core.package_identification:_identify(src) by extensions ['ros']
[0.284s] Level 1:colcon.colcon_core.package_identification:_identify(src) by extension 'ros'
[0.284s] Level 1:colcon.colcon_core.package_identification:_identify(src) by extensions ['cmake', 'python']
[0.284s] Level 1:colcon.colcon_core.package_identification:_identify(src) by extension 'cmake'
[0.284s] Level 1:colcon.colcon_core.package_identification:_identify(src) by extension 'python'
[0.284s] Level 1:colcon.colcon_core.package_identification:_identify(src) by extensions ['python_setup_py']
[0.284s] Level 1:colcon.colcon_core.package_identification:_identify(src) by extension 'python_setup_py'
[0.284s] Level 1:colcon.colcon_core.package_identification:_identify(src/mrf_bringup) by extensions ['ignore', 'ignore_ament_install']
[0.284s] Level 1:colcon.colcon_core.package_identification:_identify(src/mrf_bringup) by extension 'ignore'
[0.284s] Level 1:colcon.colcon_core.package_identification:_identify(src/mrf_bringup) by extension 'ignore_ament_install'
[0.284s] Level 1:colcon.colcon_core.package_identification:_identify(src/mrf_bringup) by extensions ['colcon_pkg']
[0.284s] Level 1:colcon.colcon_core.package_identification:_identify(src/mrf_bringup) by extension 'colcon_pkg'
[0.284s] Level 1:colcon.colcon_core.package_identification:_identify(src/mrf_bringup) by extensions ['colcon_meta']
[0.284s] Level 1:colcon.colcon_core.package_identification:_identify(src/mrf_bringup) by extension 'colcon_meta'
[0.285s] Level 1:colcon.colcon_core.package_identification:_identify(src/mrf_bringup) by extensions ['ros']
[0.285s] Level 1:colcon.colcon_core.package_identification:_identify(src/mrf_bringup) by extension 'ros'
[0.287s] DEBUG:colcon.colcon_core.package_identification:Package 'src/mrf_bringup' with type 'ros.ament_cmake' and name 'mrf_bringup'
[0.287s] Level 1:colcon.colcon_core.package_identification:_identify(src/mrf_coordinator) by extensions ['ignore', 'ignore_ament_install']
[0.287s] Level 1:colcon.colcon_core.package_identification:_identify(src/mrf_coordinator) by extension 'ignore'
[0.287s] Level 1:colcon.colcon_core.package_identification:_identify(src/mrf_coordinator) by extension 'ignore_ament_install'
[0.287s] Level 1:colcon.colcon_core.package_identification:_identify(src/mrf_coordinator) by extensions ['colcon_pkg']
[0.287s] Level 1:colcon.colcon_core.package_identification:_identify(src/mrf_coordinator) by extension 'colcon_pkg'
[0.287s] Level 1:colcon.colcon_core.package_identification:_identify(src/mrf_coordinator) by extensions ['colcon_meta']
[0.287s] Level 1:colcon.colcon_core.package_identification:_identify(src/mrf_coordinator) by extension 'colcon_meta'
[0.287s] Level 1:colcon.colcon_core.package_identification:_identify(src/mrf_coordinator) by extensions ['ros']
[0.287s] Level 1:colcon.colcon_core.package_identification:_identify(src/mrf_coordinator) by extension 'ros'
[0.288s] DEBUG:colcon.colcon_core.package_identification:Package 'src/mrf_coordinator' with type 'ros.ament_python' and name 'mrf_coordinator'
[0.288s] Level 1:colcon.colcon_core.package_identification:_identify(src/mrf_description) by extensions ['ignore', 'ignore_ament_install']
[0.288s] Level 1:colcon.colcon_core.package_identification:_identify(src/mrf_description) by extension 'ignore'
[0.288s] Level 1:colcon.colcon_core.package_identification:_identify(src/mrf_description) by extension 'ignore_ament_install'
[0.288s] Level 1:colcon.colcon_core.package_identification:_identify(src/mrf_description) by extensions ['colcon_pkg']
[0.288s] Level 1:colcon.colcon_core.package_identification:_identify(src/mrf_description) by extension 'colcon_pkg'
[0.288s] Level 1:colcon.colcon_core.package_identification:_identify(src/mrf_description) by extensions ['colcon_meta']
[0.288s] Level 1:colcon.colcon_core.package_identification:_identify(src/mrf_description) by extension 'colcon_meta'
[0.288s] Level 1:colcon.colcon_core.package_identification:_identify(src/mrf_description) by extensions ['ros']
[0.288s] Level 1:colcon.colcon_core.package_identification:_identify(src/mrf_description) by extension 'ros'
[0.288s] DEBUG:colcon.colcon_core.package_identification:Package 'src/mrf_description' with type 'ros.ament_cmake' and name 'mrf_description'
[0.289s] Level 1:colcon.colcon_core.package_identification:_identify(src/mrf_gazebo) by extensions ['ignore', 'ignore_ament_install']
[0.289s] Level 1:colcon.colcon_core.package_identification:_identify(src/mrf_gazebo) by extension 'ignore'
[0.289s] Level 1:colcon.colcon_core.package_identification:_identify(src/mrf_gazebo) by extension 'ignore_ament_install'
[0.289s] Level 1:colcon.colcon_core.package_identification:_identify(src/mrf_gazebo) by extensions ['colcon_pkg']
[0.289s] Level 1:colcon.colcon_core.package_identification:_identify(src/mrf_gazebo) by extension 'colcon_pkg'
[0.289s] Level 1:colcon.colcon_core.package_identification:_identify(src/mrf_gazebo) by extensions ['colcon_meta']
[0.289s] Level 1:colcon.colcon_core.package_identification:_identify(src/mrf_gazebo) by extension 'colcon_meta'
[0.289s] Level 1:colcon.colcon_core.package_identification:_identify(src/mrf_gazebo) by extensions ['ros']
[0.289s] Level 1:colcon.colcon_core.package_identification:_identify(src/mrf_gazebo) by extension 'ros'
[0.289s] DEBUG:colcon.colcon_core.package_identification:Package 'src/mrf_gazebo' with type 'ros.ament_cmake' and name 'mrf_gazebo'
[0.289s] Level 1:colcon.colcon_core.package_identification:_identify(src/mrf_msgs) by extensions ['ignore', 'ignore_ament_install']
[0.289s] Level 1:colcon.colcon_core.package_identification:_identify(src/mrf_msgs) by extension 'ignore'
[0.289s] Level 1:colcon.colcon_core.package_identification:_identify(src/mrf_msgs) by extension 'ignore_ament_install'
[0.289s] Level 1:colcon.colcon_core.package_identification:_identify(src/mrf_msgs) by extensions ['colcon_pkg']
[0.289s] Level 1:colcon.colcon_core.package_identification:_identify(src/mrf_msgs) by extension 'colcon_pkg'
[0.290s] Level 1:colcon.colcon_core.package_identification:_identify(src/mrf_msgs) by extensions ['colcon_meta']
[0.290s] Level 1:colcon.colcon_core.package_identification:_identify(src/mrf_msgs) by extension 'colcon_meta'
[0.290s] Level 1:colcon.colcon_core.package_identification:_identify(src/mrf_msgs) by extensions ['ros']
[0.290s] Level 1:colcon.colcon_core.package_identification:_identify(src/mrf_msgs) by extension 'ros'
[0.290s] DEBUG:colcon.colcon_core.package_identification:Package 'src/mrf_msgs' with type 'ros.ament_cmake' and name 'mrf_msgs'
[0.290s] Level 1:colcon.colcon_core.package_identification:_identify(src/mrf_perception) by extensions ['ignore', 'ignore_ament_install']
[0.290s] Level 1:colcon.colcon_core.package_identification:_identify(src/mrf_perception) by extension 'ignore'
[0.290s] Level 1:colcon.colcon_core.package_identification:_identify(src/mrf_perception) by extension 'ignore_ament_install'
[0.290s] Level 1:colcon.colcon_core.package_identification:_identify(src/mrf_perception) by extensions ['colcon_pkg']
[0.290s] Level 1:colcon.colcon_core.package_identification:_identify(src/mrf_perception) by extension 'colcon_pkg'
[0.291s] Level 1:colcon.colcon_core.package_identification:_identify(src/mrf_perception) by extensions ['colcon_meta']
[0.291s] Level 1:colcon.colcon_core.package_identification:_identify(src/mrf_perception) by extension 'colcon_meta'
[0.291s] Level 1:colcon.colcon_core.package_identification:_identify(src/mrf_perception) by extensions ['ros']
[0.291s] Level 1:colcon.colcon_core.package_identification:_identify(src/mrf_perception) by extension 'ros'
[0.291s] DEBUG:colcon.colcon_core.package_identification:Package 'src/mrf_perception' with type 'ros.ament_python' and name 'mrf_perception'
[0.291s] Level 1:colcon.colcon_core.package_discovery:discover_packages(recursive) using defaults
[0.291s] Level 1:colcon.colcon_core.package_discovery:discover_packages(ignore) discover
[0.291s] Level 1:colcon.colcon_core.package_discovery:discover_packages(ignore) using defaults
[0.291s] Level 1:colcon.colcon_core.package_discovery:discover_packages(path) discover
[0.291s] Level 1:colcon.colcon_core.package_discovery:discover_packages(path) using defaults
[0.309s] Level 1:colcon.colcon_core.package_discovery:discover_packages(prefix_path) check parameters
[0.309s] Level 1:colcon.colcon_core.package_discovery:discover_packages(prefix_path) discover
[0.311s] DEBUG:colcon.colcon_installed_package_information.package_discovery:Found 6 installed packages in /home/nayanika/robotic_arm_ws/install
[0.311s] DEBUG:colcon.colcon_installed_package_information.package_discovery:Found 2 installed packages in /home/nayanika/robot_ws/install
[0.312s] DEBUG:colcon.colcon_installed_package_information.package_discovery:Found 379 installed packages in /opt/ros/humble
[0.314s] Level 1:colcon.colcon_core.package_discovery:discover_packages(prefix_path) using defaults
[0.356s] Level 5:colcon.colcon_core.verb:set package 'mrf_description' build argument 'cmake_args' from command line to 'None'
[0.356s] Level 5:colcon.colcon_core.verb:set package 'mrf_description' build argument 'cmake_target' from command line to 'None'
[0.356s] Level 5:colcon.colcon_core.verb:set package 'mrf_description' build argument 'cmake_target_skip_unavailable' from command line to 'False'
[0.356s] Level 5:colcon.colcon_core.verb:set package 'mrf_description' build argument 'cmake_clean_cache' from command line to 'False'
[0.356s] Level 5:colcon.colcon_core.verb:set package 'mrf_description' build argument 'cmake_clean_first' from command line to 'False'
[0.356s] Level 5:colcon.colcon_core.verb:set package 'mrf_description' build argument 'cmake_force_configure' from command line to 'False'
[0.356s] Level 5:colcon.colcon_core.verb:set package 'mrf_description' build argument 'ament_cmake_args' from command line to 'None'
[0.356s] Level 5:colcon.colcon_core.verb:set package 'mrf_description' build argument 'catkin_cmake_args' from command line to 'None'
[0.356s] Level 5:colcon.colcon_core.verb:set package 'mrf_description' build argument 'catkin_skip_building_tests' from command line to 'False'
[0.356s] DEBUG:colcon.colcon_core.verb:Building package 'mrf_description' with the following arguments: {'ament_cmake_args': None, 'build_base': '/home/nayanika/robotic_arm_ws/build/mrf_description', 'catkin_cmake_args': None, 'catkin_skip_building_tests': False, 'cmake_args': None, 'cmake_clean_cache': False, 'cmake_clean_first': False, 'cmake_force_configure': False, 'cmake_target': None, 'cmake_target_skip_unavailable': False, 'install_base': '/home/nayanika/robotic_arm_ws/install/mrf_description', 'merge_install': False, 'path': '/home/nayanika/robotic_arm_ws/src/mrf_description', 'symlink_install': True, 'test_result_base': None}
[0.356s] Level 5:colcon.colcon_core.verb:set package 'mrf_gazebo' build argument 'cmake_args' from command line to 'None'
[0.356s] Level 5:colcon.colcon_core.verb:set package 'mrf_gazebo' build argument 'cmake_target' from command line to 'None'
[0.356s] Level 5:colcon.colcon_core.verb:set package 'mrf_gazebo' build argument 'cmake_target_skip_unavailable' from command line to 'False'
[0.356s] Level 5:colcon.colcon_core.verb:set package 'mrf_gazebo' build argument 'cmake_clean_cache' from command line to 'False'
[0.356s] Level 5:colcon.colcon_core.verb:set package 'mrf_gazebo' build argument 'cmake_clean_first' from command line to 'False'
[0.356s] Level 5:colcon.colcon_core.verb:set package 'mrf_gazebo' build argument 'cmake_force_configure' from command line to 'False'
[0.356s] Level 5:colcon.colcon_core.verb:set package 'mrf_gazebo' build argument 'ament_cmake_args' from command line to 'None'
[0.356s] Level 5:colcon.colcon_core.verb:set package 'mrf_gazebo' build argument 'catkin_cmake_args' from command line to 'None'
[0.356s] Level 5:colcon.colcon_core.verb:set package 'mrf_gazebo' build argument 'catkin_skip_building_tests' from command line to 'False'
[0.356s] DEBUG:colcon.colcon_core.verb:Building package 'mrf_gazebo' with the following arguments: {'ament_cmake_args': None, 'build_base': '/home/nayanika/robotic_arm_ws/build/mrf_gazebo', 'catkin_cmake_args': None, 'catkin_skip_building_tests': False, 'cmake_args': None, 'cmake_clean_cache': False, 'cmake_clean_first': False, 'cmake_force_configure': False, 'cmake_target': None, 'cmake_target_skip_unavailable': False, 'install_base': '/home/nayanika/robotic_arm_ws/install/mrf_gazebo', 'merge_install': False, 'path': '/home/nayanika/robotic_arm_ws/src/mrf_gazebo', 'symlink_install': True, 'test_result_base': None}
[0.357s] Level 5:colcon.colcon_core.verb:set package 'mrf_msgs' build argument 'cmake_args' from command line to 'None'
[0.357s] Level 5:colcon.colcon_core.verb:set package 'mrf_msgs' build argument 'cmake_target' from command line to 'None'
[0.357s] Level 5:colcon.colcon_core.verb:set package 'mrf_msgs' build argument 'cmake_target_skip_unavailable' from command line to 'False'
[0.357s] Level 5:colcon.colcon_core.verb:set package 'mrf_msgs' build argument 'cmake_clean_cache' from command line to 'False'
[0.357s] Level 5:colcon.colcon_core.verb:set package 'mrf_msgs' build argument 'cmake_clean_first' from command line to 'False'
[0.357s] Level 5:colcon.colcon_core.verb:set package 'mrf_msgs' build argument 'cmake_force_configure' from command line to 'False'
[0.357s] Level 5:colcon.colcon_core.verb:set package 'mrf_msgs' build argument 'ament_cmake_args' from command line to 'None'
[0.357s] Level 5:colcon.colcon_core.verb:set package 'mrf_msgs' build argument 'catkin_cmake_args' from command line to 'None'
[0.357s] Level 5:colcon.colcon_core.verb:set package 'mrf_msgs' build argument 'catkin_skip_building_tests' from command line to 'False'
[0.357s] DEBUG:colcon.colcon_core.verb:Building package 'mrf_msgs' with the following arguments: {'ament_cmake_args': None, 'build_base': '/home/nayanika/robotic_arm_ws/build/mrf_msgs', 'catkin_cmake_args': None, 'catkin_skip_building_tests': False, 'cmake_args': None, 'cmake_clean_cache': False, 'cmake_clean_first': False, 'cmake_force_configure': False, 'cmake_target': None, 'cmake_target_skip_unavailable': False, 'install_base': '/home/nayanika/robotic_arm_ws/install/mrf_msgs', 'merge_install': False, 'path': '/home/nayanika/robotic_arm_ws/src/mrf_msgs', 'symlink_install': True, 'test_result_base': None}
[0.357s] Level 5:colcon.colcon_core.verb:set package 'mrf_coordinator' build argument 'cmake_args' from command line to 'None'
[0.357s] Level 5:colcon.colcon_core.verb:set package 'mrf_coordinator' build argument 'cmake_target' from command line to 'None'
[0.357s] Level 5:colcon.colcon_core.verb:set package 'mrf_coordinator' build argument 'cmake_target_skip_unavailable' from command line to 'False'
[0.357s] Level 5:colcon.colcon_core.verb:set package 'mrf_coordinator' build argument 'cmake_clean_cache' from command line to 'False'
[0.357s] Level 5:colcon.colcon_core.verb:set package 'mrf_coordinator' build argument 'cmake_clean_first' from command line to 'False'
[0.357s] Level 5:colcon.colcon_core.verb:set package 'mrf_coordinator' build argument 'cmake_force_configure' from command line to 'False'
[0.357s] Level 5:colcon.colcon_core.verb:set package 'mrf_coordinator' build argument 'ament_cmake_args' from command line to 'None'
[0.357s] Level 5:colcon.colcon_core.verb:set package 'mrf_coordinator' build argument 'catkin_cmake_args' from command line to 'None'
[0.357s] Level 5:colcon.colcon_core.verb:set package 'mrf_coordinator' build argument 'catkin_skip_building_tests' from command line to 'False'
[0.358s] DEBUG:colcon.colcon_core.verb:Building package 'mrf_coordinator' with the following arguments: {'ament_cmake_args': None, 'build_base': '/home/nayanika/robotic_arm_ws/build/mrf_coordinator', 'catkin_cmake_args': None, 'catkin_skip_building_tests': False, 'cmake_args': None, 'cmake_clean_cache': False, 'cmake_clean_first': False, 'cmake_force_configure': False, 'cmake_target': None, 'cmake_target_skip_unavailable': False, 'install_base': '/home/nayanika/robotic_arm_ws/install/mrf_coordinator', 'merge_install': False, 'path': '/home/nayanika/robotic_arm_ws/src/mrf_coordinator', 'symlink_install': True, 'test_result_base': None}
[0.358s] Level 5:colcon.colcon_core.verb:set package 'mrf_perception' build argument 'cmake_args' from command line to 'None'
[0.358s] Level 5:colcon.colcon_core.verb:set package 'mrf_perception' build argument 'cmake_target' from command line to 'None'
[0.358s] Level 5:colcon.colcon_core.verb:set package 'mrf_perception' build argument 'cmake_target_skip_unavailable' from command line to 'False'
[0.358s] Level 5:colcon.colcon_core.verb:set package 'mrf_perception' build argument 'cmake_clean_cache' from command line to 'False'
[0.358s] Level 5:colcon.colcon_core.verb:set package 'mrf_perception' build argument 'cmake_clean_first' from command line to 'False'
[0.358s] Level 5:colcon.colcon_core.verb:set package 'mrf_perception' build argument 'cmake_force_configure' from command line to 'False'
[0.358s] Level 5:colcon.colcon_core.verb:set package 'mrf_perception' build argument 'ament_cmake_args' from command line to 'None'
[0.358s] Level 5:colcon.colcon_core.verb:set package 'mrf_perception' build argument 'catkin_cmake_args' from command line to 'None'
[0.358s] Level 5:colcon.colcon_core.verb:set package 'mrf_perception' build argument 'catkin_skip_building_tests' from command line to 'False'
[0.358s] DEBUG:colcon.colcon_core.verb:Building package 'mrf_perception' with the following arguments: {'ament_cmake_args': None, 'build_base': '/home/nayanika/robotic_arm_ws/build/mrf_perception', 'catkin_cmake_args': None, 'catkin_skip_building_tests': False, 'cmake_args': None, 'cmake_clean_cache': False, 'cmake_clean_first': False, 'cmake_force_configure': False, 'cmake_target': None, 'cmake_target_skip_unavailable': False, 'install_base': '/home/nayanika/robotic_arm_ws/install/mrf_perception', 'merge_install': False, 'path': '/home/nayanika/robotic_arm_ws/src/mrf_perception', 'symlink_install': True, 'test_result_base': None}
[0.358s] Level 5:colcon.colcon_core.verb:set package 'mrf_bringup' build argument 'cmake_args' from command line to 'None'
[0.358s] Level 5:colcon.colcon_core.verb:set package 'mrf_bringup' build argument 'cmake_target' from command line to 'None'
[0.358s] Level 5:colcon.colcon_core.verb:set package 'mrf_bringup' build argument 'cmake_target_skip_unavailable' from command line to 'False'
[0.358s] Level 5:colcon.colcon_core.verb:set package 'mrf_bringup' build argument 'cmake_clean_cache' from command line to 'False'
[0.358s] Level 5:colcon.colcon_core.verb:set package 'mrf_bringup' build argument 'cmake_clean_first' from command line to 'False'
[0.358s] Level 5:colcon.colcon_core.verb:set package 'mrf_bringup' build argument 'cmake_force_configure' from command line to 'False'
[0.358s] Level 5:colcon.colcon_core.verb:set package 'mrf_bringup' build argument 'ament_cmake_args' from command line to 'None'
[0.358s] Level 5:colcon.colcon_core.verb:set package 'mrf_bringup' build argument 'catkin_cmake_args' from command line to 'None'
[0.359s] Level 5:colcon.colcon_core.verb:set package 'mrf_bringup' build argument 'catkin_skip_building_tests' from command line to 'False'
[0.359s] DEBUG:colcon.colcon_core.verb:Building package 'mrf_bringup' with the following arguments: {'ament_cmake_args': None, 'build_base': '/home/nayanika/robotic_arm_ws/build/mrf_bringup', 'catkin_cmake_args': None, 'catkin_skip_building_tests': False, 'cmake_args': None, 'cmake_clean_cache': False, 'cmake_clean_first': False, 'cmake_force_configure': False, 'cmake_target': None, 'cmake_target_skip_unavailable': False, 'install_base': '/home/nayanika/robotic_arm_ws/install/mrf_bringup', 'merge_install': False, 'path': '/home/nayanika/robotic_arm_ws/src/mrf_bringup', 'symlink_install': True, 'test_result_base': None}
[0.359s] INFO:colcon.colcon_core.executor:Executing jobs using 'parallel' executor
[0.359s] DEBUG:colcon.colcon_parallel_executor.executor.parallel:run_until_complete
[0.360s] INFO:colcon.colcon_ros.task.ament_cmake.build:Building ROS package in '/home/nayanika/robotic_arm_ws/src/mrf_msgs' with build type 'ament_cmake'
[0.360s] INFO:colcon.colcon_cmake.task.cmake.build:Building CMake package in '/home/nayanika/robotic_arm_ws/src/mrf_msgs'
[0.361s] INFO:colcon.colcon_core.plugin_system:Skipping extension 'colcon_core.shell.bat': Not used on non-Windows systems
[0.362s] INFO:colcon.colcon_core.shell:Skip shell extension 'powershell' for command environment: Not usable outside of PowerShell
[0.362s] DEBUG:colcon.colcon_core.shell:Skip shell extension 'dsv' for command environment
[0.365s] INFO:colcon.colcon_ros.task.ament_cmake.build:Building ROS package in '/home/nayanika/robotic_arm_ws/src/mrf_description' with build type 'ament_cmake'
[0.365s] INFO:colcon.colcon_cmake.task.cmake.build:Building CMake package in '/home/nayanika/robotic_arm_ws/src/mrf_description'
[0.366s] INFO:colcon.colcon_core.shell:Skip shell extension 'powershell' for command environment: Not usable outside of PowerShell
[0.366s] DEBUG:colcon.colcon_core.shell:Skip shell extension 'dsv' for command environment
[0.369s] INFO:colcon.colcon_ros.task.ament_cmake.build:Building ROS package in '/home/nayanika/robotic_arm_ws/src/mrf_gazebo' with build type 'ament_cmake'
[0.369s] INFO:colcon.colcon_cmake.task.cmake.build:Building CMake package in '/home/nayanika/robotic_arm_ws/src/mrf_gazebo'
[0.369s] INFO:colcon.colcon_core.shell:Skip shell extension 'powershell' for command environment: Not usable outside of PowerShell
[0.369s] DEBUG:colcon.colcon_core.shell:Skip shell extension 'dsv' for command environment
[0.376s] DEBUG:colcon.colcon_core.event_handler.log_command:Invoking command in '/home/nayanika/robotic_arm_ws/build/mrf_msgs': CMAKE_PREFIX_PATH=${CMAKE_PREFIX_PATH}:/home/nayanika/robotic_arm_ws/install/mrf_perception:/home/nayanika/robotic_arm_ws/install/mrf_coordinator:/home/nayanika/robot_ws/install/arm_gazebo:/opt/ros/humble /usr/bin/cmake --build /home/nayanika/robotic_arm_ws/build/mrf_msgs -- -j24 -l24
[0.379s] DEBUG:colcon.colcon_core.event_handler.log_command:Invoking command in '/home/nayanika/robotic_arm_ws/build/mrf_description': CMAKE_PREFIX_PATH=${CMAKE_PREFIX_PATH}:/home/nayanika/robotic_arm_ws/install/mrf_perception:/home/nayanika/robotic_arm_ws/install/mrf_coordinator:/home/nayanika/robot_ws/install/arm_gazebo:/opt/ros/humble /usr/bin/cmake --build /home/nayanika/robotic_arm_ws/build/mrf_description -- -j24 -l24
[0.381s] DEBUG:colcon.colcon_core.event_handler.log_command:Invoking command in '/home/nayanika/robotic_arm_ws/build/mrf_gazebo': CMAKE_PREFIX_PATH=${CMAKE_PREFIX_PATH}:/home/nayanika/robotic_arm_ws/install/mrf_perception:/home/nayanika/robotic_arm_ws/install/mrf_coordinator:/home/nayanika/robot_ws/install/arm_gazebo:/opt/ros/humble /usr/bin/cmake --build /home/nayanika/robotic_arm_ws/build/mrf_gazebo -- -j24 -l24
[0.404s] DEBUG:colcon.colcon_core.event_handler.log_command:Invoked command in '/home/nayanika/robotic_arm_ws/build/mrf_description' returned '0': CMAKE_PREFIX_PATH=${CMAKE_PREFIX_PATH}:/home/nayanika/robotic_arm_ws/install/mrf_perception:/home/nayanika/robotic_arm_ws/install/mrf_coordinator:/home/nayanika/robot_ws/install/arm_gazebo:/opt/ros/humble /usr/bin/cmake --build /home/nayanika/robotic_arm_ws/build/mrf_description -- -j24 -l24
[0.411s] DEBUG:colcon.colcon_core.event_handler.log_command:Invoking command in '/home/nayanika/robotic_arm_ws/build/mrf_description': CMAKE_PREFIX_PATH=${CMAKE_PREFIX_PATH}:/home/nayanika/robotic_arm_ws/install/mrf_perception:/home/nayanika/robotic_arm_ws/install/mrf_coordinator:/home/nayanika/robot_ws/install/arm_gazebo:/opt/ros/humble /usr/bin/cmake --install /home/nayanika/robotic_arm_ws/build/mrf_description
[0.411s] DEBUG:colcon.colcon_core.event_handler.log_command:Invoked command in '/home/nayanika/robotic_arm_ws/build/mrf_gazebo' returned '0': CMAKE_PREFIX_PATH=${CMAKE_PREFIX_PATH}:/home/nayanika/robotic_arm_ws/install/mrf_perception:/home/nayanika/robotic_arm_ws/install/mrf_coordinator:/home/nayanika/robot_ws/install/arm_gazebo:/opt/ros/humble /usr/bin/cmake --build /home/nayanika/robotic_arm_ws/build/mrf_gazebo -- -j24 -l24
[0.412s] DEBUG:colcon.colcon_core.event_handler.log_command:Invoking command in '/home/nayanika/robotic_arm_ws/build/mrf_gazebo': CMAKE_PREFIX_PATH=${CMAKE_PREFIX_PATH}:/home/nayanika/robotic_arm_ws/install/mrf_perception:/home/nayanika/robotic_arm_ws/install/mrf_coordinator:/home/nayanika/robot_ws/install/arm_gazebo:/opt/ros/humble /usr/bin/cmake --install /home/nayanika/robotic_arm_ws/build/mrf_gazebo
[0.422s] Level 1:colcon.colcon_core.environment:create_environment_scripts_only(mrf_gazebo)
[0.423s] DEBUG:colcon.colcon_core.event_handler.log_command:Invoked command in '/home/nayanika/robotic_arm_ws/build/mrf_gazebo' returned '0': CMAKE_PREFIX_PATH=${CMAKE_PREFIX_PATH}:/home/nayanika/robotic_arm_ws/install/mrf_perception:/home/nayanika/robotic_arm_ws/install/mrf_coordinator:/home/nayanika/robot_ws/install/arm_gazebo:/opt/ros/humble /usr/bin/cmake --install /home/nayanika/robotic_arm_ws/build/mrf_gazebo
[0.424s] Level 1:colcon.colcon_core.environment:checking '/home/nayanika/robotic_arm_ws/install/mrf_gazebo' for CMake module files
[0.424s] Level 1:colcon.colcon_core.environment:checking '/home/nayanika/robotic_arm_ws/install/mrf_gazebo' for CMake config files
[0.424s] Level 1:colcon.colcon_core.shell:create_environment_hook('mrf_gazebo', 'cmake_prefix_path')
[0.424s] INFO:colcon.colcon_core.shell:Creating environment hook '/home/nayanika/robotic_arm_ws/install/mrf_gazebo/share/mrf_gazebo/hook/cmake_prefix_path.ps1'
[0.425s] INFO:colcon.colcon_core.shell:Creating environment descriptor '/home/nayanika/robotic_arm_ws/install/mrf_gazebo/share/mrf_gazebo/hook/cmake_prefix_path.dsv'
[0.425s] INFO:colcon.colcon_core.shell:Creating environment hook '/home/nayanika/robotic_arm_ws/install/mrf_gazebo/share/mrf_gazebo/hook/cmake_prefix_path.sh'
[0.426s] Level 1:colcon.colcon_core.environment:checking '/home/nayanika/robotic_arm_ws/install/mrf_gazebo/bin'
[0.426s] Level 1:colcon.colcon_core.environment:checking '/home/nayanika/robotic_arm_ws/install/mrf_gazebo/lib/pkgconfig/mrf_gazebo.pc'
[0.426s] Level 1:colcon.colcon_core.environment:checking '/home/nayanika/robotic_arm_ws/install/mrf_gazebo/lib/python3.10/site-packages'
[0.426s] Level 1:colcon.colcon_core.environment:checking '/home/nayanika/robotic_arm_ws/install/mrf_gazebo/bin'
[0.426s] INFO:colcon.colcon_core.shell:Creating package script '/home/nayanika/robotic_arm_ws/install/mrf_gazebo/share/mrf_gazebo/package.ps1'
[0.427s] INFO:colcon.colcon_core.shell:Creating package descriptor '/home/nayanika/robotic_arm_ws/install/mrf_gazebo/share/mrf_gazebo/package.dsv'
[0.427s] INFO:colcon.colcon_core.shell:Creating package script '/home/nayanika/robotic_arm_ws/install/mrf_gazebo/share/mrf_gazebo/package.sh'
[0.427s] INFO:colcon.colcon_core.shell:Creating package script '/home/nayanika/robotic_arm_ws/install/mrf_gazebo/share/mrf_gazebo/package.bash'
[0.427s] INFO:colcon.colcon_core.shell:Creating package script '/home/nayanika/robotic_arm_ws/install/mrf_gazebo/share/mrf_gazebo/package.zsh'
[0.428s] Level 1:colcon.colcon_core.environment:create_file_with_runtime_dependencies(/home/nayanika/robotic_arm_ws/install/mrf_gazebo/share/colcon-core/packages/mrf_gazebo)
[0.428s] Level 1:colcon.colcon_core.environment:create_environment_scripts_only(mrf_gazebo)
[0.428s] Level 1:colcon.colcon_core.environment:checking '/home/nayanika/robotic_arm_ws/install/mrf_gazebo' for CMake module files
[0.428s] Level 1:colcon.colcon_core.environment:checking '/home/nayanika/robotic_arm_ws/install/mrf_gazebo' for CMake config files
[0.429s] Level 1:colcon.colcon_core.shell:create_environment_hook('mrf_gazebo', 'cmake_prefix_path')
[0.429s] INFO:colcon.colcon_core.shell:Creating environment hook '/home/nayanika/robotic_arm_ws/install/mrf_gazebo/share/mrf_gazebo/hook/cmake_prefix_path.ps1'
[0.429s] INFO:colcon.colcon_core.shell:Creating environment descriptor '/home/nayanika/robotic_arm_ws/install/mrf_gazebo/share/mrf_gazebo/hook/cmake_prefix_path.dsv'
[0.429s] INFO:colcon.colcon_core.shell:Creating environment hook '/home/nayanika/robotic_arm_ws/install/mrf_gazebo/share/mrf_gazebo/hook/cmake_prefix_path.sh'
[0.429s] Level 1:colcon.colcon_core.environment:checking '/home/nayanika/robotic_arm_ws/install/mrf_gazebo/bin'
[0.429s] Level 1:colcon.colcon_core.environment:checking '/home/nayanika/robotic_arm_ws/install/mrf_gazebo/lib/pkgconfig/mrf_gazebo.pc'
[0.429s] Level 1:colcon.colcon_core.environment:checking '/home/nayanika/robotic_arm_ws/install/mrf_gazebo/lib/python3.10/site-packages'
[0.430s] Level 1:colcon.colcon_core.environment:checking '/home/nayanika/robotic_arm_ws/install/mrf_gazebo/bin'
[0.430s] INFO:colcon.colcon_core.shell:Creating package script '/home/nayanika/robotic_arm_ws/install/mrf_gazebo/share/mrf_gazebo/package.ps1'
[0.430s] INFO:colcon.colcon_core.shell:Creating package descriptor '/home/nayanika/robotic_arm_ws/install/mrf_gazebo/share/mrf_gazebo/package.dsv'
[0.430s] INFO:colcon.colcon_core.shell:Creating package script '/home/nayanika/robotic_arm_ws/install/mrf_gazebo/share/mrf_gazebo/package.sh'
[0.430s] INFO:colcon.colcon_core.shell:Creating package script '/home/nayanika/robotic_arm_ws/install/mrf_gazebo/share/mrf_gazebo/package.bash'
[0.431s] INFO:colcon.colcon_core.shell:Creating package script '/home/nayanika/robotic_arm_ws/install/mrf_gazebo/share/mrf_gazebo/package.zsh'
[0.431s] Level 1:colcon.colcon_core.environment:create_file_with_runtime_dependencies(/home/nayanika/robotic_arm_ws/install/mrf_gazebo/share/colcon-core/packages/mrf_gazebo)
[0.431s] Level 1:colcon.colcon_core.environment:create_environment_scripts_only(mrf_description)
[0.431s] Level 1:colcon.colcon_core.environment:checking '/home/nayanika/robotic_arm_ws/install/mrf_description' for CMake module files
[0.432s] Level 1:colcon.colcon_core.environment:checking '/home/nayanika/robotic_arm_ws/install/mrf_description' for CMake config files
[0.432s] DEBUG:colcon.colcon_core.event_handler.log_command:Invoked command in '/home/nayanika/robotic_arm_ws/build/mrf_description' returned '0': CMAKE_PREFIX_PATH=${CMAKE_PREFIX_PATH}:/home/nayanika/robotic_arm_ws/install/mrf_perception:/home/nayanika/robotic_arm_ws/install/mrf_coordinator:/home/nayanika/robot_ws/install/arm_gazebo:/opt/ros/humble /usr/bin/cmake --install /home/nayanika/robotic_arm_ws/build/mrf_description
[0.432s] Level 1:colcon.colcon_core.shell:create_environment_hook('mrf_description', 'cmake_prefix_path')
[0.432s] INFO:colcon.colcon_core.shell:Creating environment hook '/home/nayanika/robotic_arm_ws/install/mrf_description/share/mrf_description/hook/cmake_prefix_path.ps1'
[0.432s] INFO:colcon.colcon_core.shell:Creating environment descriptor '/home/nayanika/robotic_arm_ws/install/mrf_description/share/mrf_description/hook/cmake_prefix_path.dsv'
[0.433s] INFO:colcon.colcon_core.shell:Creating environment hook '/home/nayanika/robotic_arm_ws/install/mrf_description/share/mrf_description/hook/cmake_prefix_path.sh'
[0.433s] Level 1:colcon.colcon_core.environment:checking '/home/nayanika/robotic_arm_ws/install/mrf_description/bin'
[0.433s] Level 1:colcon.colcon_core.environment:checking '/home/nayanika/robotic_arm_ws/install/mrf_description/lib/pkgconfig/mrf_description.pc'
[0.433s] Level 1:colcon.colcon_core.environment:checking '/home/nayanika/robotic_arm_ws/install/mrf_description/lib/python3.10/site-packages'
[0.433s] Level 1:colcon.colcon_core.environment:checking '/home/nayanika/robotic_arm_ws/install/mrf_description/bin'
[0.433s] INFO:colcon.colcon_core.shell:Creating package script '/home/nayanika/robotic_arm_ws/install/mrf_description/share/mrf_description/package.ps1'
[0.433s] INFO:colcon.colcon_core.shell:Creating package descriptor '/home/nayanika/robotic_arm_ws/install/mrf_description/share/mrf_description/package.dsv'
[0.434s] INFO:colcon.colcon_core.shell:Creating package script '/home/nayanika/robotic_arm_ws/install/mrf_description/share/mrf_description/package.sh'
[0.434s] INFO:colcon.colcon_core.shell:Creating package script '/home/nayanika/robotic_arm_ws/install/mrf_description/share/mrf_description/package.bash'
[0.434s] INFO:colcon.colcon_core.shell:Creating package script '/home/nayanika/robotic_arm_ws/install/mrf_description/share/mrf_description/package.zsh'
[0.434s] Level 1:colcon.colcon_core.environment:create_file_with_runtime_dependencies(/home/nayanika/robotic_arm_ws/install/mrf_description/share/colcon-core/packages/mrf_description)
[0.434s] Level 1:colcon.colcon_core.environment:create_environment_scripts_only(mrf_description)
[0.434s] Level 1:colcon.colcon_core.environment:checking '/home/nayanika/robotic_arm_ws/install/mrf_description' for CMake module files
[0.435s] Level 1:colcon.colcon_core.environment:checking '/home/nayanika/robotic_arm_ws/install/mrf_description' for CMake config files
[0.435s] Level 1:colcon.colcon_core.shell:create_environment_hook('mrf_description', 'cmake_prefix_path')
[0.435s] INFO:colcon.colcon_core.shell:Creating environment hook '/home/nayanika/robotic_arm_ws/install/mrf_description/share/mrf_description/hook/cmake_prefix_path.ps1'
[0.435s] INFO:colcon.colcon_core.shell:Creating environment descriptor '/home/nayanika/robotic_arm_ws/install/mrf_description/share/mrf_description/hook/cmake_prefix_path.dsv'
[0.435s] INFO:colcon.colcon_core.shell:Creating environment hook '/home/nayanika/robotic_arm_ws/install/mrf_description/share/mrf_description/hook/cmake_prefix_path.sh'
[0.435s] Level 1:colcon.colcon_core.environment:checking '/home/nayanika/robotic_arm_ws/install/mrf_description/bin'
[0.435s] Level 1:colcon.colcon_core.environment:checking '/home/nayanika/robotic_arm_ws/install/mrf_description/lib/pkgconfig/mrf_description.pc'
[0.435s] Level 1:colcon.colcon_core.environment:checking '/home/nayanika/robotic_arm_ws/install/mrf_description/lib/python3.10/site-packages'
[0.436s] Level 1:colcon.colcon_core.environment:checking '/home/nayanika/robotic_arm_ws/install/mrf_description/bin'
[0.436s] INFO:colcon.colcon_core.shell:Creating package script '/home/nayanika/robotic_arm_ws/install/mrf_description/share/mrf_description/package.ps1'
[0.436s] INFO:colcon.colcon_core.shell:Creating package descriptor '/home/nayanika/robotic_arm_ws/install/mrf_description/share/mrf_description/package.dsv'
[0.436s] INFO:colcon.colcon_core.shell:Creating package script '/home/nayanika/robotic_arm_ws/install/mrf_description/share/mrf_description/package.sh'
[0.436s] INFO:colcon.colcon_core.shell:Creating package script '/home/nayanika/robotic_arm_ws/install/mrf_description/share/mrf_description/package.bash'
[0.436s] INFO:colcon.colcon_core.shell:Creating package script '/home/nayanika/robotic_arm_ws/install/mrf_description/share/mrf_description/package.zsh'
[0.437s] Level 1:colcon.colcon_core.environment:create_file_with_runtime_dependencies(/home/nayanika/robotic_arm_ws/install/mrf_description/share/colcon-core/packages/mrf_description)
[0.559s] DEBUG:colcon.colcon_core.event_handler.log_command:Invoked command in '/home/nayanika/robotic_arm_ws/build/mrf_msgs' returned '0': CMAKE_PREFIX_PATH=${CMAKE_PREFIX_PATH}:/home/nayanika/robotic_arm_ws/install/mrf_perception:/home/nayanika/robotic_arm_ws/install/mrf_coordinator:/home/nayanika/robot_ws/install/arm_gazebo:/opt/ros/humble /usr/bin/cmake --build /home/nayanika/robotic_arm_ws/build/mrf_msgs -- -j24 -l24
[0.561s] DEBUG:colcon.colcon_core.event_handler.log_command:Invoking command in '/home/nayanika/robotic_arm_ws/build/mrf_msgs': CMAKE_PREFIX_PATH=${CMAKE_PREFIX_PATH}:/home/nayanika/robotic_arm_ws/install/mrf_perception:/home/nayanika/robotic_arm_ws/install/mrf_coordinator:/home/nayanika/robot_ws/install/arm_gazebo:/opt/ros/humble /usr/bin/cmake --install /home/nayanika/robotic_arm_ws/build/mrf_msgs
[0.619s] Level 1:colcon.colcon_core.environment:create_environment_scripts_only(mrf_msgs)
[0.620s] Level 1:colcon.colcon_core.environment:checking '/home/nayanika/robotic_arm_ws/install/mrf_msgs' for CMake module files
[0.620s] DEBUG:colcon.colcon_core.event_handler.log_command:Invoked command in '/home/nayanika/robotic_arm_ws/build/mrf_msgs' returned '0': CMAKE_PREFIX_PATH=${CMAKE_PREFIX_PATH}:/home/nayanika/robotic_arm_ws/install/mrf_perception:/home/nayanika/robotic_arm_ws/install/mrf_coordinator:/home/nayanika/robot_ws/install/arm_gazebo:/opt/ros/humble /usr/bin/cmake --install /home/nayanika/robotic_arm_ws/build/mrf_msgs
[0.620s] Level 1:colcon.colcon_core.environment:checking '/home/nayanika/robotic_arm_ws/install/mrf_msgs' for CMake config files
[0.621s] Level 1:colcon.colcon_core.shell:create_environment_hook('mrf_msgs', 'cmake_prefix_path')
[0.621s] INFO:colcon.colcon_core.shell:Creating environment hook '/home/nayanika/robotic_arm_ws/install/mrf_msgs/share/mrf_msgs/hook/cmake_prefix_path.ps1'
[0.622s] INFO:colcon.colcon_core.shell:Creating environment descriptor '/home/nayanika/robotic_arm_ws/install/mrf_msgs/share/mrf_msgs/hook/cmake_prefix_path.dsv'
[0.622s] INFO:colcon.colcon_core.shell:Creating environment hook '/home/nayanika/robotic_arm_ws/install/mrf_msgs/share/mrf_msgs/hook/cmake_prefix_path.sh'
[0.622s] Level 1:colcon.colcon_core.environment:checking '/home/nayanika/robotic_arm_ws/install/mrf_msgs/lib'
[0.622s] Level 1:colcon.colcon_core.shell:create_environment_hook('mrf_msgs', 'ld_library_path_lib')
[0.623s] INFO:colcon.colcon_core.shell:Creating environment hook '/home/nayanika/robotic_arm_ws/install/mrf_msgs/share/mrf_msgs/hook/ld_library_path_lib.ps1'
[0.623s] INFO:colcon.colcon_core.shell:Creating environment descriptor '/home/nayanika/robotic_arm_ws/install/mrf_msgs/share/mrf_msgs/hook/ld_library_path_lib.dsv'
[0.623s] INFO:colcon.colcon_core.shell:Creating environment hook '/home/nayanika/robotic_arm_ws/install/mrf_msgs/share/mrf_msgs/hook/ld_library_path_lib.sh'
[0.624s] Level 1:colcon.colcon_core.environment:checking '/home/nayanika/robotic_arm_ws/install/mrf_msgs/bin'
[0.624s] Level 1:colcon.colcon_core.environment:checking '/home/nayanika/robotic_arm_ws/install/mrf_msgs/lib/pkgconfig/mrf_msgs.pc'
[0.624s] Level 1:colcon.colcon_core.environment:checking '/home/nayanika/robotic_arm_ws/install/mrf_msgs/lib/python3.10/site-packages'
[0.624s] Level 1:colcon.colcon_core.environment:checking '/home/nayanika/robotic_arm_ws/install/mrf_msgs/bin'
[0.624s] INFO:colcon.colcon_core.shell:Creating package script '/home/nayanika/robotic_arm_ws/install/mrf_msgs/share/mrf_msgs/package.ps1'
[0.625s] INFO:colcon.colcon_core.shell:Creating package descriptor '/home/nayanika/robotic_arm_ws/install/mrf_msgs/share/mrf_msgs/package.dsv'
[0.625s] INFO:colcon.colcon_core.shell:Creating package script '/home/nayanika/robotic_arm_ws/install/mrf_msgs/share/mrf_msgs/package.sh'
[0.626s] INFO:colcon.colcon_core.shell:Creating package script '/home/nayanika/robotic_arm_ws/install/mrf_msgs/share/mrf_msgs/package.bash'
[0.626s] INFO:colcon.colcon_core.shell:Creating package script '/home/nayanika/robotic_arm_ws/install/mrf_msgs/share/mrf_msgs/package.zsh'
[0.626s] Level 1:colcon.colcon_core.environment:create_file_with_runtime_dependencies(/home/nayanika/robotic_arm_ws/install/mrf_msgs/share/colcon-core/packages/mrf_msgs)
[0.627s] Level 1:colcon.colcon_core.environment:create_environment_scripts_only(mrf_msgs)
[0.627s] Level 1:colcon.colcon_core.environment:checking '/home/nayanika/robotic_arm_ws/install/mrf_msgs' for CMake module files
[0.627s] Level 1:colcon.colcon_core.environment:checking '/home/nayanika/robotic_arm_ws/install/mrf_msgs' for CMake config files
[0.628s] Level 1:colcon.colcon_core.shell:create_environment_hook('mrf_msgs', 'cmake_prefix_path')
[0.628s] INFO:colcon.colcon_core.shell:Creating environment hook '/home/nayanika/robotic_arm_ws/install/mrf_msgs/share/mrf_msgs/hook/cmake_prefix_path.ps1'
[0.628s] INFO:colcon.colcon_core.shell:Creating environment descriptor '/home/nayanika/robotic_arm_ws/install/mrf_msgs/share/mrf_msgs/hook/cmake_prefix_path.dsv'
[0.629s] INFO:colcon.colcon_core.shell:Creating environment hook '/home/nayanika/robotic_arm_ws/install/mrf_msgs/share/mrf_msgs/hook/cmake_prefix_path.sh'
[0.629s] Level 1:colcon.colcon_core.environment:checking '/home/nayanika/robotic_arm_ws/install/mrf_msgs/lib'
[0.629s] Level 1:colcon.colcon_core.shell:create_environment_hook('mrf_msgs', 'ld_library_path_lib')
[0.629s] INFO:colcon.colcon_core.shell:Creating environment hook '/home/nayanika/robotic_arm_ws/install/mrf_msgs/share/mrf_msgs/hook/ld_library_path_lib.ps1'
[0.629s] INFO:colcon.colcon_core.shell:Creating environment descriptor '/home/nayanika/robotic_arm_ws/install/mrf_msgs/share/mrf_msgs/hook/ld_library_path_lib.dsv'
[0.630s] INFO:colcon.colcon_core.shell:Creating environment hook '/home/nayanika/robotic_arm_ws/install/mrf_msgs/share/mrf_msgs/hook/ld_library_path_lib.sh'
[0.630s] Level 1:colcon.colcon_core.environment:checking '/home/nayanika/robotic_arm_ws/install/mrf_msgs/bin'
[0.630s] Level 1:colcon.colcon_core.environment:checking '/home/nayanika/robotic_arm_ws/install/mrf_msgs/lib/pkgconfig/mrf_msgs.pc'
[0.630s] Level 1:colcon.colcon_core.environment:checking '/home/nayanika/robotic_arm_ws/install/mrf_msgs/lib/python3.10/site-packages'
[0.631s] Level 1:colcon.colcon_core.environment:checking '/home/nayanika/robotic_arm_ws/install/mrf_msgs/bin'
[0.631s] INFO:colcon.colcon_core.shell:Creating package script '/home/nayanika/robotic_arm_ws/install/mrf_msgs/share/mrf_msgs/package.ps1'
[0.631s] INFO:colcon.colcon_core.shell:Creating package descriptor '/home/nayanika/robotic_arm_ws/install/mrf_msgs/share/mrf_msgs/package.dsv'
[0.632s] INFO:colcon.colcon_core.shell:Creating package script '/home/nayanika/robotic_arm_ws/install/mrf_msgs/share/mrf_msgs/package.sh'
[0.632s] INFO:colcon.colcon_core.shell:Creating package script '/home/nayanika/robotic_arm_ws/install/mrf_msgs/share/mrf_msgs/package.bash'
[0.632s] INFO:colcon.colcon_core.shell:Creating package script '/home/nayanika/robotic_arm_ws/install/mrf_msgs/share/mrf_msgs/package.zsh'
[0.633s] Level 1:colcon.colcon_core.environment:create_file_with_runtime_dependencies(/home/nayanika/robotic_arm_ws/install/mrf_msgs/share/colcon-core/packages/mrf_msgs)
[0.633s] INFO:colcon.colcon_ros.task.ament_python.build:Building ROS package in '/home/nayanika/robotic_arm_ws/src/mrf_coordinator' with build type 'ament_python'
[0.633s] Level 1:colcon.colcon_core.shell:create_environment_hook('mrf_coordinator', 'ament_prefix_path')
[0.633s] INFO:colcon.colcon_core.shell:Creating environment hook '/home/nayanika/robotic_arm_ws/install/mrf_coordinator/share/mrf_coordinator/hook/ament_prefix_path.ps1'
[0.634s] INFO:colcon.colcon_core.shell:Creating environment descriptor '/home/nayanika/robotic_arm_ws/install/mrf_coordinator/share/mrf_coordinator/hook/ament_prefix_path.dsv'
[0.634s] INFO:colcon.colcon_core.shell:Creating environment hook '/home/nayanika/robotic_arm_ws/install/mrf_coordinator/share/mrf_coordinator/hook/ament_prefix_path.sh'
[0.635s] INFO:colcon.colcon_core.shell:Skip shell extension 'powershell' for command environment: Not usable outside of PowerShell
[0.635s] DEBUG:colcon.colcon_core.shell:Skip shell extension 'dsv' for command environment
[0.638s] INFO:colcon.colcon_ros.task.ament_python.build:Building ROS package in '/home/nayanika/robotic_arm_ws/src/mrf_perception' with build type 'ament_python'
[0.638s] Level 1:colcon.colcon_core.shell:create_environment_hook('mrf_perception', 'ament_prefix_path')
[0.638s] INFO:colcon.colcon_core.shell:Creating environment hook '/home/nayanika/robotic_arm_ws/install/mrf_perception/share/mrf_perception/hook/ament_prefix_path.ps1'
[0.638s] INFO:colcon.colcon_core.shell:Creating environment descriptor '/home/nayanika/robotic_arm_ws/install/mrf_perception/share/mrf_perception/hook/ament_prefix_path.dsv'
[0.639s] INFO:colcon.colcon_core.shell:Creating environment hook '/home/nayanika/robotic_arm_ws/install/mrf_perception/share/mrf_perception/hook/ament_prefix_path.sh'
[0.639s] INFO:colcon.colcon_core.shell:Skip shell extension 'powershell' for command environment: Not usable outside of PowerShell
[0.639s] DEBUG:colcon.colcon_core.shell:Skip shell extension 'dsv' for command environment
[0.787s] INFO:colcon.colcon_core.task.python.build:Building Python package in '/home/nayanika/robotic_arm_ws/src/mrf_coordinator'
[0.787s] INFO:colcon.colcon_core.shell:Skip shell extension 'powershell' for command environment: Not usable outside of PowerShell
[0.787s] DEBUG:colcon.colcon_core.shell:Skip shell extension 'dsv' for command environment
[0.920s] INFO:colcon.colcon_core.task.python.build:Building Python package in '/home/nayanika/robotic_arm_ws/src/mrf_perception'
[0.920s] INFO:colcon.colcon_core.shell:Skip shell extension 'powershell' for command environment: Not usable outside of PowerShell
[0.920s] DEBUG:colcon.colcon_core.shell:Skip shell extension 'dsv' for command environment
[1.097s] DEBUG:colcon.colcon_core.event_handler.log_command:Invoking command in '/home/nayanika/robotic_arm_ws/build/mrf_perception': CMAKE_PREFIX_PATH=/home/nayanika/robotic_arm_ws/install/mrf_msgs:/home/nayanika/robotic_arm_ws/install/mrf_bringup:/home/nayanika/robotic_arm_ws/install/mrf_gazebo:/home/nayanika/robotic_arm_ws/install/mrf_description PYTHONPATH=/home/nayanika/robotic_arm_ws/build/mrf_perception/prefix_override:/usr/lib/python3/dist-packages/colcon_core/task/python/colcon_distutils_commands:/home/nayanika/robotic_arm_ws/install/mrf_perception/lib/python3.10/site-packages:${PYTHONPATH} /usr/bin/python3 -W ignore:setup.py install is deprecated -W ignore:easy_install command is deprecated setup.py develop --editable --build-directory /home/nayanika/robotic_arm_ws/build/mrf_perception/build --no-deps symlink_data
[1.237s] DEBUG:colcon.colcon_core.event_handler.log_command:Invoking command in '/home/nayanika/robotic_arm_ws/build/mrf_coordinator': CMAKE_PREFIX_PATH=/home/nayanika/robotic_arm_ws/install/mrf_msgs:/home/nayanika/robotic_arm_ws/install/mrf_bringup:/home/nayanika/robotic_arm_ws/install/mrf_gazebo:/home/nayanika/robotic_arm_ws/install/mrf_description PYTHONPATH=/home/nayanika/robotic_arm_ws/build/mrf_coordinator/prefix_override:/usr/lib/python3/dist-packages/colcon_core/task/python/colcon_distutils_commands:/home/nayanika/robotic_arm_ws/install/mrf_coordinator/lib/python3.10/site-packages:${PYTHONPATH} /usr/bin/python3 -W ignore:setup.py install is deprecated -W ignore:easy_install command is deprecated setup.py develop --editable --build-directory /home/nayanika/robotic_arm_ws/build/mrf_coordinator/build --no-deps symlink_data
[1.454s] Level 1:colcon.colcon_core.shell:create_environment_hook('mrf_coordinator', 'pythonpath_develop')
[1.455s] INFO:colcon.colcon_core.shell:Creating environment hook '/home/nayanika/robotic_arm_ws/build/mrf_coordinator/share/mrf_coordinator/hook/pythonpath_develop.ps1'
[1.455s] DEBUG:colcon.colcon_core.event_handler.log_command:Invoked command in '/home/nayanika/robotic_arm_ws/build/mrf_coordinator' returned '0': CMAKE_PREFIX_PATH=/home/nayanika/robotic_arm_ws/install/mrf_msgs:/home/nayanika/robotic_arm_ws/install/mrf_bringup:/home/nayanika/robotic_arm_ws/install/mrf_gazebo:/home/nayanika/robotic_arm_ws/install/mrf_description PYTHONPATH=/home/nayanika/robotic_arm_ws/build/mrf_coordinator/prefix_override:/usr/lib/python3/dist-packages/colcon_core/task/python/colcon_distutils_commands:/home/nayanika/robotic_arm_ws/install/mrf_coordinator/lib/python3.10/site-packages:${PYTHONPATH} /usr/bin/python3 -W ignore:setup.py install is deprecated -W ignore:easy_install command is deprecated setup.py develop --editable --build-directory /home/nayanika/robotic_arm_ws/build/mrf_coordinator/build --no-deps symlink_data
[1.455s] INFO:colcon.colcon_core.shell:Creating environment descriptor '/home/nayanika/robotic_arm_ws/build/mrf_coordinator/share/mrf_coordinator/hook/pythonpath_develop.dsv'
[1.456s] INFO:colcon.colcon_core.shell:Creating environment hook '/home/nayanika/robotic_arm_ws/build/mrf_coordinator/share/mrf_coordinator/hook/pythonpath_develop.sh'
[1.456s] Level 1:colcon.colcon_core.environment:checking '/home/nayanika/robotic_arm_ws/install/mrf_coordinator' for CMake module files
[1.457s] Level 1:colcon.colcon_core.environment:checking '/home/nayanika/robotic_arm_ws/install/mrf_coordinator' for CMake config files
[1.457s] Level 1:colcon.colcon_core.environment:checking '/home/nayanika/robotic_arm_ws/install/mrf_coordinator/lib'
[1.457s] Level 1:colcon.colcon_core.environment:checking '/home/nayanika/robotic_arm_ws/install/mrf_coordinator/bin'
[1.457s] Level 1:colcon.colcon_core.environment:checking '/home/nayanika/robotic_arm_ws/install/mrf_coordinator/lib/pkgconfig/mrf_coordinator.pc'
[1.457s] Level 1:colcon.colcon_core.environment:checking '/home/nayanika/robotic_arm_ws/install/mrf_coordinator/lib/python3.10/site-packages'
[1.457s] Level 1:colcon.colcon_core.shell:create_environment_hook('mrf_coordinator', 'pythonpath')
[1.458s] INFO:colcon.colcon_core.shell:Creating environment hook '/home/nayanika/robotic_arm_ws/install/mrf_coordinator/share/mrf_coordinator/hook/pythonpath.ps1'
[1.458s] INFO:colcon.colcon_core.shell:Creating environment descriptor '/home/nayanika/robotic_arm_ws/install/mrf_coordinator/share/mrf_coordinator/hook/pythonpath.dsv'
[1.458s] INFO:colcon.colcon_core.shell:Creating environment hook '/home/nayanika/robotic_arm_ws/install/mrf_coordinator/share/mrf_coordinator/hook/pythonpath.sh'
[1.459s] Level 1:colcon.colcon_core.environment:checking '/home/nayanika/robotic_arm_ws/install/mrf_coordinator/bin'
[1.459s] Level 1:colcon.colcon_core.environment:create_environment_scripts_only(mrf_coordinator)
[1.459s] INFO:colcon.colcon_core.shell:Creating package script '/home/nayanika/robotic_arm_ws/install/mrf_coordinator/share/mrf_coordinator/package.ps1'
[1.460s] INFO:colcon.colcon_core.shell:Creating package descriptor '/home/nayanika/robotic_arm_ws/install/mrf_coordinator/share/mrf_coordinator/package.dsv'
[1.460s] INFO:colcon.colcon_core.shell:Creating package script '/home/nayanika/robotic_arm_ws/install/mrf_coordinator/share/mrf_coordinator/package.sh'
[1.460s] INFO:colcon.colcon_core.shell:Creating package script '/home/nayanika/robotic_arm_ws/install/mrf_coordinator/share/mrf_coordinator/package.bash'
[1.461s] INFO:colcon.colcon_core.shell:Creating package script '/home/nayanika/robotic_arm_ws/install/mrf_coordinator/share/mrf_coordinator/package.zsh'
[1.461s] Level 1:colcon.colcon_core.environment:create_file_with_runtime_dependencies(/home/nayanika/robotic_arm_ws/install/mrf_coordinator/share/colcon-core/packages/mrf_coordinator)
[1.528s] Level 1:colcon.colcon_core.shell:create_environment_hook('mrf_perception', 'pythonpath_develop')
[1.528s] DEBUG:colcon.colcon_core.event_handler.log_command:Invoked command in '/home/nayanika/robotic_arm_ws/build/mrf_perception' returned '0': CMAKE_PREFIX_PATH=/home/nayanika/robotic_arm_ws/install/mrf_msgs:/home/nayanika/robotic_arm_ws/install/mrf_bringup:/home/nayanika/robotic_arm_ws/install/mrf_gazebo:/home/nayanika/robotic_arm_ws/install/mrf_description PYTHONPATH=/home/nayanika/robotic_arm_ws/build/mrf_perception/prefix_override:/usr/lib/python3/dist-packages/colcon_core/task/python/colcon_distutils_commands:/home/nayanika/robotic_arm_ws/install/mrf_perception/lib/python3.10/site-packages:${PYTHONPATH} /usr/bin/python3 -W ignore:setup.py install is deprecated -W ignore:easy_install command is deprecated setup.py develop --editable --build-directory /home/nayanika/robotic_arm_ws/build/mrf_perception/build --no-deps symlink_data
[1.528s] INFO:colcon.colcon_core.shell:Creating environment hook '/home/nayanika/robotic_arm_ws/build/mrf_perception/share/mrf_perception/hook/pythonpath_develop.ps1'
[1.529s] INFO:colcon.colcon_core.shell:Creating environment descriptor '/home/nayanika/robotic_arm_ws/build/mrf_perception/share/mrf_perception/hook/pythonpath_develop.dsv'
[1.529s] INFO:colcon.colcon_core.shell:Creating environment hook '/home/nayanika/robotic_arm_ws/build/mrf_perception/share/mrf_perception/hook/pythonpath_develop.sh'
[1.530s] Level 1:colcon.colcon_core.environment:checking '/home/nayanika/robotic_arm_ws/install/mrf_perception' for CMake module files
[1.530s] Level 1:colcon.colcon_core.environment:checking '/home/nayanika/robotic_arm_ws/install/mrf_perception' for CMake config files
[1.530s] Level 1:colcon.colcon_core.environment:checking '/home/nayanika/robotic_arm_ws/install/mrf_perception/lib'
[1.530s] Level 1:colcon.colcon_core.environment:checking '/home/nayanika/robotic_arm_ws/install/mrf_perception/bin'
[1.531s] Level 1:colcon.colcon_core.environment:checking '/home/nayanika/robotic_arm_ws/install/mrf_perception/lib/pkgconfig/mrf_perception.pc'
[1.531s] Level 1:colcon.colcon_core.environment:checking '/home/nayanika/robotic_arm_ws/install/mrf_perception/lib/python3.10/site-packages'
[1.531s] Level 1:colcon.colcon_core.shell:create_environment_hook('mrf_perception', 'pythonpath')
[1.531s] INFO:colcon.colcon_core.shell:Creating environment hook '/home/nayanika/robotic_arm_ws/install/mrf_perception/share/mrf_perception/hook/pythonpath.ps1'
[1.531s] INFO:colcon.colcon_core.shell:Creating environment descriptor '/home/nayanika/robotic_arm_ws/install/mrf_perception/share/mrf_perception/hook/pythonpath.dsv'
[1.532s] INFO:colcon.colcon_core.shell:Creating environment hook '/home/nayanika/robotic_arm_ws/install/mrf_perception/share/mrf_perception/hook/pythonpath.sh'
[1.532s] Level 1:colcon.colcon_core.environment:checking '/home/nayanika/robotic_arm_ws/install/mrf_perception/bin'
[1.532s] Level 1:colcon.colcon_core.environment:create_environment_scripts_only(mrf_perception)
[1.532s] INFO:colcon.colcon_core.shell:Creating package script '/home/nayanika/robotic_arm_ws/install/mrf_perception/share/mrf_perception/package.ps1'
[1.533s] INFO:colcon.colcon_core.shell:Creating package descriptor '/home/nayanika/robotic_arm_ws/install/mrf_perception/share/mrf_perception/package.dsv'
[1.533s] INFO:colcon.colcon_core.shell:Creating package script '/home/nayanika/robotic_arm_ws/install/mrf_perception/share/mrf_perception/package.sh'
[1.534s] INFO:colcon.colcon_core.shell:Creating package script '/home/nayanika/robotic_arm_ws/install/mrf_perception/share/mrf_perception/package.bash'
[1.534s] INFO:colcon.colcon_core.shell:Creating package script '/home/nayanika/robotic_arm_ws/install/mrf_perception/share/mrf_perception/package.zsh'
[1.534s] Level 1:colcon.colcon_core.environment:create_file_with_runtime_dependencies(/home/nayanika/robotic_arm_ws/install/mrf_perception/share/colcon-core/packages/mrf_perception)
[1.535s] INFO:colcon.colcon_ros.task.ament_cmake.build:Building ROS package in '/home/nayanika/robotic_arm_ws/src/mrf_bringup' with build type 'ament_cmake'
[1.535s] INFO:colcon.colcon_cmake.task.cmake.build:Building CMake package in '/home/nayanika/robotic_arm_ws/src/mrf_bringup'
[1.535s] INFO:colcon.colcon_core.shell:Skip shell extension 'powershell' for command environment: Not usable outside of PowerShell
[1.535s] DEBUG:colcon.colcon_core.shell:Skip shell extension 'dsv' for command environment
[1.546s] DEBUG:colcon.colcon_core.event_handler.log_command:Invoking command in '/home/nayanika/robotic_arm_ws/build/mrf_bringup': AMENT_PREFIX_PATH=/home/nayanika/robotic_arm_ws/install/mrf_perception:/home/nayanika/robotic_arm_ws/install/mrf_coordinator:/home/nayanika/robotic_arm_ws/install/mrf_bringup:/home/nayanika/robotic_arm_ws/install/mrf_msgs:/home/nayanika/robotic_arm_ws/install/mrf_gazebo:/home/nayanika/robotic_arm_ws/install/mrf_description:/home/nayanika/robot_ws/install/arm_gazebo:/opt/ros/humble CMAKE_PREFIX_PATH=/home/nayanika/robotic_arm_ws/install/mrf_msgs:/home/nayanika/robotic_arm_ws/install/mrf_gazebo:/home/nayanika/robotic_arm_ws/install/mrf_description:/home/nayanika/robotic_arm_ws/install/mrf_bringup:/home/nayanika/robotic_arm_ws/install/mrf_perception:/home/nayanika/robotic_arm_ws/install/mrf_coordinator:/home/nayanika/robot_ws/install/arm_gazebo:/opt/ros/humble /usr/bin/cmake --build /home/nayanika/robotic_arm_ws/build/mrf_bringup -- -j24 -l24
[1.573s] DEBUG:colcon.colcon_core.event_handler.log_command:Invoked command in '/home/nayanika/robotic_arm_ws/build/mrf_bringup' returned '0': AMENT_PREFIX_PATH=/home/nayanika/robotic_arm_ws/install/mrf_perception:/home/nayanika/robotic_arm_ws/install/mrf_coordinator:/home/nayanika/robotic_arm_ws/install/mrf_bringup:/home/nayanika/robotic_arm_ws/install/mrf_msgs:/home/nayanika/robotic_arm_ws/install/mrf_gazebo:/home/nayanika/robotic_arm_ws/install/mrf_description:/home/nayanika/robot_ws/install/arm_gazebo:/opt/ros/humble CMAKE_PREFIX_PATH=/home/nayanika/robotic_arm_ws/install/mrf_msgs:/home/nayanika/robotic_arm_ws/install/mrf_gazebo:/home/nayanika/robotic_arm_ws/install/mrf_description:/home/nayanika/robotic_arm_ws/install/mrf_bringup:/home/nayanika/robotic_arm_ws/install/mrf_perception:/home/nayanika/robotic_arm_ws/install/mrf_coordinator:/home/nayanika/robot_ws/install/arm_gazebo:/opt/ros/humble /usr/bin/cmake --build /home/nayanika/robotic_arm_ws/build/mrf_bringup -- -j24 -l24
[1.573s] DEBUG:colcon.colcon_core.event_handler.log_command:Invoking command in '/home/nayanika/robotic_arm_ws/build/mrf_bringup': AMENT_PREFIX_PATH=/home/nayanika/robotic_arm_ws/install/mrf_perception:/home/nayanika/robotic_arm_ws/install/mrf_coordinator:/home/nayanika/robotic_arm_ws/install/mrf_bringup:/home/nayanika/robotic_arm_ws/install/mrf_msgs:/home/nayanika/robotic_arm_ws/install/mrf_gazebo:/home/nayanika/robotic_arm_ws/install/mrf_description:/home/nayanika/robot_ws/install/arm_gazebo:/opt/ros/humble CMAKE_PREFIX_PATH=/home/nayanika/robotic_arm_ws/install/mrf_msgs:/home/nayanika/robotic_arm_ws/install/mrf_gazebo:/home/nayanika/robotic_arm_ws/install/mrf_description:/home/nayanika/robotic_arm_ws/install/mrf_bringup:/home/nayanika/robotic_arm_ws/install/mrf_perception:/home/nayanika/robotic_arm_ws/install/mrf_coordinator:/home/nayanika/robot_ws/install/arm_gazebo:/opt/ros/humble /usr/bin/cmake --install /home/nayanika/robotic_arm_ws/build/mrf_bringup
[1.588s] Level 1:colcon.colcon_core.environment:create_environment_scripts_only(mrf_bringup)
[1.589s] Level 1:colcon.colcon_core.environment:checking '/home/nayanika/robotic_arm_ws/install/mrf_bringup' for CMake module files
[1.589s] DEBUG:colcon.colcon_core.event_handler.log_command:Invoked command in '/home/nayanika/robotic_arm_ws/build/mrf_bringup' returned '0': AMENT_PREFIX_PATH=/home/nayanika/robotic_arm_ws/install/mrf_perception:/home/nayanika/robotic_arm_ws/install/mrf_coordinator:/home/nayanika/robotic_arm_ws/install/mrf_bringup:/home/nayanika/robotic_arm_ws/install/mrf_msgs:/home/nayanika/robotic_arm_ws/install/mrf_gazebo:/home/nayanika/robotic_arm_ws/install/mrf_description:/home/nayanika/robot_ws/install/arm_gazebo:/opt/ros/humble CMAKE_PREFIX_PATH=/home/nayanika/robotic_arm_ws/install/mrf_msgs:/home/nayanika/robotic_arm_ws/install/mrf_gazebo:/home/nayanika/robotic_arm_ws/install/mrf_description:/home/nayanika/robotic_arm_ws/install/mrf_bringup:/home/nayanika/robotic_arm_ws/install/mrf_perception:/home/nayanika/robotic_arm_ws/install/mrf_coordinator:/home/nayanika/robot_ws/install/arm_gazebo:/opt/ros/humble /usr/bin/cmake --install /home/nayanika/robotic_arm_ws/build/mrf_bringup
[1.589s] Level 1:colcon.colcon_core.environment:checking '/home/nayanika/robotic_arm_ws/install/mrf_bringup' for CMake config files
[1.589s] Level 1:colcon.colcon_core.shell:create_environment_hook('mrf_bringup', 'cmake_prefix_path')
[1.590s] INFO:colcon.colcon_core.shell:Creating environment hook '/home/nayanika/robotic_arm_ws/install/mrf_bringup/share/mrf_bringup/hook/cmake_prefix_path.ps1'
[1.590s] INFO:colcon.colcon_core.shell:Creating environment descriptor '/home/nayanika/robotic_arm_ws/install/mrf_bringup/share/mrf_bringup/hook/cmake_prefix_path.dsv'
[1.590s] INFO:colcon.colcon_core.shell:Creating environment hook '/home/nayanika/robotic_arm_ws/install/mrf_bringup/share/mrf_bringup/hook/cmake_prefix_path.sh'
[1.591s] Level 1:colcon.colcon_core.environment:checking '/home/nayanika/robotic_arm_ws/install/mrf_bringup/bin'
[1.591s] Level 1:colcon.colcon_core.environment:checking '/home/nayanika/robotic_arm_ws/install/mrf_bringup/lib/pkgconfig/mrf_bringup.pc'
[1.591s] Level 1:colcon.colcon_core.environment:checking '/home/nayanika/robotic_arm_ws/install/mrf_bringup/lib/python3.10/site-packages'
[1.591s] Level 1:colcon.colcon_core.environment:checking '/home/nayanika/robotic_arm_ws/install/mrf_bringup/bin'
[1.592s] INFO:colcon.colcon_core.shell:Creating package script '/home/nayanika/robotic_arm_ws/install/mrf_bringup/share/mrf_bringup/package.ps1'
[1.592s] INFO:colcon.colcon_core.shell:Creating package descriptor '/home/nayanika/robotic_arm_ws/install/mrf_bringup/share/mrf_bringup/package.dsv'
[1.592s] INFO:colcon.colcon_core.shell:Creating package script '/home/nayanika/robotic_arm_ws/install/mrf_bringup/share/mrf_bringup/package.sh'
[1.593s] INFO:colcon.colcon_core.shell:Creating package script '/home/nayanika/robotic_arm_ws/install/mrf_bringup/share/mrf_bringup/package.bash'
[1.593s] INFO:colcon.colcon_core.shell:Creating package script '/home/nayanika/robotic_arm_ws/install/mrf_bringup/share/mrf_bringup/package.zsh'
[1.593s] Level 1:colcon.colcon_core.environment:create_file_with_runtime_dependencies(/home/nayanika/robotic_arm_ws/install/mrf_bringup/share/colcon-core/packages/mrf_bringup)
[1.593s] Level 1:colcon.colcon_core.environment:create_environment_scripts_only(mrf_bringup)
[1.594s] Level 1:colcon.colcon_core.environment:checking '/home/nayanika/robotic_arm_ws/install/mrf_bringup' for CMake module files
[1.594s] Level 1:colcon.colcon_core.environment:checking '/home/nayanika/robotic_arm_ws/install/mrf_bringup' for CMake config files
[1.594s] Level 1:colcon.colcon_core.shell:create_environment_hook('mrf_bringup', 'cmake_prefix_path')
[1.594s] INFO:colcon.colcon_core.shell:Creating environment hook '/home/nayanika/robotic_arm_ws/install/mrf_bringup/share/mrf_bringup/hook/cmake_prefix_path.ps1'
[1.594s] INFO:colcon.colcon_core.shell:Creating environment descriptor '/home/nayanika/robotic_arm_ws/install/mrf_bringup/share/mrf_bringup/hook/cmake_prefix_path.dsv'
[1.594s] INFO:colcon.colcon_core.shell:Creating environment hook '/home/nayanika/robotic_arm_ws/install/mrf_bringup/share/mrf_bringup/hook/cmake_prefix_path.sh'
[1.594s] Level 1:colcon.colcon_core.environment:checking '/home/nayanika/robotic_arm_ws/install/mrf_bringup/bin'
[1.595s] Level 1:colcon.colcon_core.environment:checking '/home/nayanika/robotic_arm_ws/install/mrf_bringup/lib/pkgconfig/mrf_bringup.pc'
[1.595s] Level 1:colcon.colcon_core.environment:checking '/home/nayanika/robotic_arm_ws/install/mrf_bringup/lib/python3.10/site-packages'
[1.595s] Level 1:colcon.colcon_core.environment:checking '/home/nayanika/robotic_arm_ws/install/mrf_bringup/bin'
[1.595s] INFO:colcon.colcon_core.shell:Creating package script '/home/nayanika/robotic_arm_ws/install/mrf_bringup/share/mrf_bringup/package.ps1'
[1.595s] INFO:colcon.colcon_core.shell:Creating package descriptor '/home/nayanika/robotic_arm_ws/install/mrf_bringup/share/mrf_bringup/package.dsv'
[1.595s] INFO:colcon.colcon_core.shell:Creating package script '/home/nayanika/robotic_arm_ws/install/mrf_bringup/share/mrf_bringup/package.sh'
[1.596s] INFO:colcon.colcon_core.shell:Creating package script '/home/nayanika/robotic_arm_ws/install/mrf_bringup/share/mrf_bringup/package.bash'
[1.596s] INFO:colcon.colcon_core.shell:Creating package script '/home/nayanika/robotic_arm_ws/install/mrf_bringup/share/mrf_bringup/package.zsh'
[1.596s] Level 1:colcon.colcon_core.environment:create_file_with_runtime_dependencies(/home/nayanika/robotic_arm_ws/install/mrf_bringup/share/colcon-core/packages/mrf_bringup)
[1.596s] DEBUG:colcon.colcon_parallel_executor.executor.parallel:closing loop
[1.596s] DEBUG:colcon.colcon_parallel_executor.executor.parallel:loop closed
[1.596s] DEBUG:colcon.colcon_parallel_executor.executor.parallel:run_until_complete finished with '0'
[1.596s] DEBUG:colcon.colcon_core.event_reactor:joining thread
[1.599s] INFO:colcon.colcon_core.plugin_system:Skipping extension 'colcon_notification.desktop_notification.terminal_notifier': Not used on non-Darwin systems
[1.599s] INFO:colcon.colcon_core.plugin_system:Skipping extension 'colcon_notification.desktop_notification.win32': Not used on non-Windows systems
[1.599s] INFO:colcon.colcon_notification.desktop_notification:Sending desktop notification using 'notify2'
[1.606s] DEBUG:colcon.colcon_core.event_reactor:joined thread
[1.606s] INFO:colcon.colcon_core.shell:Creating prefix script '/home/nayanika/robotic_arm_ws/install/local_setup.ps1'
[1.606s] INFO:colcon.colcon_core.shell:Creating prefix util module '/home/nayanika/robotic_arm_ws/install/_local_setup_util_ps1.py'
[1.607s] INFO:colcon.colcon_core.shell:Creating prefix chain script '/home/nayanika/robotic_arm_ws/install/setup.ps1'
[1.608s] INFO:colcon.colcon_core.shell:Creating prefix script '/home/nayanika/robotic_arm_ws/install/local_setup.sh'
[1.608s] INFO:colcon.colcon_core.shell:Creating prefix util module '/home/nayanika/robotic_arm_ws/install/_local_setup_util_sh.py'
[1.608s] INFO:colcon.colcon_core.shell:Creating prefix chain script '/home/nayanika/robotic_arm_ws/install/setup.sh'
[1.609s] INFO:colcon.colcon_core.shell:Creating prefix script '/home/nayanika/robotic_arm_ws/install/local_setup.bash'
[1.609s] INFO:colcon.colcon_core.shell:Creating prefix chain script '/home/nayanika/robotic_arm_ws/install/setup.bash'
[1.609s] INFO:colcon.colcon_core.shell:Creating prefix script '/home/nayanika/robotic_arm_ws/install/local_setup.zsh'
[1.609s] INFO:colcon.colcon_core.shell:Creating prefix chain script '/home/nayanika/robotic_arm_ws/install/setup.zsh'
