[0.013s] Invoking command in '/home/nayanika/robotic_arm_ws/build/mrf_msgs': CMAKE_PREFIX_PATH=${CMAKE_PREFIX_PATH}:/home/nayanika/robotic_arm_ws/install/mrf_perception:/home/nayanika/robotic_arm_ws/install/mrf_coordinator:/home/nayanika/robot_ws/install/arm_gazebo:/opt/ros/humble /usr/bin/cmake --build /home/nayanika/robotic_arm_ws/build/mrf_msgs -- -j24 -l24
[0.048s] [  2%] Built target mrf_msgs__cpp
[0.052s] [  5%] Built target mrf_msgs__rs
[0.052s] [ 15%] Built target mrf_msgs__rosidl_generator_c
[0.057s] [ 15%] Built target ament_cmake_python_symlink_mrf_msgs
[0.066s] [ 25%] Built target mrf_msgs__rosidl_typesupport_introspection_cpp
[0.071s] [ 35%] Built target mrf_msgs__rosidl_typesupport_c
[0.072s] [ 45%] Built target mrf_msgs__rosidl_typesupport_cpp
[0.075s] [ 55%] Built target mrf_msgs__rosidl_typesupport_fastrtps_cpp
[0.076s] [ 65%] Built target mrf_msgs__rosidl_typesupport_introspection_c
[0.078s] [ 75%] Built target mrf_msgs__rosidl_typesupport_fastrtps_c
[0.093s] [ 75%] Built target mrf_msgs
[0.105s] [ 77%] Built target mrf_msgs__py
[0.122s] [ 85%] Built target mrf_msgs__rosidl_generator_py
[0.138s] [ 90%] Built target mrf_msgs__rosidl_typesupport_introspection_c__pyext
[0.139s] [ 95%] Built target mrf_msgs__rosidl_typesupport_fastrtps_c__pyext
[0.139s] [100%] Built target mrf_msgs__rosidl_typesupport_c__pyext
[0.192s] running egg_info
[0.192s] writing mrf_msgs.egg-info/PKG-INFO
[0.192s] writing dependency_links to mrf_msgs.egg-info/dependency_links.txt
[0.192s] writing top-level names to mrf_msgs.egg-info/top_level.txt
[0.194s] reading manifest file 'mrf_msgs.egg-info/SOURCES.txt'
[0.194s] writing manifest file 'mrf_msgs.egg-info/SOURCES.txt'
[0.209s] [100%] Built target ament_cmake_python_build_mrf_msgs_egg
[0.218s] Invoked command in '/home/nayanika/robotic_arm_ws/build/mrf_msgs' returned '0': CMAKE_PREFIX_PATH=${CMAKE_PREFIX_PATH}:/home/nayanika/robotic_arm_ws/install/mrf_perception:/home/nayanika/robotic_arm_ws/install/mrf_coordinator:/home/nayanika/robot_ws/install/arm_gazebo:/opt/ros/humble /usr/bin/cmake --build /home/nayanika/robotic_arm_ws/build/mrf_msgs -- -j24 -l24
[0.218s] Invoking command in '/home/nayanika/robotic_arm_ws/build/mrf_msgs': CMAKE_PREFIX_PATH=${CMAKE_PREFIX_PATH}:/home/nayanika/robotic_arm_ws/install/mrf_perception:/home/nayanika/robotic_arm_ws/install/mrf_coordinator:/home/nayanika/robot_ws/install/arm_gazebo:/opt/ros/humble /usr/bin/cmake --install /home/nayanika/robotic_arm_ws/build/mrf_msgs
[0.226s] -- Install configuration: ""
[0.226s] -- Execute custom install script
[0.226s] -- Up-to-date symlink: /home/nayanika/robotic_arm_ws/install/mrf_msgs/share/ament_index/resource_index/rosidl_interfaces/mrf_msgs
[0.227s] -- Up-to-date symlink: /home/nayanika/robotic_arm_ws/install/mrf_msgs/include/mrf_msgs/mrf_msgs/msg/detail/perceived_object__functions.h
[0.227s] -- Up-to-date symlink: /home/nayanika/robotic_arm_ws/install/mrf_msgs/include/mrf_msgs/mrf_msgs/msg/detail/perceived_object__struct.h
[0.227s] -- Up-to-date symlink: /home/nayanika/robotic_arm_ws/install/mrf_msgs/include/mrf_msgs/mrf_msgs/msg/detail/perceived_object__type_support.h
[0.227s] -- Up-to-date symlink: /home/nayanika/robotic_arm_ws/install/mrf_msgs/include/mrf_msgs/mrf_msgs/msg/detail/perceived_object_array__functions.h
[0.227s] -- Up-to-date symlink: /home/nayanika/robotic_arm_ws/install/mrf_msgs/include/mrf_msgs/mrf_msgs/msg/detail/perceived_object_array__struct.h
[0.227s] -- Up-to-date symlink: /home/nayanika/robotic_arm_ws/install/mrf_msgs/include/mrf_msgs/mrf_msgs/msg/detail/perceived_object_array__type_support.h
[0.227s] -- Up-to-date symlink: /home/nayanika/robotic_arm_ws/install/mrf_msgs/include/mrf_msgs/mrf_msgs/msg/perceived_object.h
[0.227s] -- Up-to-date symlink: /home/nayanika/robotic_arm_ws/install/mrf_msgs/include/mrf_msgs/mrf_msgs/msg/perceived_object_array.h
[0.227s] -- Up-to-date symlink: /home/nayanika/robotic_arm_ws/install/mrf_msgs/include/mrf_msgs/mrf_msgs/msg/rosidl_generator_c__visibility_control.h
[0.227s] -- Up-to-date symlink: /home/nayanika/robotic_arm_ws/install/mrf_msgs/share/mrf_msgs/environment/library_path.sh
[0.228s] -- Up-to-date symlink: /home/nayanika/robotic_arm_ws/install/mrf_msgs/share/mrf_msgs/environment/library_path.dsv
[0.228s] -- Up-to-date symlink: /home/nayanika/robotic_arm_ws/install/mrf_msgs/include/mrf_msgs/mrf_msgs/msg/detail/perceived_object__rosidl_typesupport_fastrtps_c.h
[0.228s] -- Up-to-date symlink: /home/nayanika/robotic_arm_ws/install/mrf_msgs/include/mrf_msgs/mrf_msgs/msg/detail/perceived_object_array__rosidl_typesupport_fastrtps_c.h
[0.228s] -- Up-to-date symlink: /home/nayanika/robotic_arm_ws/install/mrf_msgs/include/mrf_msgs/mrf_msgs/msg/rosidl_typesupport_fastrtps_c__visibility_control.h
[0.228s] -- Up-to-date symlink: /home/nayanika/robotic_arm_ws/install/mrf_msgs/include/mrf_msgs/mrf_msgs/msg/detail/perceived_object__rosidl_typesupport_introspection_c.h
[0.228s] -- Up-to-date symlink: /home/nayanika/robotic_arm_ws/install/mrf_msgs/include/mrf_msgs/mrf_msgs/msg/detail/perceived_object_array__rosidl_typesupport_introspection_c.h
[0.228s] -- Up-to-date symlink: /home/nayanika/robotic_arm_ws/install/mrf_msgs/include/mrf_msgs/mrf_msgs/msg/rosidl_typesupport_introspection_c__visibility_control.h
[0.228s] -- Up-to-date symlink: /home/nayanika/robotic_arm_ws/install/mrf_msgs/include/mrf_msgs/mrf_msgs/msg/detail/perceived_object__builder.hpp
[0.228s] -- Up-to-date symlink: /home/nayanika/robotic_arm_ws/install/mrf_msgs/include/mrf_msgs/mrf_msgs/msg/detail/perceived_object__struct.hpp
[0.228s] -- Up-to-date symlink: /home/nayanika/robotic_arm_ws/install/mrf_msgs/include/mrf_msgs/mrf_msgs/msg/detail/perceived_object__traits.hpp
[0.228s] -- Up-to-date symlink: /home/nayanika/robotic_arm_ws/install/mrf_msgs/include/mrf_msgs/mrf_msgs/msg/detail/perceived_object__type_support.hpp
[0.228s] -- Up-to-date symlink: /home/nayanika/robotic_arm_ws/install/mrf_msgs/include/mrf_msgs/mrf_msgs/msg/detail/perceived_object_array__builder.hpp
[0.228s] -- Up-to-date symlink: /home/nayanika/robotic_arm_ws/install/mrf_msgs/include/mrf_msgs/mrf_msgs/msg/detail/perceived_object_array__struct.hpp
[0.229s] -- Up-to-date symlink: /home/nayanika/robotic_arm_ws/install/mrf_msgs/include/mrf_msgs/mrf_msgs/msg/detail/perceived_object_array__traits.hpp
[0.229s] -- Up-to-date symlink: /home/nayanika/robotic_arm_ws/install/mrf_msgs/include/mrf_msgs/mrf_msgs/msg/detail/perceived_object_array__type_support.hpp
[0.229s] -- Up-to-date symlink: /home/nayanika/robotic_arm_ws/install/mrf_msgs/include/mrf_msgs/mrf_msgs/msg/perceived_object.hpp
[0.229s] -- Up-to-date symlink: /home/nayanika/robotic_arm_ws/install/mrf_msgs/include/mrf_msgs/mrf_msgs/msg/perceived_object_array.hpp
[0.229s] -- Up-to-date symlink: /home/nayanika/robotic_arm_ws/install/mrf_msgs/include/mrf_msgs/mrf_msgs/msg/rosidl_generator_cpp__visibility_control.hpp
[0.229s] -- Up-to-date symlink: /home/nayanika/robotic_arm_ws/install/mrf_msgs/include/mrf_msgs/mrf_msgs/msg/detail/perceived_object__rosidl_typesupport_fastrtps_cpp.hpp
[0.229s] -- Up-to-date symlink: /home/nayanika/robotic_arm_ws/install/mrf_msgs/include/mrf_msgs/mrf_msgs/msg/detail/perceived_object_array__rosidl_typesupport_fastrtps_cpp.hpp
[0.229s] -- Up-to-date symlink: /home/nayanika/robotic_arm_ws/install/mrf_msgs/include/mrf_msgs/mrf_msgs/msg/rosidl_typesupport_fastrtps_cpp__visibility_control.h
[0.229s] -- Up-to-date symlink: /home/nayanika/robotic_arm_ws/install/mrf_msgs/include/mrf_msgs/mrf_msgs/msg/detail/perceived_object__rosidl_typesupport_introspection_cpp.hpp
[0.229s] -- Up-to-date symlink: /home/nayanika/robotic_arm_ws/install/mrf_msgs/include/mrf_msgs/mrf_msgs/msg/detail/perceived_object_array__rosidl_typesupport_introspection_cpp.hpp
[0.229s] -- Up-to-date symlink: /home/nayanika/robotic_arm_ws/install/mrf_msgs/share/mrf_msgs/environment/pythonpath.sh
[0.229s] -- Up-to-date symlink: /home/nayanika/robotic_arm_ws/install/mrf_msgs/share/mrf_msgs/environment/pythonpath.dsv
[0.229s] -- Up-to-date symlink: /home/nayanika/robotic_arm_ws/install/mrf_msgs/local/lib/python3.10/dist-packages/mrf_msgs-0.1.0-py3.10.egg-info/PKG-INFO
[0.229s] -- Up-to-date symlink: /home/nayanika/robotic_arm_ws/install/mrf_msgs/local/lib/python3.10/dist-packages/mrf_msgs-0.1.0-py3.10.egg-info/SOURCES.txt
[0.229s] -- Up-to-date symlink: /home/nayanika/robotic_arm_ws/install/mrf_msgs/local/lib/python3.10/dist-packages/mrf_msgs-0.1.0-py3.10.egg-info/dependency_links.txt
[0.230s] -- Up-to-date symlink: /home/nayanika/robotic_arm_ws/install/mrf_msgs/local/lib/python3.10/dist-packages/mrf_msgs-0.1.0-py3.10.egg-info/top_level.txt
[0.230s] -- Up-to-date symlink: /home/nayanika/robotic_arm_ws/install/mrf_msgs/local/lib/python3.10/dist-packages/mrf_msgs/__init__.py
[0.230s] -- Up-to-date symlink: /home/nayanika/robotic_arm_ws/install/mrf_msgs/local/lib/python3.10/dist-packages/mrf_msgs/_mrf_msgs_s.ep.rosidl_typesupport_c.c
[0.230s] -- Up-to-date symlink: /home/nayanika/robotic_arm_ws/install/mrf_msgs/local/lib/python3.10/dist-packages/mrf_msgs/_mrf_msgs_s.ep.rosidl_typesupport_fastrtps_c.c
[0.230s] -- Up-to-date symlink: /home/nayanika/robotic_arm_ws/install/mrf_msgs/local/lib/python3.10/dist-packages/mrf_msgs/_mrf_msgs_s.ep.rosidl_typesupport_introspection_c.c
[0.230s] -- Up-to-date symlink: /home/nayanika/robotic_arm_ws/install/mrf_msgs/local/lib/python3.10/dist-packages/mrf_msgs/libmrf_msgs__rosidl_generator_py.so
[0.230s] -- Up-to-date symlink: /home/nayanika/robotic_arm_ws/install/mrf_msgs/local/lib/python3.10/dist-packages/mrf_msgs/mrf_msgs_s__rosidl_typesupport_c.cpython-310-x86_64-linux-gnu.so
[0.230s] -- Up-to-date symlink: /home/nayanika/robotic_arm_ws/install/mrf_msgs/local/lib/python3.10/dist-packages/mrf_msgs/mrf_msgs_s__rosidl_typesupport_fastrtps_c.cpython-310-x86_64-linux-gnu.so
[0.230s] -- Up-to-date symlink: /home/nayanika/robotic_arm_ws/install/mrf_msgs/local/lib/python3.10/dist-packages/mrf_msgs/mrf_msgs_s__rosidl_typesupport_introspection_c.cpython-310-x86_64-linux-gnu.so
[0.231s] -- Up-to-date symlink: /home/nayanika/robotic_arm_ws/install/mrf_msgs/local/lib/python3.10/dist-packages/mrf_msgs/msg/__init__.py
[0.231s] -- Up-to-date symlink: /home/nayanika/robotic_arm_ws/install/mrf_msgs/local/lib/python3.10/dist-packages/mrf_msgs/msg/_perceived_object.py
[0.231s] -- Up-to-date symlink: /home/nayanika/robotic_arm_ws/install/mrf_msgs/local/lib/python3.10/dist-packages/mrf_msgs/msg/_perceived_object_array.py
[0.231s] -- Up-to-date symlink: /home/nayanika/robotic_arm_ws/install/mrf_msgs/local/lib/python3.10/dist-packages/mrf_msgs/msg/_perceived_object_array_s.c
[0.231s] -- Up-to-date symlink: /home/nayanika/robotic_arm_ws/install/mrf_msgs/local/lib/python3.10/dist-packages/mrf_msgs/msg/_perceived_object_s.c
[0.231s] -- Up-to-date symlink: /home/nayanika/robotic_arm_ws/install/mrf_msgs/local/lib/python3.10/dist-packages/mrf_msgs/mrf_msgs_s__rosidl_typesupport_fastrtps_c.cpython-310-x86_64-linux-gnu.so
[0.231s] -- Up-to-date symlink: /home/nayanika/robotic_arm_ws/install/mrf_msgs/local/lib/python3.10/dist-packages/mrf_msgs/mrf_msgs_s__rosidl_typesupport_introspection_c.cpython-310-x86_64-linux-gnu.so
[0.232s] -- Up-to-date symlink: /home/nayanika/robotic_arm_ws/install/mrf_msgs/local/lib/python3.10/dist-packages/mrf_msgs/mrf_msgs_s__rosidl_typesupport_c.cpython-310-x86_64-linux-gnu.so
[0.232s] -- Up-to-date symlink: /home/nayanika/robotic_arm_ws/install/mrf_msgs/share/ament_index/resource_index/rust_packages/mrf_msgs
[0.232s] -- Up-to-date symlink: /home/nayanika/robotic_arm_ws/install/mrf_msgs/share/mrf_msgs/rust/Cargo.toml
[0.232s] -- Up-to-date symlink: /home/nayanika/robotic_arm_ws/install/mrf_msgs/share/mrf_msgs/rust/build.rs
[0.232s] -- Up-to-date symlink: /home/nayanika/robotic_arm_ws/install/mrf_msgs/share/mrf_msgs/rust/src/lib.rs
[0.232s] -- Up-to-date symlink: /home/nayanika/robotic_arm_ws/install/mrf_msgs/share/mrf_msgs/rust/src/msg.rs
[0.232s] -- Up-to-date symlink: /home/nayanika/robotic_arm_ws/install/mrf_msgs/share/mrf_msgs/rust/src/msg/rmw.rs
[0.232s] -- Up-to-date symlink: /home/nayanika/robotic_arm_ws/install/mrf_msgs/share/mrf_msgs/msg/PerceivedObject.idl
[0.233s] -- Up-to-date symlink: /home/nayanika/robotic_arm_ws/install/mrf_msgs/share/mrf_msgs/msg/PerceivedObjectArray.idl
[0.233s] -- Up-to-date symlink: /home/nayanika/robotic_arm_ws/install/mrf_msgs/share/mrf_msgs/msg/PerceivedObject.msg
[0.233s] -- Up-to-date symlink: /home/nayanika/robotic_arm_ws/install/mrf_msgs/share/mrf_msgs/msg/PerceivedObjectArray.msg
[0.233s] -- Up-to-date symlink: /home/nayanika/robotic_arm_ws/install/mrf_msgs/share/ament_index/resource_index/package_run_dependencies/mrf_msgs
[0.233s] -- Up-to-date symlink: /home/nayanika/robotic_arm_ws/install/mrf_msgs/share/ament_index/resource_index/parent_prefix_path/mrf_msgs
[0.233s] -- Up-to-date symlink: /home/nayanika/robotic_arm_ws/install/mrf_msgs/share/mrf_msgs/environment/ament_prefix_path.sh
[0.233s] -- Up-to-date symlink: /home/nayanika/robotic_arm_ws/install/mrf_msgs/share/mrf_msgs/environment/ament_prefix_path.dsv
[0.233s] -- Up-to-date symlink: /home/nayanika/robotic_arm_ws/install/mrf_msgs/share/mrf_msgs/environment/path.sh
[0.233s] -- Up-to-date symlink: /home/nayanika/robotic_arm_ws/install/mrf_msgs/share/mrf_msgs/environment/path.dsv
[0.233s] -- Up-to-date symlink: /home/nayanika/robotic_arm_ws/install/mrf_msgs/share/mrf_msgs/local_setup.bash
[0.233s] -- Up-to-date symlink: /home/nayanika/robotic_arm_ws/install/mrf_msgs/share/mrf_msgs/local_setup.sh
[0.233s] -- Up-to-date symlink: /home/nayanika/robotic_arm_ws/install/mrf_msgs/share/mrf_msgs/local_setup.zsh
[0.234s] -- Up-to-date symlink: /home/nayanika/robotic_arm_ws/install/mrf_msgs/share/mrf_msgs/local_setup.dsv
[0.234s] -- Symlinking: /home/nayanika/robotic_arm_ws/install/mrf_msgs/share/mrf_msgs/package.dsv
[0.240s] -- Up-to-date symlink: /home/nayanika/robotic_arm_ws/install/mrf_msgs/share/ament_index/resource_index/packages/mrf_msgs
[0.240s] -- Up-to-date symlink: /home/nayanika/robotic_arm_ws/install/mrf_msgs/share/mrf_msgs/cmake/rosidl_cmake-extras.cmake
[0.240s] -- Up-to-date symlink: /home/nayanika/robotic_arm_ws/install/mrf_msgs/share/mrf_msgs/cmake/ament_cmake_export_dependencies-extras.cmake
[0.240s] -- Up-to-date symlink: /home/nayanika/robotic_arm_ws/install/mrf_msgs/share/mrf_msgs/cmake/ament_cmake_export_include_directories-extras.cmake
[0.241s] -- Up-to-date symlink: /home/nayanika/robotic_arm_ws/install/mrf_msgs/share/mrf_msgs/cmake/ament_cmake_export_libraries-extras.cmake
[0.241s] -- Up-to-date symlink: /home/nayanika/robotic_arm_ws/install/mrf_msgs/share/mrf_msgs/cmake/ament_cmake_export_targets-extras.cmake
[0.241s] -- Up-to-date symlink: /home/nayanika/robotic_arm_ws/install/mrf_msgs/share/mrf_msgs/cmake/rosidl_cmake_export_typesupport_targets-extras.cmake
[0.241s] -- Up-to-date symlink: /home/nayanika/robotic_arm_ws/install/mrf_msgs/share/mrf_msgs/cmake/rosidl_cmake_export_typesupport_libraries-extras.cmake
[0.241s] -- Up-to-date symlink: /home/nayanika/robotic_arm_ws/install/mrf_msgs/share/mrf_msgs/cmake/mrf_msgsConfig.cmake
[0.241s] -- Up-to-date symlink: /home/nayanika/robotic_arm_ws/install/mrf_msgs/share/mrf_msgs/cmake/mrf_msgsConfig-version.cmake
[0.241s] -- Up-to-date symlink: /home/nayanika/robotic_arm_ws/install/mrf_msgs/share/mrf_msgs/package.xml
[0.241s] -- Up-to-date: /home/nayanika/robotic_arm_ws/install/mrf_msgs/lib/libmrf_msgs__rosidl_generator_c.so
[0.242s] -- Up-to-date: /home/nayanika/robotic_arm_ws/install/mrf_msgs/lib/libmrf_msgs__rosidl_typesupport_fastrtps_c.so
[0.242s] -- Up-to-date: /home/nayanika/robotic_arm_ws/install/mrf_msgs/lib/libmrf_msgs__rosidl_typesupport_introspection_c.so
[0.242s] -- Up-to-date: /home/nayanika/robotic_arm_ws/install/mrf_msgs/lib/libmrf_msgs__rosidl_typesupport_c.so
[0.242s] -- Up-to-date: /home/nayanika/robotic_arm_ws/install/mrf_msgs/lib/libmrf_msgs__rosidl_typesupport_fastrtps_cpp.so
[0.242s] -- Up-to-date: /home/nayanika/robotic_arm_ws/install/mrf_msgs/lib/libmrf_msgs__rosidl_typesupport_introspection_cpp.so
[0.242s] -- Up-to-date: /home/nayanika/robotic_arm_ws/install/mrf_msgs/lib/libmrf_msgs__rosidl_typesupport_cpp.so
[0.269s] Listing '/home/nayanika/robotic_arm_ws/install/mrf_msgs/local/lib/python3.10/dist-packages/mrf_msgs'...
[0.269s] Listing '/home/nayanika/robotic_arm_ws/install/mrf_msgs/local/lib/python3.10/dist-packages/mrf_msgs/msg'...
[0.272s] -- Up-to-date: /home/nayanika/robotic_arm_ws/install/mrf_msgs/lib/libmrf_msgs__rosidl_generator_py.so
[0.272s] -- Up-to-date: /home/nayanika/robotic_arm_ws/install/mrf_msgs/share/mrf_msgs/cmake/export_mrf_msgs__rosidl_generator_cExport.cmake
[0.272s] -- Up-to-date: /home/nayanika/robotic_arm_ws/install/mrf_msgs/share/mrf_msgs/cmake/export_mrf_msgs__rosidl_generator_cExport-noconfig.cmake
[0.272s] -- Up-to-date: /home/nayanika/robotic_arm_ws/install/mrf_msgs/share/mrf_msgs/cmake/export_mrf_msgs__rosidl_typesupport_fastrtps_cExport.cmake
[0.272s] -- Up-to-date: /home/nayanika/robotic_arm_ws/install/mrf_msgs/share/mrf_msgs/cmake/export_mrf_msgs__rosidl_typesupport_fastrtps_cExport-noconfig.cmake
[0.272s] -- Up-to-date: /home/nayanika/robotic_arm_ws/install/mrf_msgs/share/mrf_msgs/cmake/mrf_msgs__rosidl_typesupport_introspection_cExport.cmake
[0.272s] -- Up-to-date: /home/nayanika/robotic_arm_ws/install/mrf_msgs/share/mrf_msgs/cmake/mrf_msgs__rosidl_typesupport_introspection_cExport-noconfig.cmake
[0.272s] -- Up-to-date: /home/nayanika/robotic_arm_ws/install/mrf_msgs/share/mrf_msgs/cmake/mrf_msgs__rosidl_typesupport_cExport.cmake
[0.273s] -- Up-to-date: /home/nayanika/robotic_arm_ws/install/mrf_msgs/share/mrf_msgs/cmake/mrf_msgs__rosidl_typesupport_cExport-noconfig.cmake
[0.273s] -- Up-to-date: /home/nayanika/robotic_arm_ws/install/mrf_msgs/share/mrf_msgs/cmake/export_mrf_msgs__rosidl_generator_cppExport.cmake
[0.273s] -- Up-to-date: /home/nayanika/robotic_arm_ws/install/mrf_msgs/share/mrf_msgs/cmake/export_mrf_msgs__rosidl_typesupport_fastrtps_cppExport.cmake
[0.273s] -- Up-to-date: /home/nayanika/robotic_arm_ws/install/mrf_msgs/share/mrf_msgs/cmake/export_mrf_msgs__rosidl_typesupport_fastrtps_cppExport-noconfig.cmake
[0.273s] -- Up-to-date: /home/nayanika/robotic_arm_ws/install/mrf_msgs/share/mrf_msgs/cmake/mrf_msgs__rosidl_typesupport_introspection_cppExport.cmake
[0.273s] -- Up-to-date: /home/nayanika/robotic_arm_ws/install/mrf_msgs/share/mrf_msgs/cmake/mrf_msgs__rosidl_typesupport_introspection_cppExport-noconfig.cmake
[0.273s] -- Up-to-date: /home/nayanika/robotic_arm_ws/install/mrf_msgs/share/mrf_msgs/cmake/mrf_msgs__rosidl_typesupport_cppExport.cmake
[0.273s] -- Up-to-date: /home/nayanika/robotic_arm_ws/install/mrf_msgs/share/mrf_msgs/cmake/mrf_msgs__rosidl_typesupport_cppExport-noconfig.cmake
[0.273s] -- Up-to-date: /home/nayanika/robotic_arm_ws/install/mrf_msgs/share/mrf_msgs/cmake/export_mrf_msgs__rosidl_generator_pyExport.cmake
[0.273s] -- Up-to-date: /home/nayanika/robotic_arm_ws/install/mrf_msgs/share/mrf_msgs/cmake/export_mrf_msgs__rosidl_generator_pyExport-noconfig.cmake
[0.274s] Invoked command in '/home/nayanika/robotic_arm_ws/build/mrf_msgs' returned '0': CMAKE_PREFIX_PATH=${CMAKE_PREFIX_PATH}:/home/nayanika/robotic_arm_ws/install/mrf_perception:/home/nayanika/robotic_arm_ws/install/mrf_coordinator:/home/nayanika/robot_ws/install/arm_gazebo:/opt/ros/humble /usr/bin/cmake --install /home/nayanika/robotic_arm_ws/build/mrf_msgs
