-- The C compiler identification is GNU 11.4.0
-- The CXX compiler identification is GNU 11.4.0
-- Detecting C compiler ABI info
-- Detecting C compiler ABI info - done
-- Check for working C compiler: /usr/bin/cc - skipped
-- Detecting C compile features
-- Detecting C compile features - done
-- Detecting CXX compiler ABI info
-- Detecting CXX compiler ABI info - done
-- Check for working CXX compiler: /usr/bin/c++ - skipped
-- Detecting CXX compile features
-- Detecting CXX compile features - done
-- Found ament_cmake: 1.3.14 (/opt/ros/humble/share/ament_cmake/cmake)
-- Found Python3: /usr/bin/python3 (found version "3.10.12") found components: Interpreter 
-- Override CMake install command with custom implementation using symlinks instead of copying resources
-- Found rosidl_default_generators: 1.2.1 (/opt/ros/humble/share/rosidl_default_generators/cmake)
-- Using all available rosidl_typesupport_c: rosidl_typesupport_fastrtps_c;rosidl_typesupport_introspection_c
-- Found rosidl_adapter: 3.1.8 (/opt/ros/humble/share/rosidl_adapter/cmake)
-- Using all available rosidl_typesupport_cpp: rosidl_typesupport_fastrtps_cpp;rosidl_typesupport_introspection_cpp
-- Found std_msgs: 4.9.1 (/opt/ros/humble/share/std_msgs/cmake)
-- Found geometry_msgs: 4.9.1 (/opt/ros/humble/share/geometry_msgs/cmake)
-- Found ament_cmake_ros: 0.10.0 (/opt/ros/humble/share/ament_cmake_ros/cmake)
-- Using all available rosidl_typesupport_c: rosidl_typesupport_fastrtps_c;rosidl_typesupport_introspection_c
-- Using all available rosidl_typesupport_cpp: rosidl_typesupport_fastrtps_cpp;rosidl_typesupport_introspection_cpp
-- Found PythonInterp: /usr/bin/python3 (found suitable version "3.10.12", minimum required is "3.6") 
-- Found python_cmake_module: 0.10.0 (/opt/ros/humble/share/python_cmake_module/cmake)
-- Found PythonLibs: /usr/lib/x86_64-linux-gnu/libpython3.10.so (found suitable version "3.10.12", minimum required is "3.5") 
-- Using PYTHON_EXECUTABLE: /usr/bin/python3
-- Using PYTHON_INCLUDE_DIRS: /usr/include/python3.10
-- Using PYTHON_LIBRARIES: /usr/lib/x86_64-linux-gnu/libpython3.10.so
-- Found PythonExtra: .so  
-- Configuring done
-- Generating done
-- Build files have been written to: /home/nayanika/robotic_arm_ws/build/mrf_msgs
[  2%] Generating C code for ROS interfaces
[  5%] Generating Rust code for ROS interfaces
[  7%] Generating C++ code for ROS interfaces
[  7%] Built target ament_cmake_python_symlink_mrf_msgs
running egg_info
creating mrf_msgs.egg-info
writing mrf_msgs.egg-info/PKG-INFO
writing dependency_links to mrf_msgs.egg-info/dependency_links.txt
writing top-level names to mrf_msgs.egg-info/top_level.txt
writing manifest file 'mrf_msgs.egg-info/SOURCES.txt'
reading manifest file 'mrf_msgs.egg-info/SOURCES.txt'
writing manifest file 'mrf_msgs.egg-info/SOURCES.txt'
[  7%] Built target ament_cmake_python_build_mrf_msgs_egg
[  7%] Built target mrf_msgs__rs
[ 10%] Building C object CMakeFiles/mrf_msgs__rosidl_generator_c.dir/rosidl_generator_c/mrf_msgs/msg/detail/perceived_object_array__functions.c.o
[ 12%] Building C object CMakeFiles/mrf_msgs__rosidl_generator_c.dir/rosidl_generator_c/mrf_msgs/msg/detail/perceived_object__functions.c.o
[ 12%] Built target mrf_msgs__cpp
[ 20%] Generating C++ introspection for ROS interfaces
[ 20%] Generating C++ type support for eProsima Fast-RTPS
[ 20%] Generating C++ type support dispatch for ROS interfaces
[ 22%] Linking C shared library libmrf_msgs__rosidl_generator_c.so
[ 22%] Built target mrf_msgs__rosidl_generator_c
[ 30%] Generating C introspection for ROS interfaces
[ 30%] Generating C type support dispatch for ROS interfaces
[ 30%] Generating C type support for eProsima Fast-RTPS
[ 32%] Building CXX object CMakeFiles/mrf_msgs__rosidl_typesupport_cpp.dir/rosidl_typesupport_cpp/mrf_msgs/msg/perceived_object__type_support.cpp.o
[ 35%] Building CXX object CMakeFiles/mrf_msgs__rosidl_typesupport_cpp.dir/rosidl_typesupport_cpp/mrf_msgs/msg/perceived_object_array__type_support.cpp.o
[ 37%] Building CXX object CMakeFiles/mrf_msgs__rosidl_typesupport_fastrtps_cpp.dir/rosidl_typesupport_fastrtps_cpp/mrf_msgs/msg/detail/dds_fastrtps/perceived_object__type_support.cpp.o
[ 40%] Building CXX object CMakeFiles/mrf_msgs__rosidl_typesupport_fastrtps_cpp.dir/rosidl_typesupport_fastrtps_cpp/mrf_msgs/msg/detail/dds_fastrtps/perceived_object_array__type_support.cpp.o
[ 42%] Building CXX object CMakeFiles/mrf_msgs__rosidl_typesupport_introspection_cpp.dir/rosidl_typesupport_introspection_cpp/mrf_msgs/msg/detail/perceived_object_array__type_support.cpp.o
[ 45%] Building CXX object CMakeFiles/mrf_msgs__rosidl_typesupport_introspection_cpp.dir/rosidl_typesupport_introspection_cpp/mrf_msgs/msg/detail/perceived_object__type_support.cpp.o
[ 50%] Building CXX object CMakeFiles/mrf_msgs__rosidl_typesupport_c.dir/rosidl_typesupport_c/mrf_msgs/msg/perceived_object__type_support.cpp.o
[ 50%] Building CXX object CMakeFiles/mrf_msgs__rosidl_typesupport_c.dir/rosidl_typesupport_c/mrf_msgs/msg/perceived_object_array__type_support.cpp.o
[ 55%] Building C object CMakeFiles/mrf_msgs__rosidl_typesupport_introspection_c.dir/rosidl_typesupport_introspection_c/mrf_msgs/msg/detail/perceived_object_array__type_support.c.o
[ 55%] Building C object CMakeFiles/mrf_msgs__rosidl_typesupport_introspection_c.dir/rosidl_typesupport_introspection_c/mrf_msgs/msg/detail/perceived_object__type_support.c.o
[ 57%] Linking CXX shared library libmrf_msgs__rosidl_typesupport_c.so
[ 60%] Building CXX object CMakeFiles/mrf_msgs__rosidl_typesupport_fastrtps_c.dir/rosidl_typesupport_fastrtps_c/mrf_msgs/msg/detail/perceived_object__type_support_c.cpp.o
[ 62%] Building CXX object CMakeFiles/mrf_msgs__rosidl_typesupport_fastrtps_c.dir/rosidl_typesupport_fastrtps_c/mrf_msgs/msg/detail/perceived_object_array__type_support_c.cpp.o
[ 65%] Linking C shared library libmrf_msgs__rosidl_typesupport_introspection_c.so
[ 65%] Built target mrf_msgs__rosidl_typesupport_c
[ 65%] Built target mrf_msgs__rosidl_typesupport_introspection_c
[ 67%] Linking CXX shared library libmrf_msgs__rosidl_typesupport_cpp.so
[ 67%] Built target mrf_msgs__rosidl_typesupport_cpp
[ 70%] Linking CXX shared library libmrf_msgs__rosidl_typesupport_fastrtps_cpp.so
[ 72%] Linking CXX shared library libmrf_msgs__rosidl_typesupport_introspection_cpp.so
[ 72%] Built target mrf_msgs__rosidl_typesupport_fastrtps_cpp
[ 75%] Linking CXX shared library libmrf_msgs__rosidl_typesupport_fastrtps_c.so
[ 75%] Built target mrf_msgs__rosidl_typesupport_introspection_cpp
[ 75%] Built target mrf_msgs__rosidl_typesupport_fastrtps_c
[ 75%] Built target mrf_msgs
[ 77%] Generating Python code for ROS interfaces
[ 77%] Built target mrf_msgs__py
[ 80%] Building C object CMakeFiles/mrf_msgs__rosidl_generator_py.dir/rosidl_generator_py/mrf_msgs/msg/_perceived_object_array_s.c.o
[ 82%] Building C object CMakeFiles/mrf_msgs__rosidl_generator_py.dir/rosidl_generator_py/mrf_msgs/msg/_perceived_object_s.c.o
[ 85%] Linking C shared library rosidl_generator_py/mrf_msgs/libmrf_msgs__rosidl_generator_py.so
[ 85%] Built target mrf_msgs__rosidl_generator_py
[ 87%] Building C object CMakeFiles/mrf_msgs__rosidl_typesupport_fastrtps_c__pyext.dir/rosidl_generator_py/mrf_msgs/_mrf_msgs_s.ep.rosidl_typesupport_fastrtps_c.c.o
[ 90%] Building C object CMakeFiles/mrf_msgs__rosidl_typesupport_introspection_c__pyext.dir/rosidl_generator_py/mrf_msgs/_mrf_msgs_s.ep.rosidl_typesupport_introspection_c.c.o
[ 92%] Building C object CMakeFiles/mrf_msgs__rosidl_typesupport_c__pyext.dir/rosidl_generator_py/mrf_msgs/_mrf_msgs_s.ep.rosidl_typesupport_c.c.o
[ 95%] Linking C shared library rosidl_generator_py/mrf_msgs/mrf_msgs_s__rosidl_typesupport_fastrtps_c.cpython-310-x86_64-linux-gnu.so
[100%] Linking C shared library rosidl_generator_py/mrf_msgs/mrf_msgs_s__rosidl_typesupport_c.cpython-310-x86_64-linux-gnu.so
[100%] Linking C shared library rosidl_generator_py/mrf_msgs/mrf_msgs_s__rosidl_typesupport_introspection_c.cpython-310-x86_64-linux-gnu.so
[100%] Built target mrf_msgs__rosidl_typesupport_fastrtps_c__pyext
[100%] Built target mrf_msgs__rosidl_typesupport_c__pyext
[100%] Built target mrf_msgs__rosidl_typesupport_introspection_c__pyext
-- Install configuration: ""
-- Execute custom install script
-- Symlinking: /home/nayanika/robotic_arm_ws/install/mrf_msgs/share/ament_index/resource_index/rosidl_interfaces/mrf_msgs
-- Symlinking: /home/nayanika/robotic_arm_ws/install/mrf_msgs/include/mrf_msgs/mrf_msgs/msg/detail/perceived_object__functions.h
-- Symlinking: /home/nayanika/robotic_arm_ws/install/mrf_msgs/include/mrf_msgs/mrf_msgs/msg/detail/perceived_object__struct.h
-- Symlinking: /home/nayanika/robotic_arm_ws/install/mrf_msgs/include/mrf_msgs/mrf_msgs/msg/detail/perceived_object__type_support.h
-- Symlinking: /home/nayanika/robotic_arm_ws/install/mrf_msgs/include/mrf_msgs/mrf_msgs/msg/detail/perceived_object_array__functions.h
-- Symlinking: /home/nayanika/robotic_arm_ws/install/mrf_msgs/include/mrf_msgs/mrf_msgs/msg/detail/perceived_object_array__struct.h
-- Symlinking: /home/nayanika/robotic_arm_ws/install/mrf_msgs/include/mrf_msgs/mrf_msgs/msg/detail/perceived_object_array__type_support.h
-- Symlinking: /home/nayanika/robotic_arm_ws/install/mrf_msgs/include/mrf_msgs/mrf_msgs/msg/perceived_object.h
-- Symlinking: /home/nayanika/robotic_arm_ws/install/mrf_msgs/include/mrf_msgs/mrf_msgs/msg/perceived_object_array.h
-- Symlinking: /home/nayanika/robotic_arm_ws/install/mrf_msgs/include/mrf_msgs/mrf_msgs/msg/rosidl_generator_c__visibility_control.h
-- Symlinking: /home/nayanika/robotic_arm_ws/install/mrf_msgs/share/mrf_msgs/environment/library_path.sh
-- Symlinking: /home/nayanika/robotic_arm_ws/install/mrf_msgs/share/mrf_msgs/environment/library_path.dsv
-- Symlinking: /home/nayanika/robotic_arm_ws/install/mrf_msgs/include/mrf_msgs/mrf_msgs/msg/detail/perceived_object__rosidl_typesupport_fastrtps_c.h
-- Symlinking: /home/nayanika/robotic_arm_ws/install/mrf_msgs/include/mrf_msgs/mrf_msgs/msg/detail/perceived_object_array__rosidl_typesupport_fastrtps_c.h
-- Symlinking: /home/nayanika/robotic_arm_ws/install/mrf_msgs/include/mrf_msgs/mrf_msgs/msg/rosidl_typesupport_fastrtps_c__visibility_control.h
-- Symlinking: /home/nayanika/robotic_arm_ws/install/mrf_msgs/include/mrf_msgs/mrf_msgs/msg/detail/perceived_object__rosidl_typesupport_introspection_c.h
-- Symlinking: /home/nayanika/robotic_arm_ws/install/mrf_msgs/include/mrf_msgs/mrf_msgs/msg/detail/perceived_object_array__rosidl_typesupport_introspection_c.h
-- Symlinking: /home/nayanika/robotic_arm_ws/install/mrf_msgs/include/mrf_msgs/mrf_msgs/msg/rosidl_typesupport_introspection_c__visibility_control.h
-- Symlinking: /home/nayanika/robotic_arm_ws/install/mrf_msgs/include/mrf_msgs/mrf_msgs/msg/detail/perceived_object__builder.hpp
-- Symlinking: /home/nayanika/robotic_arm_ws/install/mrf_msgs/include/mrf_msgs/mrf_msgs/msg/detail/perceived_object__struct.hpp
-- Symlinking: /home/nayanika/robotic_arm_ws/install/mrf_msgs/include/mrf_msgs/mrf_msgs/msg/detail/perceived_object__traits.hpp
-- Symlinking: /home/nayanika/robotic_arm_ws/install/mrf_msgs/include/mrf_msgs/mrf_msgs/msg/detail/perceived_object__type_support.hpp
-- Symlinking: /home/nayanika/robotic_arm_ws/install/mrf_msgs/include/mrf_msgs/mrf_msgs/msg/detail/perceived_object_array__builder.hpp
-- Symlinking: /home/nayanika/robotic_arm_ws/install/mrf_msgs/include/mrf_msgs/mrf_msgs/msg/detail/perceived_object_array__struct.hpp
-- Symlinking: /home/nayanika/robotic_arm_ws/install/mrf_msgs/include/mrf_msgs/mrf_msgs/msg/detail/perceived_object_array__traits.hpp
-- Symlinking: /home/nayanika/robotic_arm_ws/install/mrf_msgs/include/mrf_msgs/mrf_msgs/msg/detail/perceived_object_array__type_support.hpp
-- Symlinking: /home/nayanika/robotic_arm_ws/install/mrf_msgs/include/mrf_msgs/mrf_msgs/msg/perceived_object.hpp
-- Symlinking: /home/nayanika/robotic_arm_ws/install/mrf_msgs/include/mrf_msgs/mrf_msgs/msg/perceived_object_array.hpp
-- Symlinking: /home/nayanika/robotic_arm_ws/install/mrf_msgs/include/mrf_msgs/mrf_msgs/msg/rosidl_generator_cpp__visibility_control.hpp
-- Symlinking: /home/nayanika/robotic_arm_ws/install/mrf_msgs/include/mrf_msgs/mrf_msgs/msg/detail/perceived_object__rosidl_typesupport_fastrtps_cpp.hpp
-- Symlinking: /home/nayanika/robotic_arm_ws/install/mrf_msgs/include/mrf_msgs/mrf_msgs/msg/detail/perceived_object_array__rosidl_typesupport_fastrtps_cpp.hpp
-- Symlinking: /home/nayanika/robotic_arm_ws/install/mrf_msgs/include/mrf_msgs/mrf_msgs/msg/rosidl_typesupport_fastrtps_cpp__visibility_control.h
-- Symlinking: /home/nayanika/robotic_arm_ws/install/mrf_msgs/include/mrf_msgs/mrf_msgs/msg/detail/perceived_object__rosidl_typesupport_introspection_cpp.hpp
-- Symlinking: /home/nayanika/robotic_arm_ws/install/mrf_msgs/include/mrf_msgs/mrf_msgs/msg/detail/perceived_object_array__rosidl_typesupport_introspection_cpp.hpp
-- Symlinking: /home/nayanika/robotic_arm_ws/install/mrf_msgs/share/mrf_msgs/environment/pythonpath.sh
-- Symlinking: /home/nayanika/robotic_arm_ws/install/mrf_msgs/share/mrf_msgs/environment/pythonpath.dsv
-- Symlinking: /home/nayanika/robotic_arm_ws/install/mrf_msgs/local/lib/python3.10/dist-packages/mrf_msgs-0.1.0-py3.10.egg-info/PKG-INFO
-- Symlinking: /home/nayanika/robotic_arm_ws/install/mrf_msgs/local/lib/python3.10/dist-packages/mrf_msgs-0.1.0-py3.10.egg-info/SOURCES.txt
-- Symlinking: /home/nayanika/robotic_arm_ws/install/mrf_msgs/local/lib/python3.10/dist-packages/mrf_msgs-0.1.0-py3.10.egg-info/dependency_links.txt
-- Symlinking: /home/nayanika/robotic_arm_ws/install/mrf_msgs/local/lib/python3.10/dist-packages/mrf_msgs-0.1.0-py3.10.egg-info/top_level.txt
-- Symlinking: /home/nayanika/robotic_arm_ws/install/mrf_msgs/local/lib/python3.10/dist-packages/mrf_msgs/__init__.py
-- Symlinking: /home/nayanika/robotic_arm_ws/install/mrf_msgs/local/lib/python3.10/dist-packages/mrf_msgs/_mrf_msgs_s.ep.rosidl_typesupport_c.c
-- Symlinking: /home/nayanika/robotic_arm_ws/install/mrf_msgs/local/lib/python3.10/dist-packages/mrf_msgs/_mrf_msgs_s.ep.rosidl_typesupport_fastrtps_c.c
-- Symlinking: /home/nayanika/robotic_arm_ws/install/mrf_msgs/local/lib/python3.10/dist-packages/mrf_msgs/_mrf_msgs_s.ep.rosidl_typesupport_introspection_c.c
-- Symlinking: /home/nayanika/robotic_arm_ws/install/mrf_msgs/local/lib/python3.10/dist-packages/mrf_msgs/libmrf_msgs__rosidl_generator_py.so
-- Symlinking: /home/nayanika/robotic_arm_ws/install/mrf_msgs/local/lib/python3.10/dist-packages/mrf_msgs/mrf_msgs_s__rosidl_typesupport_c.cpython-310-x86_64-linux-gnu.so
-- Symlinking: /home/nayanika/robotic_arm_ws/install/mrf_msgs/local/lib/python3.10/dist-packages/mrf_msgs/mrf_msgs_s__rosidl_typesupport_fastrtps_c.cpython-310-x86_64-linux-gnu.so
-- Symlinking: /home/nayanika/robotic_arm_ws/install/mrf_msgs/local/lib/python3.10/dist-packages/mrf_msgs/mrf_msgs_s__rosidl_typesupport_introspection_c.cpython-310-x86_64-linux-gnu.so
-- Symlinking: /home/nayanika/robotic_arm_ws/install/mrf_msgs/local/lib/python3.10/dist-packages/mrf_msgs/msg/__init__.py
-- Symlinking: /home/nayanika/robotic_arm_ws/install/mrf_msgs/local/lib/python3.10/dist-packages/mrf_msgs/msg/_perceived_object.py
-- Symlinking: /home/nayanika/robotic_arm_ws/install/mrf_msgs/local/lib/python3.10/dist-packages/mrf_msgs/msg/_perceived_object_array.py
-- Symlinking: /home/nayanika/robotic_arm_ws/install/mrf_msgs/local/lib/python3.10/dist-packages/mrf_msgs/msg/_perceived_object_array_s.c
-- Symlinking: /home/nayanika/robotic_arm_ws/install/mrf_msgs/local/lib/python3.10/dist-packages/mrf_msgs/msg/_perceived_object_s.c
-- Up-to-date symlink: /home/nayanika/robotic_arm_ws/install/mrf_msgs/local/lib/python3.10/dist-packages/mrf_msgs/mrf_msgs_s__rosidl_typesupport_fastrtps_c.cpython-310-x86_64-linux-gnu.so
-- Up-to-date symlink: /home/nayanika/robotic_arm_ws/install/mrf_msgs/local/lib/python3.10/dist-packages/mrf_msgs/mrf_msgs_s__rosidl_typesupport_introspection_c.cpython-310-x86_64-linux-gnu.so
-- Up-to-date symlink: /home/nayanika/robotic_arm_ws/install/mrf_msgs/local/lib/python3.10/dist-packages/mrf_msgs/mrf_msgs_s__rosidl_typesupport_c.cpython-310-x86_64-linux-gnu.so
-- Symlinking: /home/nayanika/robotic_arm_ws/install/mrf_msgs/share/ament_index/resource_index/rust_packages/mrf_msgs
-- Symlinking: /home/nayanika/robotic_arm_ws/install/mrf_msgs/share/mrf_msgs/rust/Cargo.toml
-- Symlinking: /home/nayanika/robotic_arm_ws/install/mrf_msgs/share/mrf_msgs/rust/build.rs
-- Symlinking: /home/nayanika/robotic_arm_ws/install/mrf_msgs/share/mrf_msgs/rust/src/lib.rs
-- Symlinking: /home/nayanika/robotic_arm_ws/install/mrf_msgs/share/mrf_msgs/rust/src/msg.rs
-- Symlinking: /home/nayanika/robotic_arm_ws/install/mrf_msgs/share/mrf_msgs/rust/src/msg/rmw.rs
-- Symlinking: /home/nayanika/robotic_arm_ws/install/mrf_msgs/share/mrf_msgs/msg/PerceivedObject.idl
-- Symlinking: /home/nayanika/robotic_arm_ws/install/mrf_msgs/share/mrf_msgs/msg/PerceivedObjectArray.idl
-- Symlinking: /home/nayanika/robotic_arm_ws/install/mrf_msgs/share/mrf_msgs/msg/PerceivedObject.msg
-- Symlinking: /home/nayanika/robotic_arm_ws/install/mrf_msgs/share/mrf_msgs/msg/PerceivedObjectArray.msg
-- Symlinking: /home/nayanika/robotic_arm_ws/install/mrf_msgs/share/ament_index/resource_index/package_run_dependencies/mrf_msgs
-- Symlinking: /home/nayanika/robotic_arm_ws/install/mrf_msgs/share/ament_index/resource_index/parent_prefix_path/mrf_msgs
-- Symlinking: /home/nayanika/robotic_arm_ws/install/mrf_msgs/share/mrf_msgs/environment/ament_prefix_path.sh
-- Symlinking: /home/nayanika/robotic_arm_ws/install/mrf_msgs/share/mrf_msgs/environment/ament_prefix_path.dsv
-- Symlinking: /home/nayanika/robotic_arm_ws/install/mrf_msgs/share/mrf_msgs/environment/path.sh
-- Symlinking: /home/nayanika/robotic_arm_ws/install/mrf_msgs/share/mrf_msgs/environment/path.dsv
-- Symlinking: /home/nayanika/robotic_arm_ws/install/mrf_msgs/share/mrf_msgs/local_setup.bash
-- Symlinking: /home/nayanika/robotic_arm_ws/install/mrf_msgs/share/mrf_msgs/local_setup.sh
-- Symlinking: /home/nayanika/robotic_arm_ws/install/mrf_msgs/share/mrf_msgs/local_setup.zsh
-- Symlinking: /home/nayanika/robotic_arm_ws/install/mrf_msgs/share/mrf_msgs/local_setup.dsv
-- Symlinking: /home/nayanika/robotic_arm_ws/install/mrf_msgs/share/mrf_msgs/package.dsv
-- Symlinking: /home/nayanika/robotic_arm_ws/install/mrf_msgs/share/ament_index/resource_index/packages/mrf_msgs
-- Symlinking: /home/nayanika/robotic_arm_ws/install/mrf_msgs/share/mrf_msgs/cmake/rosidl_cmake-extras.cmake
-- Symlinking: /home/nayanika/robotic_arm_ws/install/mrf_msgs/share/mrf_msgs/cmake/ament_cmake_export_dependencies-extras.cmake
-- Symlinking: /home/nayanika/robotic_arm_ws/install/mrf_msgs/share/mrf_msgs/cmake/ament_cmake_export_include_directories-extras.cmake
-- Symlinking: /home/nayanika/robotic_arm_ws/install/mrf_msgs/share/mrf_msgs/cmake/ament_cmake_export_libraries-extras.cmake
-- Symlinking: /home/nayanika/robotic_arm_ws/install/mrf_msgs/share/mrf_msgs/cmake/ament_cmake_export_targets-extras.cmake
-- Symlinking: /home/nayanika/robotic_arm_ws/install/mrf_msgs/share/mrf_msgs/cmake/rosidl_cmake_export_typesupport_targets-extras.cmake
-- Symlinking: /home/nayanika/robotic_arm_ws/install/mrf_msgs/share/mrf_msgs/cmake/rosidl_cmake_export_typesupport_libraries-extras.cmake
-- Symlinking: /home/nayanika/robotic_arm_ws/install/mrf_msgs/share/mrf_msgs/cmake/mrf_msgsConfig.cmake
-- Symlinking: /home/nayanika/robotic_arm_ws/install/mrf_msgs/share/mrf_msgs/cmake/mrf_msgsConfig-version.cmake
-- Symlinking: /home/nayanika/robotic_arm_ws/install/mrf_msgs/share/mrf_msgs/package.xml
-- Installing: /home/nayanika/robotic_arm_ws/install/mrf_msgs/lib/libmrf_msgs__rosidl_generator_c.so
-- Set runtime path of "/home/nayanika/robotic_arm_ws/install/mrf_msgs/lib/libmrf_msgs__rosidl_generator_c.so" to ""
-- Installing: /home/nayanika/robotic_arm_ws/install/mrf_msgs/lib/libmrf_msgs__rosidl_typesupport_fastrtps_c.so
-- Set runtime path of "/home/nayanika/robotic_arm_ws/install/mrf_msgs/lib/libmrf_msgs__rosidl_typesupport_fastrtps_c.so" to ""
-- Installing: /home/nayanika/robotic_arm_ws/install/mrf_msgs/lib/libmrf_msgs__rosidl_typesupport_introspection_c.so
-- Set runtime path of "/home/nayanika/robotic_arm_ws/install/mrf_msgs/lib/libmrf_msgs__rosidl_typesupport_introspection_c.so" to ""
-- Installing: /home/nayanika/robotic_arm_ws/install/mrf_msgs/lib/libmrf_msgs__rosidl_typesupport_c.so
-- Set runtime path of "/home/nayanika/robotic_arm_ws/install/mrf_msgs/lib/libmrf_msgs__rosidl_typesupport_c.so" to ""
-- Installing: /home/nayanika/robotic_arm_ws/install/mrf_msgs/lib/libmrf_msgs__rosidl_typesupport_fastrtps_cpp.so
-- Set runtime path of "/home/nayanika/robotic_arm_ws/install/mrf_msgs/lib/libmrf_msgs__rosidl_typesupport_fastrtps_cpp.so" to ""
-- Installing: /home/nayanika/robotic_arm_ws/install/mrf_msgs/lib/libmrf_msgs__rosidl_typesupport_introspection_cpp.so
-- Set runtime path of "/home/nayanika/robotic_arm_ws/install/mrf_msgs/lib/libmrf_msgs__rosidl_typesupport_introspection_cpp.so" to ""
-- Installing: /home/nayanika/robotic_arm_ws/install/mrf_msgs/lib/libmrf_msgs__rosidl_typesupport_cpp.so
-- Set runtime path of "/home/nayanika/robotic_arm_ws/install/mrf_msgs/lib/libmrf_msgs__rosidl_typesupport_cpp.so" to ""
Listing '/home/nayanika/robotic_arm_ws/install/mrf_msgs/local/lib/python3.10/dist-packages/mrf_msgs'...
Compiling '/home/nayanika/robotic_arm_ws/install/mrf_msgs/local/lib/python3.10/dist-packages/mrf_msgs/__init__.py'...
Listing '/home/nayanika/robotic_arm_ws/install/mrf_msgs/local/lib/python3.10/dist-packages/mrf_msgs/msg'...
Compiling '/home/nayanika/robotic_arm_ws/install/mrf_msgs/local/lib/python3.10/dist-packages/mrf_msgs/msg/__init__.py'...
Compiling '/home/nayanika/robotic_arm_ws/install/mrf_msgs/local/lib/python3.10/dist-packages/mrf_msgs/msg/_perceived_object.py'...
Compiling '/home/nayanika/robotic_arm_ws/install/mrf_msgs/local/lib/python3.10/dist-packages/mrf_msgs/msg/_perceived_object_array.py'...
-- Installing: /home/nayanika/robotic_arm_ws/install/mrf_msgs/lib/libmrf_msgs__rosidl_generator_py.so
-- Set runtime path of "/home/nayanika/robotic_arm_ws/install/mrf_msgs/lib/libmrf_msgs__rosidl_generator_py.so" to ""
-- Installing: /home/nayanika/robotic_arm_ws/install/mrf_msgs/share/mrf_msgs/cmake/export_mrf_msgs__rosidl_generator_cExport.cmake
-- Installing: /home/nayanika/robotic_arm_ws/install/mrf_msgs/share/mrf_msgs/cmake/export_mrf_msgs__rosidl_generator_cExport-noconfig.cmake
-- Installing: /home/nayanika/robotic_arm_ws/install/mrf_msgs/share/mrf_msgs/cmake/export_mrf_msgs__rosidl_typesupport_fastrtps_cExport.cmake
-- Installing: /home/nayanika/robotic_arm_ws/install/mrf_msgs/share/mrf_msgs/cmake/export_mrf_msgs__rosidl_typesupport_fastrtps_cExport-noconfig.cmake
-- Installing: /home/nayanika/robotic_arm_ws/install/mrf_msgs/share/mrf_msgs/cmake/mrf_msgs__rosidl_typesupport_introspection_cExport.cmake
-- Installing: /home/nayanika/robotic_arm_ws/install/mrf_msgs/share/mrf_msgs/cmake/mrf_msgs__rosidl_typesupport_introspection_cExport-noconfig.cmake
-- Installing: /home/nayanika/robotic_arm_ws/install/mrf_msgs/share/mrf_msgs/cmake/mrf_msgs__rosidl_typesupport_cExport.cmake
-- Installing: /home/nayanika/robotic_arm_ws/install/mrf_msgs/share/mrf_msgs/cmake/mrf_msgs__rosidl_typesupport_cExport-noconfig.cmake
-- Installing: /home/nayanika/robotic_arm_ws/install/mrf_msgs/share/mrf_msgs/cmake/export_mrf_msgs__rosidl_generator_cppExport.cmake
-- Installing: /home/nayanika/robotic_arm_ws/install/mrf_msgs/share/mrf_msgs/cmake/export_mrf_msgs__rosidl_typesupport_fastrtps_cppExport.cmake
-- Installing: /home/nayanika/robotic_arm_ws/install/mrf_msgs/share/mrf_msgs/cmake/export_mrf_msgs__rosidl_typesupport_fastrtps_cppExport-noconfig.cmake
-- Installing: /home/nayanika/robotic_arm_ws/install/mrf_msgs/share/mrf_msgs/cmake/mrf_msgs__rosidl_typesupport_introspection_cppExport.cmake
-- Installing: /home/nayanika/robotic_arm_ws/install/mrf_msgs/share/mrf_msgs/cmake/mrf_msgs__rosidl_typesupport_introspection_cppExport-noconfig.cmake
-- Installing: /home/nayanika/robotic_arm_ws/install/mrf_msgs/share/mrf_msgs/cmake/mrf_msgs__rosidl_typesupport_cppExport.cmake
-- Installing: /home/nayanika/robotic_arm_ws/install/mrf_msgs/share/mrf_msgs/cmake/mrf_msgs__rosidl_typesupport_cppExport-noconfig.cmake
-- Installing: /home/nayanika/robotic_arm_ws/install/mrf_msgs/share/mrf_msgs/cmake/export_mrf_msgs__rosidl_generator_pyExport.cmake
-- Installing: /home/nayanika/robotic_arm_ws/install/mrf_msgs/share/mrf_msgs/cmake/export_mrf_msgs__rosidl_generator_pyExport-noconfig.cmake
