[0.009s] Invoking command in '/home/nayanika/robotic_arm_ws/build/mrf_msgs': CMAKE_PREFIX_PATH=/home/nayanika/robot_ws/install/arm_gazebo:/opt/ros/humble /usr/bin/cmake /home/nayanika/robotic_arm_ws/src/mrf_msgs -DAMENT_CMAKE_SYMLINK_INSTALL=1 -DCMAKE_INSTALL_PREFIX=/home/nayanika/robotic_arm_ws/install/mrf_msgs
[0.082s] -- The C compiler identification is GNU 11.4.0
[0.136s] -- The CXX compiler identification is GNU 11.4.0
[0.142s] -- Detecting C compiler ABI info
[0.192s] -- Detecting C compiler ABI info - done
[0.196s] -- Check for working C compiler: /usr/bin/cc - skipped
[0.197s] -- Detecting C compile features
[0.197s] -- Detecting C compile features - done
[0.200s] -- Detecting CXX compiler ABI info
[0.257s] -- Detecting CXX compiler ABI info - done
[0.263s] -- Check for working CXX compiler: /usr/bin/c++ - skipped
[0.263s] -- Detecting CXX compile features
[0.263s] -- Detecting CXX compile features - done
[0.265s] -- Found ament_cmake: 1.3.14 (/opt/ros/humble/share/ament_cmake/cmake)
[0.366s] -- Found Python3: /usr/bin/python3 (found version "3.10.12") found components: Interpreter 
[0.400s] -- Override CMake install command with custom implementation using symlinks instead of copying resources
[0.418s] -- Found rosidl_default_generators: 1.2.1 (/opt/ros/humble/share/rosidl_default_generators/cmake)
[0.422s] -- Using all available rosidl_typesupport_c: rosidl_typesupport_fastrtps_c;rosidl_typesupport_introspection_c
[0.429s] -- Found rosidl_adapter: 3.1.8 (/opt/ros/humble/share/rosidl_adapter/cmake)
[0.460s] -- Using all available rosidl_typesupport_cpp: rosidl_typesupport_fastrtps_cpp;rosidl_typesupport_introspection_cpp
[0.488s] -- Found std_msgs: 4.9.1 (/opt/ros/humble/share/std_msgs/cmake)
[0.510s] -- Found geometry_msgs: 4.9.1 (/opt/ros/humble/share/geometry_msgs/cmake)
[0.702s] -- Found ament_cmake_ros: 0.10.0 (/opt/ros/humble/share/ament_cmake_ros/cmake)
[0.862s] -- Using all available rosidl_typesupport_c: rosidl_typesupport_fastrtps_c;rosidl_typesupport_introspection_c
[1.074s] -- Using all available rosidl_typesupport_cpp: rosidl_typesupport_fastrtps_cpp;rosidl_typesupport_introspection_cpp
[1.092s] -- Found PythonInterp: /usr/bin/python3 (found suitable version "3.10.12", minimum required is "3.6") 
[1.094s] -- Found python_cmake_module: 0.10.0 (/opt/ros/humble/share/python_cmake_module/cmake)
[1.124s] -- Found PythonLibs: /usr/lib/x86_64-linux-gnu/libpython3.10.so (found suitable version "3.10.12", minimum required is "3.5") 
[1.124s] -- Using PYTHON_EXECUTABLE: /usr/bin/python3
[1.124s] -- Using PYTHON_INCLUDE_DIRS: /usr/include/python3.10
[1.124s] -- Using PYTHON_LIBRARIES: /usr/lib/x86_64-linux-gnu/libpython3.10.so
[1.141s] -- Found PythonExtra: .so  
[1.232s] -- Configuring done
[1.250s] -- Generating done
[1.256s] -- Build files have been written to: /home/nayanika/robotic_arm_ws/build/mrf_msgs
[1.260s] Invoked command in '/home/nayanika/robotic_arm_ws/build/mrf_msgs' returned '0': CMAKE_PREFIX_PATH=/home/nayanika/robot_ws/install/arm_gazebo:/opt/ros/humble /usr/bin/cmake /home/nayanika/robotic_arm_ws/src/mrf_msgs -DAMENT_CMAKE_SYMLINK_INSTALL=1 -DCMAKE_INSTALL_PREFIX=/home/nayanika/robotic_arm_ws/install/mrf_msgs
[1.261s] Invoking command in '/home/nayanika/robotic_arm_ws/build/mrf_msgs': CMAKE_PREFIX_PATH=/home/nayanika/robot_ws/install/arm_gazebo:/opt/ros/humble /usr/bin/cmake --build /home/nayanika/robotic_arm_ws/build/mrf_msgs -- -j24 -l24
[1.300s] [  2%] Generating C code for ROS interfaces
[1.307s] [  5%] Generating Rust code for ROS interfaces
[1.308s] [  7%] Generating C++ code for ROS interfaces
[1.311s] [  7%] Built target ament_cmake_python_symlink_mrf_msgs
[1.440s] running egg_info
[1.441s] creating mrf_msgs.egg-info
[1.441s] writing mrf_msgs.egg-info/PKG-INFO
[1.441s] writing dependency_links to mrf_msgs.egg-info/dependency_links.txt
[1.441s] writing top-level names to mrf_msgs.egg-info/top_level.txt
[1.441s] writing manifest file 'mrf_msgs.egg-info/SOURCES.txt'
[1.442s] reading manifest file 'mrf_msgs.egg-info/SOURCES.txt'
[1.442s] writing manifest file 'mrf_msgs.egg-info/SOURCES.txt'
[1.456s] [  7%] Built target ament_cmake_python_build_mrf_msgs_egg
[1.473s] [  7%] Built target mrf_msgs__rs
[1.511s] [ 10%] Building C object CMakeFiles/mrf_msgs__rosidl_generator_c.dir/rosidl_generator_c/mrf_msgs/msg/detail/perceived_object_array__functions.c.o
[1.512s] [ 12%] Building C object CMakeFiles/mrf_msgs__rosidl_generator_c.dir/rosidl_generator_c/mrf_msgs/msg/detail/perceived_object__functions.c.o
[1.530s] [ 12%] Built target mrf_msgs__cpp
[1.539s] [ 20%] Generating C++ introspection for ROS interfaces
[1.539s] [ 20%] Generating C++ type support for eProsima Fast-RTPS
[1.539s] [ 20%] Generating C++ type support dispatch for ROS interfaces
[1.559s] [ 22%] Linking C shared library libmrf_msgs__rosidl_generator_c.so
[1.588s] [ 22%] Built target mrf_msgs__rosidl_generator_c
[1.597s] [ 30%] Generating C introspection for ROS interfaces
[1.597s] [ 30%] Generating C type support dispatch for ROS interfaces
[1.597s] [ 30%] Generating C type support for eProsima Fast-RTPS
[1.720s] [ 32%] Building CXX object CMakeFiles/mrf_msgs__rosidl_typesupport_cpp.dir/rosidl_typesupport_cpp/mrf_msgs/msg/perceived_object__type_support.cpp.o
[1.721s] [ 35%] Building CXX object CMakeFiles/mrf_msgs__rosidl_typesupport_cpp.dir/rosidl_typesupport_cpp/mrf_msgs/msg/perceived_object_array__type_support.cpp.o
[1.736s] [ 37%] Building CXX object CMakeFiles/mrf_msgs__rosidl_typesupport_fastrtps_cpp.dir/rosidl_typesupport_fastrtps_cpp/mrf_msgs/msg/detail/dds_fastrtps/perceived_object__type_support.cpp.o
[1.737s] [ 40%] Building CXX object CMakeFiles/mrf_msgs__rosidl_typesupport_fastrtps_cpp.dir/rosidl_typesupport_fastrtps_cpp/mrf_msgs/msg/detail/dds_fastrtps/perceived_object_array__type_support.cpp.o
[1.742s] [ 42%] Building CXX object CMakeFiles/mrf_msgs__rosidl_typesupport_introspection_cpp.dir/rosidl_typesupport_introspection_cpp/mrf_msgs/msg/detail/perceived_object_array__type_support.cpp.o
[1.744s] [ 45%] Building CXX object CMakeFiles/mrf_msgs__rosidl_typesupport_introspection_cpp.dir/rosidl_typesupport_introspection_cpp/mrf_msgs/msg/detail/perceived_object__type_support.cpp.o
[1.786s] [ 50%] Building CXX object CMakeFiles/mrf_msgs__rosidl_typesupport_c.dir/rosidl_typesupport_c/mrf_msgs/msg/perceived_object__type_support.cpp.o
[1.786s] [ 50%] Building CXX object CMakeFiles/mrf_msgs__rosidl_typesupport_c.dir/rosidl_typesupport_c/mrf_msgs/msg/perceived_object_array__type_support.cpp.o
[1.810s] [ 55%] Building C object CMakeFiles/mrf_msgs__rosidl_typesupport_introspection_c.dir/rosidl_typesupport_introspection_c/mrf_msgs/msg/detail/perceived_object_array__type_support.c.o
[1.810s] [ 55%] Building C object CMakeFiles/mrf_msgs__rosidl_typesupport_introspection_c.dir/rosidl_typesupport_introspection_c/mrf_msgs/msg/detail/perceived_object__type_support.c.o
[1.817s] [ 57%] Linking CXX shared library libmrf_msgs__rosidl_typesupport_c.so
[1.821s] [ 60%] Building CXX object CMakeFiles/mrf_msgs__rosidl_typesupport_fastrtps_c.dir/rosidl_typesupport_fastrtps_c/mrf_msgs/msg/detail/perceived_object__type_support_c.cpp.o
[1.824s] [ 62%] Building CXX object CMakeFiles/mrf_msgs__rosidl_typesupport_fastrtps_c.dir/rosidl_typesupport_fastrtps_c/mrf_msgs/msg/detail/perceived_object_array__type_support_c.cpp.o
[1.846s] [ 65%] Linking C shared library libmrf_msgs__rosidl_typesupport_introspection_c.so
[1.859s] [ 65%] Built target mrf_msgs__rosidl_typesupport_c
[1.879s] [ 65%] Built target mrf_msgs__rosidl_typesupport_introspection_c
[1.917s] [ 67%] Linking CXX shared library libmrf_msgs__rosidl_typesupport_cpp.so
[1.951s] [ 67%] Built target mrf_msgs__rosidl_typesupport_cpp
[1.996s] [ 70%] Linking CXX shared library libmrf_msgs__rosidl_typesupport_fastrtps_cpp.so
[2.015s] [ 72%] Linking CXX shared library libmrf_msgs__rosidl_typesupport_introspection_cpp.so
[2.044s] [ 72%] Built target mrf_msgs__rosidl_typesupport_fastrtps_cpp
[2.052s] [ 75%] Linking CXX shared library libmrf_msgs__rosidl_typesupport_fastrtps_c.so
[2.060s] [ 75%] Built target mrf_msgs__rosidl_typesupport_introspection_cpp
[2.095s] [ 75%] Built target mrf_msgs__rosidl_typesupport_fastrtps_c
[2.110s] [ 75%] Built target mrf_msgs
[2.135s] [ 77%] Generating Python code for ROS interfaces
[2.391s] [ 77%] Built target mrf_msgs__py
[2.407s] [ 80%] Building C object CMakeFiles/mrf_msgs__rosidl_generator_py.dir/rosidl_generator_py/mrf_msgs/msg/_perceived_object_array_s.c.o
[2.408s] [ 82%] Building C object CMakeFiles/mrf_msgs__rosidl_generator_py.dir/rosidl_generator_py/mrf_msgs/msg/_perceived_object_s.c.o
[2.489s] [ 85%] Linking C shared library rosidl_generator_py/mrf_msgs/libmrf_msgs__rosidl_generator_py.so
[2.522s] [ 85%] Built target mrf_msgs__rosidl_generator_py
[2.546s] [ 87%] Building C object CMakeFiles/mrf_msgs__rosidl_typesupport_fastrtps_c__pyext.dir/rosidl_generator_py/mrf_msgs/_mrf_msgs_s.ep.rosidl_typesupport_fastrtps_c.c.o
[2.548s] [ 90%] Building C object CMakeFiles/mrf_msgs__rosidl_typesupport_introspection_c__pyext.dir/rosidl_generator_py/mrf_msgs/_mrf_msgs_s.ep.rosidl_typesupport_introspection_c.c.o
[2.550s] [ 92%] Building C object CMakeFiles/mrf_msgs__rosidl_typesupport_c__pyext.dir/rosidl_generator_py/mrf_msgs/_mrf_msgs_s.ep.rosidl_typesupport_c.c.o
[2.604s] [ 95%] Linking C shared library rosidl_generator_py/mrf_msgs/mrf_msgs_s__rosidl_typesupport_fastrtps_c.cpython-310-x86_64-linux-gnu.so
[2.605s] [100%] Linking C shared library rosidl_generator_py/mrf_msgs/mrf_msgs_s__rosidl_typesupport_c.cpython-310-x86_64-linux-gnu.so
[2.606s] [100%] Linking C shared library rosidl_generator_py/mrf_msgs/mrf_msgs_s__rosidl_typesupport_introspection_c.cpython-310-x86_64-linux-gnu.so
[2.635s] [100%] Built target mrf_msgs__rosidl_typesupport_fastrtps_c__pyext
[2.635s] [100%] Built target mrf_msgs__rosidl_typesupport_c__pyext
[2.638s] [100%] Built target mrf_msgs__rosidl_typesupport_introspection_c__pyext
[2.652s] Invoked command in '/home/nayanika/robotic_arm_ws/build/mrf_msgs' returned '0': CMAKE_PREFIX_PATH=/home/nayanika/robot_ws/install/arm_gazebo:/opt/ros/humble /usr/bin/cmake --build /home/nayanika/robotic_arm_ws/build/mrf_msgs -- -j24 -l24
[2.655s] Invoking command in '/home/nayanika/robotic_arm_ws/build/mrf_msgs': CMAKE_PREFIX_PATH=/home/nayanika/robot_ws/install/arm_gazebo:/opt/ros/humble /usr/bin/cmake --install /home/nayanika/robotic_arm_ws/build/mrf_msgs
[2.664s] -- Install configuration: ""
[2.665s] -- Execute custom install script
[2.665s] -- Symlinking: /home/nayanika/robotic_arm_ws/install/mrf_msgs/share/ament_index/resource_index/rosidl_interfaces/mrf_msgs
[2.677s] -- Symlinking: /home/nayanika/robotic_arm_ws/install/mrf_msgs/include/mrf_msgs/mrf_msgs/msg/detail/perceived_object__functions.h
[2.690s] -- Symlinking: /home/nayanika/robotic_arm_ws/install/mrf_msgs/include/mrf_msgs/mrf_msgs/msg/detail/perceived_object__struct.h
[2.697s] -- Symlinking: /home/nayanika/robotic_arm_ws/install/mrf_msgs/include/mrf_msgs/mrf_msgs/msg/detail/perceived_object__type_support.h
[2.705s] -- Symlinking: /home/nayanika/robotic_arm_ws/install/mrf_msgs/include/mrf_msgs/mrf_msgs/msg/detail/perceived_object_array__functions.h
[2.716s] -- Symlinking: /home/nayanika/robotic_arm_ws/install/mrf_msgs/include/mrf_msgs/mrf_msgs/msg/detail/perceived_object_array__struct.h
[2.726s] -- Symlinking: /home/nayanika/robotic_arm_ws/install/mrf_msgs/include/mrf_msgs/mrf_msgs/msg/detail/perceived_object_array__type_support.h
[2.737s] -- Symlinking: /home/nayanika/robotic_arm_ws/install/mrf_msgs/include/mrf_msgs/mrf_msgs/msg/perceived_object.h
[2.747s] -- Symlinking: /home/nayanika/robotic_arm_ws/install/mrf_msgs/include/mrf_msgs/mrf_msgs/msg/perceived_object_array.h
[2.759s] -- Symlinking: /home/nayanika/robotic_arm_ws/install/mrf_msgs/include/mrf_msgs/mrf_msgs/msg/rosidl_generator_c__visibility_control.h
[2.766s] -- Symlinking: /home/nayanika/robotic_arm_ws/install/mrf_msgs/share/mrf_msgs/environment/library_path.sh
[2.775s] -- Symlinking: /home/nayanika/robotic_arm_ws/install/mrf_msgs/share/mrf_msgs/environment/library_path.dsv
[2.785s] -- Symlinking: /home/nayanika/robotic_arm_ws/install/mrf_msgs/include/mrf_msgs/mrf_msgs/msg/detail/perceived_object__rosidl_typesupport_fastrtps_c.h
[2.795s] -- Symlinking: /home/nayanika/robotic_arm_ws/install/mrf_msgs/include/mrf_msgs/mrf_msgs/msg/detail/perceived_object_array__rosidl_typesupport_fastrtps_c.h
[2.806s] -- Symlinking: /home/nayanika/robotic_arm_ws/install/mrf_msgs/include/mrf_msgs/mrf_msgs/msg/rosidl_typesupport_fastrtps_c__visibility_control.h
[2.813s] -- Symlinking: /home/nayanika/robotic_arm_ws/install/mrf_msgs/include/mrf_msgs/mrf_msgs/msg/detail/perceived_object__rosidl_typesupport_introspection_c.h
[2.823s] -- Symlinking: /home/nayanika/robotic_arm_ws/install/mrf_msgs/include/mrf_msgs/mrf_msgs/msg/detail/perceived_object_array__rosidl_typesupport_introspection_c.h
[2.834s] -- Symlinking: /home/nayanika/robotic_arm_ws/install/mrf_msgs/include/mrf_msgs/mrf_msgs/msg/rosidl_typesupport_introspection_c__visibility_control.h
[2.845s] -- Symlinking: /home/nayanika/robotic_arm_ws/install/mrf_msgs/include/mrf_msgs/mrf_msgs/msg/detail/perceived_object__builder.hpp
[2.856s] -- Symlinking: /home/nayanika/robotic_arm_ws/install/mrf_msgs/include/mrf_msgs/mrf_msgs/msg/detail/perceived_object__struct.hpp
[2.861s] -- Symlinking: /home/nayanika/robotic_arm_ws/install/mrf_msgs/include/mrf_msgs/mrf_msgs/msg/detail/perceived_object__traits.hpp
[2.868s] -- Symlinking: /home/nayanika/robotic_arm_ws/install/mrf_msgs/include/mrf_msgs/mrf_msgs/msg/detail/perceived_object__type_support.hpp
[2.876s] -- Symlinking: /home/nayanika/robotic_arm_ws/install/mrf_msgs/include/mrf_msgs/mrf_msgs/msg/detail/perceived_object_array__builder.hpp
[2.886s] -- Symlinking: /home/nayanika/robotic_arm_ws/install/mrf_msgs/include/mrf_msgs/mrf_msgs/msg/detail/perceived_object_array__struct.hpp
[2.894s] -- Symlinking: /home/nayanika/robotic_arm_ws/install/mrf_msgs/include/mrf_msgs/mrf_msgs/msg/detail/perceived_object_array__traits.hpp
[2.904s] -- Symlinking: /home/nayanika/robotic_arm_ws/install/mrf_msgs/include/mrf_msgs/mrf_msgs/msg/detail/perceived_object_array__type_support.hpp
[2.913s] -- Symlinking: /home/nayanika/robotic_arm_ws/install/mrf_msgs/include/mrf_msgs/mrf_msgs/msg/perceived_object.hpp
[2.922s] -- Symlinking: /home/nayanika/robotic_arm_ws/install/mrf_msgs/include/mrf_msgs/mrf_msgs/msg/perceived_object_array.hpp
[2.933s] -- Symlinking: /home/nayanika/robotic_arm_ws/install/mrf_msgs/include/mrf_msgs/mrf_msgs/msg/rosidl_generator_cpp__visibility_control.hpp
[2.944s] -- Symlinking: /home/nayanika/robotic_arm_ws/install/mrf_msgs/include/mrf_msgs/mrf_msgs/msg/detail/perceived_object__rosidl_typesupport_fastrtps_cpp.hpp
[2.953s] -- Symlinking: /home/nayanika/robotic_arm_ws/install/mrf_msgs/include/mrf_msgs/mrf_msgs/msg/detail/perceived_object_array__rosidl_typesupport_fastrtps_cpp.hpp
[2.961s] -- Symlinking: /home/nayanika/robotic_arm_ws/install/mrf_msgs/include/mrf_msgs/mrf_msgs/msg/rosidl_typesupport_fastrtps_cpp__visibility_control.h
[2.972s] -- Symlinking: /home/nayanika/robotic_arm_ws/install/mrf_msgs/include/mrf_msgs/mrf_msgs/msg/detail/perceived_object__rosidl_typesupport_introspection_cpp.hpp
[2.983s] -- Symlinking: /home/nayanika/robotic_arm_ws/install/mrf_msgs/include/mrf_msgs/mrf_msgs/msg/detail/perceived_object_array__rosidl_typesupport_introspection_cpp.hpp
[2.993s] -- Symlinking: /home/nayanika/robotic_arm_ws/install/mrf_msgs/share/mrf_msgs/environment/pythonpath.sh
[3.001s] -- Symlinking: /home/nayanika/robotic_arm_ws/install/mrf_msgs/share/mrf_msgs/environment/pythonpath.dsv
[3.011s] -- Symlinking: /home/nayanika/robotic_arm_ws/install/mrf_msgs/local/lib/python3.10/dist-packages/mrf_msgs-0.1.0-py3.10.egg-info/PKG-INFO
[3.019s] -- Symlinking: /home/nayanika/robotic_arm_ws/install/mrf_msgs/local/lib/python3.10/dist-packages/mrf_msgs-0.1.0-py3.10.egg-info/SOURCES.txt
[3.030s] -- Symlinking: /home/nayanika/robotic_arm_ws/install/mrf_msgs/local/lib/python3.10/dist-packages/mrf_msgs-0.1.0-py3.10.egg-info/dependency_links.txt
[3.039s] -- Symlinking: /home/nayanika/robotic_arm_ws/install/mrf_msgs/local/lib/python3.10/dist-packages/mrf_msgs-0.1.0-py3.10.egg-info/top_level.txt
[3.050s] -- Symlinking: /home/nayanika/robotic_arm_ws/install/mrf_msgs/local/lib/python3.10/dist-packages/mrf_msgs/__init__.py
[3.057s] -- Symlinking: /home/nayanika/robotic_arm_ws/install/mrf_msgs/local/lib/python3.10/dist-packages/mrf_msgs/_mrf_msgs_s.ep.rosidl_typesupport_c.c
[3.067s] -- Symlinking: /home/nayanika/robotic_arm_ws/install/mrf_msgs/local/lib/python3.10/dist-packages/mrf_msgs/_mrf_msgs_s.ep.rosidl_typesupport_fastrtps_c.c
[3.078s] -- Symlinking: /home/nayanika/robotic_arm_ws/install/mrf_msgs/local/lib/python3.10/dist-packages/mrf_msgs/_mrf_msgs_s.ep.rosidl_typesupport_introspection_c.c
[3.088s] -- Symlinking: /home/nayanika/robotic_arm_ws/install/mrf_msgs/local/lib/python3.10/dist-packages/mrf_msgs/libmrf_msgs__rosidl_generator_py.so
[3.099s] -- Symlinking: /home/nayanika/robotic_arm_ws/install/mrf_msgs/local/lib/python3.10/dist-packages/mrf_msgs/mrf_msgs_s__rosidl_typesupport_c.cpython-310-x86_64-linux-gnu.so
[3.108s] -- Symlinking: /home/nayanika/robotic_arm_ws/install/mrf_msgs/local/lib/python3.10/dist-packages/mrf_msgs/mrf_msgs_s__rosidl_typesupport_fastrtps_c.cpython-310-x86_64-linux-gnu.so
[3.118s] -- Symlinking: /home/nayanika/robotic_arm_ws/install/mrf_msgs/local/lib/python3.10/dist-packages/mrf_msgs/mrf_msgs_s__rosidl_typesupport_introspection_c.cpython-310-x86_64-linux-gnu.so
[3.127s] -- Symlinking: /home/nayanika/robotic_arm_ws/install/mrf_msgs/local/lib/python3.10/dist-packages/mrf_msgs/msg/__init__.py
[3.136s] -- Symlinking: /home/nayanika/robotic_arm_ws/install/mrf_msgs/local/lib/python3.10/dist-packages/mrf_msgs/msg/_perceived_object.py
[3.144s] -- Symlinking: /home/nayanika/robotic_arm_ws/install/mrf_msgs/local/lib/python3.10/dist-packages/mrf_msgs/msg/_perceived_object_array.py
[3.154s] -- Symlinking: /home/nayanika/robotic_arm_ws/install/mrf_msgs/local/lib/python3.10/dist-packages/mrf_msgs/msg/_perceived_object_array_s.c
[3.164s] -- Symlinking: /home/nayanika/robotic_arm_ws/install/mrf_msgs/local/lib/python3.10/dist-packages/mrf_msgs/msg/_perceived_object_s.c
[3.175s] -- Up-to-date symlink: /home/nayanika/robotic_arm_ws/install/mrf_msgs/local/lib/python3.10/dist-packages/mrf_msgs/mrf_msgs_s__rosidl_typesupport_fastrtps_c.cpython-310-x86_64-linux-gnu.so
[3.175s] -- Up-to-date symlink: /home/nayanika/robotic_arm_ws/install/mrf_msgs/local/lib/python3.10/dist-packages/mrf_msgs/mrf_msgs_s__rosidl_typesupport_introspection_c.cpython-310-x86_64-linux-gnu.so
[3.175s] -- Up-to-date symlink: /home/nayanika/robotic_arm_ws/install/mrf_msgs/local/lib/python3.10/dist-packages/mrf_msgs/mrf_msgs_s__rosidl_typesupport_c.cpython-310-x86_64-linux-gnu.so
[3.175s] -- Symlinking: /home/nayanika/robotic_arm_ws/install/mrf_msgs/share/ament_index/resource_index/rust_packages/mrf_msgs
[3.185s] -- Symlinking: /home/nayanika/robotic_arm_ws/install/mrf_msgs/share/mrf_msgs/rust/Cargo.toml
[3.194s] -- Symlinking: /home/nayanika/robotic_arm_ws/install/mrf_msgs/share/mrf_msgs/rust/build.rs
[3.203s] -- Symlinking: /home/nayanika/robotic_arm_ws/install/mrf_msgs/share/mrf_msgs/rust/src/lib.rs
[3.214s] -- Symlinking: /home/nayanika/robotic_arm_ws/install/mrf_msgs/share/mrf_msgs/rust/src/msg.rs
[3.223s] -- Symlinking: /home/nayanika/robotic_arm_ws/install/mrf_msgs/share/mrf_msgs/rust/src/msg/rmw.rs
[3.232s] -- Symlinking: /home/nayanika/robotic_arm_ws/install/mrf_msgs/share/mrf_msgs/msg/PerceivedObject.idl
[3.241s] -- Symlinking: /home/nayanika/robotic_arm_ws/install/mrf_msgs/share/mrf_msgs/msg/PerceivedObjectArray.idl
[3.251s] -- Symlinking: /home/nayanika/robotic_arm_ws/install/mrf_msgs/share/mrf_msgs/msg/PerceivedObject.msg
[3.260s] -- Symlinking: /home/nayanika/robotic_arm_ws/install/mrf_msgs/share/mrf_msgs/msg/PerceivedObjectArray.msg
[3.270s] -- Symlinking: /home/nayanika/robotic_arm_ws/install/mrf_msgs/share/ament_index/resource_index/package_run_dependencies/mrf_msgs
[3.280s] -- Symlinking: /home/nayanika/robotic_arm_ws/install/mrf_msgs/share/ament_index/resource_index/parent_prefix_path/mrf_msgs
[3.291s] -- Symlinking: /home/nayanika/robotic_arm_ws/install/mrf_msgs/share/mrf_msgs/environment/ament_prefix_path.sh
[3.296s] -- Symlinking: /home/nayanika/robotic_arm_ws/install/mrf_msgs/share/mrf_msgs/environment/ament_prefix_path.dsv
[3.303s] -- Symlinking: /home/nayanika/robotic_arm_ws/install/mrf_msgs/share/mrf_msgs/environment/path.sh
[3.309s] -- Symlinking: /home/nayanika/robotic_arm_ws/install/mrf_msgs/share/mrf_msgs/environment/path.dsv
[3.315s] -- Symlinking: /home/nayanika/robotic_arm_ws/install/mrf_msgs/share/mrf_msgs/local_setup.bash
[3.321s] -- Symlinking: /home/nayanika/robotic_arm_ws/install/mrf_msgs/share/mrf_msgs/local_setup.sh
[3.326s] -- Symlinking: /home/nayanika/robotic_arm_ws/install/mrf_msgs/share/mrf_msgs/local_setup.zsh
[3.332s] -- Symlinking: /home/nayanika/robotic_arm_ws/install/mrf_msgs/share/mrf_msgs/local_setup.dsv
[3.338s] -- Symlinking: /home/nayanika/robotic_arm_ws/install/mrf_msgs/share/mrf_msgs/package.dsv
[3.344s] -- Symlinking: /home/nayanika/robotic_arm_ws/install/mrf_msgs/share/ament_index/resource_index/packages/mrf_msgs
[3.350s] -- Symlinking: /home/nayanika/robotic_arm_ws/install/mrf_msgs/share/mrf_msgs/cmake/rosidl_cmake-extras.cmake
[3.354s] -- Symlinking: /home/nayanika/robotic_arm_ws/install/mrf_msgs/share/mrf_msgs/cmake/ament_cmake_export_dependencies-extras.cmake
[3.360s] -- Symlinking: /home/nayanika/robotic_arm_ws/install/mrf_msgs/share/mrf_msgs/cmake/ament_cmake_export_include_directories-extras.cmake
[3.366s] -- Symlinking: /home/nayanika/robotic_arm_ws/install/mrf_msgs/share/mrf_msgs/cmake/ament_cmake_export_libraries-extras.cmake
[3.370s] -- Symlinking: /home/nayanika/robotic_arm_ws/install/mrf_msgs/share/mrf_msgs/cmake/ament_cmake_export_targets-extras.cmake
[3.376s] -- Symlinking: /home/nayanika/robotic_arm_ws/install/mrf_msgs/share/mrf_msgs/cmake/rosidl_cmake_export_typesupport_targets-extras.cmake
[3.382s] -- Symlinking: /home/nayanika/robotic_arm_ws/install/mrf_msgs/share/mrf_msgs/cmake/rosidl_cmake_export_typesupport_libraries-extras.cmake
[3.388s] -- Symlinking: /home/nayanika/robotic_arm_ws/install/mrf_msgs/share/mrf_msgs/cmake/mrf_msgsConfig.cmake
[3.393s] -- Symlinking: /home/nayanika/robotic_arm_ws/install/mrf_msgs/share/mrf_msgs/cmake/mrf_msgsConfig-version.cmake
[3.399s] -- Symlinking: /home/nayanika/robotic_arm_ws/install/mrf_msgs/share/mrf_msgs/package.xml
[3.404s] -- Installing: /home/nayanika/robotic_arm_ws/install/mrf_msgs/lib/libmrf_msgs__rosidl_generator_c.so
[3.404s] -- Set runtime path of "/home/nayanika/robotic_arm_ws/install/mrf_msgs/lib/libmrf_msgs__rosidl_generator_c.so" to ""
[3.404s] -- Installing: /home/nayanika/robotic_arm_ws/install/mrf_msgs/lib/libmrf_msgs__rosidl_typesupport_fastrtps_c.so
[3.404s] -- Set runtime path of "/home/nayanika/robotic_arm_ws/install/mrf_msgs/lib/libmrf_msgs__rosidl_typesupport_fastrtps_c.so" to ""
[3.404s] -- Installing: /home/nayanika/robotic_arm_ws/install/mrf_msgs/lib/libmrf_msgs__rosidl_typesupport_introspection_c.so
[3.404s] -- Set runtime path of "/home/nayanika/robotic_arm_ws/install/mrf_msgs/lib/libmrf_msgs__rosidl_typesupport_introspection_c.so" to ""
[3.404s] -- Installing: /home/nayanika/robotic_arm_ws/install/mrf_msgs/lib/libmrf_msgs__rosidl_typesupport_c.so
[3.404s] -- Set runtime path of "/home/nayanika/robotic_arm_ws/install/mrf_msgs/lib/libmrf_msgs__rosidl_typesupport_c.so" to ""
[3.404s] -- Installing: /home/nayanika/robotic_arm_ws/install/mrf_msgs/lib/libmrf_msgs__rosidl_typesupport_fastrtps_cpp.so
[3.405s] -- Set runtime path of "/home/nayanika/robotic_arm_ws/install/mrf_msgs/lib/libmrf_msgs__rosidl_typesupport_fastrtps_cpp.so" to ""
[3.405s] -- Installing: /home/nayanika/robotic_arm_ws/install/mrf_msgs/lib/libmrf_msgs__rosidl_typesupport_introspection_cpp.so
[3.405s] -- Set runtime path of "/home/nayanika/robotic_arm_ws/install/mrf_msgs/lib/libmrf_msgs__rosidl_typesupport_introspection_cpp.so" to ""
[3.405s] -- Installing: /home/nayanika/robotic_arm_ws/install/mrf_msgs/lib/libmrf_msgs__rosidl_typesupport_cpp.so
[3.405s] -- Set runtime path of "/home/nayanika/robotic_arm_ws/install/mrf_msgs/lib/libmrf_msgs__rosidl_typesupport_cpp.so" to ""
[3.441s] Listing '/home/nayanika/robotic_arm_ws/install/mrf_msgs/local/lib/python3.10/dist-packages/mrf_msgs'...
[3.441s] Compiling '/home/nayanika/robotic_arm_ws/install/mrf_msgs/local/lib/python3.10/dist-packages/mrf_msgs/__init__.py'...
[3.441s] Listing '/home/nayanika/robotic_arm_ws/install/mrf_msgs/local/lib/python3.10/dist-packages/mrf_msgs/msg'...
[3.441s] Compiling '/home/nayanika/robotic_arm_ws/install/mrf_msgs/local/lib/python3.10/dist-packages/mrf_msgs/msg/__init__.py'...
[3.441s] Compiling '/home/nayanika/robotic_arm_ws/install/mrf_msgs/local/lib/python3.10/dist-packages/mrf_msgs/msg/_perceived_object.py'...
[3.441s] Compiling '/home/nayanika/robotic_arm_ws/install/mrf_msgs/local/lib/python3.10/dist-packages/mrf_msgs/msg/_perceived_object_array.py'...
[3.443s] -- Installing: /home/nayanika/robotic_arm_ws/install/mrf_msgs/lib/libmrf_msgs__rosidl_generator_py.so
[3.443s] -- Set runtime path of "/home/nayanika/robotic_arm_ws/install/mrf_msgs/lib/libmrf_msgs__rosidl_generator_py.so" to ""
[3.443s] -- Installing: /home/nayanika/robotic_arm_ws/install/mrf_msgs/share/mrf_msgs/cmake/export_mrf_msgs__rosidl_generator_cExport.cmake
[3.443s] -- Installing: /home/nayanika/robotic_arm_ws/install/mrf_msgs/share/mrf_msgs/cmake/export_mrf_msgs__rosidl_generator_cExport-noconfig.cmake
[3.443s] -- Installing: /home/nayanika/robotic_arm_ws/install/mrf_msgs/share/mrf_msgs/cmake/export_mrf_msgs__rosidl_typesupport_fastrtps_cExport.cmake
[3.443s] -- Installing: /home/nayanika/robotic_arm_ws/install/mrf_msgs/share/mrf_msgs/cmake/export_mrf_msgs__rosidl_typesupport_fastrtps_cExport-noconfig.cmake
[3.443s] -- Installing: /home/nayanika/robotic_arm_ws/install/mrf_msgs/share/mrf_msgs/cmake/mrf_msgs__rosidl_typesupport_introspection_cExport.cmake
[3.443s] -- Installing: /home/nayanika/robotic_arm_ws/install/mrf_msgs/share/mrf_msgs/cmake/mrf_msgs__rosidl_typesupport_introspection_cExport-noconfig.cmake
[3.443s] -- Installing: /home/nayanika/robotic_arm_ws/install/mrf_msgs/share/mrf_msgs/cmake/mrf_msgs__rosidl_typesupport_cExport.cmake
[3.443s] -- Installing: /home/nayanika/robotic_arm_ws/install/mrf_msgs/share/mrf_msgs/cmake/mrf_msgs__rosidl_typesupport_cExport-noconfig.cmake
[3.444s] -- Installing: /home/nayanika/robotic_arm_ws/install/mrf_msgs/share/mrf_msgs/cmake/export_mrf_msgs__rosidl_generator_cppExport.cmake
[3.444s] -- Installing: /home/nayanika/robotic_arm_ws/install/mrf_msgs/share/mrf_msgs/cmake/export_mrf_msgs__rosidl_typesupport_fastrtps_cppExport.cmake
[3.444s] -- Installing: /home/nayanika/robotic_arm_ws/install/mrf_msgs/share/mrf_msgs/cmake/export_mrf_msgs__rosidl_typesupport_fastrtps_cppExport-noconfig.cmake
[3.444s] -- Installing: /home/nayanika/robotic_arm_ws/install/mrf_msgs/share/mrf_msgs/cmake/mrf_msgs__rosidl_typesupport_introspection_cppExport.cmake
[3.444s] -- Installing: /home/nayanika/robotic_arm_ws/install/mrf_msgs/share/mrf_msgs/cmake/mrf_msgs__rosidl_typesupport_introspection_cppExport-noconfig.cmake
[3.444s] -- Installing: /home/nayanika/robotic_arm_ws/install/mrf_msgs/share/mrf_msgs/cmake/mrf_msgs__rosidl_typesupport_cppExport.cmake
[3.444s] -- Installing: /home/nayanika/robotic_arm_ws/install/mrf_msgs/share/mrf_msgs/cmake/mrf_msgs__rosidl_typesupport_cppExport-noconfig.cmake
[3.444s] -- Installing: /home/nayanika/robotic_arm_ws/install/mrf_msgs/share/mrf_msgs/cmake/export_mrf_msgs__rosidl_generator_pyExport.cmake
[3.444s] -- Installing: /home/nayanika/robotic_arm_ws/install/mrf_msgs/share/mrf_msgs/cmake/export_mrf_msgs__rosidl_generator_pyExport-noconfig.cmake
[3.445s] Invoked command in '/home/nayanika/robotic_arm_ws/build/mrf_msgs' returned '0': CMAKE_PREFIX_PATH=/home/nayanika/robot_ws/install/arm_gazebo:/opt/ros/humble /usr/bin/cmake --install /home/nayanika/robotic_arm_ws/build/mrf_msgs
