running develop
Removing /home/nayanika/robotic_arm_ws/install/mrf_perception/lib/python3.10/site-packages/mrf-perception.egg-link (link to .)
running egg_info
writing ../../build/mrf_perception/mrf_perception.egg-info/PKG-INFO
writing dependency_links to ../../build/mrf_perception/mrf_perception.egg-info/dependency_links.txt
writing entry points to ../../build/mrf_perception/mrf_perception.egg-info/entry_points.txt
writing requirements to ../../build/mrf_perception/mrf_perception.egg-info/requires.txt
writing top-level names to ../../build/mrf_perception/mrf_perception.egg-info/top_level.txt
reading manifest file '../../build/mrf_perception/mrf_perception.egg-info/SOURCES.txt'
writing manifest file '../../build/mrf_perception/mrf_perception.egg-info/SOURCES.txt'
running build
running build_py
creating /home/nayanika/robotic_arm_ws/build/mrf_perception/build
creating /home/nayanika/robotic_arm_ws/build/mrf_perception/build/lib
creating /home/nayanika/robotic_arm_ws/build/mrf_perception/build/lib/mrf_perception
copying mrf_perception/perception.py -> /home/nayanika/robotic_arm_ws/build/mrf_perception/build/lib/mrf_perception
copying mrf_perception/__init__.py -> /home/nayanika/robotic_arm_ws/build/mrf_perception/build/lib/mrf_perception
running install
running install_lib
creating /home/nayanika/robotic_arm_ws/install/mrf_perception/lib/python3.10/site-packages/mrf_perception
copying /home/nayanika/robotic_arm_ws/build/mrf_perception/build/lib/mrf_perception/perception.py -> /home/nayanika/robotic_arm_ws/install/mrf_perception/lib/python3.10/site-packages/mrf_perception
copying /home/nayanika/robotic_arm_ws/build/mrf_perception/build/lib/mrf_perception/__init__.py -> /home/nayanika/robotic_arm_ws/install/mrf_perception/lib/python3.10/site-packages/mrf_perception
byte-compiling /home/nayanika/robotic_arm_ws/install/mrf_perception/lib/python3.10/site-packages/mrf_perception/perception.py to perception.cpython-310.pyc
byte-compiling /home/nayanika/robotic_arm_ws/install/mrf_perception/lib/python3.10/site-packages/mrf_perception/__init__.py to __init__.cpython-310.pyc
running install_data
copying resource/mrf_perception -> /home/nayanika/robotic_arm_ws/install/mrf_perception/share/ament_index/resource_index/packages
copying package.xml -> /home/nayanika/robotic_arm_ws/install/mrf_perception/share/mrf_perception
running install_egg_info
Copying ../../build/mrf_perception/mrf_perception.egg-info to /home/nayanika/robotic_arm_ws/install/mrf_perception/lib/python3.10/site-packages/mrf_perception-0.1.0-py3.10.egg-info
running install_scripts
Installing perception script to /home/nayanika/robotic_arm_ws/install/mrf_perception/bin
writing list of installed files to '/home/nayanika/robotic_arm_ws/build/mrf_perception/install.log'
