-- The C compiler identification is GNU 11.4.0
-- The CXX compiler identification is GNU 11.4.0
-- Detecting C compiler ABI info
-- Detecting C compiler ABI info - done
-- Check for working C compiler: /usr/bin/cc - skipped
-- Detecting C compile features
-- Detecting C compile features - done
-- Detecting CXX compiler ABI info
-- Detecting CXX compiler ABI info - done
-- Check for working CXX compiler: /usr/bin/c++ - skipped
-- Detecting CXX compile features
-- Detecting CXX compile features - done
-- Found ament_cmake: 1.3.14 (/opt/ros/humble/share/ament_cmake/cmake)
-- Found Python3: /usr/bin/python3 (found version "3.10.12") found components: Interpreter 
-- Override CMake install command with custom implementation using symlinks instead of copying resources
-- Configuring done
-- Generating done
-- Build files have been written to: /home/nayanika/robotic_arm_ws/build/mrf_gazebo
-- Install configuration: ""
-- Execute custom install script
-- Symlinking: /home/nayanika/robotic_arm_ws/install/mrf_gazebo/share/mrf_gazebo/worlds/mrf_sorting.world
-- Symlinking: /home/nayanika/robotic_arm_ws/install/mrf_gazebo/share/mrf_gazebo/models/.gitkeep
-- Symlinking: /home/nayanika/robotic_arm_ws/install/mrf_gazebo/share/ament_index/resource_index/package_run_dependencies/mrf_gazebo
-- Symlinking: /home/nayanika/robotic_arm_ws/install/mrf_gazebo/share/ament_index/resource_index/parent_prefix_path/mrf_gazebo
-- Symlinking: /home/nayanika/robotic_arm_ws/install/mrf_gazebo/share/mrf_gazebo/environment/ament_prefix_path.sh
-- Symlinking: /home/nayanika/robotic_arm_ws/install/mrf_gazebo/share/mrf_gazebo/environment/ament_prefix_path.dsv
-- Symlinking: /home/nayanika/robotic_arm_ws/install/mrf_gazebo/share/mrf_gazebo/environment/path.sh
-- Symlinking: /home/nayanika/robotic_arm_ws/install/mrf_gazebo/share/mrf_gazebo/environment/path.dsv
-- Symlinking: /home/nayanika/robotic_arm_ws/install/mrf_gazebo/share/mrf_gazebo/local_setup.bash
-- Symlinking: /home/nayanika/robotic_arm_ws/install/mrf_gazebo/share/mrf_gazebo/local_setup.sh
-- Symlinking: /home/nayanika/robotic_arm_ws/install/mrf_gazebo/share/mrf_gazebo/local_setup.zsh
-- Symlinking: /home/nayanika/robotic_arm_ws/install/mrf_gazebo/share/mrf_gazebo/local_setup.dsv
-- Symlinking: /home/nayanika/robotic_arm_ws/install/mrf_gazebo/share/mrf_gazebo/package.dsv
-- Symlinking: /home/nayanika/robotic_arm_ws/install/mrf_gazebo/share/ament_index/resource_index/packages/mrf_gazebo
-- Symlinking: /home/nayanika/robotic_arm_ws/install/mrf_gazebo/share/mrf_gazebo/cmake/mrf_gazeboConfig.cmake
-- Symlinking: /home/nayanika/robotic_arm_ws/install/mrf_gazebo/share/mrf_gazebo/cmake/mrf_gazeboConfig-version.cmake
-- Symlinking: /home/nayanika/robotic_arm_ws/install/mrf_gazebo/share/mrf_gazebo/package.xml
