[0.005s] Invoking command in '/home/nayanika/robotic_arm_ws/build/mrf_gazebo': CMAKE_PREFIX_PATH=/home/nayanika/robot_ws/install/arm_gazebo:/opt/ros/humble /usr/bin/cmake /home/nayanika/robotic_arm_ws/src/mrf_gazebo -DAMENT_CMAKE_SYMLINK_INSTALL=1 -DCMAKE_INSTALL_PREFIX=/home/nayanika/robotic_arm_ws/install/mrf_gazebo
[0.077s] -- The C compiler identification is GNU 11.4.0
[0.130s] -- The CXX compiler identification is GNU 11.4.0
[0.137s] -- Detecting C compiler ABI info
[0.186s] -- Detecting C compiler ABI info - done
[0.190s] -- Check for working C compiler: /usr/bin/cc - skipped
[0.191s] -- Detecting C compile features
[0.191s] -- Detecting C compile features - done
[0.194s] -- Detecting CXX compiler ABI info
[0.250s] -- Detecting CXX compiler ABI info - done
[0.258s] -- Check for working CXX compiler: /usr/bin/c++ - skipped
[0.258s] -- Detecting CXX compile features
[0.258s] -- Detecting CXX compile features - done
[0.260s] -- Found ament_cmake: 1.3.14 (/opt/ros/humble/share/ament_cmake/cmake)
[0.350s] -- Found Python3: /usr/bin/python3 (found version "3.10.12") found components: Interpreter 
[0.389s] -- Override CMake install command with custom implementation using symlinks instead of copying resources
[0.466s] -- Configuring done
[0.468s] -- Generating done
[0.468s] -- Build files have been written to: /home/nayanika/robotic_arm_ws/build/mrf_gazebo
[0.471s] Invoked command in '/home/nayanika/robotic_arm_ws/build/mrf_gazebo' returned '0': CMAKE_PREFIX_PATH=/home/nayanika/robot_ws/install/arm_gazebo:/opt/ros/humble /usr/bin/cmake /home/nayanika/robotic_arm_ws/src/mrf_gazebo -DAMENT_CMAKE_SYMLINK_INSTALL=1 -DCMAKE_INSTALL_PREFIX=/home/nayanika/robotic_arm_ws/install/mrf_gazebo
[0.472s] Invoking command in '/home/nayanika/robotic_arm_ws/build/mrf_gazebo': CMAKE_PREFIX_PATH=/home/nayanika/robot_ws/install/arm_gazebo:/opt/ros/humble /usr/bin/cmake --build /home/nayanika/robotic_arm_ws/build/mrf_gazebo -- -j24 -l24
[0.497s] Invoked command in '/home/nayanika/robotic_arm_ws/build/mrf_gazebo' returned '0': CMAKE_PREFIX_PATH=/home/nayanika/robot_ws/install/arm_gazebo:/opt/ros/humble /usr/bin/cmake --build /home/nayanika/robotic_arm_ws/build/mrf_gazebo -- -j24 -l24
[0.504s] Invoking command in '/home/nayanika/robotic_arm_ws/build/mrf_gazebo': CMAKE_PREFIX_PATH=/home/nayanika/robot_ws/install/arm_gazebo:/opt/ros/humble /usr/bin/cmake --install /home/nayanika/robotic_arm_ws/build/mrf_gazebo
[0.507s] -- Install configuration: ""
[0.507s] -- Execute custom install script
[0.507s] -- Symlinking: /home/nayanika/robotic_arm_ws/install/mrf_gazebo/share/mrf_gazebo/worlds/mrf_sorting.world
[0.514s] -- Symlinking: /home/nayanika/robotic_arm_ws/install/mrf_gazebo/share/mrf_gazebo/models/.gitkeep
[0.519s] -- Symlinking: /home/nayanika/robotic_arm_ws/install/mrf_gazebo/share/ament_index/resource_index/package_run_dependencies/mrf_gazebo
[0.525s] -- Symlinking: /home/nayanika/robotic_arm_ws/install/mrf_gazebo/share/ament_index/resource_index/parent_prefix_path/mrf_gazebo
[0.531s] -- Symlinking: /home/nayanika/robotic_arm_ws/install/mrf_gazebo/share/mrf_gazebo/environment/ament_prefix_path.sh
[0.537s] -- Symlinking: /home/nayanika/robotic_arm_ws/install/mrf_gazebo/share/mrf_gazebo/environment/ament_prefix_path.dsv
[0.541s] -- Symlinking: /home/nayanika/robotic_arm_ws/install/mrf_gazebo/share/mrf_gazebo/environment/path.sh
[0.548s] -- Symlinking: /home/nayanika/robotic_arm_ws/install/mrf_gazebo/share/mrf_gazebo/environment/path.dsv
[0.553s] -- Symlinking: /home/nayanika/robotic_arm_ws/install/mrf_gazebo/share/mrf_gazebo/local_setup.bash
[0.560s] -- Symlinking: /home/nayanika/robotic_arm_ws/install/mrf_gazebo/share/mrf_gazebo/local_setup.sh
[0.566s] -- Symlinking: /home/nayanika/robotic_arm_ws/install/mrf_gazebo/share/mrf_gazebo/local_setup.zsh
[0.572s] -- Symlinking: /home/nayanika/robotic_arm_ws/install/mrf_gazebo/share/mrf_gazebo/local_setup.dsv
[0.578s] -- Symlinking: /home/nayanika/robotic_arm_ws/install/mrf_gazebo/share/mrf_gazebo/package.dsv
[0.584s] -- Symlinking: /home/nayanika/robotic_arm_ws/install/mrf_gazebo/share/ament_index/resource_index/packages/mrf_gazebo
[0.590s] -- Symlinking: /home/nayanika/robotic_arm_ws/install/mrf_gazebo/share/mrf_gazebo/cmake/mrf_gazeboConfig.cmake
[0.596s] -- Symlinking: /home/nayanika/robotic_arm_ws/install/mrf_gazebo/share/mrf_gazebo/cmake/mrf_gazeboConfig-version.cmake
[0.602s] -- Symlinking: /home/nayanika/robotic_arm_ws/install/mrf_gazebo/share/mrf_gazebo/package.xml
[0.607s] Invoked command in '/home/nayanika/robotic_arm_ws/build/mrf_gazebo' returned '0': CMAKE_PREFIX_PATH=/home/nayanika/robot_ws/install/arm_gazebo:/opt/ros/humble /usr/bin/cmake --install /home/nayanika/robotic_arm_ws/build/mrf_gazebo
