[0.060s] DEBUG:colcon:Command line arguments: ['/usr/bin/colcon', 'build', '--packages-select', 'mrf_coordinator', 'mrf_perception']
[0.060s] DEBUG:colcon:Parsed command line arguments: Namespace(log_base=None, log_level=None, verb_name='build', build_base='build', install_base='install', merge_install=False, symlink_install=False, test_result_base=None, continue_on_error=False, executor='parallel', parallel_workers=24, event_handlers=None, ignore_user_meta=False, metas=['./colcon.meta'], base_paths=['.'], packages_ignore=None, packages_ignore_regex=None, paths=None, packages_up_to=None, packages_up_to_regex=None, packages_above=None, packages_above_and_dependencies=None, packages_above_depth=None, packages_select_by_dep=None, packages_skip_by_dep=None, packages_skip_up_to=None, packages_select_build_failed=False, packages_skip_build_finished=False, packages_select_test_failures=False, packages_skip_test_passed=False, packages_select=['mrf_coordinator', 'mrf_perception'], packages_skip=None, packages_select_regex=None, packages_skip_regex=None, packages_start=None, packages_end=None, allow_overriding=[], cmake_args=None, cmake_target=None, cmake_target_skip_unavailable=False, cmake_clean_cache=False, cmake_clean_first=False, cmake_force_configure=False, ament_cmake_args=None, catkin_cmake_args=None, catkin_skip_building_tests=False, mixin_files=None, mixin=None, verb_parser=<colcon_mixin.mixin.mixin_argument.MixinArgumentDecorator object at 0x79824a06f610>, verb_extension=<colcon_core.verb.build.BuildVerb object at 0x79824a06f070>, main=<bound method BuildVerb.main of <colcon_core.verb.build.BuildVerb object at 0x79824a06f070>>, mixin_verb=('build',))
[0.142s] Level 1:colcon.colcon_core.package_discovery:discover_packages(colcon_meta) check parameters
[0.142s] Level 1:colcon.colcon_core.package_discovery:discover_packages(recursive) check parameters
[0.142s] Level 1:colcon.colcon_core.package_discovery:discover_packages(ignore) check parameters
[0.142s] Level 1:colcon.colcon_core.package_discovery:discover_packages(path) check parameters
[0.142s] Level 1:colcon.colcon_core.package_discovery:discover_packages(colcon_meta) discover
[0.142s] Level 1:colcon.colcon_core.package_discovery:discover_packages(recursive) discover
[0.142s] INFO:colcon.colcon_core.package_discovery:Crawling recursively for packages in '/home/nayanika/robotic_arm_ws'
[0.142s] Level 1:colcon.colcon_core.package_identification:_identify(.) by extensions ['ignore', 'ignore_ament_install']
[0.142s] Level 1:colcon.colcon_core.package_identification:_identify(.) by extension 'ignore'
[0.142s] Level 1:colcon.colcon_core.package_identification:_identify(.) by extension 'ignore_ament_install'
[0.142s] Level 1:colcon.colcon_core.package_identification:_identify(.) by extensions ['colcon_pkg']
[0.142s] Level 1:colcon.colcon_core.package_identification:_identify(.) by extension 'colcon_pkg'
[0.142s] Level 1:colcon.colcon_core.package_identification:_identify(.) by extensions ['colcon_meta']
[0.142s] Level 1:colcon.colcon_core.package_identification:_identify(.) by extension 'colcon_meta'
[0.142s] Level 1:colcon.colcon_core.package_identification:_identify(.) by extensions ['ros']
[0.142s] Level 1:colcon.colcon_core.package_identification:_identify(.) by extension 'ros'
[0.161s] Level 1:colcon.colcon_core.package_identification:_identify(.) by extensions ['cmake', 'python']
[0.161s] Level 1:colcon.colcon_core.package_identification:_identify(.) by extension 'cmake'
[0.161s] Level 1:colcon.colcon_core.package_identification:_identify(.) by extension 'python'
[0.161s] Level 1:colcon.colcon_core.package_identification:_identify(.) by extensions ['python_setup_py']
[0.161s] Level 1:colcon.colcon_core.package_identification:_identify(.) by extension 'python_setup_py'
[0.162s] Level 1:colcon.colcon_core.package_identification:_identify(build) by extensions ['ignore', 'ignore_ament_install']
[0.162s] Level 1:colcon.colcon_core.package_identification:_identify(build) by extension 'ignore'
[0.162s] Level 1:colcon.colcon_core.package_identification:_identify(build) ignored
[0.162s] Level 1:colcon.colcon_core.package_identification:_identify(install) by extensions ['ignore', 'ignore_ament_install']
[0.162s] Level 1:colcon.colcon_core.package_identification:_identify(install) by extension 'ignore'
[0.162s] Level 1:colcon.colcon_core.package_identification:_identify(install) ignored
[0.162s] Level 1:colcon.colcon_core.package_identification:_identify(log) by extensions ['ignore', 'ignore_ament_install']
[0.162s] Level 1:colcon.colcon_core.package_identification:_identify(log) by extension 'ignore'
[0.162s] Level 1:colcon.colcon_core.package_identification:_identify(log) ignored
[0.162s] Level 1:colcon.colcon_core.package_identification:_identify(src) by extensions ['ignore', 'ignore_ament_install']
[0.162s] Level 1:colcon.colcon_core.package_identification:_identify(src) by extension 'ignore'
[0.162s] Level 1:colcon.colcon_core.package_identification:_identify(src) by extension 'ignore_ament_install'
[0.162s] Level 1:colcon.colcon_core.package_identification:_identify(src) by extensions ['colcon_pkg']
[0.162s] Level 1:colcon.colcon_core.package_identification:_identify(src) by extension 'colcon_pkg'
[0.162s] Level 1:colcon.colcon_core.package_identification:_identify(src) by extensions ['colcon_meta']
[0.162s] Level 1:colcon.colcon_core.package_identification:_identify(src) by extension 'colcon_meta'
[0.162s] Level 1:colcon.colcon_core.package_identification:_identify(src) by extensions ['ros']
[0.162s] Level 1:colcon.colcon_core.package_identification:_identify(src) by extension 'ros'
[0.162s] Level 1:colcon.colcon_core.package_identification:_identify(src) by extensions ['cmake', 'python']
[0.162s] Level 1:colcon.colcon_core.package_identification:_identify(src) by extension 'cmake'
[0.162s] Level 1:colcon.colcon_core.package_identification:_identify(src) by extension 'python'
[0.162s] Level 1:colcon.colcon_core.package_identification:_identify(src) by extensions ['python_setup_py']
[0.162s] Level 1:colcon.colcon_core.package_identification:_identify(src) by extension 'python_setup_py'
[0.162s] Level 1:colcon.colcon_core.package_identification:_identify(src/mrf_bringup) by extensions ['ignore', 'ignore_ament_install']
[0.162s] Level 1:colcon.colcon_core.package_identification:_identify(src/mrf_bringup) by extension 'ignore'
[0.162s] Level 1:colcon.colcon_core.package_identification:_identify(src/mrf_bringup) by extension 'ignore_ament_install'
[0.162s] Level 1:colcon.colcon_core.package_identification:_identify(src/mrf_bringup) by extensions ['colcon_pkg']
[0.162s] Level 1:colcon.colcon_core.package_identification:_identify(src/mrf_bringup) by extension 'colcon_pkg'
[0.162s] Level 1:colcon.colcon_core.package_identification:_identify(src/mrf_bringup) by extensions ['colcon_meta']
[0.162s] Level 1:colcon.colcon_core.package_identification:_identify(src/mrf_bringup) by extension 'colcon_meta'
[0.162s] Level 1:colcon.colcon_core.package_identification:_identify(src/mrf_bringup) by extensions ['ros']
[0.162s] Level 1:colcon.colcon_core.package_identification:_identify(src/mrf_bringup) by extension 'ros'
[0.164s] DEBUG:colcon.colcon_core.package_identification:Package 'src/mrf_bringup' with type 'ros.ament_cmake' and name 'mrf_bringup'
[0.164s] Level 1:colcon.colcon_core.package_identification:_identify(src/mrf_coordinator) by extensions ['ignore', 'ignore_ament_install']
[0.164s] Level 1:colcon.colcon_core.package_identification:_identify(src/mrf_coordinator) by extension 'ignore'
[0.164s] Level 1:colcon.colcon_core.package_identification:_identify(src/mrf_coordinator) by extension 'ignore_ament_install'
[0.164s] Level 1:colcon.colcon_core.package_identification:_identify(src/mrf_coordinator) by extensions ['colcon_pkg']
[0.164s] Level 1:colcon.colcon_core.package_identification:_identify(src/mrf_coordinator) by extension 'colcon_pkg'
[0.164s] Level 1:colcon.colcon_core.package_identification:_identify(src/mrf_coordinator) by extensions ['colcon_meta']
[0.164s] Level 1:colcon.colcon_core.package_identification:_identify(src/mrf_coordinator) by extension 'colcon_meta'
[0.164s] Level 1:colcon.colcon_core.package_identification:_identify(src/mrf_coordinator) by extensions ['ros']
[0.164s] Level 1:colcon.colcon_core.package_identification:_identify(src/mrf_coordinator) by extension 'ros'
[0.164s] DEBUG:colcon.colcon_core.package_identification:Package 'src/mrf_coordinator' with type 'ros.ament_python' and name 'mrf_coordinator'
[0.164s] Level 1:colcon.colcon_core.package_identification:_identify(src/mrf_description) by extensions ['ignore', 'ignore_ament_install']
[0.164s] Level 1:colcon.colcon_core.package_identification:_identify(src/mrf_description) by extension 'ignore'
[0.164s] Level 1:colcon.colcon_core.package_identification:_identify(src/mrf_description) by extension 'ignore_ament_install'
[0.164s] Level 1:colcon.colcon_core.package_identification:_identify(src/mrf_description) by extensions ['colcon_pkg']
[0.164s] Level 1:colcon.colcon_core.package_identification:_identify(src/mrf_description) by extension 'colcon_pkg'
[0.164s] Level 1:colcon.colcon_core.package_identification:_identify(src/mrf_description) by extensions ['colcon_meta']
[0.164s] Level 1:colcon.colcon_core.package_identification:_identify(src/mrf_description) by extension 'colcon_meta'
[0.164s] Level 1:colcon.colcon_core.package_identification:_identify(src/mrf_description) by extensions ['ros']
[0.164s] Level 1:colcon.colcon_core.package_identification:_identify(src/mrf_description) by extension 'ros'
[0.165s] DEBUG:colcon.colcon_core.package_identification:Package 'src/mrf_description' with type 'ros.ament_cmake' and name 'mrf_description'
[0.165s] Level 1:colcon.colcon_core.package_identification:_identify(src/mrf_gazebo) by extensions ['ignore', 'ignore_ament_install']
[0.165s] Level 1:colcon.colcon_core.package_identification:_identify(src/mrf_gazebo) by extension 'ignore'
[0.165s] Level 1:colcon.colcon_core.package_identification:_identify(src/mrf_gazebo) by extension 'ignore_ament_install'
[0.165s] Level 1:colcon.colcon_core.package_identification:_identify(src/mrf_gazebo) by extensions ['colcon_pkg']
[0.165s] Level 1:colcon.colcon_core.package_identification:_identify(src/mrf_gazebo) by extension 'colcon_pkg'
[0.165s] Level 1:colcon.colcon_core.package_identification:_identify(src/mrf_gazebo) by extensions ['colcon_meta']
[0.165s] Level 1:colcon.colcon_core.package_identification:_identify(src/mrf_gazebo) by extension 'colcon_meta'
[0.165s] Level 1:colcon.colcon_core.package_identification:_identify(src/mrf_gazebo) by extensions ['ros']
[0.165s] Level 1:colcon.colcon_core.package_identification:_identify(src/mrf_gazebo) by extension 'ros'
[0.165s] DEBUG:colcon.colcon_core.package_identification:Package 'src/mrf_gazebo' with type 'ros.ament_cmake' and name 'mrf_gazebo'
[0.165s] Level 1:colcon.colcon_core.package_identification:_identify(src/mrf_msgs) by extensions ['ignore', 'ignore_ament_install']
[0.165s] Level 1:colcon.colcon_core.package_identification:_identify(src/mrf_msgs) by extension 'ignore'
[0.165s] Level 1:colcon.colcon_core.package_identification:_identify(src/mrf_msgs) by extension 'ignore_ament_install'
[0.165s] Level 1:colcon.colcon_core.package_identification:_identify(src/mrf_msgs) by extensions ['colcon_pkg']
[0.165s] Level 1:colcon.colcon_core.package_identification:_identify(src/mrf_msgs) by extension 'colcon_pkg'
[0.165s] Level 1:colcon.colcon_core.package_identification:_identify(src/mrf_msgs) by extensions ['colcon_meta']
[0.165s] Level 1:colcon.colcon_core.package_identification:_identify(src/mrf_msgs) by extension 'colcon_meta'
[0.165s] Level 1:colcon.colcon_core.package_identification:_identify(src/mrf_msgs) by extensions ['ros']
[0.165s] Level 1:colcon.colcon_core.package_identification:_identify(src/mrf_msgs) by extension 'ros'
[0.166s] DEBUG:colcon.colcon_core.package_identification:Package 'src/mrf_msgs' with type 'ros.ament_cmake' and name 'mrf_msgs'
[0.166s] Level 1:colcon.colcon_core.package_identification:_identify(src/mrf_perception) by extensions ['ignore', 'ignore_ament_install']
[0.166s] Level 1:colcon.colcon_core.package_identification:_identify(src/mrf_perception) by extension 'ignore'
[0.166s] Level 1:colcon.colcon_core.package_identification:_identify(src/mrf_perception) by extension 'ignore_ament_install'
[0.166s] Level 1:colcon.colcon_core.package_identification:_identify(src/mrf_perception) by extensions ['colcon_pkg']
[0.166s] Level 1:colcon.colcon_core.package_identification:_identify(src/mrf_perception) by extension 'colcon_pkg'
[0.166s] Level 1:colcon.colcon_core.package_identification:_identify(src/mrf_perception) by extensions ['colcon_meta']
[0.166s] Level 1:colcon.colcon_core.package_identification:_identify(src/mrf_perception) by extension 'colcon_meta'
[0.166s] Level 1:colcon.colcon_core.package_identification:_identify(src/mrf_perception) by extensions ['ros']
[0.166s] Level 1:colcon.colcon_core.package_identification:_identify(src/mrf_perception) by extension 'ros'
[0.166s] DEBUG:colcon.colcon_core.package_identification:Package 'src/mrf_perception' with type 'ros.ament_python' and name 'mrf_perception'
[0.166s] Level 1:colcon.colcon_core.package_discovery:discover_packages(recursive) using defaults
[0.166s] Level 1:colcon.colcon_core.package_discovery:discover_packages(ignore) discover
[0.166s] Level 1:colcon.colcon_core.package_discovery:discover_packages(ignore) using defaults
[0.166s] Level 1:colcon.colcon_core.package_discovery:discover_packages(path) discover
[0.166s] Level 1:colcon.colcon_core.package_discovery:discover_packages(path) using defaults
[0.177s] INFO:colcon.colcon_core.package_selection:Skipping not selected package 'mrf_description' in 'src/mrf_description'
[0.177s] INFO:colcon.colcon_core.package_selection:Skipping not selected package 'mrf_gazebo' in 'src/mrf_gazebo'
[0.177s] INFO:colcon.colcon_core.package_selection:Skipping not selected package 'mrf_msgs' in 'src/mrf_msgs'
[0.177s] INFO:colcon.colcon_core.package_selection:Skipping not selected package 'mrf_bringup' in 'src/mrf_bringup'
[0.177s] Level 1:colcon.colcon_core.package_discovery:discover_packages(prefix_path) check parameters
[0.177s] Level 1:colcon.colcon_core.package_discovery:discover_packages(prefix_path) discover
[0.178s] DEBUG:colcon.colcon_installed_package_information.package_discovery:Found 2 installed packages in /home/nayanika/robot_ws/install
[0.179s] DEBUG:colcon.colcon_installed_package_information.package_discovery:Found 379 installed packages in /opt/ros/humble
[0.180s] Level 1:colcon.colcon_core.package_discovery:discover_packages(prefix_path) using defaults
[0.203s] Level 5:colcon.colcon_core.verb:set package 'mrf_coordinator' build argument 'cmake_args' from command line to 'None'
[0.203s] Level 5:colcon.colcon_core.verb:set package 'mrf_coordinator' build argument 'cmake_target' from command line to 'None'
[0.203s] Level 5:colcon.colcon_core.verb:set package 'mrf_coordinator' build argument 'cmake_target_skip_unavailable' from command line to 'False'
[0.203s] Level 5:colcon.colcon_core.verb:set package 'mrf_coordinator' build argument 'cmake_clean_cache' from command line to 'False'
[0.203s] Level 5:colcon.colcon_core.verb:set package 'mrf_coordinator' build argument 'cmake_clean_first' from command line to 'False'
[0.203s] Level 5:colcon.colcon_core.verb:set package 'mrf_coordinator' build argument 'cmake_force_configure' from command line to 'False'
[0.203s] Level 5:colcon.colcon_core.verb:set package 'mrf_coordinator' build argument 'ament_cmake_args' from command line to 'None'
[0.203s] Level 5:colcon.colcon_core.verb:set package 'mrf_coordinator' build argument 'catkin_cmake_args' from command line to 'None'
[0.203s] Level 5:colcon.colcon_core.verb:set package 'mrf_coordinator' build argument 'catkin_skip_building_tests' from command line to 'False'
[0.203s] DEBUG:colcon.colcon_core.verb:Building package 'mrf_coordinator' with the following arguments: {'ament_cmake_args': None, 'build_base': '/home/nayanika/robotic_arm_ws/build/mrf_coordinator', 'catkin_cmake_args': None, 'catkin_skip_building_tests': False, 'cmake_args': None, 'cmake_clean_cache': False, 'cmake_clean_first': False, 'cmake_force_configure': False, 'cmake_target': None, 'cmake_target_skip_unavailable': False, 'install_base': '/home/nayanika/robotic_arm_ws/install/mrf_coordinator', 'merge_install': False, 'path': '/home/nayanika/robotic_arm_ws/src/mrf_coordinator', 'symlink_install': False, 'test_result_base': None}
[0.203s] Level 5:colcon.colcon_core.verb:set package 'mrf_perception' build argument 'cmake_args' from command line to 'None'
[0.203s] Level 5:colcon.colcon_core.verb:set package 'mrf_perception' build argument 'cmake_target' from command line to 'None'
[0.203s] Level 5:colcon.colcon_core.verb:set package 'mrf_perception' build argument 'cmake_target_skip_unavailable' from command line to 'False'
[0.203s] Level 5:colcon.colcon_core.verb:set package 'mrf_perception' build argument 'cmake_clean_cache' from command line to 'False'
[0.203s] Level 5:colcon.colcon_core.verb:set package 'mrf_perception' build argument 'cmake_clean_first' from command line to 'False'
[0.203s] Level 5:colcon.colcon_core.verb:set package 'mrf_perception' build argument 'cmake_force_configure' from command line to 'False'
[0.203s] Level 5:colcon.colcon_core.verb:set package 'mrf_perception' build argument 'ament_cmake_args' from command line to 'None'
[0.203s] Level 5:colcon.colcon_core.verb:set package 'mrf_perception' build argument 'catkin_cmake_args' from command line to 'None'
[0.203s] Level 5:colcon.colcon_core.verb:set package 'mrf_perception' build argument 'catkin_skip_building_tests' from command line to 'False'
[0.203s] DEBUG:colcon.colcon_core.verb:Building package 'mrf_perception' with the following arguments: {'ament_cmake_args': None, 'build_base': '/home/nayanika/robotic_arm_ws/build/mrf_perception', 'catkin_cmake_args': None, 'catkin_skip_building_tests': False, 'cmake_args': None, 'cmake_clean_cache': False, 'cmake_clean_first': False, 'cmake_force_configure': False, 'cmake_target': None, 'cmake_target_skip_unavailable': False, 'install_base': '/home/nayanika/robotic_arm_ws/install/mrf_perception', 'merge_install': False, 'path': '/home/nayanika/robotic_arm_ws/src/mrf_perception', 'symlink_install': False, 'test_result_base': None}
[0.203s] INFO:colcon.colcon_core.executor:Executing jobs using 'parallel' executor
[0.204s] DEBUG:colcon.colcon_parallel_executor.executor.parallel:run_until_complete
[0.204s] INFO:colcon.colcon_ros.task.ament_python.build:Building ROS package in '/home/nayanika/robotic_arm_ws/src/mrf_coordinator' with build type 'ament_python'
[0.204s] Level 1:colcon.colcon_core.shell:create_environment_hook('mrf_coordinator', 'ament_prefix_path')
[0.205s] INFO:colcon.colcon_core.plugin_system:Skipping extension 'colcon_core.shell.bat': Not used on non-Windows systems
[0.205s] INFO:colcon.colcon_core.shell:Creating environment hook '/home/nayanika/robotic_arm_ws/install/mrf_coordinator/share/mrf_coordinator/hook/ament_prefix_path.ps1'
[0.206s] INFO:colcon.colcon_core.shell:Creating environment descriptor '/home/nayanika/robotic_arm_ws/install/mrf_coordinator/share/mrf_coordinator/hook/ament_prefix_path.dsv'
[0.206s] INFO:colcon.colcon_core.shell:Creating environment hook '/home/nayanika/robotic_arm_ws/install/mrf_coordinator/share/mrf_coordinator/hook/ament_prefix_path.sh'
[0.206s] INFO:colcon.colcon_core.shell:Skip shell extension 'powershell' for command environment: Not usable outside of PowerShell
[0.206s] DEBUG:colcon.colcon_core.shell:Skip shell extension 'dsv' for command environment
[0.208s] INFO:colcon.colcon_ros.task.ament_python.build:Building ROS package in '/home/nayanika/robotic_arm_ws/src/mrf_perception' with build type 'ament_python'
[0.208s] Level 1:colcon.colcon_core.shell:create_environment_hook('mrf_perception', 'ament_prefix_path')
[0.208s] INFO:colcon.colcon_core.shell:Creating environment hook '/home/nayanika/robotic_arm_ws/install/mrf_perception/share/mrf_perception/hook/ament_prefix_path.ps1'
[0.209s] INFO:colcon.colcon_core.shell:Creating environment descriptor '/home/nayanika/robotic_arm_ws/install/mrf_perception/share/mrf_perception/hook/ament_prefix_path.dsv'
[0.209s] INFO:colcon.colcon_core.shell:Creating environment hook '/home/nayanika/robotic_arm_ws/install/mrf_perception/share/mrf_perception/hook/ament_prefix_path.sh'
[0.209s] INFO:colcon.colcon_core.shell:Skip shell extension 'powershell' for command environment: Not usable outside of PowerShell
[0.209s] DEBUG:colcon.colcon_core.shell:Skip shell extension 'dsv' for command environment
[0.341s] INFO:colcon.colcon_core.task.python.build:Building Python package in '/home/nayanika/robotic_arm_ws/src/mrf_coordinator'
[0.341s] INFO:colcon.colcon_core.shell:Skip shell extension 'powershell' for command environment: Not usable outside of PowerShell
[0.341s] DEBUG:colcon.colcon_core.shell:Skip shell extension 'dsv' for command environment
[0.463s] INFO:colcon.colcon_core.task.python.build:Building Python package in '/home/nayanika/robotic_arm_ws/src/mrf_perception'
[0.463s] INFO:colcon.colcon_core.shell:Skip shell extension 'powershell' for command environment: Not usable outside of PowerShell
[0.463s] DEBUG:colcon.colcon_core.shell:Skip shell extension 'dsv' for command environment
[0.652s] DEBUG:colcon.colcon_core.event_handler.log_command:Invoking command in '/home/nayanika/robotic_arm_ws/build/mrf_perception': AMENT_PREFIX_PATH=/home/nayanika/robotic_arm_ws/install/mrf_msgs:${AMENT_PREFIX_PATH} CMAKE_PREFIX_PATH=/home/nayanika/robotic_arm_ws/install/mrf_msgs LD_LIBRARY_PATH=/home/nayanika/robotic_arm_ws/install/mrf_msgs/lib:${LD_LIBRARY_PATH} PYTHONPATH=/home/nayanika/robotic_arm_ws/build/mrf_perception/prefix_override:/usr/lib/python3/dist-packages/colcon_core/task/python/colcon_distutils_commands:/home/nayanika/robotic_arm_ws/install/mrf_perception/lib/python3.10/site-packages:/home/nayanika/robotic_arm_ws/install/mrf_msgs/local/lib/python3.10/dist-packages:${PYTHONPATH} /usr/bin/python3 -W ignore:setup.py install is deprecated -W ignore:easy_install command is deprecated setup.py develop --uninstall --editable --build-directory /home/nayanika/robotic_arm_ws/build/mrf_perception/build
[0.653s] DEBUG:colcon.colcon_core.event_handler.log_command:Invoking command in '/home/nayanika/robotic_arm_ws/build/mrf_coordinator': AMENT_PREFIX_PATH=/home/nayanika/robotic_arm_ws/install/mrf_msgs:${AMENT_PREFIX_PATH} CMAKE_PREFIX_PATH=/home/nayanika/robotic_arm_ws/install/mrf_msgs LD_LIBRARY_PATH=/home/nayanika/robotic_arm_ws/install/mrf_msgs/lib:${LD_LIBRARY_PATH} PYTHONPATH=/home/nayanika/robotic_arm_ws/build/mrf_coordinator/prefix_override:/usr/lib/python3/dist-packages/colcon_core/task/python/colcon_distutils_commands:/home/nayanika/robotic_arm_ws/install/mrf_coordinator/lib/python3.10/site-packages:/home/nayanika/robotic_arm_ws/install/mrf_msgs/local/lib/python3.10/dist-packages:${PYTHONPATH} /usr/bin/python3 -W ignore:setup.py install is deprecated -W ignore:easy_install command is deprecated setup.py develop --uninstall --editable --build-directory /home/nayanika/robotic_arm_ws/build/mrf_coordinator/build
[0.890s] DEBUG:colcon.colcon_core.event_handler.log_command:Invoked command in '/home/nayanika/robotic_arm_ws/build/mrf_perception' returned '0': AMENT_PREFIX_PATH=/home/nayanika/robotic_arm_ws/install/mrf_msgs:${AMENT_PREFIX_PATH} CMAKE_PREFIX_PATH=/home/nayanika/robotic_arm_ws/install/mrf_msgs LD_LIBRARY_PATH=/home/nayanika/robotic_arm_ws/install/mrf_msgs/lib:${LD_LIBRARY_PATH} PYTHONPATH=/home/nayanika/robotic_arm_ws/build/mrf_perception/prefix_override:/usr/lib/python3/dist-packages/colcon_core/task/python/colcon_distutils_commands:/home/nayanika/robotic_arm_ws/install/mrf_perception/lib/python3.10/site-packages:/home/nayanika/robotic_arm_ws/install/mrf_msgs/local/lib/python3.10/dist-packages:${PYTHONPATH} /usr/bin/python3 -W ignore:setup.py install is deprecated -W ignore:easy_install command is deprecated setup.py develop --uninstall --editable --build-directory /home/nayanika/robotic_arm_ws/build/mrf_perception/build
[0.891s] DEBUG:colcon.colcon_core.event_handler.log_command:Invoking command in '/home/nayanika/robotic_arm_ws/src/mrf_perception': AMENT_PREFIX_PATH=/home/nayanika/robotic_arm_ws/install/mrf_msgs:${AMENT_PREFIX_PATH} CMAKE_PREFIX_PATH=/home/nayanika/robotic_arm_ws/install/mrf_msgs LD_LIBRARY_PATH=/home/nayanika/robotic_arm_ws/install/mrf_msgs/lib:${LD_LIBRARY_PATH} PYTHONPATH=/home/nayanika/robotic_arm_ws/build/mrf_perception/prefix_override:/usr/lib/python3/dist-packages/colcon_core/task/python/colcon_distutils_commands:/home/nayanika/robotic_arm_ws/install/mrf_perception/lib/python3.10/site-packages:/home/nayanika/robotic_arm_ws/install/mrf_msgs/local/lib/python3.10/dist-packages:${PYTHONPATH} /usr/bin/python3 -W ignore:setup.py install is deprecated -W ignore:easy_install command is deprecated setup.py egg_info --egg-base ../../build/mrf_perception build --build-base /home/nayanika/robotic_arm_ws/build/mrf_perception/build install --record /home/nayanika/robotic_arm_ws/build/mrf_perception/install.log --single-version-externally-managed install_data --force
[0.896s] DEBUG:colcon.colcon_core.event_handler.log_command:Invoked command in '/home/nayanika/robotic_arm_ws/build/mrf_coordinator' returned '0': AMENT_PREFIX_PATH=/home/nayanika/robotic_arm_ws/install/mrf_msgs:${AMENT_PREFIX_PATH} CMAKE_PREFIX_PATH=/home/nayanika/robotic_arm_ws/install/mrf_msgs LD_LIBRARY_PATH=/home/nayanika/robotic_arm_ws/install/mrf_msgs/lib:${LD_LIBRARY_PATH} PYTHONPATH=/home/nayanika/robotic_arm_ws/build/mrf_coordinator/prefix_override:/usr/lib/python3/dist-packages/colcon_core/task/python/colcon_distutils_commands:/home/nayanika/robotic_arm_ws/install/mrf_coordinator/lib/python3.10/site-packages:/home/nayanika/robotic_arm_ws/install/mrf_msgs/local/lib/python3.10/dist-packages:${PYTHONPATH} /usr/bin/python3 -W ignore:setup.py install is deprecated -W ignore:easy_install command is deprecated setup.py develop --uninstall --editable --build-directory /home/nayanika/robotic_arm_ws/build/mrf_coordinator/build
[0.897s] DEBUG:colcon.colcon_core.event_handler.log_command:Invoking command in '/home/nayanika/robotic_arm_ws/src/mrf_coordinator': AMENT_PREFIX_PATH=/home/nayanika/robotic_arm_ws/install/mrf_msgs:${AMENT_PREFIX_PATH} CMAKE_PREFIX_PATH=/home/nayanika/robotic_arm_ws/install/mrf_msgs LD_LIBRARY_PATH=/home/nayanika/robotic_arm_ws/install/mrf_msgs/lib:${LD_LIBRARY_PATH} PYTHONPATH=/home/nayanika/robotic_arm_ws/build/mrf_coordinator/prefix_override:/usr/lib/python3/dist-packages/colcon_core/task/python/colcon_distutils_commands:/home/nayanika/robotic_arm_ws/install/mrf_coordinator/lib/python3.10/site-packages:/home/nayanika/robotic_arm_ws/install/mrf_msgs/local/lib/python3.10/dist-packages:${PYTHONPATH} /usr/bin/python3 -W ignore:setup.py install is deprecated -W ignore:easy_install command is deprecated setup.py egg_info --egg-base ../../build/mrf_coordinator build --build-base /home/nayanika/robotic_arm_ws/build/mrf_coordinator/build install --record /home/nayanika/robotic_arm_ws/build/mrf_coordinator/install.log --single-version-externally-managed install_data --force
[1.038s] DEBUG:colcon.colcon_core.event_handler.log_command:Invoked command in '/home/nayanika/robotic_arm_ws/src/mrf_perception' returned '0': AMENT_PREFIX_PATH=/home/nayanika/robotic_arm_ws/install/mrf_msgs:${AMENT_PREFIX_PATH} CMAKE_PREFIX_PATH=/home/nayanika/robotic_arm_ws/install/mrf_msgs LD_LIBRARY_PATH=/home/nayanika/robotic_arm_ws/install/mrf_msgs/lib:${LD_LIBRARY_PATH} PYTHONPATH=/home/nayanika/robotic_arm_ws/build/mrf_perception/prefix_override:/usr/lib/python3/dist-packages/colcon_core/task/python/colcon_distutils_commands:/home/nayanika/robotic_arm_ws/install/mrf_perception/lib/python3.10/site-packages:/home/nayanika/robotic_arm_ws/install/mrf_msgs/local/lib/python3.10/dist-packages:${PYTHONPATH} /usr/bin/python3 -W ignore:setup.py install is deprecated -W ignore:easy_install command is deprecated setup.py egg_info --egg-base ../../build/mrf_perception build --build-base /home/nayanika/robotic_arm_ws/build/mrf_perception/build install --record /home/nayanika/robotic_arm_ws/build/mrf_perception/install.log --single-version-externally-managed install_data --force
[1.039s] Level 1:colcon.colcon_core.environment:checking '/home/nayanika/robotic_arm_ws/install/mrf_perception' for CMake module files
[1.040s] Level 1:colcon.colcon_core.environment:checking '/home/nayanika/robotic_arm_ws/install/mrf_perception' for CMake config files
[1.040s] Level 1:colcon.colcon_core.environment:checking '/home/nayanika/robotic_arm_ws/install/mrf_perception/lib'
[1.040s] Level 1:colcon.colcon_core.environment:checking '/home/nayanika/robotic_arm_ws/install/mrf_perception/bin'
[1.040s] Level 1:colcon.colcon_core.shell:create_environment_hook('mrf_perception', 'path')
[1.040s] INFO:colcon.colcon_core.shell:Creating environment hook '/home/nayanika/robotic_arm_ws/install/mrf_perception/share/mrf_perception/hook/path.ps1'
[1.041s] INFO:colcon.colcon_core.shell:Creating environment descriptor '/home/nayanika/robotic_arm_ws/install/mrf_perception/share/mrf_perception/hook/path.dsv'
[1.041s] INFO:colcon.colcon_core.shell:Creating environment hook '/home/nayanika/robotic_arm_ws/install/mrf_perception/share/mrf_perception/hook/path.sh'
[1.041s] Level 1:colcon.colcon_core.environment:checking '/home/nayanika/robotic_arm_ws/install/mrf_perception/lib/pkgconfig/mrf_perception.pc'
[1.041s] Level 1:colcon.colcon_core.environment:checking '/home/nayanika/robotic_arm_ws/install/mrf_perception/lib/python3.10/site-packages'
[1.041s] Level 1:colcon.colcon_core.shell:create_environment_hook('mrf_perception', 'pythonpath')
[1.041s] INFO:colcon.colcon_core.shell:Creating environment hook '/home/nayanika/robotic_arm_ws/install/mrf_perception/share/mrf_perception/hook/pythonpath.ps1'
[1.041s] INFO:colcon.colcon_core.shell:Creating environment descriptor '/home/nayanika/robotic_arm_ws/install/mrf_perception/share/mrf_perception/hook/pythonpath.dsv'
[1.042s] INFO:colcon.colcon_core.shell:Creating environment hook '/home/nayanika/robotic_arm_ws/install/mrf_perception/share/mrf_perception/hook/pythonpath.sh'
[1.042s] Level 1:colcon.colcon_core.environment:checking '/home/nayanika/robotic_arm_ws/install/mrf_perception/bin'
[1.042s] Level 1:colcon.colcon_core.shell:create_environment_hook('mrf_perception', 'pythonscriptspath')
[1.042s] INFO:colcon.colcon_core.shell:Creating environment hook '/home/nayanika/robotic_arm_ws/install/mrf_perception/share/mrf_perception/hook/pythonscriptspath.ps1'
[1.042s] INFO:colcon.colcon_core.shell:Creating environment descriptor '/home/nayanika/robotic_arm_ws/install/mrf_perception/share/mrf_perception/hook/pythonscriptspath.dsv'
[1.043s] INFO:colcon.colcon_core.shell:Creating environment hook '/home/nayanika/robotic_arm_ws/install/mrf_perception/share/mrf_perception/hook/pythonscriptspath.sh'
[1.043s] Level 1:colcon.colcon_core.environment:create_environment_scripts_only(mrf_perception)
[1.043s] INFO:colcon.colcon_core.shell:Creating package script '/home/nayanika/robotic_arm_ws/install/mrf_perception/share/mrf_perception/package.ps1'
[1.043s] INFO:colcon.colcon_core.shell:Creating package descriptor '/home/nayanika/robotic_arm_ws/install/mrf_perception/share/mrf_perception/package.dsv'
[1.044s] INFO:colcon.colcon_core.shell:Creating package script '/home/nayanika/robotic_arm_ws/install/mrf_perception/share/mrf_perception/package.sh'
[1.044s] INFO:colcon.colcon_core.shell:Creating package script '/home/nayanika/robotic_arm_ws/install/mrf_perception/share/mrf_perception/package.bash'
[1.044s] INFO:colcon.colcon_core.shell:Creating package script '/home/nayanika/robotic_arm_ws/install/mrf_perception/share/mrf_perception/package.zsh'
[1.045s] Level 1:colcon.colcon_core.environment:create_file_with_runtime_dependencies(/home/nayanika/robotic_arm_ws/install/mrf_perception/share/colcon-core/packages/mrf_perception)
[1.052s] Level 1:colcon.colcon_core.environment:checking '/home/nayanika/robotic_arm_ws/install/mrf_coordinator' for CMake module files
[1.052s] DEBUG:colcon.colcon_core.event_handler.log_command:Invoked command in '/home/nayanika/robotic_arm_ws/src/mrf_coordinator' returned '0': AMENT_PREFIX_PATH=/home/nayanika/robotic_arm_ws/install/mrf_msgs:${AMENT_PREFIX_PATH} CMAKE_PREFIX_PATH=/home/nayanika/robotic_arm_ws/install/mrf_msgs LD_LIBRARY_PATH=/home/nayanika/robotic_arm_ws/install/mrf_msgs/lib:${LD_LIBRARY_PATH} PYTHONPATH=/home/nayanika/robotic_arm_ws/build/mrf_coordinator/prefix_override:/usr/lib/python3/dist-packages/colcon_core/task/python/colcon_distutils_commands:/home/nayanika/robotic_arm_ws/install/mrf_coordinator/lib/python3.10/site-packages:/home/nayanika/robotic_arm_ws/install/mrf_msgs/local/lib/python3.10/dist-packages:${PYTHONPATH} /usr/bin/python3 -W ignore:setup.py install is deprecated -W ignore:easy_install command is deprecated setup.py egg_info --egg-base ../../build/mrf_coordinator build --build-base /home/nayanika/robotic_arm_ws/build/mrf_coordinator/build install --record /home/nayanika/robotic_arm_ws/build/mrf_coordinator/install.log --single-version-externally-managed install_data --force
[1.053s] Level 1:colcon.colcon_core.environment:checking '/home/nayanika/robotic_arm_ws/install/mrf_coordinator' for CMake config files
[1.053s] Level 1:colcon.colcon_core.environment:checking '/home/nayanika/robotic_arm_ws/install/mrf_coordinator/lib'
[1.053s] Level 1:colcon.colcon_core.environment:checking '/home/nayanika/robotic_arm_ws/install/mrf_coordinator/bin'
[1.053s] Level 1:colcon.colcon_core.shell:create_environment_hook('mrf_coordinator', 'path')
[1.053s] INFO:colcon.colcon_core.shell:Creating environment hook '/home/nayanika/robotic_arm_ws/install/mrf_coordinator/share/mrf_coordinator/hook/path.ps1'
[1.053s] INFO:colcon.colcon_core.shell:Creating environment descriptor '/home/nayanika/robotic_arm_ws/install/mrf_coordinator/share/mrf_coordinator/hook/path.dsv'
[1.053s] INFO:colcon.colcon_core.shell:Creating environment hook '/home/nayanika/robotic_arm_ws/install/mrf_coordinator/share/mrf_coordinator/hook/path.sh'
[1.054s] Level 1:colcon.colcon_core.environment:checking '/home/nayanika/robotic_arm_ws/install/mrf_coordinator/lib/pkgconfig/mrf_coordinator.pc'
[1.054s] Level 1:colcon.colcon_core.environment:checking '/home/nayanika/robotic_arm_ws/install/mrf_coordinator/lib/python3.10/site-packages'
[1.054s] Level 1:colcon.colcon_core.shell:create_environment_hook('mrf_coordinator', 'pythonpath')
[1.054s] INFO:colcon.colcon_core.shell:Creating environment hook '/home/nayanika/robotic_arm_ws/install/mrf_coordinator/share/mrf_coordinator/hook/pythonpath.ps1'
[1.054s] INFO:colcon.colcon_core.shell:Creating environment descriptor '/home/nayanika/robotic_arm_ws/install/mrf_coordinator/share/mrf_coordinator/hook/pythonpath.dsv'
[1.054s] INFO:colcon.colcon_core.shell:Creating environment hook '/home/nayanika/robotic_arm_ws/install/mrf_coordinator/share/mrf_coordinator/hook/pythonpath.sh'
[1.055s] Level 1:colcon.colcon_core.environment:checking '/home/nayanika/robotic_arm_ws/install/mrf_coordinator/bin'
[1.055s] Level 1:colcon.colcon_core.shell:create_environment_hook('mrf_coordinator', 'pythonscriptspath')
[1.055s] INFO:colcon.colcon_core.shell:Creating environment hook '/home/nayanika/robotic_arm_ws/install/mrf_coordinator/share/mrf_coordinator/hook/pythonscriptspath.ps1'
[1.055s] INFO:colcon.colcon_core.shell:Creating environment descriptor '/home/nayanika/robotic_arm_ws/install/mrf_coordinator/share/mrf_coordinator/hook/pythonscriptspath.dsv'
[1.055s] INFO:colcon.colcon_core.shell:Creating environment hook '/home/nayanika/robotic_arm_ws/install/mrf_coordinator/share/mrf_coordinator/hook/pythonscriptspath.sh'
[1.055s] Level 1:colcon.colcon_core.environment:create_environment_scripts_only(mrf_coordinator)
[1.055s] INFO:colcon.colcon_core.shell:Creating package script '/home/nayanika/robotic_arm_ws/install/mrf_coordinator/share/mrf_coordinator/package.ps1'
[1.056s] INFO:colcon.colcon_core.shell:Creating package descriptor '/home/nayanika/robotic_arm_ws/install/mrf_coordinator/share/mrf_coordinator/package.dsv'
[1.056s] INFO:colcon.colcon_core.shell:Creating package script '/home/nayanika/robotic_arm_ws/install/mrf_coordinator/share/mrf_coordinator/package.sh'
[1.056s] INFO:colcon.colcon_core.shell:Creating package script '/home/nayanika/robotic_arm_ws/install/mrf_coordinator/share/mrf_coordinator/package.bash'
[1.056s] INFO:colcon.colcon_core.shell:Creating package script '/home/nayanika/robotic_arm_ws/install/mrf_coordinator/share/mrf_coordinator/package.zsh'
[1.056s] Level 1:colcon.colcon_core.environment:create_file_with_runtime_dependencies(/home/nayanika/robotic_arm_ws/install/mrf_coordinator/share/colcon-core/packages/mrf_coordinator)
[1.056s] DEBUG:colcon.colcon_parallel_executor.executor.parallel:closing loop
[1.056s] DEBUG:colcon.colcon_parallel_executor.executor.parallel:loop closed
[1.057s] DEBUG:colcon.colcon_parallel_executor.executor.parallel:run_until_complete finished with '0'
[1.057s] DEBUG:colcon.colcon_core.event_reactor:joining thread
[1.059s] INFO:colcon.colcon_core.plugin_system:Skipping extension 'colcon_notification.desktop_notification.terminal_notifier': Not used on non-Darwin systems
[1.059s] INFO:colcon.colcon_core.plugin_system:Skipping extension 'colcon_notification.desktop_notification.win32': Not used on non-Windows systems
[1.059s] INFO:colcon.colcon_notification.desktop_notification:Sending desktop notification using 'notify2'
[1.068s] DEBUG:colcon.colcon_core.event_reactor:joined thread
[1.068s] INFO:colcon.colcon_core.shell:Creating prefix script '/home/nayanika/robotic_arm_ws/install/local_setup.ps1'
[1.069s] INFO:colcon.colcon_core.shell:Creating prefix util module '/home/nayanika/robotic_arm_ws/install/_local_setup_util_ps1.py'
[1.069s] INFO:colcon.colcon_core.shell:Creating prefix chain script '/home/nayanika/robotic_arm_ws/install/setup.ps1'
[1.070s] INFO:colcon.colcon_core.shell:Creating prefix script '/home/nayanika/robotic_arm_ws/install/local_setup.sh'
[1.070s] INFO:colcon.colcon_core.shell:Creating prefix util module '/home/nayanika/robotic_arm_ws/install/_local_setup_util_sh.py'
[1.070s] INFO:colcon.colcon_core.shell:Creating prefix chain script '/home/nayanika/robotic_arm_ws/install/setup.sh'
[1.071s] INFO:colcon.colcon_core.shell:Creating prefix script '/home/nayanika/robotic_arm_ws/install/local_setup.bash'
[1.071s] INFO:colcon.colcon_core.shell:Creating prefix chain script '/home/nayanika/robotic_arm_ws/install/setup.bash'
[1.072s] INFO:colcon.colcon_core.shell:Creating prefix script '/home/nayanika/robotic_arm_ws/install/local_setup.zsh'
[1.072s] INFO:colcon.colcon_core.shell:Creating prefix chain script '/home/nayanika/robotic_arm_ws/install/setup.zsh'
