[0.013s] Invoking command in '/home/nayanika/robotic_arm_ws/build/mrf_bringup': AMENT_PREFIX_PATH=/home/nayanika/robotic_arm_ws/install/mrf_perception:/home/nayanika/robotic_arm_ws/install/mrf_coordinator:/home/nayanika/robotic_arm_ws/install/mrf_msgs:/home/nayanika/robotic_arm_ws/install/mrf_gazebo:/home/nayanika/robotic_arm_ws/install/mrf_description:${AMENT_PREFIX_PATH} CMAKE_PREFIX_PATH=/home/nayanika/robotic_arm_ws/install/mrf_msgs:/home/nayanika/robotic_arm_ws/install/mrf_gazebo:/home/nayanika/robotic_arm_ws/install/mrf_description:/home/nayanika/robot_ws/install/arm_gazebo:/opt/ros/humble LD_LIBRARY_PATH=/home/nayanika/robotic_arm_ws/install/mrf_msgs/lib:${LD_LIBRARY_PATH} PATH=/home/nayanika/robotic_arm_ws/install/mrf_perception/bin:/home/nayanika/robotic_arm_ws/install/mrf_coordinator/bin:${PATH} PYTHONPATH=/home/nayanika/robotic_arm_ws/build/mrf_perception:/home/nayanika/robotic_arm_ws/install/mrf_perception/lib/python3.10/site-packages:/home/nayanika/robotic_arm_ws/build/mrf_coordinator:/home/nayanika/robotic_arm_ws/install/mrf_coordinator/lib/python3.10/site-packages:/home/nayanika/robotic_arm_ws/install/mrf_msgs/local/lib/python3.10/dist-packages:${PYTHONPATH} /usr/bin/cmake /home/nayanika/robotic_arm_ws/src/mrf_bringup -DAMENT_CMAKE_SYMLINK_INSTALL=1 -DCMAKE_INSTALL_PREFIX=/home/nayanika/robotic_arm_ws/install/mrf_bringup
[0.073s] -- The C compiler identification is GNU 11.4.0
[0.130s] -- The CXX compiler identification is GNU 11.4.0
[0.134s] -- Detecting C compiler ABI info
[0.196s] -- Detecting C compiler ABI info - done
[0.200s] -- Check for working C compiler: /usr/bin/cc - skipped
[0.200s] -- Detecting C compile features
[0.200s] -- Detecting C compile features - done
[0.202s] -- Detecting CXX compiler ABI info
[0.269s] -- Detecting CXX compiler ABI info - done
[0.274s] -- Check for working CXX compiler: /usr/bin/c++ - skipped
[0.274s] -- Detecting CXX compile features
[0.275s] -- Detecting CXX compile features - done
[0.277s] -- Found ament_cmake: 1.3.14 (/opt/ros/humble/share/ament_cmake/cmake)
[0.418s] -- Found Python3: /usr/bin/python3 (found version "3.10.12") found components: Interpreter 
[0.458s] -- Override CMake install command with custom implementation using symlinks instead of copying resources
[0.522s] -- Configuring done
[0.523s] -- Generating done
[0.524s] -- Build files have been written to: /home/nayanika/robotic_arm_ws/build/mrf_bringup
[0.526s] Invoked command in '/home/nayanika/robotic_arm_ws/build/mrf_bringup' returned '0': AMENT_PREFIX_PATH=/home/nayanika/robotic_arm_ws/install/mrf_perception:/home/nayanika/robotic_arm_ws/install/mrf_coordinator:/home/nayanika/robotic_arm_ws/install/mrf_msgs:/home/nayanika/robotic_arm_ws/install/mrf_gazebo:/home/nayanika/robotic_arm_ws/install/mrf_description:${AMENT_PREFIX_PATH} CMAKE_PREFIX_PATH=/home/nayanika/robotic_arm_ws/install/mrf_msgs:/home/nayanika/robotic_arm_ws/install/mrf_gazebo:/home/nayanika/robotic_arm_ws/install/mrf_description:/home/nayanika/robot_ws/install/arm_gazebo:/opt/ros/humble LD_LIBRARY_PATH=/home/nayanika/robotic_arm_ws/install/mrf_msgs/lib:${LD_LIBRARY_PATH} PATH=/home/nayanika/robotic_arm_ws/install/mrf_perception/bin:/home/nayanika/robotic_arm_ws/install/mrf_coordinator/bin:${PATH} PYTHONPATH=/home/nayanika/robotic_arm_ws/build/mrf_perception:/home/nayanika/robotic_arm_ws/install/mrf_perception/lib/python3.10/site-packages:/home/nayanika/robotic_arm_ws/build/mrf_coordinator:/home/nayanika/robotic_arm_ws/install/mrf_coordinator/lib/python3.10/site-packages:/home/nayanika/robotic_arm_ws/install/mrf_msgs/local/lib/python3.10/dist-packages:${PYTHONPATH} /usr/bin/cmake /home/nayanika/robotic_arm_ws/src/mrf_bringup -DAMENT_CMAKE_SYMLINK_INSTALL=1 -DCMAKE_INSTALL_PREFIX=/home/nayanika/robotic_arm_ws/install/mrf_bringup
[0.527s] Invoking command in '/home/nayanika/robotic_arm_ws/build/mrf_bringup': AMENT_PREFIX_PATH=/home/nayanika/robotic_arm_ws/install/mrf_perception:/home/nayanika/robotic_arm_ws/install/mrf_coordinator:/home/nayanika/robotic_arm_ws/install/mrf_msgs:/home/nayanika/robotic_arm_ws/install/mrf_gazebo:/home/nayanika/robotic_arm_ws/install/mrf_description:${AMENT_PREFIX_PATH} CMAKE_PREFIX_PATH=/home/nayanika/robotic_arm_ws/install/mrf_msgs:/home/nayanika/robotic_arm_ws/install/mrf_gazebo:/home/nayanika/robotic_arm_ws/install/mrf_description:/home/nayanika/robot_ws/install/arm_gazebo:/opt/ros/humble LD_LIBRARY_PATH=/home/nayanika/robotic_arm_ws/install/mrf_msgs/lib:${LD_LIBRARY_PATH} PATH=/home/nayanika/robotic_arm_ws/install/mrf_perception/bin:/home/nayanika/robotic_arm_ws/install/mrf_coordinator/bin:${PATH} PYTHONPATH=/home/nayanika/robotic_arm_ws/build/mrf_perception:/home/nayanika/robotic_arm_ws/install/mrf_perception/lib/python3.10/site-packages:/home/nayanika/robotic_arm_ws/build/mrf_coordinator:/home/nayanika/robotic_arm_ws/install/mrf_coordinator/lib/python3.10/site-packages:/home/nayanika/robotic_arm_ws/install/mrf_msgs/local/lib/python3.10/dist-packages:${PYTHONPATH} /usr/bin/cmake --build /home/nayanika/robotic_arm_ws/build/mrf_bringup -- -j24 -l24
[0.553s] Invoked command in '/home/nayanika/robotic_arm_ws/build/mrf_bringup' returned '0': AMENT_PREFIX_PATH=/home/nayanika/robotic_arm_ws/install/mrf_perception:/home/nayanika/robotic_arm_ws/install/mrf_coordinator:/home/nayanika/robotic_arm_ws/install/mrf_msgs:/home/nayanika/robotic_arm_ws/install/mrf_gazebo:/home/nayanika/robotic_arm_ws/install/mrf_description:${AMENT_PREFIX_PATH} CMAKE_PREFIX_PATH=/home/nayanika/robotic_arm_ws/install/mrf_msgs:/home/nayanika/robotic_arm_ws/install/mrf_gazebo:/home/nayanika/robotic_arm_ws/install/mrf_description:/home/nayanika/robot_ws/install/arm_gazebo:/opt/ros/humble LD_LIBRARY_PATH=/home/nayanika/robotic_arm_ws/install/mrf_msgs/lib:${LD_LIBRARY_PATH} PATH=/home/nayanika/robotic_arm_ws/install/mrf_perception/bin:/home/nayanika/robotic_arm_ws/install/mrf_coordinator/bin:${PATH} PYTHONPATH=/home/nayanika/robotic_arm_ws/build/mrf_perception:/home/nayanika/robotic_arm_ws/install/mrf_perception/lib/python3.10/site-packages:/home/nayanika/robotic_arm_ws/build/mrf_coordinator:/home/nayanika/robotic_arm_ws/install/mrf_coordinator/lib/python3.10/site-packages:/home/nayanika/robotic_arm_ws/install/mrf_msgs/local/lib/python3.10/dist-packages:${PYTHONPATH} /usr/bin/cmake --build /home/nayanika/robotic_arm_ws/build/mrf_bringup -- -j24 -l24
[0.554s] Invoking command in '/home/nayanika/robotic_arm_ws/build/mrf_bringup': AMENT_PREFIX_PATH=/home/nayanika/robotic_arm_ws/install/mrf_perception:/home/nayanika/robotic_arm_ws/install/mrf_coordinator:/home/nayanika/robotic_arm_ws/install/mrf_msgs:/home/nayanika/robotic_arm_ws/install/mrf_gazebo:/home/nayanika/robotic_arm_ws/install/mrf_description:${AMENT_PREFIX_PATH} CMAKE_PREFIX_PATH=/home/nayanika/robotic_arm_ws/install/mrf_msgs:/home/nayanika/robotic_arm_ws/install/mrf_gazebo:/home/nayanika/robotic_arm_ws/install/mrf_description:/home/nayanika/robot_ws/install/arm_gazebo:/opt/ros/humble LD_LIBRARY_PATH=/home/nayanika/robotic_arm_ws/install/mrf_msgs/lib:${LD_LIBRARY_PATH} PATH=/home/nayanika/robotic_arm_ws/install/mrf_perception/bin:/home/nayanika/robotic_arm_ws/install/mrf_coordinator/bin:${PATH} PYTHONPATH=/home/nayanika/robotic_arm_ws/build/mrf_perception:/home/nayanika/robotic_arm_ws/install/mrf_perception/lib/python3.10/site-packages:/home/nayanika/robotic_arm_ws/build/mrf_coordinator:/home/nayanika/robotic_arm_ws/install/mrf_coordinator/lib/python3.10/site-packages:/home/nayanika/robotic_arm_ws/install/mrf_msgs/local/lib/python3.10/dist-packages:${PYTHONPATH} /usr/bin/cmake --install /home/nayanika/robotic_arm_ws/build/mrf_bringup
[0.564s] -- Install configuration: ""
[0.564s] -- Execute custom install script
[0.565s] -- Symlinking: /home/nayanika/robotic_arm_ws/install/mrf_bringup/share/mrf_bringup/launch/mrf_sim.launch.py
[0.574s] -- Symlinking: /home/nayanika/robotic_arm_ws/install/mrf_bringup/share/ament_index/resource_index/package_run_dependencies/mrf_bringup
[0.586s] -- Symlinking: /home/nayanika/robotic_arm_ws/install/mrf_bringup/share/ament_index/resource_index/parent_prefix_path/mrf_bringup
[0.598s] -- Symlinking: /home/nayanika/robotic_arm_ws/install/mrf_bringup/share/mrf_bringup/environment/ament_prefix_path.sh
[0.609s] -- Symlinking: /home/nayanika/robotic_arm_ws/install/mrf_bringup/share/mrf_bringup/environment/ament_prefix_path.dsv
[0.620s] -- Symlinking: /home/nayanika/robotic_arm_ws/install/mrf_bringup/share/mrf_bringup/environment/path.sh
[0.630s] -- Symlinking: /home/nayanika/robotic_arm_ws/install/mrf_bringup/share/mrf_bringup/environment/path.dsv
[0.640s] -- Symlinking: /home/nayanika/robotic_arm_ws/install/mrf_bringup/share/mrf_bringup/local_setup.bash
[0.649s] -- Symlinking: /home/nayanika/robotic_arm_ws/install/mrf_bringup/share/mrf_bringup/local_setup.sh
[0.658s] -- Symlinking: /home/nayanika/robotic_arm_ws/install/mrf_bringup/share/mrf_bringup/local_setup.zsh
[0.671s] -- Symlinking: /home/nayanika/robotic_arm_ws/install/mrf_bringup/share/mrf_bringup/local_setup.dsv
[0.677s] -- Symlinking: /home/nayanika/robotic_arm_ws/install/mrf_bringup/share/mrf_bringup/package.dsv
[0.683s] -- Symlinking: /home/nayanika/robotic_arm_ws/install/mrf_bringup/share/ament_index/resource_index/packages/mrf_bringup
[0.690s] -- Symlinking: /home/nayanika/robotic_arm_ws/install/mrf_bringup/share/mrf_bringup/cmake/mrf_bringupConfig.cmake
[0.697s] -- Symlinking: /home/nayanika/robotic_arm_ws/install/mrf_bringup/share/mrf_bringup/cmake/mrf_bringupConfig-version.cmake
[0.701s] -- Symlinking: /home/nayanika/robotic_arm_ws/install/mrf_bringup/share/mrf_bringup/package.xml
[0.708s] Invoked command in '/home/nayanika/robotic_arm_ws/build/mrf_bringup' returned '0': AMENT_PREFIX_PATH=/home/nayanika/robotic_arm_ws/install/mrf_perception:/home/nayanika/robotic_arm_ws/install/mrf_coordinator:/home/nayanika/robotic_arm_ws/install/mrf_msgs:/home/nayanika/robotic_arm_ws/install/mrf_gazebo:/home/nayanika/robotic_arm_ws/install/mrf_description:${AMENT_PREFIX_PATH} CMAKE_PREFIX_PATH=/home/nayanika/robotic_arm_ws/install/mrf_msgs:/home/nayanika/robotic_arm_ws/install/mrf_gazebo:/home/nayanika/robotic_arm_ws/install/mrf_description:/home/nayanika/robot_ws/install/arm_gazebo:/opt/ros/humble LD_LIBRARY_PATH=/home/nayanika/robotic_arm_ws/install/mrf_msgs/lib:${LD_LIBRARY_PATH} PATH=/home/nayanika/robotic_arm_ws/install/mrf_perception/bin:/home/nayanika/robotic_arm_ws/install/mrf_coordinator/bin:${PATH} PYTHONPATH=/home/nayanika/robotic_arm_ws/build/mrf_perception:/home/nayanika/robotic_arm_ws/install/mrf_perception/lib/python3.10/site-packages:/home/nayanika/robotic_arm_ws/build/mrf_coordinator:/home/nayanika/robotic_arm_ws/install/mrf_coordinator/lib/python3.10/site-packages:/home/nayanika/robotic_arm_ws/install/mrf_msgs/local/lib/python3.10/dist-packages:${PYTHONPATH} /usr/bin/cmake --install /home/nayanika/robotic_arm_ws/build/mrf_bringup
