[0.008s] Invoking command in '/home/nayanika/robotic_arm_ws/build/mrf_gazebo': CMAKE_PREFIX_PATH=/home/nayanika/robot_ws/install/arm_gazebo:/opt/ros/humble /usr/bin/cmake --build /home/nayanika/robotic_arm_ws/build/mrf_gazebo -- -j24 -l24
[0.038s] Invoked command in '/home/nayanika/robotic_arm_ws/build/mrf_gazebo' returned '0': CMAKE_PREFIX_PATH=/home/nayanika/robot_ws/install/arm_gazebo:/opt/ros/humble /usr/bin/cmake --build /home/nayanika/robotic_arm_ws/build/mrf_gazebo -- -j24 -l24
[0.046s] Invoking command in '/home/nayanika/robotic_arm_ws/build/mrf_gazebo': CMAKE_PREFIX_PATH=/home/nayanika/robot_ws/install/arm_gazebo:/opt/ros/humble /usr/bin/cmake --install /home/nayanika/robotic_arm_ws/build/mrf_gazebo
[0.051s] -- Install configuration: ""
[0.052s] -- Execute custom install script
[0.052s] -- Up-to-date symlink: /home/nayanika/robotic_arm_ws/install/mrf_gazebo/share/mrf_gazebo/worlds/mrf_sorting.world
[0.053s] -- Up-to-date symlink: /home/nayanika/robotic_arm_ws/install/mrf_gazebo/share/mrf_gazebo/models/.gitkeep
[0.053s] -- Up-to-date symlink: /home/nayanika/robotic_arm_ws/install/mrf_gazebo/share/mrf_gazebo/models/concrete_floor/materials/scripts/concrete.material
[0.053s] -- Up-to-date symlink: /home/nayanika/robotic_arm_ws/install/mrf_gazebo/share/mrf_gazebo/models/concrete_floor/materials/textures/concrete.png
[0.053s] -- Up-to-date symlink: /home/nayanika/robotic_arm_ws/install/mrf_gazebo/share/mrf_gazebo/models/concrete_floor/model.config
[0.053s] -- Up-to-date symlink: /home/nayanika/robotic_arm_ws/install/mrf_gazebo/share/mrf_gazebo/models/concrete_floor/model.sdf
[0.053s] -- Up-to-date symlink: /home/nayanika/robotic_arm_ws/install/mrf_gazebo/share/mrf_gazebo/models/safety_fence/materials/scripts/fence.material
[0.053s] -- Symlinking: /home/nayanika/robotic_arm_ws/install/mrf_gazebo/share/mrf_gazebo/models/safety_fence/materials/textures/caution.png
[0.060s] -- Up-to-date symlink: /home/nayanika/robotic_arm_ws/install/mrf_gazebo/share/mrf_gazebo/models/safety_fence/materials/textures/wiremesh.png
[0.060s] -- Up-to-date symlink: /home/nayanika/robotic_arm_ws/install/mrf_gazebo/share/mrf_gazebo/models/safety_fence/model.config
[0.060s] -- Up-to-date symlink: /home/nayanika/robotic_arm_ws/install/mrf_gazebo/share/mrf_gazebo/models/safety_fence/model.sdf
[0.060s] -- Up-to-date symlink: /home/nayanika/robotic_arm_ws/install/mrf_gazebo/share/ament_index/resource_index/package_run_dependencies/mrf_gazebo
[0.060s] -- Up-to-date symlink: /home/nayanika/robotic_arm_ws/install/mrf_gazebo/share/ament_index/resource_index/parent_prefix_path/mrf_gazebo
[0.060s] -- Up-to-date symlink: /home/nayanika/robotic_arm_ws/install/mrf_gazebo/share/mrf_gazebo/environment/ament_prefix_path.sh
[0.060s] -- Up-to-date symlink: /home/nayanika/robotic_arm_ws/install/mrf_gazebo/share/mrf_gazebo/environment/ament_prefix_path.dsv
[0.060s] -- Up-to-date symlink: /home/nayanika/robotic_arm_ws/install/mrf_gazebo/share/mrf_gazebo/environment/path.sh
[0.060s] -- Up-to-date symlink: /home/nayanika/robotic_arm_ws/install/mrf_gazebo/share/mrf_gazebo/environment/path.dsv
[0.060s] -- Up-to-date symlink: /home/nayanika/robotic_arm_ws/install/mrf_gazebo/share/mrf_gazebo/local_setup.bash
[0.061s] -- Up-to-date symlink: /home/nayanika/robotic_arm_ws/install/mrf_gazebo/share/mrf_gazebo/local_setup.sh
[0.061s] -- Up-to-date symlink: /home/nayanika/robotic_arm_ws/install/mrf_gazebo/share/mrf_gazebo/local_setup.zsh
[0.061s] -- Up-to-date symlink: /home/nayanika/robotic_arm_ws/install/mrf_gazebo/share/mrf_gazebo/local_setup.dsv
[0.061s] -- Symlinking: /home/nayanika/robotic_arm_ws/install/mrf_gazebo/share/mrf_gazebo/package.dsv
[0.068s] -- Up-to-date symlink: /home/nayanika/robotic_arm_ws/install/mrf_gazebo/share/ament_index/resource_index/packages/mrf_gazebo
[0.068s] -- Up-to-date symlink: /home/nayanika/robotic_arm_ws/install/mrf_gazebo/share/mrf_gazebo/cmake/mrf_gazeboConfig.cmake
[0.068s] -- Up-to-date symlink: /home/nayanika/robotic_arm_ws/install/mrf_gazebo/share/mrf_gazebo/cmake/mrf_gazeboConfig-version.cmake
[0.068s] -- Up-to-date symlink: /home/nayanika/robotic_arm_ws/install/mrf_gazebo/share/mrf_gazebo/package.xml
[0.070s] Invoked command in '/home/nayanika/robotic_arm_ws/build/mrf_gazebo' returned '0': CMAKE_PREFIX_PATH=/home/nayanika/robot_ws/install/arm_gazebo:/opt/ros/humble /usr/bin/cmake --install /home/nayanika/robotic_arm_ws/build/mrf_gazebo
