[0.010s] Invoking command in '/home/nayanika/robotic_arm_ws/build/mrf_gazebo': CMAKE_PREFIX_PATH=${CMAKE_PREFIX_PATH}:/home/nayanika/robotic_arm_ws/install/mrf_perception:/home/nayanika/robotic_arm_ws/install/mrf_coordinator:/home/nayanika/robot_ws/install/arm_gazebo:/opt/ros/humble /usr/bin/cmake --build /home/nayanika/robotic_arm_ws/build/mrf_gazebo -- -j24 -l24
[0.037s] Invoked command in '/home/nayanika/robotic_arm_ws/build/mrf_gazebo' returned '0': CMAKE_PREFIX_PATH=${CMAKE_PREFIX_PATH}:/home/nayanika/robotic_arm_ws/install/mrf_perception:/home/nayanika/robotic_arm_ws/install/mrf_coordinator:/home/nayanika/robot_ws/install/arm_gazebo:/opt/ros/humble /usr/bin/cmake --build /home/nayanika/robotic_arm_ws/build/mrf_gazebo -- -j24 -l24
[0.045s] Invoking command in '/home/nayanika/robotic_arm_ws/build/mrf_gazebo': CMAKE_PREFIX_PATH=${CMAKE_PREFIX_PATH}:/home/nayanika/robotic_arm_ws/install/mrf_perception:/home/nayanika/robotic_arm_ws/install/mrf_coordinator:/home/nayanika/robot_ws/install/arm_gazebo:/opt/ros/humble /usr/bin/cmake --install /home/nayanika/robotic_arm_ws/build/mrf_gazebo
[0.058s] -- Install configuration: ""
[0.059s] -- Execute custom install script
[0.060s] -- Up-to-date symlink: /home/nayanika/robotic_arm_ws/install/mrf_gazebo/share/mrf_gazebo/worlds/mrf_sorting.world
[0.061s] -- Up-to-date symlink: /home/nayanika/robotic_arm_ws/install/mrf_gazebo/share/mrf_gazebo/models/.gitkeep
[0.061s] -- Up-to-date symlink: /home/nayanika/robotic_arm_ws/install/mrf_gazebo/share/ament_index/resource_index/package_run_dependencies/mrf_gazebo
[0.062s] -- Up-to-date symlink: /home/nayanika/robotic_arm_ws/install/mrf_gazebo/share/ament_index/resource_index/parent_prefix_path/mrf_gazebo
[0.062s] -- Up-to-date symlink: /home/nayanika/robotic_arm_ws/install/mrf_gazebo/share/mrf_gazebo/environment/ament_prefix_path.sh
[0.063s] -- Up-to-date symlink: /home/nayanika/robotic_arm_ws/install/mrf_gazebo/share/mrf_gazebo/environment/ament_prefix_path.dsv
[0.063s] -- Up-to-date symlink: /home/nayanika/robotic_arm_ws/install/mrf_gazebo/share/mrf_gazebo/environment/path.sh
[0.064s] -- Up-to-date symlink: /home/nayanika/robotic_arm_ws/install/mrf_gazebo/share/mrf_gazebo/environment/path.dsv
[0.065s] -- Up-to-date symlink: /home/nayanika/robotic_arm_ws/install/mrf_gazebo/share/mrf_gazebo/local_setup.bash
[0.065s] -- Up-to-date symlink: /home/nayanika/robotic_arm_ws/install/mrf_gazebo/share/mrf_gazebo/local_setup.sh
[0.066s] -- Up-to-date symlink: /home/nayanika/robotic_arm_ws/install/mrf_gazebo/share/mrf_gazebo/local_setup.zsh
[0.066s] -- Up-to-date symlink: /home/nayanika/robotic_arm_ws/install/mrf_gazebo/share/mrf_gazebo/local_setup.dsv
[0.066s] -- Symlinking: /home/nayanika/robotic_arm_ws/install/mrf_gazebo/share/mrf_gazebo/package.dsv
[0.076s] -- Up-to-date symlink: /home/nayanika/robotic_arm_ws/install/mrf_gazebo/share/ament_index/resource_index/packages/mrf_gazebo
[0.076s] -- Up-to-date symlink: /home/nayanika/robotic_arm_ws/install/mrf_gazebo/share/mrf_gazebo/cmake/mrf_gazeboConfig.cmake
[0.077s] -- Up-to-date symlink: /home/nayanika/robotic_arm_ws/install/mrf_gazebo/share/mrf_gazebo/cmake/mrf_gazeboConfig-version.cmake
[0.077s] -- Up-to-date symlink: /home/nayanika/robotic_arm_ws/install/mrf_gazebo/share/mrf_gazebo/package.xml
[0.089s] Invoked command in '/home/nayanika/robotic_arm_ws/build/mrf_gazebo' returned '0': CMAKE_PREFIX_PATH=${CMAKE_PREFIX_PATH}:/home/nayanika/robotic_arm_ws/install/mrf_perception:/home/nayanika/robotic_arm_ws/install/mrf_coordinator:/home/nayanika/robot_ws/install/arm_gazebo:/opt/ros/humble /usr/bin/cmake --install /home/nayanika/robotic_arm_ws/build/mrf_gazebo
