[0.009s] Invoking command in '/home/nayanika/robotic_arm_ws/build/mrf_description': CMAKE_PREFIX_PATH=${CMAKE_PREFIX_PATH}:/home/nayanika/robotic_arm_ws/install/mrf_perception:/home/nayanika/robotic_arm_ws/install/mrf_coordinator:/home/nayanika/robot_ws/install/arm_gazebo:/opt/ros/humble /usr/bin/cmake --build /home/nayanika/robotic_arm_ws/build/mrf_description -- -j24 -l24
[0.040s] Invoked command in '/home/nayanika/robotic_arm_ws/build/mrf_description' returned '0': CMAKE_PREFIX_PATH=${CMAKE_PREFIX_PATH}:/home/nayanika/robotic_arm_ws/install/mrf_perception:/home/nayanika/robotic_arm_ws/install/mrf_coordinator:/home/nayanika/robot_ws/install/arm_gazebo:/opt/ros/humble /usr/bin/cmake --build /home/nayanika/robotic_arm_ws/build/mrf_description -- -j24 -l24
[0.047s] Invoking command in '/home/nayanika/robotic_arm_ws/build/mrf_description': CMAKE_PREFIX_PATH=${CMAKE_PREFIX_PATH}:/home/nayanika/robotic_arm_ws/install/mrf_perception:/home/nayanika/robotic_arm_ws/install/mrf_coordinator:/home/nayanika/robot_ws/install/arm_gazebo:/opt/ros/humble /usr/bin/cmake --install /home/nayanika/robotic_arm_ws/build/mrf_description
[0.057s] -- Install configuration: ""
[0.058s] -- Execute custom install script
[0.059s] -- Up-to-date symlink: /home/nayanika/robotic_arm_ws/install/mrf_description/share/mrf_description/urdf/kr_arm.xacro
[0.059s] -- Up-to-date symlink: /home/nayanika/robotic_arm_ws/install/mrf_description/share/mrf_description/urdf/robot.urdf.xacro
[0.059s] -- Up-to-date symlink: /home/nayanika/robotic_arm_ws/install/mrf_description/share/mrf_description/config/controllers.yaml
[0.060s] -- Up-to-date symlink: /home/nayanika/robotic_arm_ws/install/mrf_description/share/ament_index/resource_index/package_run_dependencies/mrf_description
[0.060s] -- Up-to-date symlink: /home/nayanika/robotic_arm_ws/install/mrf_description/share/ament_index/resource_index/parent_prefix_path/mrf_description
[0.060s] -- Up-to-date symlink: /home/nayanika/robotic_arm_ws/install/mrf_description/share/mrf_description/environment/ament_prefix_path.sh
[0.060s] -- Up-to-date symlink: /home/nayanika/robotic_arm_ws/install/mrf_description/share/mrf_description/environment/ament_prefix_path.dsv
[0.061s] -- Up-to-date symlink: /home/nayanika/robotic_arm_ws/install/mrf_description/share/mrf_description/environment/path.sh
[0.061s] -- Up-to-date symlink: /home/nayanika/robotic_arm_ws/install/mrf_description/share/mrf_description/environment/path.dsv
[0.061s] -- Up-to-date symlink: /home/nayanika/robotic_arm_ws/install/mrf_description/share/mrf_description/local_setup.bash
[0.061s] -- Up-to-date symlink: /home/nayanika/robotic_arm_ws/install/mrf_description/share/mrf_description/local_setup.sh
[0.062s] -- Up-to-date symlink: /home/nayanika/robotic_arm_ws/install/mrf_description/share/mrf_description/local_setup.zsh
[0.062s] -- Up-to-date symlink: /home/nayanika/robotic_arm_ws/install/mrf_description/share/mrf_description/local_setup.dsv
[0.062s] -- Symlinking: /home/nayanika/robotic_arm_ws/install/mrf_description/share/mrf_description/package.dsv
[0.070s] -- Up-to-date symlink: /home/nayanika/robotic_arm_ws/install/mrf_description/share/ament_index/resource_index/packages/mrf_description
[0.070s] -- Up-to-date symlink: /home/nayanika/robotic_arm_ws/install/mrf_description/share/mrf_description/cmake/mrf_descriptionConfig.cmake
[0.070s] -- Up-to-date symlink: /home/nayanika/robotic_arm_ws/install/mrf_description/share/mrf_description/cmake/mrf_descriptionConfig-version.cmake
[0.070s] -- Up-to-date symlink: /home/nayanika/robotic_arm_ws/install/mrf_description/share/mrf_description/package.xml
[0.084s] Invoked command in '/home/nayanika/robotic_arm_ws/build/mrf_description' returned '0': CMAKE_PREFIX_PATH=${CMAKE_PREFIX_PATH}:/home/nayanika/robotic_arm_ws/install/mrf_perception:/home/nayanika/robotic_arm_ws/install/mrf_coordinator:/home/nayanika/robot_ws/install/arm_gazebo:/opt/ros/humble /usr/bin/cmake --install /home/nayanika/robotic_arm_ws/build/mrf_description
