running develop
running egg_info
creating mrf_perception.egg-info
writing mrf_perception.egg-info/PKG-INFO
writing dependency_links to mrf_perception.egg-info/dependency_links.txt
writing entry points to mrf_perception.egg-info/entry_points.txt
writing requirements to mrf_perception.egg-info/requires.txt
writing top-level names to mrf_perception.egg-info/top_level.txt
writing manifest file 'mrf_perception.egg-info/SOURCES.txt'
reading manifest file 'mrf_perception.egg-info/SOURCES.txt'
writing manifest file 'mrf_perception.egg-info/SOURCES.txt'
running build_ext
Creating /home/nayanika/robotic_arm_ws/install/mrf_perception/lib/python3.10/site-packages/mrf-perception.egg-link (link to .)
Installing perception script to /home/nayanika/robotic_arm_ws/install/mrf_perception/bin

Installed /home/nayanika/robotic_arm_ws/build/mrf_perception
running symlink_data
creating /home/nayanika/robotic_arm_ws/install/mrf_perception/share/ament_index
creating /home/nayanika/robotic_arm_ws/install/mrf_perception/share/ament_index/resource_index
creating /home/nayanika/robotic_arm_ws/install/mrf_perception/share/ament_index/resource_index/packages
symbolically linking /home/nayanika/robotic_arm_ws/build/mrf_perception/resource/mrf_perception -> /home/nayanika/robotic_arm_ws/install/mrf_perception/share/ament_index/resource_index/packages
symbolically linking /home/nayanika/robotic_arm_ws/build/mrf_perception/package.xml -> /home/nayanika/robotic_arm_ws/install/mrf_perception/share/mrf_perception
