[0.446s] Invoking command in '/home/nayanika/robotic_arm_ws/build/mrf_perception': AMENT_PREFIX_PATH=/home/nayanika/robotic_arm_ws/install/mrf_msgs:${AMENT_PREFIX_PATH} CMAKE_PREFIX_PATH=/home/nayanika/robotic_arm_ws/install/mrf_msgs LD_LIBRARY_PATH=/home/nayanika/robotic_arm_ws/install/mrf_msgs/lib:${LD_LIBRARY_PATH} PYTHONPATH=/home/nayanika/robotic_arm_ws/build/mrf_perception/prefix_override:/usr/lib/python3/dist-packages/colcon_core/task/python/colcon_distutils_commands:/home/nayanika/robotic_arm_ws/install/mrf_perception/lib/python3.10/site-packages:/home/nayanika/robotic_arm_ws/install/mrf_msgs/local/lib/python3.10/dist-packages:${PYTHONPATH} /usr/bin/python3 -W ignore:setup.py install is deprecated -W ignore:easy_install command is deprecated setup.py develop --editable --build-directory /home/nayanika/robotic_arm_ws/build/mrf_perception/build --no-deps symlink_data
[0.573s] running develop
[0.656s] running egg_info
[0.657s] creating mrf_perception.egg-info
[0.657s] writing mrf_perception.egg-info/PKG-INFO
[0.657s] writing dependency_links to mrf_perception.egg-info/dependency_links.txt
[0.657s] writing entry points to mrf_perception.egg-info/entry_points.txt
[0.657s] writing requirements to mrf_perception.egg-info/requires.txt
[0.657s] writing top-level names to mrf_perception.egg-info/top_level.txt
[0.657s] writing manifest file 'mrf_perception.egg-info/SOURCES.txt'
[0.657s] reading manifest file 'mrf_perception.egg-info/SOURCES.txt'
[0.658s] writing manifest file 'mrf_perception.egg-info/SOURCES.txt'
[0.658s] running build_ext
[0.658s] Creating /home/nayanika/robotic_arm_ws/install/mrf_perception/lib/python3.10/site-packages/mrf-perception.egg-link (link to .)
[0.659s] Installing perception script to /home/nayanika/robotic_arm_ws/install/mrf_perception/bin
[0.659s] 
[0.659s] Installed /home/nayanika/robotic_arm_ws/build/mrf_perception
[0.659s] running symlink_data
[0.659s] creating /home/nayanika/robotic_arm_ws/install/mrf_perception/share/ament_index
[0.659s] creating /home/nayanika/robotic_arm_ws/install/mrf_perception/share/ament_index/resource_index
[0.659s] creating /home/nayanika/robotic_arm_ws/install/mrf_perception/share/ament_index/resource_index/packages
[0.659s] symbolically linking /home/nayanika/robotic_arm_ws/build/mrf_perception/resource/mrf_perception -> /home/nayanika/robotic_arm_ws/install/mrf_perception/share/ament_index/resource_index/packages
[0.659s] symbolically linking /home/nayanika/robotic_arm_ws/build/mrf_perception/package.xml -> /home/nayanika/robotic_arm_ws/install/mrf_perception/share/mrf_perception
[0.672s] Invoked command in '/home/nayanika/robotic_arm_ws/build/mrf_perception' returned '0': AMENT_PREFIX_PATH=/home/nayanika/robotic_arm_ws/install/mrf_msgs:${AMENT_PREFIX_PATH} CMAKE_PREFIX_PATH=/home/nayanika/robotic_arm_ws/install/mrf_msgs LD_LIBRARY_PATH=/home/nayanika/robotic_arm_ws/install/mrf_msgs/lib:${LD_LIBRARY_PATH} PYTHONPATH=/home/nayanika/robotic_arm_ws/build/mrf_perception/prefix_override:/usr/lib/python3/dist-packages/colcon_core/task/python/colcon_distutils_commands:/home/nayanika/robotic_arm_ws/install/mrf_perception/lib/python3.10/site-packages:/home/nayanika/robotic_arm_ws/install/mrf_msgs/local/lib/python3.10/dist-packages:${PYTHONPATH} /usr/bin/python3 -W ignore:setup.py install is deprecated -W ignore:easy_install command is deprecated setup.py develop --editable --build-directory /home/nayanika/robotic_arm_ws/build/mrf_perception/build --no-deps symlink_data
