[0.062s] DEBUG:colcon:Command line arguments: ['/usr/bin/colcon', 'build', '--symlink-install']
[0.062s] DEBUG:colcon:Parsed command line arguments: Namespace(log_base=None, log_level=None, verb_name='build', build_base='build', install_base='install', merge_install=False, symlink_install=True, test_result_base=None, continue_on_error=False, executor='parallel', parallel_workers=24, event_handlers=None, ignore_user_meta=False, metas=['./colcon.meta'], base_paths=['.'], packages_ignore=None, packages_ignore_regex=None, paths=None, packages_up_to=None, packages_up_to_regex=None, packages_above=None, packages_above_and_dependencies=None, packages_above_depth=None, packages_select_by_dep=None, packages_skip_by_dep=None, packages_skip_up_to=None, packages_select_build_failed=False, packages_skip_build_finished=False, packages_select_test_failures=False, packages_skip_test_passed=False, packages_select=None, packages_skip=None, packages_select_regex=None, packages_skip_regex=None, packages_start=None, packages_end=None, allow_overriding=[], cmake_args=None, cmake_target=None, cmake_target_skip_unavailable=False, cmake_clean_cache=False, cmake_clean_first=False, cmake_force_configure=False, ament_cmake_args=None, catkin_cmake_args=None, catkin_skip_building_tests=False, mixin_files=None, mixin=None, verb_parser=<colcon_mixin.mixin.mixin_argument.MixinArgumentDecorator object at 0x72df1529c0a0>, verb_extension=<colcon_core.verb.build.BuildVerb object at 0x72df1525f9d0>, main=<bound method BuildVerb.main of <colcon_core.verb.build.BuildVerb object at 0x72df1525f9d0>>, mixin_verb=('build',))
[0.151s] Level 1:colcon.colcon_core.package_discovery:discover_packages(colcon_meta) check parameters
[0.151s] Level 1:colcon.colcon_core.package_discovery:discover_packages(recursive) check parameters
[0.151s] Level 1:colcon.colcon_core.package_discovery:discover_packages(ignore) check parameters
[0.151s] Level 1:colcon.colcon_core.package_discovery:discover_packages(path) check parameters
[0.151s] Level 1:colcon.colcon_core.package_discovery:discover_packages(colcon_meta) discover
[0.151s] Level 1:colcon.colcon_core.package_discovery:discover_packages(recursive) discover
[0.151s] INFO:colcon.colcon_core.package_discovery:Crawling recursively for packages in '/home/nayanika/robotic_arm_ws'
[0.151s] Level 1:colcon.colcon_core.package_identification:_identify(.) by extensions ['ignore', 'ignore_ament_install']
[0.151s] Level 1:colcon.colcon_core.package_identification:_identify(.) by extension 'ignore'
[0.151s] Level 1:colcon.colcon_core.package_identification:_identify(.) by extension 'ignore_ament_install'
[0.152s] Level 1:colcon.colcon_core.package_identification:_identify(.) by extensions ['colcon_pkg']
[0.152s] Level 1:colcon.colcon_core.package_identification:_identify(.) by extension 'colcon_pkg'
[0.152s] Level 1:colcon.colcon_core.package_identification:_identify(.) by extensions ['colcon_meta']
[0.152s] Level 1:colcon.colcon_core.package_identification:_identify(.) by extension 'colcon_meta'
[0.152s] Level 1:colcon.colcon_core.package_identification:_identify(.) by extensions ['ros']
[0.152s] Level 1:colcon.colcon_core.package_identification:_identify(.) by extension 'ros'
[0.173s] Level 1:colcon.colcon_core.package_identification:_identify(.) by extensions ['cmake', 'python']
[0.173s] Level 1:colcon.colcon_core.package_identification:_identify(.) by extension 'cmake'
[0.173s] Level 1:colcon.colcon_core.package_identification:_identify(.) by extension 'python'
[0.173s] Level 1:colcon.colcon_core.package_identification:_identify(.) by extensions ['python_setup_py']
[0.173s] Level 1:colcon.colcon_core.package_identification:_identify(.) by extension 'python_setup_py'
[0.173s] Level 1:colcon.colcon_core.package_identification:_identify(build) by extensions ['ignore', 'ignore_ament_install']
[0.173s] Level 1:colcon.colcon_core.package_identification:_identify(build) by extension 'ignore'
[0.174s] Level 1:colcon.colcon_core.package_identification:_identify(build) ignored
[0.174s] Level 1:colcon.colcon_core.package_identification:_identify(install) by extensions ['ignore', 'ignore_ament_install']
[0.174s] Level 1:colcon.colcon_core.package_identification:_identify(install) by extension 'ignore'
[0.174s] Level 1:colcon.colcon_core.package_identification:_identify(install) ignored
[0.174s] Level 1:colcon.colcon_core.package_identification:_identify(log) by extensions ['ignore', 'ignore_ament_install']
[0.174s] Level 1:colcon.colcon_core.package_identification:_identify(log) by extension 'ignore'
[0.174s] Level 1:colcon.colcon_core.package_identification:_identify(log) ignored
[0.174s] Level 1:colcon.colcon_core.package_identification:_identify(src) by extensions ['ignore', 'ignore_ament_install']
[0.174s] Level 1:colcon.colcon_core.package_identification:_identify(src) by extension 'ignore'
[0.174s] Level 1:colcon.colcon_core.package_identification:_identify(src) by extension 'ignore_ament_install'
[0.174s] Level 1:colcon.colcon_core.package_identification:_identify(src) by extensions ['colcon_pkg']
[0.174s] Level 1:colcon.colcon_core.package_identification:_identify(src) by extension 'colcon_pkg'
[0.174s] Level 1:colcon.colcon_core.package_identification:_identify(src) by extensions ['colcon_meta']
[0.174s] Level 1:colcon.colcon_core.package_identification:_identify(src) by extension 'colcon_meta'
[0.174s] Level 1:colcon.colcon_core.package_identification:_identify(src) by extensions ['ros']
[0.174s] Level 1:colcon.colcon_core.package_identification:_identify(src) by extension 'ros'
[0.174s] Level 1:colcon.colcon_core.package_identification:_identify(src) by extensions ['cmake', 'python']
[0.174s] Level 1:colcon.colcon_core.package_identification:_identify(src) by extension 'cmake'
[0.174s] Level 1:colcon.colcon_core.package_identification:_identify(src) by extension 'python'
[0.174s] Level 1:colcon.colcon_core.package_identification:_identify(src) by extensions ['python_setup_py']
[0.174s] Level 1:colcon.colcon_core.package_identification:_identify(src) by extension 'python_setup_py'
[0.174s] Level 1:colcon.colcon_core.package_identification:_identify(src/mrf_bringup) by extensions ['ignore', 'ignore_ament_install']
[0.174s] Level 1:colcon.colcon_core.package_identification:_identify(src/mrf_bringup) by extension 'ignore'
[0.174s] Level 1:colcon.colcon_core.package_identification:_identify(src/mrf_bringup) by extension 'ignore_ament_install'
[0.174s] Level 1:colcon.colcon_core.package_identification:_identify(src/mrf_bringup) by extensions ['colcon_pkg']
[0.174s] Level 1:colcon.colcon_core.package_identification:_identify(src/mrf_bringup) by extension 'colcon_pkg'
[0.174s] Level 1:colcon.colcon_core.package_identification:_identify(src/mrf_bringup) by extensions ['colcon_meta']
[0.174s] Level 1:colcon.colcon_core.package_identification:_identify(src/mrf_bringup) by extension 'colcon_meta'
[0.174s] Level 1:colcon.colcon_core.package_identification:_identify(src/mrf_bringup) by extensions ['ros']
[0.174s] Level 1:colcon.colcon_core.package_identification:_identify(src/mrf_bringup) by extension 'ros'
[0.175s] DEBUG:colcon.colcon_core.package_identification:Package 'src/mrf_bringup' with type 'ros.ament_cmake' and name 'mrf_bringup'
[0.176s] Level 1:colcon.colcon_core.package_identification:_identify(src/mrf_coordinator) by extensions ['ignore', 'ignore_ament_install']
[0.176s] Level 1:colcon.colcon_core.package_identification:_identify(src/mrf_coordinator) by extension 'ignore'
[0.176s] Level 1:colcon.colcon_core.package_identification:_identify(src/mrf_coordinator) by extension 'ignore_ament_install'
[0.176s] Level 1:colcon.colcon_core.package_identification:_identify(src/mrf_coordinator) by extensions ['colcon_pkg']
[0.176s] Level 1:colcon.colcon_core.package_identification:_identify(src/mrf_coordinator) by extension 'colcon_pkg'
[0.176s] Level 1:colcon.colcon_core.package_identification:_identify(src/mrf_coordinator) by extensions ['colcon_meta']
[0.176s] Level 1:colcon.colcon_core.package_identification:_identify(src/mrf_coordinator) by extension 'colcon_meta'
[0.176s] Level 1:colcon.colcon_core.package_identification:_identify(src/mrf_coordinator) by extensions ['ros']
[0.176s] Level 1:colcon.colcon_core.package_identification:_identify(src/mrf_coordinator) by extension 'ros'
[0.176s] DEBUG:colcon.colcon_core.package_identification:Package 'src/mrf_coordinator' with type 'ros.ament_python' and name 'mrf_coordinator'
[0.176s] Level 1:colcon.colcon_core.package_identification:_identify(src/mrf_description) by extensions ['ignore', 'ignore_ament_install']
[0.176s] Level 1:colcon.colcon_core.package_identification:_identify(src/mrf_description) by extension 'ignore'
[0.176s] Level 1:colcon.colcon_core.package_identification:_identify(src/mrf_description) by extension 'ignore_ament_install'
[0.176s] Level 1:colcon.colcon_core.package_identification:_identify(src/mrf_description) by extensions ['colcon_pkg']
[0.176s] Level 1:colcon.colcon_core.package_identification:_identify(src/mrf_description) by extension 'colcon_pkg'
[0.176s] Level 1:colcon.colcon_core.package_identification:_identify(src/mrf_description) by extensions ['colcon_meta']
[0.176s] Level 1:colcon.colcon_core.package_identification:_identify(src/mrf_description) by extension 'colcon_meta'
[0.176s] Level 1:colcon.colcon_core.package_identification:_identify(src/mrf_description) by extensions ['ros']
[0.176s] Level 1:colcon.colcon_core.package_identification:_identify(src/mrf_description) by extension 'ros'
[0.177s] DEBUG:colcon.colcon_core.package_identification:Package 'src/mrf_description' with type 'ros.ament_cmake' and name 'mrf_description'
[0.177s] Level 1:colcon.colcon_core.package_identification:_identify(src/mrf_gazebo) by extensions ['ignore', 'ignore_ament_install']
[0.177s] Level 1:colcon.colcon_core.package_identification:_identify(src/mrf_gazebo) by extension 'ignore'
[0.177s] Level 1:colcon.colcon_core.package_identification:_identify(src/mrf_gazebo) by extension 'ignore_ament_install'
[0.177s] Level 1:colcon.colcon_core.package_identification:_identify(src/mrf_gazebo) by extensions ['colcon_pkg']
[0.177s] Level 1:colcon.colcon_core.package_identification:_identify(src/mrf_gazebo) by extension 'colcon_pkg'
[0.177s] Level 1:colcon.colcon_core.package_identification:_identify(src/mrf_gazebo) by extensions ['colcon_meta']
[0.177s] Level 1:colcon.colcon_core.package_identification:_identify(src/mrf_gazebo) by extension 'colcon_meta'
[0.177s] Level 1:colcon.colcon_core.package_identification:_identify(src/mrf_gazebo) by extensions ['ros']
[0.177s] Level 1:colcon.colcon_core.package_identification:_identify(src/mrf_gazebo) by extension 'ros'
[0.177s] DEBUG:colcon.colcon_core.package_identification:Package 'src/mrf_gazebo' with type 'ros.ament_cmake' and name 'mrf_gazebo'
[0.177s] Level 1:colcon.colcon_core.package_identification:_identify(src/mrf_msgs) by extensions ['ignore', 'ignore_ament_install']
[0.177s] Level 1:colcon.colcon_core.package_identification:_identify(src/mrf_msgs) by extension 'ignore'
[0.177s] Level 1:colcon.colcon_core.package_identification:_identify(src/mrf_msgs) by extension 'ignore_ament_install'
[0.177s] Level 1:colcon.colcon_core.package_identification:_identify(src/mrf_msgs) by extensions ['colcon_pkg']
[0.178s] Level 1:colcon.colcon_core.package_identification:_identify(src/mrf_msgs) by extension 'colcon_pkg'
[0.178s] Level 1:colcon.colcon_core.package_identification:_identify(src/mrf_msgs) by extensions ['colcon_meta']
[0.178s] Level 1:colcon.colcon_core.package_identification:_identify(src/mrf_msgs) by extension 'colcon_meta'
[0.178s] Level 1:colcon.colcon_core.package_identification:_identify(src/mrf_msgs) by extensions ['ros']
[0.178s] Level 1:colcon.colcon_core.package_identification:_identify(src/mrf_msgs) by extension 'ros'
[0.178s] DEBUG:colcon.colcon_core.package_identification:Package 'src/mrf_msgs' with type 'ros.ament_cmake' and name 'mrf_msgs'
[0.178s] Level 1:colcon.colcon_core.package_identification:_identify(src/mrf_perception) by extensions ['ignore', 'ignore_ament_install']
[0.178s] Level 1:colcon.colcon_core.package_identification:_identify(src/mrf_perception) by extension 'ignore'
[0.178s] Level 1:colcon.colcon_core.package_identification:_identify(src/mrf_perception) by extension 'ignore_ament_install'
[0.178s] Level 1:colcon.colcon_core.package_identification:_identify(src/mrf_perception) by extensions ['colcon_pkg']
[0.178s] Level 1:colcon.colcon_core.package_identification:_identify(src/mrf_perception) by extension 'colcon_pkg'
[0.178s] Level 1:colcon.colcon_core.package_identification:_identify(src/mrf_perception) by extensions ['colcon_meta']
[0.178s] Level 1:colcon.colcon_core.package_identification:_identify(src/mrf_perception) by extension 'colcon_meta'
[0.178s] Level 1:colcon.colcon_core.package_identification:_identify(src/mrf_perception) by extensions ['ros']
[0.178s] Level 1:colcon.colcon_core.package_identification:_identify(src/mrf_perception) by extension 'ros'
[0.179s] DEBUG:colcon.colcon_core.package_identification:Package 'src/mrf_perception' with type 'ros.ament_python' and name 'mrf_perception'
[0.179s] Level 1:colcon.colcon_core.package_discovery:discover_packages(recursive) using defaults
[0.179s] Level 1:colcon.colcon_core.package_discovery:discover_packages(ignore) discover
[0.179s] Level 1:colcon.colcon_core.package_discovery:discover_packages(ignore) using defaults
[0.179s] Level 1:colcon.colcon_core.package_discovery:discover_packages(path) discover
[0.179s] Level 1:colcon.colcon_core.package_discovery:discover_packages(path) using defaults
[0.191s] Level 1:colcon.colcon_core.package_discovery:discover_packages(prefix_path) check parameters
[0.191s] Level 1:colcon.colcon_core.package_discovery:discover_packages(prefix_path) discover
[0.191s] WARNING:colcon.colcon_ros.prefix_path.ament:The path '/home/nayanika/robotic_arm_ws/install/mrf_moveit_config' in the environment variable AMENT_PREFIX_PATH doesn't exist
[0.191s] WARNING:colcon.colcon_ros.prefix_path.catkin:The path '/home/nayanika/robotic_arm_ws/install/mrf_moveit_config' in the environment variable CMAKE_PREFIX_PATH doesn't exist
[0.192s] DEBUG:colcon.colcon_installed_package_information.package_discovery:Found 6 installed packages in /home/nayanika/robotic_arm_ws/install
[0.192s] DEBUG:colcon.colcon_installed_package_information.package_discovery:Found 2 installed packages in /home/nayanika/robot_ws/install
[0.193s] DEBUG:colcon.colcon_installed_package_information.package_discovery:Found 379 installed packages in /opt/ros/humble
[0.193s] Level 1:colcon.colcon_core.package_discovery:discover_packages(prefix_path) using defaults
[0.217s] Level 5:colcon.colcon_core.verb:set package 'mrf_description' build argument 'cmake_args' from command line to 'None'
[0.217s] Level 5:colcon.colcon_core.verb:set package 'mrf_description' build argument 'cmake_target' from command line to 'None'
[0.217s] Level 5:colcon.colcon_core.verb:set package 'mrf_description' build argument 'cmake_target_skip_unavailable' from command line to 'False'
[0.217s] Level 5:colcon.colcon_core.verb:set package 'mrf_description' build argument 'cmake_clean_cache' from command line to 'False'
[0.217s] Level 5:colcon.colcon_core.verb:set package 'mrf_description' build argument 'cmake_clean_first' from command line to 'False'
[0.217s] Level 5:colcon.colcon_core.verb:set package 'mrf_description' build argument 'cmake_force_configure' from command line to 'False'
[0.217s] Level 5:colcon.colcon_core.verb:set package 'mrf_description' build argument 'ament_cmake_args' from command line to 'None'
[0.217s] Level 5:colcon.colcon_core.verb:set package 'mrf_description' build argument 'catkin_cmake_args' from command line to 'None'
[0.217s] Level 5:colcon.colcon_core.verb:set package 'mrf_description' build argument 'catkin_skip_building_tests' from command line to 'False'
[0.217s] DEBUG:colcon.colcon_core.verb:Building package 'mrf_description' with the following arguments: {'ament_cmake_args': None, 'build_base': '/home/nayanika/robotic_arm_ws/build/mrf_description', 'catkin_cmake_args': None, 'catkin_skip_building_tests': False, 'cmake_args': None, 'cmake_clean_cache': False, 'cmake_clean_first': False, 'cmake_force_configure': False, 'cmake_target': None, 'cmake_target_skip_unavailable': False, 'install_base': '/home/nayanika/robotic_arm_ws/install/mrf_description', 'merge_install': False, 'path': '/home/nayanika/robotic_arm_ws/src/mrf_description', 'symlink_install': True, 'test_result_base': None}
[0.217s] Level 5:colcon.colcon_core.verb:set package 'mrf_gazebo' build argument 'cmake_args' from command line to 'None'
[0.217s] Level 5:colcon.colcon_core.verb:set package 'mrf_gazebo' build argument 'cmake_target' from command line to 'None'
[0.217s] Level 5:colcon.colcon_core.verb:set package 'mrf_gazebo' build argument 'cmake_target_skip_unavailable' from command line to 'False'
[0.217s] Level 5:colcon.colcon_core.verb:set package 'mrf_gazebo' build argument 'cmake_clean_cache' from command line to 'False'
[0.217s] Level 5:colcon.colcon_core.verb:set package 'mrf_gazebo' build argument 'cmake_clean_first' from command line to 'False'
[0.217s] Level 5:colcon.colcon_core.verb:set package 'mrf_gazebo' build argument 'cmake_force_configure' from command line to 'False'
[0.217s] Level 5:colcon.colcon_core.verb:set package 'mrf_gazebo' build argument 'ament_cmake_args' from command line to 'None'
[0.217s] Level 5:colcon.colcon_core.verb:set package 'mrf_gazebo' build argument 'catkin_cmake_args' from command line to 'None'
[0.217s] Level 5:colcon.colcon_core.verb:set package 'mrf_gazebo' build argument 'catkin_skip_building_tests' from command line to 'False'
[0.217s] DEBUG:colcon.colcon_core.verb:Building package 'mrf_gazebo' with the following arguments: {'ament_cmake_args': None, 'build_base': '/home/nayanika/robotic_arm_ws/build/mrf_gazebo', 'catkin_cmake_args': None, 'catkin_skip_building_tests': False, 'cmake_args': None, 'cmake_clean_cache': False, 'cmake_clean_first': False, 'cmake_force_configure': False, 'cmake_target': None, 'cmake_target_skip_unavailable': False, 'install_base': '/home/nayanika/robotic_arm_ws/install/mrf_gazebo', 'merge_install': False, 'path': '/home/nayanika/robotic_arm_ws/src/mrf_gazebo', 'symlink_install': True, 'test_result_base': None}
[0.217s] Level 5:colcon.colcon_core.verb:set package 'mrf_msgs' build argument 'cmake_args' from command line to 'None'
[0.217s] Level 5:colcon.colcon_core.verb:set package 'mrf_msgs' build argument 'cmake_target' from command line to 'None'
[0.217s] Level 5:colcon.colcon_core.verb:set package 'mrf_msgs' build argument 'cmake_target_skip_unavailable' from command line to 'False'
[0.217s] Level 5:colcon.colcon_core.verb:set package 'mrf_msgs' build argument 'cmake_clean_cache' from command line to 'False'
[0.217s] Level 5:colcon.colcon_core.verb:set package 'mrf_msgs' build argument 'cmake_clean_first' from command line to 'False'
[0.217s] Level 5:colcon.colcon_core.verb:set package 'mrf_msgs' build argument 'cmake_force_configure' from command line to 'False'
[0.217s] Level 5:colcon.colcon_core.verb:set package 'mrf_msgs' build argument 'ament_cmake_args' from command line to 'None'
[0.217s] Level 5:colcon.colcon_core.verb:set package 'mrf_msgs' build argument 'catkin_cmake_args' from command line to 'None'
[0.217s] Level 5:colcon.colcon_core.verb:set package 'mrf_msgs' build argument 'catkin_skip_building_tests' from command line to 'False'
[0.217s] DEBUG:colcon.colcon_core.verb:Building package 'mrf_msgs' with the following arguments: {'ament_cmake_args': None, 'build_base': '/home/nayanika/robotic_arm_ws/build/mrf_msgs', 'catkin_cmake_args': None, 'catkin_skip_building_tests': False, 'cmake_args': None, 'cmake_clean_cache': False, 'cmake_clean_first': False, 'cmake_force_configure': False, 'cmake_target': None, 'cmake_target_skip_unavailable': False, 'install_base': '/home/nayanika/robotic_arm_ws/install/mrf_msgs', 'merge_install': False, 'path': '/home/nayanika/robotic_arm_ws/src/mrf_msgs', 'symlink_install': True, 'test_result_base': None}
[0.218s] Level 5:colcon.colcon_core.verb:set package 'mrf_coordinator' build argument 'cmake_args' from command line to 'None'
[0.218s] Level 5:colcon.colcon_core.verb:set package 'mrf_coordinator' build argument 'cmake_target' from command line to 'None'
[0.218s] Level 5:colcon.colcon_core.verb:set package 'mrf_coordinator' build argument 'cmake_target_skip_unavailable' from command line to 'False'
[0.218s] Level 5:colcon.colcon_core.verb:set package 'mrf_coordinator' build argument 'cmake_clean_cache' from command line to 'False'
[0.218s] Level 5:colcon.colcon_core.verb:set package 'mrf_coordinator' build argument 'cmake_clean_first' from command line to 'False'
[0.218s] Level 5:colcon.colcon_core.verb:set package 'mrf_coordinator' build argument 'cmake_force_configure' from command line to 'False'
[0.218s] Level 5:colcon.colcon_core.verb:set package 'mrf_coordinator' build argument 'ament_cmake_args' from command line to 'None'
[0.218s] Level 5:colcon.colcon_core.verb:set package 'mrf_coordinator' build argument 'catkin_cmake_args' from command line to 'None'
[0.218s] Level 5:colcon.colcon_core.verb:set package 'mrf_coordinator' build argument 'catkin_skip_building_tests' from command line to 'False'
[0.218s] DEBUG:colcon.colcon_core.verb:Building package 'mrf_coordinator' with the following arguments: {'ament_cmake_args': None, 'build_base': '/home/nayanika/robotic_arm_ws/build/mrf_coordinator', 'catkin_cmake_args': None, 'catkin_skip_building_tests': False, 'cmake_args': None, 'cmake_clean_cache': False, 'cmake_clean_first': False, 'cmake_force_configure': False, 'cmake_target': None, 'cmake_target_skip_unavailable': False, 'install_base': '/home/nayanika/robotic_arm_ws/install/mrf_coordinator', 'merge_install': False, 'path': '/home/nayanika/robotic_arm_ws/src/mrf_coordinator', 'symlink_install': True, 'test_result_base': None}
[0.218s] Level 5:colcon.colcon_core.verb:set package 'mrf_perception' build argument 'cmake_args' from command line to 'None'
[0.218s] Level 5:colcon.colcon_core.verb:set package 'mrf_perception' build argument 'cmake_target' from command line to 'None'
[0.218s] Level 5:colcon.colcon_core.verb:set package 'mrf_perception' build argument 'cmake_target_skip_unavailable' from command line to 'False'
[0.218s] Level 5:colcon.colcon_core.verb:set package 'mrf_perception' build argument 'cmake_clean_cache' from command line to 'False'
[0.218s] Level 5:colcon.colcon_core.verb:set package 'mrf_perception' build argument 'cmake_clean_first' from command line to 'False'
[0.218s] Level 5:colcon.colcon_core.verb:set package 'mrf_perception' build argument 'cmake_force_configure' from command line to 'False'
[0.218s] Level 5:colcon.colcon_core.verb:set package 'mrf_perception' build argument 'ament_cmake_args' from command line to 'None'
[0.218s] Level 5:colcon.colcon_core.verb:set package 'mrf_perception' build argument 'catkin_cmake_args' from command line to 'None'
[0.218s] Level 5:colcon.colcon_core.verb:set package 'mrf_perception' build argument 'catkin_skip_building_tests' from command line to 'False'
[0.218s] DEBUG:colcon.colcon_core.verb:Building package 'mrf_perception' with the following arguments: {'ament_cmake_args': None, 'build_base': '/home/nayanika/robotic_arm_ws/build/mrf_perception', 'catkin_cmake_args': None, 'catkin_skip_building_tests': False, 'cmake_args': None, 'cmake_clean_cache': False, 'cmake_clean_first': False, 'cmake_force_configure': False, 'cmake_target': None, 'cmake_target_skip_unavailable': False, 'install_base': '/home/nayanika/robotic_arm_ws/install/mrf_perception', 'merge_install': False, 'path': '/home/nayanika/robotic_arm_ws/src/mrf_perception', 'symlink_install': True, 'test_result_base': None}
[0.218s] Level 5:colcon.colcon_core.verb:set package 'mrf_bringup' build argument 'cmake_args' from command line to 'None'
[0.218s] Level 5:colcon.colcon_core.verb:set package 'mrf_bringup' build argument 'cmake_target' from command line to 'None'
[0.218s] Level 5:colcon.colcon_core.verb:set package 'mrf_bringup' build argument 'cmake_target_skip_unavailable' from command line to 'False'
[0.218s] Level 5:colcon.colcon_core.verb:set package 'mrf_bringup' build argument 'cmake_clean_cache' from command line to 'False'
[0.218s] Level 5:colcon.colcon_core.verb:set package 'mrf_bringup' build argument 'cmake_clean_first' from command line to 'False'
[0.218s] Level 5:colcon.colcon_core.verb:set package 'mrf_bringup' build argument 'cmake_force_configure' from command line to 'False'
[0.218s] Level 5:colcon.colcon_core.verb:set package 'mrf_bringup' build argument 'ament_cmake_args' from command line to 'None'
[0.218s] Level 5:colcon.colcon_core.verb:set package 'mrf_bringup' build argument 'catkin_cmake_args' from command line to 'None'
[0.218s] Level 5:colcon.colcon_core.verb:set package 'mrf_bringup' build argument 'catkin_skip_building_tests' from command line to 'False'
[0.218s] DEBUG:colcon.colcon_core.verb:Building package 'mrf_bringup' with the following arguments: {'ament_cmake_args': None, 'build_base': '/home/nayanika/robotic_arm_ws/build/mrf_bringup', 'catkin_cmake_args': None, 'catkin_skip_building_tests': False, 'cmake_args': None, 'cmake_clean_cache': False, 'cmake_clean_first': False, 'cmake_force_configure': False, 'cmake_target': None, 'cmake_target_skip_unavailable': False, 'install_base': '/home/nayanika/robotic_arm_ws/install/mrf_bringup', 'merge_install': False, 'path': '/home/nayanika/robotic_arm_ws/src/mrf_bringup', 'symlink_install': True, 'test_result_base': None}
[0.218s] INFO:colcon.colcon_core.executor:Executing jobs using 'parallel' executor
[0.219s] DEBUG:colcon.colcon_parallel_executor.executor.parallel:run_until_complete
[0.219s] INFO:colcon.colcon_ros.task.ament_cmake.build:Building ROS package in '/home/nayanika/robotic_arm_ws/src/mrf_msgs' with build type 'ament_cmake'
[0.219s] INFO:colcon.colcon_cmake.task.cmake.build:Building CMake package in '/home/nayanika/robotic_arm_ws/src/mrf_msgs'
[0.221s] INFO:colcon.colcon_core.plugin_system:Skipping extension 'colcon_core.shell.bat': Not used on non-Windows systems
[0.221s] INFO:colcon.colcon_core.shell:Skip shell extension 'powershell' for command environment: Not usable outside of PowerShell
[0.221s] DEBUG:colcon.colcon_core.shell:Skip shell extension 'dsv' for command environment
[0.224s] INFO:colcon.colcon_ros.task.ament_cmake.build:Building ROS package in '/home/nayanika/robotic_arm_ws/src/mrf_description' with build type 'ament_cmake'
[0.224s] INFO:colcon.colcon_cmake.task.cmake.build:Building CMake package in '/home/nayanika/robotic_arm_ws/src/mrf_description'
[0.224s] INFO:colcon.colcon_core.shell:Skip shell extension 'powershell' for command environment: Not usable outside of PowerShell
[0.224s] DEBUG:colcon.colcon_core.shell:Skip shell extension 'dsv' for command environment
[0.226s] INFO:colcon.colcon_ros.task.ament_cmake.build:Building ROS package in '/home/nayanika/robotic_arm_ws/src/mrf_gazebo' with build type 'ament_cmake'
[0.226s] INFO:colcon.colcon_cmake.task.cmake.build:Building CMake package in '/home/nayanika/robotic_arm_ws/src/mrf_gazebo'
[0.227s] INFO:colcon.colcon_core.shell:Skip shell extension 'powershell' for command environment: Not usable outside of PowerShell
[0.227s] DEBUG:colcon.colcon_core.shell:Skip shell extension 'dsv' for command environment
[0.233s] DEBUG:colcon.colcon_core.event_handler.log_command:Invoking command in '/home/nayanika/robotic_arm_ws/build/mrf_msgs': CMAKE_PREFIX_PATH=${CMAKE_PREFIX_PATH}:/home/nayanika/robotic_arm_ws/install/mrf_perception:/home/nayanika/robotic_arm_ws/install/mrf_coordinator:/home/nayanika/robot_ws/install/arm_gazebo:/opt/ros/humble /usr/bin/cmake --build /home/nayanika/robotic_arm_ws/build/mrf_msgs -- -j24 -l24
[0.236s] DEBUG:colcon.colcon_core.event_handler.log_command:Invoking command in '/home/nayanika/robotic_arm_ws/build/mrf_description': CMAKE_PREFIX_PATH=${CMAKE_PREFIX_PATH}:/home/nayanika/robotic_arm_ws/install/mrf_perception:/home/nayanika/robotic_arm_ws/install/mrf_coordinator:/home/nayanika/robot_ws/install/arm_gazebo:/opt/ros/humble /usr/bin/cmake --build /home/nayanika/robotic_arm_ws/build/mrf_description -- -j24 -l24
[0.238s] DEBUG:colcon.colcon_core.event_handler.log_command:Invoking command in '/home/nayanika/robotic_arm_ws/build/mrf_gazebo': CMAKE_PREFIX_PATH=${CMAKE_PREFIX_PATH}:/home/nayanika/robotic_arm_ws/install/mrf_perception:/home/nayanika/robotic_arm_ws/install/mrf_coordinator:/home/nayanika/robot_ws/install/arm_gazebo:/opt/ros/humble /usr/bin/cmake --build /home/nayanika/robotic_arm_ws/build/mrf_gazebo -- -j24 -l24
[0.264s] DEBUG:colcon.colcon_core.event_handler.log_command:Invoked command in '/home/nayanika/robotic_arm_ws/build/mrf_description' returned '0': CMAKE_PREFIX_PATH=${CMAKE_PREFIX_PATH}:/home/nayanika/robotic_arm_ws/install/mrf_perception:/home/nayanika/robotic_arm_ws/install/mrf_coordinator:/home/nayanika/robot_ws/install/arm_gazebo:/opt/ros/humble /usr/bin/cmake --build /home/nayanika/robotic_arm_ws/build/mrf_description -- -j24 -l24
[0.275s] DEBUG:colcon.colcon_core.event_handler.log_command:Invoking command in '/home/nayanika/robotic_arm_ws/build/mrf_description': CMAKE_PREFIX_PATH=${CMAKE_PREFIX_PATH}:/home/nayanika/robotic_arm_ws/install/mrf_perception:/home/nayanika/robotic_arm_ws/install/mrf_coordinator:/home/nayanika/robot_ws/install/arm_gazebo:/opt/ros/humble /usr/bin/cmake --install /home/nayanika/robotic_arm_ws/build/mrf_description
[0.276s] DEBUG:colcon.colcon_core.event_handler.log_command:Invoked command in '/home/nayanika/robotic_arm_ws/build/mrf_gazebo' returned '0': CMAKE_PREFIX_PATH=${CMAKE_PREFIX_PATH}:/home/nayanika/robotic_arm_ws/install/mrf_perception:/home/nayanika/robotic_arm_ws/install/mrf_coordinator:/home/nayanika/robot_ws/install/arm_gazebo:/opt/ros/humble /usr/bin/cmake --build /home/nayanika/robotic_arm_ws/build/mrf_gazebo -- -j24 -l24
[0.278s] DEBUG:colcon.colcon_core.event_handler.log_command:Invoking command in '/home/nayanika/robotic_arm_ws/build/mrf_gazebo': CMAKE_PREFIX_PATH=${CMAKE_PREFIX_PATH}:/home/nayanika/robotic_arm_ws/install/mrf_perception:/home/nayanika/robotic_arm_ws/install/mrf_coordinator:/home/nayanika/robot_ws/install/arm_gazebo:/opt/ros/humble /usr/bin/cmake --install /home/nayanika/robotic_arm_ws/build/mrf_gazebo
[0.290s] Level 1:colcon.colcon_core.environment:create_environment_scripts_only(mrf_description)
[0.291s] DEBUG:colcon.colcon_core.event_handler.log_command:Invoked command in '/home/nayanika/robotic_arm_ws/build/mrf_description' returned '0': CMAKE_PREFIX_PATH=${CMAKE_PREFIX_PATH}:/home/nayanika/robotic_arm_ws/install/mrf_perception:/home/nayanika/robotic_arm_ws/install/mrf_coordinator:/home/nayanika/robot_ws/install/arm_gazebo:/opt/ros/humble /usr/bin/cmake --install /home/nayanika/robotic_arm_ws/build/mrf_description
[0.294s] Level 1:colcon.colcon_core.environment:checking '/home/nayanika/robotic_arm_ws/install/mrf_description' for CMake module files
[0.295s] Level 1:colcon.colcon_core.environment:checking '/home/nayanika/robotic_arm_ws/install/mrf_description' for CMake config files
[0.295s] Level 1:colcon.colcon_core.shell:create_environment_hook('mrf_description', 'cmake_prefix_path')
[0.295s] INFO:colcon.colcon_core.shell:Creating environment hook '/home/nayanika/robotic_arm_ws/install/mrf_description/share/mrf_description/hook/cmake_prefix_path.ps1'
[0.297s] INFO:colcon.colcon_core.shell:Creating environment descriptor '/home/nayanika/robotic_arm_ws/install/mrf_description/share/mrf_description/hook/cmake_prefix_path.dsv'
[0.298s] INFO:colcon.colcon_core.shell:Creating environment hook '/home/nayanika/robotic_arm_ws/install/mrf_description/share/mrf_description/hook/cmake_prefix_path.sh'
[0.299s] Level 1:colcon.colcon_core.environment:checking '/home/nayanika/robotic_arm_ws/install/mrf_description/bin'
[0.299s] Level 1:colcon.colcon_core.environment:checking '/home/nayanika/robotic_arm_ws/install/mrf_description/lib/pkgconfig/mrf_description.pc'
[0.300s] Level 1:colcon.colcon_core.environment:checking '/home/nayanika/robotic_arm_ws/install/mrf_description/lib/python3.10/site-packages'
[0.300s] Level 1:colcon.colcon_core.environment:checking '/home/nayanika/robotic_arm_ws/install/mrf_description/bin'
[0.301s] INFO:colcon.colcon_core.shell:Creating package script '/home/nayanika/robotic_arm_ws/install/mrf_description/share/mrf_description/package.ps1'
[0.302s] INFO:colcon.colcon_core.shell:Creating package descriptor '/home/nayanika/robotic_arm_ws/install/mrf_description/share/mrf_description/package.dsv'
[0.303s] INFO:colcon.colcon_core.shell:Creating package script '/home/nayanika/robotic_arm_ws/install/mrf_description/share/mrf_description/package.sh'
[0.304s] INFO:colcon.colcon_core.shell:Creating package script '/home/nayanika/robotic_arm_ws/install/mrf_description/share/mrf_description/package.bash'
[0.305s] INFO:colcon.colcon_core.shell:Creating package script '/home/nayanika/robotic_arm_ws/install/mrf_description/share/mrf_description/package.zsh'
[0.305s] Level 1:colcon.colcon_core.environment:create_file_with_runtime_dependencies(/home/nayanika/robotic_arm_ws/install/mrf_description/share/colcon-core/packages/mrf_description)
[0.306s] Level 1:colcon.colcon_core.environment:create_environment_scripts_only(mrf_description)
[0.306s] Level 1:colcon.colcon_core.environment:checking '/home/nayanika/robotic_arm_ws/install/mrf_description' for CMake module files
[0.306s] Level 1:colcon.colcon_core.environment:checking '/home/nayanika/robotic_arm_ws/install/mrf_description' for CMake config files
[0.306s] Level 1:colcon.colcon_core.shell:create_environment_hook('mrf_description', 'cmake_prefix_path')
[0.306s] INFO:colcon.colcon_core.shell:Creating environment hook '/home/nayanika/robotic_arm_ws/install/mrf_description/share/mrf_description/hook/cmake_prefix_path.ps1'
[0.307s] INFO:colcon.colcon_core.shell:Creating environment descriptor '/home/nayanika/robotic_arm_ws/install/mrf_description/share/mrf_description/hook/cmake_prefix_path.dsv'
[0.307s] INFO:colcon.colcon_core.shell:Creating environment hook '/home/nayanika/robotic_arm_ws/install/mrf_description/share/mrf_description/hook/cmake_prefix_path.sh'
[0.307s] Level 1:colcon.colcon_core.environment:checking '/home/nayanika/robotic_arm_ws/install/mrf_description/bin'
[0.307s] Level 1:colcon.colcon_core.environment:checking '/home/nayanika/robotic_arm_ws/install/mrf_description/lib/pkgconfig/mrf_description.pc'
[0.308s] Level 1:colcon.colcon_core.environment:checking '/home/nayanika/robotic_arm_ws/install/mrf_description/lib/python3.10/site-packages'
[0.308s] Level 1:colcon.colcon_core.environment:checking '/home/nayanika/robotic_arm_ws/install/mrf_description/bin'
[0.308s] INFO:colcon.colcon_core.shell:Creating package script '/home/nayanika/robotic_arm_ws/install/mrf_description/share/mrf_description/package.ps1'
[0.308s] INFO:colcon.colcon_core.shell:Creating package descriptor '/home/nayanika/robotic_arm_ws/install/mrf_description/share/mrf_description/package.dsv'
[0.309s] INFO:colcon.colcon_core.shell:Creating package script '/home/nayanika/robotic_arm_ws/install/mrf_description/share/mrf_description/package.sh'
[0.309s] INFO:colcon.colcon_core.shell:Creating package script '/home/nayanika/robotic_arm_ws/install/mrf_description/share/mrf_description/package.bash'
[0.309s] INFO:colcon.colcon_core.shell:Creating package script '/home/nayanika/robotic_arm_ws/install/mrf_description/share/mrf_description/package.zsh'
[0.310s] Level 1:colcon.colcon_core.environment:create_file_with_runtime_dependencies(/home/nayanika/robotic_arm_ws/install/mrf_description/share/colcon-core/packages/mrf_description)
[0.310s] Level 1:colcon.colcon_core.environment:create_environment_scripts_only(mrf_gazebo)
[0.311s] Level 1:colcon.colcon_core.environment:checking '/home/nayanika/robotic_arm_ws/install/mrf_gazebo' for CMake module files
[0.312s] DEBUG:colcon.colcon_core.event_handler.log_command:Invoked command in '/home/nayanika/robotic_arm_ws/build/mrf_gazebo' returned '0': CMAKE_PREFIX_PATH=${CMAKE_PREFIX_PATH}:/home/nayanika/robotic_arm_ws/install/mrf_perception:/home/nayanika/robotic_arm_ws/install/mrf_coordinator:/home/nayanika/robot_ws/install/arm_gazebo:/opt/ros/humble /usr/bin/cmake --install /home/nayanika/robotic_arm_ws/build/mrf_gazebo
[0.312s] Level 1:colcon.colcon_core.environment:checking '/home/nayanika/robotic_arm_ws/install/mrf_gazebo' for CMake config files
[0.312s] Level 1:colcon.colcon_core.shell:create_environment_hook('mrf_gazebo', 'cmake_prefix_path')
[0.312s] INFO:colcon.colcon_core.shell:Creating environment hook '/home/nayanika/robotic_arm_ws/install/mrf_gazebo/share/mrf_gazebo/hook/cmake_prefix_path.ps1'
[0.313s] INFO:colcon.colcon_core.shell:Creating environment descriptor '/home/nayanika/robotic_arm_ws/install/mrf_gazebo/share/mrf_gazebo/hook/cmake_prefix_path.dsv'
[0.313s] INFO:colcon.colcon_core.shell:Creating environment hook '/home/nayanika/robotic_arm_ws/install/mrf_gazebo/share/mrf_gazebo/hook/cmake_prefix_path.sh'
[0.314s] Level 1:colcon.colcon_core.environment:checking '/home/nayanika/robotic_arm_ws/install/mrf_gazebo/bin'
[0.314s] Level 1:colcon.colcon_core.environment:checking '/home/nayanika/robotic_arm_ws/install/mrf_gazebo/lib/pkgconfig/mrf_gazebo.pc'
[0.314s] Level 1:colcon.colcon_core.environment:checking '/home/nayanika/robotic_arm_ws/install/mrf_gazebo/lib/python3.10/site-packages'
[0.314s] Level 1:colcon.colcon_core.environment:checking '/home/nayanika/robotic_arm_ws/install/mrf_gazebo/bin'
[0.315s] INFO:colcon.colcon_core.shell:Creating package script '/home/nayanika/robotic_arm_ws/install/mrf_gazebo/share/mrf_gazebo/package.ps1'
[0.315s] INFO:colcon.colcon_core.shell:Creating package descriptor '/home/nayanika/robotic_arm_ws/install/mrf_gazebo/share/mrf_gazebo/package.dsv'
[0.316s] INFO:colcon.colcon_core.shell:Creating package script '/home/nayanika/robotic_arm_ws/install/mrf_gazebo/share/mrf_gazebo/package.sh'
[0.316s] INFO:colcon.colcon_core.shell:Creating package script '/home/nayanika/robotic_arm_ws/install/mrf_gazebo/share/mrf_gazebo/package.bash'
[0.316s] INFO:colcon.colcon_core.shell:Creating package script '/home/nayanika/robotic_arm_ws/install/mrf_gazebo/share/mrf_gazebo/package.zsh'
[0.316s] Level 1:colcon.colcon_core.environment:create_file_with_runtime_dependencies(/home/nayanika/robotic_arm_ws/install/mrf_gazebo/share/colcon-core/packages/mrf_gazebo)
[0.317s] Level 1:colcon.colcon_core.environment:create_environment_scripts_only(mrf_gazebo)
[0.317s] Level 1:colcon.colcon_core.environment:checking '/home/nayanika/robotic_arm_ws/install/mrf_gazebo' for CMake module files
[0.317s] Level 1:colcon.colcon_core.environment:checking '/home/nayanika/robotic_arm_ws/install/mrf_gazebo' for CMake config files
[0.317s] Level 1:colcon.colcon_core.shell:create_environment_hook('mrf_gazebo', 'cmake_prefix_path')
[0.317s] INFO:colcon.colcon_core.shell:Creating environment hook '/home/nayanika/robotic_arm_ws/install/mrf_gazebo/share/mrf_gazebo/hook/cmake_prefix_path.ps1'
[0.318s] INFO:colcon.colcon_core.shell:Creating environment descriptor '/home/nayanika/robotic_arm_ws/install/mrf_gazebo/share/mrf_gazebo/hook/cmake_prefix_path.dsv'
[0.318s] INFO:colcon.colcon_core.shell:Creating environment hook '/home/nayanika/robotic_arm_ws/install/mrf_gazebo/share/mrf_gazebo/hook/cmake_prefix_path.sh'
[0.318s] Level 1:colcon.colcon_core.environment:checking '/home/nayanika/robotic_arm_ws/install/mrf_gazebo/bin'
[0.318s] Level 1:colcon.colcon_core.environment:checking '/home/nayanika/robotic_arm_ws/install/mrf_gazebo/lib/pkgconfig/mrf_gazebo.pc'
[0.318s] Level 1:colcon.colcon_core.environment:checking '/home/nayanika/robotic_arm_ws/install/mrf_gazebo/lib/python3.10/site-packages'
[0.319s] Level 1:colcon.colcon_core.environment:checking '/home/nayanika/robotic_arm_ws/install/mrf_gazebo/bin'
[0.319s] INFO:colcon.colcon_core.shell:Creating package script '/home/nayanika/robotic_arm_ws/install/mrf_gazebo/share/mrf_gazebo/package.ps1'
[0.319s] INFO:colcon.colcon_core.shell:Creating package descriptor '/home/nayanika/robotic_arm_ws/install/mrf_gazebo/share/mrf_gazebo/package.dsv'
[0.320s] INFO:colcon.colcon_core.shell:Creating package script '/home/nayanika/robotic_arm_ws/install/mrf_gazebo/share/mrf_gazebo/package.sh'
[0.320s] INFO:colcon.colcon_core.shell:Creating package script '/home/nayanika/robotic_arm_ws/install/mrf_gazebo/share/mrf_gazebo/package.bash'
[0.320s] INFO:colcon.colcon_core.shell:Creating package script '/home/nayanika/robotic_arm_ws/install/mrf_gazebo/share/mrf_gazebo/package.zsh'
[0.320s] Level 1:colcon.colcon_core.environment:create_file_with_runtime_dependencies(/home/nayanika/robotic_arm_ws/install/mrf_gazebo/share/colcon-core/packages/mrf_gazebo)
[0.474s] DEBUG:colcon.colcon_core.event_handler.log_command:Invoked command in '/home/nayanika/robotic_arm_ws/build/mrf_msgs' returned '0': CMAKE_PREFIX_PATH=${CMAKE_PREFIX_PATH}:/home/nayanika/robotic_arm_ws/install/mrf_perception:/home/nayanika/robotic_arm_ws/install/mrf_coordinator:/home/nayanika/robot_ws/install/arm_gazebo:/opt/ros/humble /usr/bin/cmake --build /home/nayanika/robotic_arm_ws/build/mrf_msgs -- -j24 -l24
[0.476s] DEBUG:colcon.colcon_core.event_handler.log_command:Invoking command in '/home/nayanika/robotic_arm_ws/build/mrf_msgs': CMAKE_PREFIX_PATH=${CMAKE_PREFIX_PATH}:/home/nayanika/robotic_arm_ws/install/mrf_perception:/home/nayanika/robotic_arm_ws/install/mrf_coordinator:/home/nayanika/robot_ws/install/arm_gazebo:/opt/ros/humble /usr/bin/cmake --install /home/nayanika/robotic_arm_ws/build/mrf_msgs
[0.525s] Level 1:colcon.colcon_core.environment:create_environment_scripts_only(mrf_msgs)
[0.525s] Level 1:colcon.colcon_core.environment:checking '/home/nayanika/robotic_arm_ws/install/mrf_msgs' for CMake module files
[0.526s] DEBUG:colcon.colcon_core.event_handler.log_command:Invoked command in '/home/nayanika/robotic_arm_ws/build/mrf_msgs' returned '0': CMAKE_PREFIX_PATH=${CMAKE_PREFIX_PATH}:/home/nayanika/robotic_arm_ws/install/mrf_perception:/home/nayanika/robotic_arm_ws/install/mrf_coordinator:/home/nayanika/robot_ws/install/arm_gazebo:/opt/ros/humble /usr/bin/cmake --install /home/nayanika/robotic_arm_ws/build/mrf_msgs
[0.526s] Level 1:colcon.colcon_core.environment:checking '/home/nayanika/robotic_arm_ws/install/mrf_msgs' for CMake config files
[0.527s] Level 1:colcon.colcon_core.shell:create_environment_hook('mrf_msgs', 'cmake_prefix_path')
[0.527s] INFO:colcon.colcon_core.shell:Creating environment hook '/home/nayanika/robotic_arm_ws/install/mrf_msgs/share/mrf_msgs/hook/cmake_prefix_path.ps1'
[0.527s] INFO:colcon.colcon_core.shell:Creating environment descriptor '/home/nayanika/robotic_arm_ws/install/mrf_msgs/share/mrf_msgs/hook/cmake_prefix_path.dsv'
[0.527s] INFO:colcon.colcon_core.shell:Creating environment hook '/home/nayanika/robotic_arm_ws/install/mrf_msgs/share/mrf_msgs/hook/cmake_prefix_path.sh'
[0.527s] Level 1:colcon.colcon_core.environment:checking '/home/nayanika/robotic_arm_ws/install/mrf_msgs/lib'
[0.528s] Level 1:colcon.colcon_core.shell:create_environment_hook('mrf_msgs', 'ld_library_path_lib')
[0.528s] INFO:colcon.colcon_core.shell:Creating environment hook '/home/nayanika/robotic_arm_ws/install/mrf_msgs/share/mrf_msgs/hook/ld_library_path_lib.ps1'
[0.528s] INFO:colcon.colcon_core.shell:Creating environment descriptor '/home/nayanika/robotic_arm_ws/install/mrf_msgs/share/mrf_msgs/hook/ld_library_path_lib.dsv'
[0.528s] INFO:colcon.colcon_core.shell:Creating environment hook '/home/nayanika/robotic_arm_ws/install/mrf_msgs/share/mrf_msgs/hook/ld_library_path_lib.sh'
[0.529s] Level 1:colcon.colcon_core.environment:checking '/home/nayanika/robotic_arm_ws/install/mrf_msgs/bin'
[0.529s] Level 1:colcon.colcon_core.environment:checking '/home/nayanika/robotic_arm_ws/install/mrf_msgs/lib/pkgconfig/mrf_msgs.pc'
[0.529s] Level 1:colcon.colcon_core.environment:checking '/home/nayanika/robotic_arm_ws/install/mrf_msgs/lib/python3.10/site-packages'
[0.529s] Level 1:colcon.colcon_core.environment:checking '/home/nayanika/robotic_arm_ws/install/mrf_msgs/bin'
[0.530s] INFO:colcon.colcon_core.shell:Creating package script '/home/nayanika/robotic_arm_ws/install/mrf_msgs/share/mrf_msgs/package.ps1'
[0.530s] INFO:colcon.colcon_core.shell:Creating package descriptor '/home/nayanika/robotic_arm_ws/install/mrf_msgs/share/mrf_msgs/package.dsv'
[0.530s] INFO:colcon.colcon_core.shell:Creating package script '/home/nayanika/robotic_arm_ws/install/mrf_msgs/share/mrf_msgs/package.sh'
[0.531s] INFO:colcon.colcon_core.shell:Creating package script '/home/nayanika/robotic_arm_ws/install/mrf_msgs/share/mrf_msgs/package.bash'
[0.531s] INFO:colcon.colcon_core.shell:Creating package script '/home/nayanika/robotic_arm_ws/install/mrf_msgs/share/mrf_msgs/package.zsh'
[0.531s] Level 1:colcon.colcon_core.environment:create_file_with_runtime_dependencies(/home/nayanika/robotic_arm_ws/install/mrf_msgs/share/colcon-core/packages/mrf_msgs)
[0.532s] Level 1:colcon.colcon_core.environment:create_environment_scripts_only(mrf_msgs)
[0.532s] Level 1:colcon.colcon_core.environment:checking '/home/nayanika/robotic_arm_ws/install/mrf_msgs' for CMake module files
[0.532s] Level 1:colcon.colcon_core.environment:checking '/home/nayanika/robotic_arm_ws/install/mrf_msgs' for CMake config files
[0.532s] Level 1:colcon.colcon_core.shell:create_environment_hook('mrf_msgs', 'cmake_prefix_path')
[0.532s] INFO:colcon.colcon_core.shell:Creating environment hook '/home/nayanika/robotic_arm_ws/install/mrf_msgs/share/mrf_msgs/hook/cmake_prefix_path.ps1'
[0.533s] INFO:colcon.colcon_core.shell:Creating environment descriptor '/home/nayanika/robotic_arm_ws/install/mrf_msgs/share/mrf_msgs/hook/cmake_prefix_path.dsv'
[0.533s] INFO:colcon.colcon_core.shell:Creating environment hook '/home/nayanika/robotic_arm_ws/install/mrf_msgs/share/mrf_msgs/hook/cmake_prefix_path.sh'
[0.533s] Level 1:colcon.colcon_core.environment:checking '/home/nayanika/robotic_arm_ws/install/mrf_msgs/lib'
[0.533s] Level 1:colcon.colcon_core.shell:create_environment_hook('mrf_msgs', 'ld_library_path_lib')
[0.533s] INFO:colcon.colcon_core.shell:Creating environment hook '/home/nayanika/robotic_arm_ws/install/mrf_msgs/share/mrf_msgs/hook/ld_library_path_lib.ps1'
[0.533s] INFO:colcon.colcon_core.shell:Creating environment descriptor '/home/nayanika/robotic_arm_ws/install/mrf_msgs/share/mrf_msgs/hook/ld_library_path_lib.dsv'
[0.534s] INFO:colcon.colcon_core.shell:Creating environment hook '/home/nayanika/robotic_arm_ws/install/mrf_msgs/share/mrf_msgs/hook/ld_library_path_lib.sh'
[0.534s] Level 1:colcon.colcon_core.environment:checking '/home/nayanika/robotic_arm_ws/install/mrf_msgs/bin'
[0.534s] Level 1:colcon.colcon_core.environment:checking '/home/nayanika/robotic_arm_ws/install/mrf_msgs/lib/pkgconfig/mrf_msgs.pc'
[0.534s] Level 1:colcon.colcon_core.environment:checking '/home/nayanika/robotic_arm_ws/install/mrf_msgs/lib/python3.10/site-packages'
[0.534s] Level 1:colcon.colcon_core.environment:checking '/home/nayanika/robotic_arm_ws/install/mrf_msgs/bin'
[0.534s] INFO:colcon.colcon_core.shell:Creating package script '/home/nayanika/robotic_arm_ws/install/mrf_msgs/share/mrf_msgs/package.ps1'
[0.535s] INFO:colcon.colcon_core.shell:Creating package descriptor '/home/nayanika/robotic_arm_ws/install/mrf_msgs/share/mrf_msgs/package.dsv'
[0.535s] INFO:colcon.colcon_core.shell:Creating package script '/home/nayanika/robotic_arm_ws/install/mrf_msgs/share/mrf_msgs/package.sh'
[0.535s] INFO:colcon.colcon_core.shell:Creating package script '/home/nayanika/robotic_arm_ws/install/mrf_msgs/share/mrf_msgs/package.bash'
[0.536s] INFO:colcon.colcon_core.shell:Creating package script '/home/nayanika/robotic_arm_ws/install/mrf_msgs/share/mrf_msgs/package.zsh'
[0.536s] Level 1:colcon.colcon_core.environment:create_file_with_runtime_dependencies(/home/nayanika/robotic_arm_ws/install/mrf_msgs/share/colcon-core/packages/mrf_msgs)
[0.536s] INFO:colcon.colcon_ros.task.ament_python.build:Building ROS package in '/home/nayanika/robotic_arm_ws/src/mrf_coordinator' with build type 'ament_python'
[0.536s] Level 1:colcon.colcon_core.shell:create_environment_hook('mrf_coordinator', 'ament_prefix_path')
[0.536s] INFO:colcon.colcon_core.shell:Creating environment hook '/home/nayanika/robotic_arm_ws/install/mrf_coordinator/share/mrf_coordinator/hook/ament_prefix_path.ps1'
[0.537s] INFO:colcon.colcon_core.shell:Creating environment descriptor '/home/nayanika/robotic_arm_ws/install/mrf_coordinator/share/mrf_coordinator/hook/ament_prefix_path.dsv'
[0.537s] INFO:colcon.colcon_core.shell:Creating environment hook '/home/nayanika/robotic_arm_ws/install/mrf_coordinator/share/mrf_coordinator/hook/ament_prefix_path.sh'
[0.537s] INFO:colcon.colcon_core.shell:Skip shell extension 'powershell' for command environment: Not usable outside of PowerShell
[0.537s] DEBUG:colcon.colcon_core.shell:Skip shell extension 'dsv' for command environment
[0.539s] INFO:colcon.colcon_ros.task.ament_python.build:Building ROS package in '/home/nayanika/robotic_arm_ws/src/mrf_perception' with build type 'ament_python'
[0.540s] Level 1:colcon.colcon_core.shell:create_environment_hook('mrf_perception', 'ament_prefix_path')
[0.540s] INFO:colcon.colcon_core.shell:Creating environment hook '/home/nayanika/robotic_arm_ws/install/mrf_perception/share/mrf_perception/hook/ament_prefix_path.ps1'
[0.540s] INFO:colcon.colcon_core.shell:Creating environment descriptor '/home/nayanika/robotic_arm_ws/install/mrf_perception/share/mrf_perception/hook/ament_prefix_path.dsv'
[0.540s] INFO:colcon.colcon_core.shell:Creating environment hook '/home/nayanika/robotic_arm_ws/install/mrf_perception/share/mrf_perception/hook/ament_prefix_path.sh'
[0.541s] INFO:colcon.colcon_core.shell:Skip shell extension 'powershell' for command environment: Not usable outside of PowerShell
[0.541s] DEBUG:colcon.colcon_core.shell:Skip shell extension 'dsv' for command environment
[0.689s] INFO:colcon.colcon_core.task.python.build:Building Python package in '/home/nayanika/robotic_arm_ws/src/mrf_coordinator'
[0.689s] INFO:colcon.colcon_core.shell:Skip shell extension 'powershell' for command environment: Not usable outside of PowerShell
[0.689s] DEBUG:colcon.colcon_core.shell:Skip shell extension 'dsv' for command environment
[0.822s] INFO:colcon.colcon_core.task.python.build:Building Python package in '/home/nayanika/robotic_arm_ws/src/mrf_perception'
[0.822s] INFO:colcon.colcon_core.shell:Skip shell extension 'powershell' for command environment: Not usable outside of PowerShell
[0.823s] DEBUG:colcon.colcon_core.shell:Skip shell extension 'dsv' for command environment
[1.020s] DEBUG:colcon.colcon_core.event_handler.log_command:Invoking command in '/home/nayanika/robotic_arm_ws/build/mrf_perception': PYTHONPATH=/home/nayanika/robotic_arm_ws/build/mrf_perception/prefix_override:/usr/lib/python3/dist-packages/colcon_core/task/python/colcon_distutils_commands:/home/nayanika/robotic_arm_ws/install/mrf_perception/lib/python3.10/site-packages:${PYTHONPATH} /usr/bin/python3 -W ignore:setup.py install is deprecated -W ignore:easy_install command is deprecated setup.py develop --editable --build-directory /home/nayanika/robotic_arm_ws/build/mrf_perception/build --no-deps symlink_data
[1.024s] DEBUG:colcon.colcon_core.event_handler.log_command:Invoking command in '/home/nayanika/robotic_arm_ws/build/mrf_coordinator': PYTHONPATH=/home/nayanika/robotic_arm_ws/build/mrf_coordinator/prefix_override:/usr/lib/python3/dist-packages/colcon_core/task/python/colcon_distutils_commands:/home/nayanika/robotic_arm_ws/install/mrf_coordinator/lib/python3.10/site-packages:${PYTHONPATH} /usr/bin/python3 -W ignore:setup.py install is deprecated -W ignore:easy_install command is deprecated setup.py develop --editable --build-directory /home/nayanika/robotic_arm_ws/build/mrf_coordinator/build --no-deps symlink_data
[1.278s] Level 1:colcon.colcon_core.shell:create_environment_hook('mrf_perception', 'pythonpath_develop')
[1.278s] INFO:colcon.colcon_core.shell:Creating environment hook '/home/nayanika/robotic_arm_ws/build/mrf_perception/share/mrf_perception/hook/pythonpath_develop.ps1'
[1.279s] DEBUG:colcon.colcon_core.event_handler.log_command:Invoked command in '/home/nayanika/robotic_arm_ws/build/mrf_perception' returned '0': PYTHONPATH=/home/nayanika/robotic_arm_ws/build/mrf_perception/prefix_override:/usr/lib/python3/dist-packages/colcon_core/task/python/colcon_distutils_commands:/home/nayanika/robotic_arm_ws/install/mrf_perception/lib/python3.10/site-packages:${PYTHONPATH} /usr/bin/python3 -W ignore:setup.py install is deprecated -W ignore:easy_install command is deprecated setup.py develop --editable --build-directory /home/nayanika/robotic_arm_ws/build/mrf_perception/build --no-deps symlink_data
[1.279s] INFO:colcon.colcon_core.shell:Creating environment descriptor '/home/nayanika/robotic_arm_ws/build/mrf_perception/share/mrf_perception/hook/pythonpath_develop.dsv'
[1.280s] INFO:colcon.colcon_core.shell:Creating environment hook '/home/nayanika/robotic_arm_ws/build/mrf_perception/share/mrf_perception/hook/pythonpath_develop.sh'
[1.280s] Level 1:colcon.colcon_core.environment:checking '/home/nayanika/robotic_arm_ws/install/mrf_perception' for CMake module files
[1.280s] Level 1:colcon.colcon_core.environment:checking '/home/nayanika/robotic_arm_ws/install/mrf_perception' for CMake config files
[1.281s] Level 1:colcon.colcon_core.environment:checking '/home/nayanika/robotic_arm_ws/install/mrf_perception/lib'
[1.281s] Level 1:colcon.colcon_core.environment:checking '/home/nayanika/robotic_arm_ws/install/mrf_perception/bin'
[1.281s] Level 1:colcon.colcon_core.environment:checking '/home/nayanika/robotic_arm_ws/install/mrf_perception/lib/pkgconfig/mrf_perception.pc'
[1.281s] Level 1:colcon.colcon_core.environment:checking '/home/nayanika/robotic_arm_ws/install/mrf_perception/lib/python3.10/site-packages'
[1.281s] Level 1:colcon.colcon_core.shell:create_environment_hook('mrf_perception', 'pythonpath')
[1.281s] INFO:colcon.colcon_core.shell:Creating environment hook '/home/nayanika/robotic_arm_ws/install/mrf_perception/share/mrf_perception/hook/pythonpath.ps1'
[1.281s] INFO:colcon.colcon_core.shell:Creating environment descriptor '/home/nayanika/robotic_arm_ws/install/mrf_perception/share/mrf_perception/hook/pythonpath.dsv'
[1.281s] INFO:colcon.colcon_core.shell:Creating environment hook '/home/nayanika/robotic_arm_ws/install/mrf_perception/share/mrf_perception/hook/pythonpath.sh'
[1.282s] Level 1:colcon.colcon_core.environment:checking '/home/nayanika/robotic_arm_ws/install/mrf_perception/bin'
[1.282s] Level 1:colcon.colcon_core.environment:create_environment_scripts_only(mrf_perception)
[1.282s] INFO:colcon.colcon_core.shell:Creating package script '/home/nayanika/robotic_arm_ws/install/mrf_perception/share/mrf_perception/package.ps1'
[1.283s] INFO:colcon.colcon_core.shell:Creating package descriptor '/home/nayanika/robotic_arm_ws/install/mrf_perception/share/mrf_perception/package.dsv'
[1.283s] INFO:colcon.colcon_core.shell:Creating package script '/home/nayanika/robotic_arm_ws/install/mrf_perception/share/mrf_perception/package.sh'
[1.283s] INFO:colcon.colcon_core.shell:Creating package script '/home/nayanika/robotic_arm_ws/install/mrf_perception/share/mrf_perception/package.bash'
[1.284s] INFO:colcon.colcon_core.shell:Creating package script '/home/nayanika/robotic_arm_ws/install/mrf_perception/share/mrf_perception/package.zsh'
[1.284s] Level 1:colcon.colcon_core.environment:create_file_with_runtime_dependencies(/home/nayanika/robotic_arm_ws/install/mrf_perception/share/colcon-core/packages/mrf_perception)
[1.292s] Level 1:colcon.colcon_core.shell:create_environment_hook('mrf_coordinator', 'pythonpath_develop')
[1.292s] INFO:colcon.colcon_core.shell:Creating environment hook '/home/nayanika/robotic_arm_ws/build/mrf_coordinator/share/mrf_coordinator/hook/pythonpath_develop.ps1'
[1.293s] DEBUG:colcon.colcon_core.event_handler.log_command:Invoked command in '/home/nayanika/robotic_arm_ws/build/mrf_coordinator' returned '0': PYTHONPATH=/home/nayanika/robotic_arm_ws/build/mrf_coordinator/prefix_override:/usr/lib/python3/dist-packages/colcon_core/task/python/colcon_distutils_commands:/home/nayanika/robotic_arm_ws/install/mrf_coordinator/lib/python3.10/site-packages:${PYTHONPATH} /usr/bin/python3 -W ignore:setup.py install is deprecated -W ignore:easy_install command is deprecated setup.py develop --editable --build-directory /home/nayanika/robotic_arm_ws/build/mrf_coordinator/build --no-deps symlink_data
[1.293s] INFO:colcon.colcon_core.shell:Creating environment descriptor '/home/nayanika/robotic_arm_ws/build/mrf_coordinator/share/mrf_coordinator/hook/pythonpath_develop.dsv'
[1.294s] INFO:colcon.colcon_core.shell:Creating environment hook '/home/nayanika/robotic_arm_ws/build/mrf_coordinator/share/mrf_coordinator/hook/pythonpath_develop.sh'
[1.294s] Level 1:colcon.colcon_core.environment:checking '/home/nayanika/robotic_arm_ws/install/mrf_coordinator' for CMake module files
[1.295s] Level 1:colcon.colcon_core.environment:checking '/home/nayanika/robotic_arm_ws/install/mrf_coordinator' for CMake config files
[1.295s] Level 1:colcon.colcon_core.environment:checking '/home/nayanika/robotic_arm_ws/install/mrf_coordinator/lib'
[1.295s] Level 1:colcon.colcon_core.environment:checking '/home/nayanika/robotic_arm_ws/install/mrf_coordinator/bin'
[1.295s] Level 1:colcon.colcon_core.environment:checking '/home/nayanika/robotic_arm_ws/install/mrf_coordinator/lib/pkgconfig/mrf_coordinator.pc'
[1.296s] Level 1:colcon.colcon_core.environment:checking '/home/nayanika/robotic_arm_ws/install/mrf_coordinator/lib/python3.10/site-packages'
[1.296s] Level 1:colcon.colcon_core.shell:create_environment_hook('mrf_coordinator', 'pythonpath')
[1.296s] INFO:colcon.colcon_core.shell:Creating environment hook '/home/nayanika/robotic_arm_ws/install/mrf_coordinator/share/mrf_coordinator/hook/pythonpath.ps1'
[1.296s] INFO:colcon.colcon_core.shell:Creating environment descriptor '/home/nayanika/robotic_arm_ws/install/mrf_coordinator/share/mrf_coordinator/hook/pythonpath.dsv'
[1.297s] INFO:colcon.colcon_core.shell:Creating environment hook '/home/nayanika/robotic_arm_ws/install/mrf_coordinator/share/mrf_coordinator/hook/pythonpath.sh'
[1.297s] Level 1:colcon.colcon_core.environment:checking '/home/nayanika/robotic_arm_ws/install/mrf_coordinator/bin'
[1.297s] Level 1:colcon.colcon_core.environment:create_environment_scripts_only(mrf_coordinator)
[1.298s] INFO:colcon.colcon_core.shell:Creating package script '/home/nayanika/robotic_arm_ws/install/mrf_coordinator/share/mrf_coordinator/package.ps1'
[1.298s] INFO:colcon.colcon_core.shell:Creating package descriptor '/home/nayanika/robotic_arm_ws/install/mrf_coordinator/share/mrf_coordinator/package.dsv'
[1.299s] INFO:colcon.colcon_core.shell:Creating package script '/home/nayanika/robotic_arm_ws/install/mrf_coordinator/share/mrf_coordinator/package.sh'
[1.299s] INFO:colcon.colcon_core.shell:Creating package script '/home/nayanika/robotic_arm_ws/install/mrf_coordinator/share/mrf_coordinator/package.bash'
[1.300s] INFO:colcon.colcon_core.shell:Creating package script '/home/nayanika/robotic_arm_ws/install/mrf_coordinator/share/mrf_coordinator/package.zsh'
[1.300s] Level 1:colcon.colcon_core.environment:create_file_with_runtime_dependencies(/home/nayanika/robotic_arm_ws/install/mrf_coordinator/share/colcon-core/packages/mrf_coordinator)
[1.300s] INFO:colcon.colcon_ros.task.ament_cmake.build:Building ROS package in '/home/nayanika/robotic_arm_ws/src/mrf_bringup' with build type 'ament_cmake'
[1.300s] INFO:colcon.colcon_cmake.task.cmake.build:Building CMake package in '/home/nayanika/robotic_arm_ws/src/mrf_bringup'
[1.300s] INFO:colcon.colcon_core.shell:Skip shell extension 'powershell' for command environment: Not usable outside of PowerShell
[1.301s] DEBUG:colcon.colcon_core.shell:Skip shell extension 'dsv' for command environment
[1.314s] DEBUG:colcon.colcon_core.event_handler.log_command:Invoking command in '/home/nayanika/robotic_arm_ws/build/mrf_bringup': AMENT_PREFIX_PATH=/home/nayanika/robotic_arm_ws/install/mrf_perception:/home/nayanika/robotic_arm_ws/install/mrf_coordinator:/home/nayanika/robotic_arm_ws/install/mrf_msgs:/home/nayanika/robotic_arm_ws/install/mrf_bringup:/home/nayanika/robotic_arm_ws/install/mrf_moveit_config:/home/nayanika/robotic_arm_ws/install/mrf_gazebo:/home/nayanika/robotic_arm_ws/install/mrf_description:/home/nayanika/robot_ws/install/arm_gazebo:/opt/ros/humble CMAKE_PREFIX_PATH=/home/nayanika/robotic_arm_ws/install/mrf_msgs:/home/nayanika/robotic_arm_ws/install/mrf_gazebo:/home/nayanika/robotic_arm_ws/install/mrf_description:/home/nayanika/robotic_arm_ws/install/mrf_bringup:/home/nayanika/robotic_arm_ws/install/mrf_moveit_config:/home/nayanika/robotic_arm_ws/install/mrf_perception:/home/nayanika/robotic_arm_ws/install/mrf_coordinator:/home/nayanika/robot_ws/install/arm_gazebo:/opt/ros/humble PYTHONPATH=/home/nayanika/robotic_arm_ws/build/mrf_perception:/home/nayanika/robotic_arm_ws/install/mrf_perception/lib/python3.10/site-packages:/home/nayanika/robotic_arm_ws/build/mrf_coordinator:/home/nayanika/robotic_arm_ws/install/mrf_coordinator/lib/python3.10/site-packages:/home/nayanika/robotic_arm_ws/install/mrf_msgs/local/lib/python3.10/dist-packages:/home/nayanika/robot_ws/build/arm_gazebo:/home/nayanika/robot_ws/install/arm_gazebo/lib/python3.10/site-packages:/opt/ros/humble/lib/python3.10/site-packages:/opt/ros/humble/local/lib/python3.10/dist-packages /usr/bin/cmake --build /home/nayanika/robotic_arm_ws/build/mrf_bringup -- -j24 -l24
[1.353s] DEBUG:colcon.colcon_core.event_handler.log_command:Invoked command in '/home/nayanika/robotic_arm_ws/build/mrf_bringup' returned '0': AMENT_PREFIX_PATH=/home/nayanika/robotic_arm_ws/install/mrf_perception:/home/nayanika/robotic_arm_ws/install/mrf_coordinator:/home/nayanika/robotic_arm_ws/install/mrf_msgs:/home/nayanika/robotic_arm_ws/install/mrf_bringup:/home/nayanika/robotic_arm_ws/install/mrf_moveit_config:/home/nayanika/robotic_arm_ws/install/mrf_gazebo:/home/nayanika/robotic_arm_ws/install/mrf_description:/home/nayanika/robot_ws/install/arm_gazebo:/opt/ros/humble CMAKE_PREFIX_PATH=/home/nayanika/robotic_arm_ws/install/mrf_msgs:/home/nayanika/robotic_arm_ws/install/mrf_gazebo:/home/nayanika/robotic_arm_ws/install/mrf_description:/home/nayanika/robotic_arm_ws/install/mrf_bringup:/home/nayanika/robotic_arm_ws/install/mrf_moveit_config:/home/nayanika/robotic_arm_ws/install/mrf_perception:/home/nayanika/robotic_arm_ws/install/mrf_coordinator:/home/nayanika/robot_ws/install/arm_gazebo:/opt/ros/humble PYTHONPATH=/home/nayanika/robotic_arm_ws/build/mrf_perception:/home/nayanika/robotic_arm_ws/install/mrf_perception/lib/python3.10/site-packages:/home/nayanika/robotic_arm_ws/build/mrf_coordinator:/home/nayanika/robotic_arm_ws/install/mrf_coordinator/lib/python3.10/site-packages:/home/nayanika/robotic_arm_ws/install/mrf_msgs/local/lib/python3.10/dist-packages:/home/nayanika/robot_ws/build/arm_gazebo:/home/nayanika/robot_ws/install/arm_gazebo/lib/python3.10/site-packages:/opt/ros/humble/lib/python3.10/site-packages:/opt/ros/humble/local/lib/python3.10/dist-packages /usr/bin/cmake --build /home/nayanika/robotic_arm_ws/build/mrf_bringup -- -j24 -l24
[1.356s] DEBUG:colcon.colcon_core.event_handler.log_command:Invoking command in '/home/nayanika/robotic_arm_ws/build/mrf_bringup': AMENT_PREFIX_PATH=/home/nayanika/robotic_arm_ws/install/mrf_perception:/home/nayanika/robotic_arm_ws/install/mrf_coordinator:/home/nayanika/robotic_arm_ws/install/mrf_msgs:/home/nayanika/robotic_arm_ws/install/mrf_bringup:/home/nayanika/robotic_arm_ws/install/mrf_moveit_config:/home/nayanika/robotic_arm_ws/install/mrf_gazebo:/home/nayanika/robotic_arm_ws/install/mrf_description:/home/nayanika/robot_ws/install/arm_gazebo:/opt/ros/humble CMAKE_PREFIX_PATH=/home/nayanika/robotic_arm_ws/install/mrf_msgs:/home/nayanika/robotic_arm_ws/install/mrf_gazebo:/home/nayanika/robotic_arm_ws/install/mrf_description:/home/nayanika/robotic_arm_ws/install/mrf_bringup:/home/nayanika/robotic_arm_ws/install/mrf_moveit_config:/home/nayanika/robotic_arm_ws/install/mrf_perception:/home/nayanika/robotic_arm_ws/install/mrf_coordinator:/home/nayanika/robot_ws/install/arm_gazebo:/opt/ros/humble PYTHONPATH=/home/nayanika/robotic_arm_ws/build/mrf_perception:/home/nayanika/robotic_arm_ws/install/mrf_perception/lib/python3.10/site-packages:/home/nayanika/robotic_arm_ws/build/mrf_coordinator:/home/nayanika/robotic_arm_ws/install/mrf_coordinator/lib/python3.10/site-packages:/home/nayanika/robotic_arm_ws/install/mrf_msgs/local/lib/python3.10/dist-packages:/home/nayanika/robot_ws/build/arm_gazebo:/home/nayanika/robot_ws/install/arm_gazebo/lib/python3.10/site-packages:/opt/ros/humble/lib/python3.10/site-packages:/opt/ros/humble/local/lib/python3.10/dist-packages /usr/bin/cmake --install /home/nayanika/robotic_arm_ws/build/mrf_bringup
[1.371s] Level 1:colcon.colcon_core.environment:create_environment_scripts_only(mrf_bringup)
[1.371s] Level 1:colcon.colcon_core.environment:checking '/home/nayanika/robotic_arm_ws/install/mrf_bringup' for CMake module files
[1.372s] DEBUG:colcon.colcon_core.event_handler.log_command:Invoked command in '/home/nayanika/robotic_arm_ws/build/mrf_bringup' returned '0': AMENT_PREFIX_PATH=/home/nayanika/robotic_arm_ws/install/mrf_perception:/home/nayanika/robotic_arm_ws/install/mrf_coordinator:/home/nayanika/robotic_arm_ws/install/mrf_msgs:/home/nayanika/robotic_arm_ws/install/mrf_bringup:/home/nayanika/robotic_arm_ws/install/mrf_moveit_config:/home/nayanika/robotic_arm_ws/install/mrf_gazebo:/home/nayanika/robotic_arm_ws/install/mrf_description:/home/nayanika/robot_ws/install/arm_gazebo:/opt/ros/humble CMAKE_PREFIX_PATH=/home/nayanika/robotic_arm_ws/install/mrf_msgs:/home/nayanika/robotic_arm_ws/install/mrf_gazebo:/home/nayanika/robotic_arm_ws/install/mrf_description:/home/nayanika/robotic_arm_ws/install/mrf_bringup:/home/nayanika/robotic_arm_ws/install/mrf_moveit_config:/home/nayanika/robotic_arm_ws/install/mrf_perception:/home/nayanika/robotic_arm_ws/install/mrf_coordinator:/home/nayanika/robot_ws/install/arm_gazebo:/opt/ros/humble PYTHONPATH=/home/nayanika/robotic_arm_ws/build/mrf_perception:/home/nayanika/robotic_arm_ws/install/mrf_perception/lib/python3.10/site-packages:/home/nayanika/robotic_arm_ws/build/mrf_coordinator:/home/nayanika/robotic_arm_ws/install/mrf_coordinator/lib/python3.10/site-packages:/home/nayanika/robotic_arm_ws/install/mrf_msgs/local/lib/python3.10/dist-packages:/home/nayanika/robot_ws/build/arm_gazebo:/home/nayanika/robot_ws/install/arm_gazebo/lib/python3.10/site-packages:/opt/ros/humble/lib/python3.10/site-packages:/opt/ros/humble/local/lib/python3.10/dist-packages /usr/bin/cmake --install /home/nayanika/robotic_arm_ws/build/mrf_bringup
[1.372s] Level 1:colcon.colcon_core.environment:checking '/home/nayanika/robotic_arm_ws/install/mrf_bringup' for CMake config files
[1.372s] Level 1:colcon.colcon_core.shell:create_environment_hook('mrf_bringup', 'cmake_prefix_path')
[1.373s] INFO:colcon.colcon_core.shell:Creating environment hook '/home/nayanika/robotic_arm_ws/install/mrf_bringup/share/mrf_bringup/hook/cmake_prefix_path.ps1'
[1.373s] INFO:colcon.colcon_core.shell:Creating environment descriptor '/home/nayanika/robotic_arm_ws/install/mrf_bringup/share/mrf_bringup/hook/cmake_prefix_path.dsv'
[1.373s] INFO:colcon.colcon_core.shell:Creating environment hook '/home/nayanika/robotic_arm_ws/install/mrf_bringup/share/mrf_bringup/hook/cmake_prefix_path.sh'
[1.374s] Level 1:colcon.colcon_core.environment:checking '/home/nayanika/robotic_arm_ws/install/mrf_bringup/bin'
[1.374s] Level 1:colcon.colcon_core.environment:checking '/home/nayanika/robotic_arm_ws/install/mrf_bringup/lib/pkgconfig/mrf_bringup.pc'
[1.374s] Level 1:colcon.colcon_core.environment:checking '/home/nayanika/robotic_arm_ws/install/mrf_bringup/lib/python3.10/site-packages'
[1.374s] Level 1:colcon.colcon_core.environment:checking '/home/nayanika/robotic_arm_ws/install/mrf_bringup/bin'
[1.374s] INFO:colcon.colcon_core.shell:Creating package script '/home/nayanika/robotic_arm_ws/install/mrf_bringup/share/mrf_bringup/package.ps1'
[1.375s] INFO:colcon.colcon_core.shell:Creating package descriptor '/home/nayanika/robotic_arm_ws/install/mrf_bringup/share/mrf_bringup/package.dsv'
[1.375s] INFO:colcon.colcon_core.shell:Creating package script '/home/nayanika/robotic_arm_ws/install/mrf_bringup/share/mrf_bringup/package.sh'
[1.375s] INFO:colcon.colcon_core.shell:Creating package script '/home/nayanika/robotic_arm_ws/install/mrf_bringup/share/mrf_bringup/package.bash'
[1.376s] INFO:colcon.colcon_core.shell:Creating package script '/home/nayanika/robotic_arm_ws/install/mrf_bringup/share/mrf_bringup/package.zsh'
[1.376s] Level 1:colcon.colcon_core.environment:create_file_with_runtime_dependencies(/home/nayanika/robotic_arm_ws/install/mrf_bringup/share/colcon-core/packages/mrf_bringup)
[1.376s] Level 1:colcon.colcon_core.environment:create_environment_scripts_only(mrf_bringup)
[1.376s] Level 1:colcon.colcon_core.environment:checking '/home/nayanika/robotic_arm_ws/install/mrf_bringup' for CMake module files
[1.377s] Level 1:colcon.colcon_core.environment:checking '/home/nayanika/robotic_arm_ws/install/mrf_bringup' for CMake config files
[1.377s] Level 1:colcon.colcon_core.shell:create_environment_hook('mrf_bringup', 'cmake_prefix_path')
[1.377s] INFO:colcon.colcon_core.shell:Creating environment hook '/home/nayanika/robotic_arm_ws/install/mrf_bringup/share/mrf_bringup/hook/cmake_prefix_path.ps1'
[1.377s] INFO:colcon.colcon_core.shell:Creating environment descriptor '/home/nayanika/robotic_arm_ws/install/mrf_bringup/share/mrf_bringup/hook/cmake_prefix_path.dsv'
[1.377s] INFO:colcon.colcon_core.shell:Creating environment hook '/home/nayanika/robotic_arm_ws/install/mrf_bringup/share/mrf_bringup/hook/cmake_prefix_path.sh'
[1.378s] Level 1:colcon.colcon_core.environment:checking '/home/nayanika/robotic_arm_ws/install/mrf_bringup/bin'
[1.378s] Level 1:colcon.colcon_core.environment:checking '/home/nayanika/robotic_arm_ws/install/mrf_bringup/lib/pkgconfig/mrf_bringup.pc'
[1.378s] Level 1:colcon.colcon_core.environment:checking '/home/nayanika/robotic_arm_ws/install/mrf_bringup/lib/python3.10/site-packages'
[1.378s] Level 1:colcon.colcon_core.environment:checking '/home/nayanika/robotic_arm_ws/install/mrf_bringup/bin'
[1.378s] INFO:colcon.colcon_core.shell:Creating package script '/home/nayanika/robotic_arm_ws/install/mrf_bringup/share/mrf_bringup/package.ps1'
[1.378s] INFO:colcon.colcon_core.shell:Creating package descriptor '/home/nayanika/robotic_arm_ws/install/mrf_bringup/share/mrf_bringup/package.dsv'
[1.379s] INFO:colcon.colcon_core.shell:Creating package script '/home/nayanika/robotic_arm_ws/install/mrf_bringup/share/mrf_bringup/package.sh'
[1.379s] INFO:colcon.colcon_core.shell:Creating package script '/home/nayanika/robotic_arm_ws/install/mrf_bringup/share/mrf_bringup/package.bash'
[1.379s] INFO:colcon.colcon_core.shell:Creating package script '/home/nayanika/robotic_arm_ws/install/mrf_bringup/share/mrf_bringup/package.zsh'
[1.379s] Level 1:colcon.colcon_core.environment:create_file_with_runtime_dependencies(/home/nayanika/robotic_arm_ws/install/mrf_bringup/share/colcon-core/packages/mrf_bringup)
[1.379s] DEBUG:colcon.colcon_parallel_executor.executor.parallel:closing loop
[1.380s] DEBUG:colcon.colcon_parallel_executor.executor.parallel:loop closed
[1.380s] DEBUG:colcon.colcon_parallel_executor.executor.parallel:run_until_complete finished with '0'
[1.380s] DEBUG:colcon.colcon_core.event_reactor:joining thread
[1.383s] INFO:colcon.colcon_core.plugin_system:Skipping extension 'colcon_notification.desktop_notification.terminal_notifier': Not used on non-Darwin systems
[1.383s] INFO:colcon.colcon_core.plugin_system:Skipping extension 'colcon_notification.desktop_notification.win32': Not used on non-Windows systems
[1.383s] INFO:colcon.colcon_notification.desktop_notification:Sending desktop notification using 'notify2'
[1.395s] DEBUG:colcon.colcon_core.event_reactor:joined thread
[1.396s] INFO:colcon.colcon_core.shell:Creating prefix script '/home/nayanika/robotic_arm_ws/install/local_setup.ps1'
[1.397s] INFO:colcon.colcon_core.shell:Creating prefix util module '/home/nayanika/robotic_arm_ws/install/_local_setup_util_ps1.py'
[1.398s] INFO:colcon.colcon_core.shell:Creating prefix chain script '/home/nayanika/robotic_arm_ws/install/setup.ps1'
[1.399s] INFO:colcon.colcon_core.shell:Creating prefix script '/home/nayanika/robotic_arm_ws/install/local_setup.sh'
[1.399s] INFO:colcon.colcon_core.shell:Creating prefix util module '/home/nayanika/robotic_arm_ws/install/_local_setup_util_sh.py'
[1.400s] INFO:colcon.colcon_core.shell:Creating prefix chain script '/home/nayanika/robotic_arm_ws/install/setup.sh'
[1.401s] INFO:colcon.colcon_core.shell:Creating prefix script '/home/nayanika/robotic_arm_ws/install/local_setup.bash'
[1.401s] INFO:colcon.colcon_core.shell:Creating prefix chain script '/home/nayanika/robotic_arm_ws/install/setup.bash'
[1.402s] INFO:colcon.colcon_core.shell:Creating prefix script '/home/nayanika/robotic_arm_ws/install/local_setup.zsh'
[1.402s] INFO:colcon.colcon_core.shell:Creating prefix chain script '/home/nayanika/robotic_arm_ws/install/setup.zsh'
