[0.448s] Invoking command in '/home/nayanika/robotic_arm_ws/build/mrf_coordinator': AMENT_PREFIX_PATH=/home/nayanika/robotic_arm_ws/install/mrf_msgs:${AMENT_PREFIX_PATH} CMAKE_PREFIX_PATH=/home/nayanika/robotic_arm_ws/install/mrf_msgs LD_LIBRARY_PATH=/home/nayanika/robotic_arm_ws/install/mrf_msgs/lib:${LD_LIBRARY_PATH} PYTHONPATH=/home/nayanika/robotic_arm_ws/build/mrf_coordinator/prefix_override:/usr/lib/python3/dist-packages/colcon_core/task/python/colcon_distutils_commands:/home/nayanika/robotic_arm_ws/install/mrf_coordinator/lib/python3.10/site-packages:/home/nayanika/robotic_arm_ws/install/mrf_msgs/local/lib/python3.10/dist-packages:${PYTHONPATH} /usr/bin/python3 -W ignore:setup.py install is deprecated -W ignore:easy_install command is deprecated setup.py develop --uninstall --editable --build-directory /home/nayanika/robotic_arm_ws/build/mrf_coordinator/build
[0.587s] running develop
[0.679s] Removing /home/nayanika/robotic_arm_ws/install/mrf_coordinator/lib/python3.10/site-packages/mrf-coordinator.egg-link (link to .)
[0.692s] Invoked command in '/home/nayanika/robotic_arm_ws/build/mrf_coordinator' returned '0': AMENT_PREFIX_PATH=/home/nayanika/robotic_arm_ws/install/mrf_msgs:${AMENT_PREFIX_PATH} CMAKE_PREFIX_PATH=/home/nayanika/robotic_arm_ws/install/mrf_msgs LD_LIBRARY_PATH=/home/nayanika/robotic_arm_ws/install/mrf_msgs/lib:${LD_LIBRARY_PATH} PYTHONPATH=/home/nayanika/robotic_arm_ws/build/mrf_coordinator/prefix_override:/usr/lib/python3/dist-packages/colcon_core/task/python/colcon_distutils_commands:/home/nayanika/robotic_arm_ws/install/mrf_coordinator/lib/python3.10/site-packages:/home/nayanika/robotic_arm_ws/install/mrf_msgs/local/lib/python3.10/dist-packages:${PYTHONPATH} /usr/bin/python3 -W ignore:setup.py install is deprecated -W ignore:easy_install command is deprecated setup.py develop --uninstall --editable --build-directory /home/nayanika/robotic_arm_ws/build/mrf_coordinator/build
[0.692s] Invoking command in '/home/nayanika/robotic_arm_ws/src/mrf_coordinator': AMENT_PREFIX_PATH=/home/nayanika/robotic_arm_ws/install/mrf_msgs:${AMENT_PREFIX_PATH} CMAKE_PREFIX_PATH=/home/nayanika/robotic_arm_ws/install/mrf_msgs LD_LIBRARY_PATH=/home/nayanika/robotic_arm_ws/install/mrf_msgs/lib:${LD_LIBRARY_PATH} PYTHONPATH=/home/nayanika/robotic_arm_ws/build/mrf_coordinator/prefix_override:/usr/lib/python3/dist-packages/colcon_core/task/python/colcon_distutils_commands:/home/nayanika/robotic_arm_ws/install/mrf_coordinator/lib/python3.10/site-packages:/home/nayanika/robotic_arm_ws/install/mrf_msgs/local/lib/python3.10/dist-packages:${PYTHONPATH} /usr/bin/python3 -W ignore:setup.py install is deprecated -W ignore:easy_install command is deprecated setup.py egg_info --egg-base ../../build/mrf_coordinator build --build-base /home/nayanika/robotic_arm_ws/build/mrf_coordinator/build install --record /home/nayanika/robotic_arm_ws/build/mrf_coordinator/install.log --single-version-externally-managed install_data --force
[0.816s] running egg_info
[0.816s] writing ../../build/mrf_coordinator/mrf_coordinator.egg-info/PKG-INFO
[0.816s] writing dependency_links to ../../build/mrf_coordinator/mrf_coordinator.egg-info/dependency_links.txt
[0.816s] writing entry points to ../../build/mrf_coordinator/mrf_coordinator.egg-info/entry_points.txt
[0.816s] writing requirements to ../../build/mrf_coordinator/mrf_coordinator.egg-info/requires.txt
[0.816s] writing top-level names to ../../build/mrf_coordinator/mrf_coordinator.egg-info/top_level.txt
[0.817s] reading manifest file '../../build/mrf_coordinator/mrf_coordinator.egg-info/SOURCES.txt'
[0.818s] writing manifest file '../../build/mrf_coordinator/mrf_coordinator.egg-info/SOURCES.txt'
[0.818s] running build
[0.818s] running build_py
[0.818s] creating /home/nayanika/robotic_arm_ws/build/mrf_coordinator/build
[0.818s] creating /home/nayanika/robotic_arm_ws/build/mrf_coordinator/build/lib
[0.818s] creating /home/nayanika/robotic_arm_ws/build/mrf_coordinator/build/lib/mrf_coordinator
[0.818s] copying mrf_coordinator/conveyor.py -> /home/nayanika/robotic_arm_ws/build/mrf_coordinator/build/lib/mrf_coordinator
[0.818s] copying mrf_coordinator/coordinator.py -> /home/nayanika/robotic_arm_ws/build/mrf_coordinator/build/lib/mrf_coordinator
[0.818s] copying mrf_coordinator/__init__.py -> /home/nayanika/robotic_arm_ws/build/mrf_coordinator/build/lib/mrf_coordinator
[0.818s] copying mrf_coordinator/ik.py -> /home/nayanika/robotic_arm_ws/build/mrf_coordinator/build/lib/mrf_coordinator
[0.818s] copying mrf_coordinator/object_manager.py -> /home/nayanika/robotic_arm_ws/build/mrf_coordinator/build/lib/mrf_coordinator
[0.818s] running install
[0.818s] running install_lib
[0.819s] creating /home/nayanika/robotic_arm_ws/install/mrf_coordinator/lib/python3.10/site-packages/mrf_coordinator
[0.819s] copying /home/nayanika/robotic_arm_ws/build/mrf_coordinator/build/lib/mrf_coordinator/conveyor.py -> /home/nayanika/robotic_arm_ws/install/mrf_coordinator/lib/python3.10/site-packages/mrf_coordinator
[0.819s] copying /home/nayanika/robotic_arm_ws/build/mrf_coordinator/build/lib/mrf_coordinator/coordinator.py -> /home/nayanika/robotic_arm_ws/install/mrf_coordinator/lib/python3.10/site-packages/mrf_coordinator
[0.819s] copying /home/nayanika/robotic_arm_ws/build/mrf_coordinator/build/lib/mrf_coordinator/__init__.py -> /home/nayanika/robotic_arm_ws/install/mrf_coordinator/lib/python3.10/site-packages/mrf_coordinator
[0.819s] copying /home/nayanika/robotic_arm_ws/build/mrf_coordinator/build/lib/mrf_coordinator/ik.py -> /home/nayanika/robotic_arm_ws/install/mrf_coordinator/lib/python3.10/site-packages/mrf_coordinator
[0.819s] copying /home/nayanika/robotic_arm_ws/build/mrf_coordinator/build/lib/mrf_coordinator/object_manager.py -> /home/nayanika/robotic_arm_ws/install/mrf_coordinator/lib/python3.10/site-packages/mrf_coordinator
[0.819s] byte-compiling /home/nayanika/robotic_arm_ws/install/mrf_coordinator/lib/python3.10/site-packages/mrf_coordinator/conveyor.py to conveyor.cpython-310.pyc
[0.819s] byte-compiling /home/nayanika/robotic_arm_ws/install/mrf_coordinator/lib/python3.10/site-packages/mrf_coordinator/coordinator.py to coordinator.cpython-310.pyc
[0.821s] byte-compiling /home/nayanika/robotic_arm_ws/install/mrf_coordinator/lib/python3.10/site-packages/mrf_coordinator/__init__.py to __init__.cpython-310.pyc
[0.821s] byte-compiling /home/nayanika/robotic_arm_ws/install/mrf_coordinator/lib/python3.10/site-packages/mrf_coordinator/ik.py to ik.cpython-310.pyc
[0.821s] byte-compiling /home/nayanika/robotic_arm_ws/install/mrf_coordinator/lib/python3.10/site-packages/mrf_coordinator/object_manager.py to object_manager.cpython-310.pyc
[0.822s] running install_data
[0.822s] copying resource/mrf_coordinator -> /home/nayanika/robotic_arm_ws/install/mrf_coordinator/share/ament_index/resource_index/packages
[0.822s] copying package.xml -> /home/nayanika/robotic_arm_ws/install/mrf_coordinator/share/mrf_coordinator
[0.822s] running install_egg_info
[0.823s] Copying ../../build/mrf_coordinator/mrf_coordinator.egg-info to /home/nayanika/robotic_arm_ws/install/mrf_coordinator/lib/python3.10/site-packages/mrf_coordinator-0.1.0-py3.10.egg-info
[0.824s] running install_scripts
[0.841s] Installing conveyor script to /home/nayanika/robotic_arm_ws/install/mrf_coordinator/bin
[0.841s] Installing coordinator script to /home/nayanika/robotic_arm_ws/install/mrf_coordinator/bin
[0.841s] Installing object_manager script to /home/nayanika/robotic_arm_ws/install/mrf_coordinator/bin
[0.841s] writing list of installed files to '/home/nayanika/robotic_arm_ws/build/mrf_coordinator/install.log'
[0.848s] Invoked command in '/home/nayanika/robotic_arm_ws/src/mrf_coordinator' returned '0': AMENT_PREFIX_PATH=/home/nayanika/robotic_arm_ws/install/mrf_msgs:${AMENT_PREFIX_PATH} CMAKE_PREFIX_PATH=/home/nayanika/robotic_arm_ws/install/mrf_msgs LD_LIBRARY_PATH=/home/nayanika/robotic_arm_ws/install/mrf_msgs/lib:${LD_LIBRARY_PATH} PYTHONPATH=/home/nayanika/robotic_arm_ws/build/mrf_coordinator/prefix_override:/usr/lib/python3/dist-packages/colcon_core/task/python/colcon_distutils_commands:/home/nayanika/robotic_arm_ws/install/mrf_coordinator/lib/python3.10/site-packages:/home/nayanika/robotic_arm_ws/install/mrf_msgs/local/lib/python3.10/dist-packages:${PYTHONPATH} /usr/bin/python3 -W ignore:setup.py install is deprecated -W ignore:easy_install command is deprecated setup.py egg_info --egg-base ../../build/mrf_coordinator build --build-base /home/nayanika/robotic_arm_ws/build/mrf_coordinator/build install --record /home/nayanika/robotic_arm_ws/build/mrf_coordinator/install.log --single-version-externally-managed install_data --force
