-- Install configuration: ""
-- Execute custom install script
-- Up-to-date symlink: /home/nayanika/robotic_arm_ws/install/mrf_gazebo/share/mrf_gazebo/worlds/mrf_sorting.world
-- Up-to-date symlink: /home/nayanika/robotic_arm_ws/install/mrf_gazebo/share/mrf_gazebo/models/.gitkeep
-- Up-to-date symlink: /home/nayanika/robotic_arm_ws/install/mrf_gazebo/share/mrf_gazebo/models/concrete_floor/materials/scripts/concrete.material
-- Up-to-date symlink: /home/nayanika/robotic_arm_ws/install/mrf_gazebo/share/mrf_gazebo/models/concrete_floor/materials/textures/concrete.png
-- Up-to-date symlink: /home/nayanika/robotic_arm_ws/install/mrf_gazebo/share/mrf_gazebo/models/concrete_floor/model.config
-- Up-to-date symlink: /home/nayanika/robotic_arm_ws/install/mrf_gazebo/share/mrf_gazebo/models/concrete_floor/model.sdf
-- Symlinking: /home/nayanika/robotic_arm_ws/install/mrf_gazebo/share/mrf_gazebo/models/safety_fence/materials/scripts/fence.material
-- Symlinking: /home/nayanika/robotic_arm_ws/install/mrf_gazebo/share/mrf_gazebo/models/safety_fence/materials/textures/wiremesh.png
-- Symlinking: /home/nayanika/robotic_arm_ws/install/mrf_gazebo/share/mrf_gazebo/models/safety_fence/model.config
-- Symlinking: /home/nayanika/robotic_arm_ws/install/mrf_gazebo/share/mrf_gazebo/models/safety_fence/model.sdf
-- Up-to-date symlink: /home/nayanika/robotic_arm_ws/install/mrf_gazebo/share/ament_index/resource_index/package_run_dependencies/mrf_gazebo
-- Up-to-date symlink: /home/nayanika/robotic_arm_ws/install/mrf_gazebo/share/ament_index/resource_index/parent_prefix_path/mrf_gazebo
-- Up-to-date symlink: /home/nayanika/robotic_arm_ws/install/mrf_gazebo/share/mrf_gazebo/environment/ament_prefix_path.sh
-- Up-to-date symlink: /home/nayanika/robotic_arm_ws/install/mrf_gazebo/share/mrf_gazebo/environment/ament_prefix_path.dsv
-- Up-to-date symlink: /home/nayanika/robotic_arm_ws/install/mrf_gazebo/share/mrf_gazebo/environment/path.sh
-- Up-to-date symlink: /home/nayanika/robotic_arm_ws/install/mrf_gazebo/share/mrf_gazebo/environment/path.dsv
-- Up-to-date symlink: /home/nayanika/robotic_arm_ws/install/mrf_gazebo/share/mrf_gazebo/local_setup.bash
-- Up-to-date symlink: /home/nayanika/robotic_arm_ws/install/mrf_gazebo/share/mrf_gazebo/local_setup.sh
-- Up-to-date symlink: /home/nayanika/robotic_arm_ws/install/mrf_gazebo/share/mrf_gazebo/local_setup.zsh
-- Up-to-date symlink: /home/nayanika/robotic_arm_ws/install/mrf_gazebo/share/mrf_gazebo/local_setup.dsv
-- Symlinking: /home/nayanika/robotic_arm_ws/install/mrf_gazebo/share/mrf_gazebo/package.dsv
-- Up-to-date symlink: /home/nayanika/robotic_arm_ws/install/mrf_gazebo/share/ament_index/resource_index/packages/mrf_gazebo
-- Up-to-date symlink: /home/nayanika/robotic_arm_ws/install/mrf_gazebo/share/mrf_gazebo/cmake/mrf_gazeboConfig.cmake
-- Up-to-date symlink: /home/nayanika/robotic_arm_ws/install/mrf_gazebo/share/mrf_gazebo/cmake/mrf_gazeboConfig-version.cmake
-- Up-to-date symlink: /home/nayanika/robotic_arm_ws/install/mrf_gazebo/share/mrf_gazebo/package.xml
