[0.054s] DEBUG:colcon:Command line arguments: ['/usr/bin/colcon', 'build', '--symlink-install']
[0.054s] DEBUG:colcon:Parsed command line arguments: Namespace(log_base=None, log_level=None, verb_name='build', build_base='build', install_base='install', merge_install=False, symlink_install=True, test_result_base=None, continue_on_error=False, executor='parallel', parallel_workers=24, event_handlers=None, ignore_user_meta=False, metas=['./colcon.meta'], base_paths=['.'], packages_ignore=None, packages_ignore_regex=None, paths=None, packages_up_to=None, packages_up_to_regex=None, packages_above=None, packages_above_and_dependencies=None, packages_above_depth=None, packages_select_by_dep=None, packages_skip_by_dep=None, packages_skip_up_to=None, packages_select_build_failed=False, packages_skip_build_finished=False, packages_select_test_failures=False, packages_skip_test_passed=False, packages_select=None, packages_skip=None, packages_select_regex=None, packages_skip_regex=None, packages_start=None, packages_end=None, allow_overriding=[], cmake_args=None, cmake_target=None, cmake_target_skip_unavailable=False, cmake_clean_cache=False, cmake_clean_first=False, cmake_force_configure=False, ament_cmake_args=None, catkin_cmake_args=None, catkin_skip_building_tests=False, mixin_files=None, mixin=None, verb_parser=<colcon_mixin.mixin.mixin_argument.MixinArgumentDecorator object at 0x7ef09ea62c50>, verb_extension=<colcon_core.verb.build.BuildVerb object at 0x7ef09ea626b0>, main=<bound method BuildVerb.main of <colcon_core.verb.build.BuildVerb object at 0x7ef09ea626b0>>, mixin_verb=('build',))
[0.134s] Level 1:colcon.colcon_core.package_discovery:discover_packages(colcon_meta) check parameters
[0.134s] Level 1:colcon.colcon_core.package_discovery:discover_packages(recursive) check parameters
[0.134s] Level 1:colcon.colcon_core.package_discovery:discover_packages(ignore) check parameters
[0.134s] Level 1:colcon.colcon_core.package_discovery:discover_packages(path) check parameters
[0.134s] Level 1:colcon.colcon_core.package_discovery:discover_packages(colcon_meta) discover
[0.134s] Level 1:colcon.colcon_core.package_discovery:discover_packages(recursive) discover
[0.134s] INFO:colcon.colcon_core.package_discovery:Crawling recursively for packages in '/home/nayanika/robotic_arm_ws'
[0.134s] Level 1:colcon.colcon_core.package_identification:_identify(.) by extensions ['ignore', 'ignore_ament_install']
[0.134s] Level 1:colcon.colcon_core.package_identification:_identify(.) by extension 'ignore'
[0.134s] Level 1:colcon.colcon_core.package_identification:_identify(.) by extension 'ignore_ament_install'
[0.134s] Level 1:colcon.colcon_core.package_identification:_identify(.) by extensions ['colcon_pkg']
[0.134s] Level 1:colcon.colcon_core.package_identification:_identify(.) by extension 'colcon_pkg'
[0.134s] Level 1:colcon.colcon_core.package_identification:_identify(.) by extensions ['colcon_meta']
[0.134s] Level 1:colcon.colcon_core.package_identification:_identify(.) by extension 'colcon_meta'
[0.134s] Level 1:colcon.colcon_core.package_identification:_identify(.) by extensions ['ros']
[0.134s] Level 1:colcon.colcon_core.package_identification:_identify(.) by extension 'ros'
[0.154s] Level 1:colcon.colcon_core.package_identification:_identify(.) by extensions ['cmake', 'python']
[0.154s] Level 1:colcon.colcon_core.package_identification:_identify(.) by extension 'cmake'
[0.154s] Level 1:colcon.colcon_core.package_identification:_identify(.) by extension 'python'
[0.154s] Level 1:colcon.colcon_core.package_identification:_identify(.) by extensions ['python_setup_py']
[0.154s] Level 1:colcon.colcon_core.package_identification:_identify(.) by extension 'python_setup_py'
[0.154s] Level 1:colcon.colcon_core.package_identification:_identify(build) by extensions ['ignore', 'ignore_ament_install']
[0.154s] Level 1:colcon.colcon_core.package_identification:_identify(build) by extension 'ignore'
[0.154s] Level 1:colcon.colcon_core.package_identification:_identify(build) ignored
[0.154s] Level 1:colcon.colcon_core.package_identification:_identify(install) by extensions ['ignore', 'ignore_ament_install']
[0.154s] Level 1:colcon.colcon_core.package_identification:_identify(install) by extension 'ignore'
[0.154s] Level 1:colcon.colcon_core.package_identification:_identify(install) ignored
[0.154s] Level 1:colcon.colcon_core.package_identification:_identify(log) by extensions ['ignore', 'ignore_ament_install']
[0.155s] Level 1:colcon.colcon_core.package_identification:_identify(log) by extension 'ignore'
[0.155s] Level 1:colcon.colcon_core.package_identification:_identify(log) ignored
[0.155s] Level 1:colcon.colcon_core.package_identification:_identify(src) by extensions ['ignore', 'ignore_ament_install']
[0.155s] Level 1:colcon.colcon_core.package_identification:_identify(src) by extension 'ignore'
[0.155s] Level 1:colcon.colcon_core.package_identification:_identify(src) by extension 'ignore_ament_install'
[0.155s] Level 1:colcon.colcon_core.package_identification:_identify(src) by extensions ['colcon_pkg']
[0.155s] Level 1:colcon.colcon_core.package_identification:_identify(src) by extension 'colcon_pkg'
[0.155s] Level 1:colcon.colcon_core.package_identification:_identify(src) by extensions ['colcon_meta']
[0.155s] Level 1:colcon.colcon_core.package_identification:_identify(src) by extension 'colcon_meta'
[0.155s] Level 1:colcon.colcon_core.package_identification:_identify(src) by extensions ['ros']
[0.155s] Level 1:colcon.colcon_core.package_identification:_identify(src) by extension 'ros'
[0.155s] Level 1:colcon.colcon_core.package_identification:_identify(src) by extensions ['cmake', 'python']
[0.155s] Level 1:colcon.colcon_core.package_identification:_identify(src) by extension 'cmake'
[0.155s] Level 1:colcon.colcon_core.package_identification:_identify(src) by extension 'python'
[0.155s] Level 1:colcon.colcon_core.package_identification:_identify(src) by extensions ['python_setup_py']
[0.155s] Level 1:colcon.colcon_core.package_identification:_identify(src) by extension 'python_setup_py'
[0.155s] Level 1:colcon.colcon_core.package_identification:_identify(src/mrf_bringup) by extensions ['ignore', 'ignore_ament_install']
[0.155s] Level 1:colcon.colcon_core.package_identification:_identify(src/mrf_bringup) by extension 'ignore'
[0.155s] Level 1:colcon.colcon_core.package_identification:_identify(src/mrf_bringup) by extension 'ignore_ament_install'
[0.155s] Level 1:colcon.colcon_core.package_identification:_identify(src/mrf_bringup) by extensions ['colcon_pkg']
[0.155s] Level 1:colcon.colcon_core.package_identification:_identify(src/mrf_bringup) by extension 'colcon_pkg'
[0.155s] Level 1:colcon.colcon_core.package_identification:_identify(src/mrf_bringup) by extensions ['colcon_meta']
[0.155s] Level 1:colcon.colcon_core.package_identification:_identify(src/mrf_bringup) by extension 'colcon_meta'
[0.155s] Level 1:colcon.colcon_core.package_identification:_identify(src/mrf_bringup) by extensions ['ros']
[0.155s] Level 1:colcon.colcon_core.package_identification:_identify(src/mrf_bringup) by extension 'ros'
[0.156s] DEBUG:colcon.colcon_core.package_identification:Package 'src/mrf_bringup' with type 'ros.ament_cmake' and name 'mrf_bringup'
[0.156s] Level 1:colcon.colcon_core.package_identification:_identify(src/mrf_coordinator) by extensions ['ignore', 'ignore_ament_install']
[0.156s] Level 1:colcon.colcon_core.package_identification:_identify(src/mrf_coordinator) by extension 'ignore'
[0.156s] Level 1:colcon.colcon_core.package_identification:_identify(src/mrf_coordinator) by extension 'ignore_ament_install'
[0.156s] Level 1:colcon.colcon_core.package_identification:_identify(src/mrf_coordinator) by extensions ['colcon_pkg']
[0.156s] Level 1:colcon.colcon_core.package_identification:_identify(src/mrf_coordinator) by extension 'colcon_pkg'
[0.157s] Level 1:colcon.colcon_core.package_identification:_identify(src/mrf_coordinator) by extensions ['colcon_meta']
[0.157s] Level 1:colcon.colcon_core.package_identification:_identify(src/mrf_coordinator) by extension 'colcon_meta'
[0.157s] Level 1:colcon.colcon_core.package_identification:_identify(src/mrf_coordinator) by extensions ['ros']
[0.157s] Level 1:colcon.colcon_core.package_identification:_identify(src/mrf_coordinator) by extension 'ros'
[0.157s] DEBUG:colcon.colcon_core.package_identification:Package 'src/mrf_coordinator' with type 'ros.ament_python' and name 'mrf_coordinator'
[0.157s] Level 1:colcon.colcon_core.package_identification:_identify(src/mrf_description) by extensions ['ignore', 'ignore_ament_install']
[0.157s] Level 1:colcon.colcon_core.package_identification:_identify(src/mrf_description) by extension 'ignore'
[0.157s] Level 1:colcon.colcon_core.package_identification:_identify(src/mrf_description) by extension 'ignore_ament_install'
[0.157s] Level 1:colcon.colcon_core.package_identification:_identify(src/mrf_description) by extensions ['colcon_pkg']
[0.157s] Level 1:colcon.colcon_core.package_identification:_identify(src/mrf_description) by extension 'colcon_pkg'
[0.157s] Level 1:colcon.colcon_core.package_identification:_identify(src/mrf_description) by extensions ['colcon_meta']
[0.157s] Level 1:colcon.colcon_core.package_identification:_identify(src/mrf_description) by extension 'colcon_meta'
[0.157s] Level 1:colcon.colcon_core.package_identification:_identify(src/mrf_description) by extensions ['ros']
[0.157s] Level 1:colcon.colcon_core.package_identification:_identify(src/mrf_description) by extension 'ros'
[0.157s] DEBUG:colcon.colcon_core.package_identification:Package 'src/mrf_description' with type 'ros.ament_cmake' and name 'mrf_description'
[0.157s] Level 1:colcon.colcon_core.package_identification:_identify(src/mrf_gazebo) by extensions ['ignore', 'ignore_ament_install']
[0.157s] Level 1:colcon.colcon_core.package_identification:_identify(src/mrf_gazebo) by extension 'ignore'
[0.158s] Level 1:colcon.colcon_core.package_identification:_identify(src/mrf_gazebo) by extension 'ignore_ament_install'
[0.158s] Level 1:colcon.colcon_core.package_identification:_identify(src/mrf_gazebo) by extensions ['colcon_pkg']
[0.158s] Level 1:colcon.colcon_core.package_identification:_identify(src/mrf_gazebo) by extension 'colcon_pkg'
[0.158s] Level 1:colcon.colcon_core.package_identification:_identify(src/mrf_gazebo) by extensions ['colcon_meta']
[0.158s] Level 1:colcon.colcon_core.package_identification:_identify(src/mrf_gazebo) by extension 'colcon_meta'
[0.158s] Level 1:colcon.colcon_core.package_identification:_identify(src/mrf_gazebo) by extensions ['ros']
[0.158s] Level 1:colcon.colcon_core.package_identification:_identify(src/mrf_gazebo) by extension 'ros'
[0.158s] DEBUG:colcon.colcon_core.package_identification:Package 'src/mrf_gazebo' with type 'ros.ament_cmake' and name 'mrf_gazebo'
[0.158s] Level 1:colcon.colcon_core.package_identification:_identify(src/mrf_msgs) by extensions ['ignore', 'ignore_ament_install']
[0.158s] Level 1:colcon.colcon_core.package_identification:_identify(src/mrf_msgs) by extension 'ignore'
[0.158s] Level 1:colcon.colcon_core.package_identification:_identify(src/mrf_msgs) by extension 'ignore_ament_install'
[0.158s] Level 1:colcon.colcon_core.package_identification:_identify(src/mrf_msgs) by extensions ['colcon_pkg']
[0.158s] Level 1:colcon.colcon_core.package_identification:_identify(src/mrf_msgs) by extension 'colcon_pkg'
[0.158s] Level 1:colcon.colcon_core.package_identification:_identify(src/mrf_msgs) by extensions ['colcon_meta']
[0.158s] Level 1:colcon.colcon_core.package_identification:_identify(src/mrf_msgs) by extension 'colcon_meta'
[0.158s] Level 1:colcon.colcon_core.package_identification:_identify(src/mrf_msgs) by extensions ['ros']
[0.158s] Level 1:colcon.colcon_core.package_identification:_identify(src/mrf_msgs) by extension 'ros'
[0.158s] DEBUG:colcon.colcon_core.package_identification:Package 'src/mrf_msgs' with type 'ros.ament_cmake' and name 'mrf_msgs'
[0.158s] Level 1:colcon.colcon_core.package_identification:_identify(src/mrf_perception) by extensions ['ignore', 'ignore_ament_install']
[0.158s] Level 1:colcon.colcon_core.package_identification:_identify(src/mrf_perception) by extension 'ignore'
[0.158s] Level 1:colcon.colcon_core.package_identification:_identify(src/mrf_perception) by extension 'ignore_ament_install'
[0.158s] Level 1:colcon.colcon_core.package_identification:_identify(src/mrf_perception) by extensions ['colcon_pkg']
[0.159s] Level 1:colcon.colcon_core.package_identification:_identify(src/mrf_perception) by extension 'colcon_pkg'
[0.159s] Level 1:colcon.colcon_core.package_identification:_identify(src/mrf_perception) by extensions ['colcon_meta']
[0.159s] Level 1:colcon.colcon_core.package_identification:_identify(src/mrf_perception) by extension 'colcon_meta'
[0.159s] Level 1:colcon.colcon_core.package_identification:_identify(src/mrf_perception) by extensions ['ros']
[0.159s] Level 1:colcon.colcon_core.package_identification:_identify(src/mrf_perception) by extension 'ros'
[0.159s] DEBUG:colcon.colcon_core.package_identification:Package 'src/mrf_perception' with type 'ros.ament_python' and name 'mrf_perception'
[0.159s] Level 1:colcon.colcon_core.package_discovery:discover_packages(recursive) using defaults
[0.159s] Level 1:colcon.colcon_core.package_discovery:discover_packages(ignore) discover
[0.159s] Level 1:colcon.colcon_core.package_discovery:discover_packages(ignore) using defaults
[0.159s] Level 1:colcon.colcon_core.package_discovery:discover_packages(path) discover
[0.159s] Level 1:colcon.colcon_core.package_discovery:discover_packages(path) using defaults
[0.169s] Level 1:colcon.colcon_core.package_discovery:discover_packages(prefix_path) check parameters
[0.169s] Level 1:colcon.colcon_core.package_discovery:discover_packages(prefix_path) discover
[0.170s] DEBUG:colcon.colcon_installed_package_information.package_discovery:Found 2 installed packages in /home/nayanika/robot_ws/install
[0.171s] DEBUG:colcon.colcon_installed_package_information.package_discovery:Found 379 installed packages in /opt/ros/humble
[0.172s] Level 1:colcon.colcon_core.package_discovery:discover_packages(prefix_path) using defaults
[0.193s] Level 5:colcon.colcon_core.verb:set package 'mrf_description' build argument 'cmake_args' from command line to 'None'
[0.193s] Level 5:colcon.colcon_core.verb:set package 'mrf_description' build argument 'cmake_target' from command line to 'None'
[0.193s] Level 5:colcon.colcon_core.verb:set package 'mrf_description' build argument 'cmake_target_skip_unavailable' from command line to 'False'
[0.193s] Level 5:colcon.colcon_core.verb:set package 'mrf_description' build argument 'cmake_clean_cache' from command line to 'False'
[0.193s] Level 5:colcon.colcon_core.verb:set package 'mrf_description' build argument 'cmake_clean_first' from command line to 'False'
[0.193s] Level 5:colcon.colcon_core.verb:set package 'mrf_description' build argument 'cmake_force_configure' from command line to 'False'
[0.193s] Level 5:colcon.colcon_core.verb:set package 'mrf_description' build argument 'ament_cmake_args' from command line to 'None'
[0.193s] Level 5:colcon.colcon_core.verb:set package 'mrf_description' build argument 'catkin_cmake_args' from command line to 'None'
[0.193s] Level 5:colcon.colcon_core.verb:set package 'mrf_description' build argument 'catkin_skip_building_tests' from command line to 'False'
[0.193s] DEBUG:colcon.colcon_core.verb:Building package 'mrf_description' with the following arguments: {'ament_cmake_args': None, 'build_base': '/home/nayanika/robotic_arm_ws/build/mrf_description', 'catkin_cmake_args': None, 'catkin_skip_building_tests': False, 'cmake_args': None, 'cmake_clean_cache': False, 'cmake_clean_first': False, 'cmake_force_configure': False, 'cmake_target': None, 'cmake_target_skip_unavailable': False, 'install_base': '/home/nayanika/robotic_arm_ws/install/mrf_description', 'merge_install': False, 'path': '/home/nayanika/robotic_arm_ws/src/mrf_description', 'symlink_install': True, 'test_result_base': None}
[0.193s] Level 5:colcon.colcon_core.verb:set package 'mrf_gazebo' build argument 'cmake_args' from command line to 'None'
[0.193s] Level 5:colcon.colcon_core.verb:set package 'mrf_gazebo' build argument 'cmake_target' from command line to 'None'
[0.193s] Level 5:colcon.colcon_core.verb:set package 'mrf_gazebo' build argument 'cmake_target_skip_unavailable' from command line to 'False'
[0.193s] Level 5:colcon.colcon_core.verb:set package 'mrf_gazebo' build argument 'cmake_clean_cache' from command line to 'False'
[0.193s] Level 5:colcon.colcon_core.verb:set package 'mrf_gazebo' build argument 'cmake_clean_first' from command line to 'False'
[0.193s] Level 5:colcon.colcon_core.verb:set package 'mrf_gazebo' build argument 'cmake_force_configure' from command line to 'False'
[0.193s] Level 5:colcon.colcon_core.verb:set package 'mrf_gazebo' build argument 'ament_cmake_args' from command line to 'None'
[0.193s] Level 5:colcon.colcon_core.verb:set package 'mrf_gazebo' build argument 'catkin_cmake_args' from command line to 'None'
[0.193s] Level 5:colcon.colcon_core.verb:set package 'mrf_gazebo' build argument 'catkin_skip_building_tests' from command line to 'False'
[0.193s] DEBUG:colcon.colcon_core.verb:Building package 'mrf_gazebo' with the following arguments: {'ament_cmake_args': None, 'build_base': '/home/nayanika/robotic_arm_ws/build/mrf_gazebo', 'catkin_cmake_args': None, 'catkin_skip_building_tests': False, 'cmake_args': None, 'cmake_clean_cache': False, 'cmake_clean_first': False, 'cmake_force_configure': False, 'cmake_target': None, 'cmake_target_skip_unavailable': False, 'install_base': '/home/nayanika/robotic_arm_ws/install/mrf_gazebo', 'merge_install': False, 'path': '/home/nayanika/robotic_arm_ws/src/mrf_gazebo', 'symlink_install': True, 'test_result_base': None}
[0.193s] Level 5:colcon.colcon_core.verb:set package 'mrf_msgs' build argument 'cmake_args' from command line to 'None'
[0.193s] Level 5:colcon.colcon_core.verb:set package 'mrf_msgs' build argument 'cmake_target' from command line to 'None'
[0.193s] Level 5:colcon.colcon_core.verb:set package 'mrf_msgs' build argument 'cmake_target_skip_unavailable' from command line to 'False'
[0.193s] Level 5:colcon.colcon_core.verb:set package 'mrf_msgs' build argument 'cmake_clean_cache' from command line to 'False'
[0.193s] Level 5:colcon.colcon_core.verb:set package 'mrf_msgs' build argument 'cmake_clean_first' from command line to 'False'
[0.193s] Level 5:colcon.colcon_core.verb:set package 'mrf_msgs' build argument 'cmake_force_configure' from command line to 'False'
[0.193s] Level 5:colcon.colcon_core.verb:set package 'mrf_msgs' build argument 'ament_cmake_args' from command line to 'None'
[0.193s] Level 5:colcon.colcon_core.verb:set package 'mrf_msgs' build argument 'catkin_cmake_args' from command line to 'None'
[0.193s] Level 5:colcon.colcon_core.verb:set package 'mrf_msgs' build argument 'catkin_skip_building_tests' from command line to 'False'
[0.193s] DEBUG:colcon.colcon_core.verb:Building package 'mrf_msgs' with the following arguments: {'ament_cmake_args': None, 'build_base': '/home/nayanika/robotic_arm_ws/build/mrf_msgs', 'catkin_cmake_args': None, 'catkin_skip_building_tests': False, 'cmake_args': None, 'cmake_clean_cache': False, 'cmake_clean_first': False, 'cmake_force_configure': False, 'cmake_target': None, 'cmake_target_skip_unavailable': False, 'install_base': '/home/nayanika/robotic_arm_ws/install/mrf_msgs', 'merge_install': False, 'path': '/home/nayanika/robotic_arm_ws/src/mrf_msgs', 'symlink_install': True, 'test_result_base': None}
[0.193s] Level 5:colcon.colcon_core.verb:set package 'mrf_coordinator' build argument 'cmake_args' from command line to 'None'
[0.194s] Level 5:colcon.colcon_core.verb:set package 'mrf_coordinator' build argument 'cmake_target' from command line to 'None'
[0.194s] Level 5:colcon.colcon_core.verb:set package 'mrf_coordinator' build argument 'cmake_target_skip_unavailable' from command line to 'False'
[0.194s] Level 5:colcon.colcon_core.verb:set package 'mrf_coordinator' build argument 'cmake_clean_cache' from command line to 'False'
[0.194s] Level 5:colcon.colcon_core.verb:set package 'mrf_coordinator' build argument 'cmake_clean_first' from command line to 'False'
[0.194s] Level 5:colcon.colcon_core.verb:set package 'mrf_coordinator' build argument 'cmake_force_configure' from command line to 'False'
[0.194s] Level 5:colcon.colcon_core.verb:set package 'mrf_coordinator' build argument 'ament_cmake_args' from command line to 'None'
[0.194s] Level 5:colcon.colcon_core.verb:set package 'mrf_coordinator' build argument 'catkin_cmake_args' from command line to 'None'
[0.194s] Level 5:colcon.colcon_core.verb:set package 'mrf_coordinator' build argument 'catkin_skip_building_tests' from command line to 'False'
[0.194s] DEBUG:colcon.colcon_core.verb:Building package 'mrf_coordinator' with the following arguments: {'ament_cmake_args': None, 'build_base': '/home/nayanika/robotic_arm_ws/build/mrf_coordinator', 'catkin_cmake_args': None, 'catkin_skip_building_tests': False, 'cmake_args': None, 'cmake_clean_cache': False, 'cmake_clean_first': False, 'cmake_force_configure': False, 'cmake_target': None, 'cmake_target_skip_unavailable': False, 'install_base': '/home/nayanika/robotic_arm_ws/install/mrf_coordinator', 'merge_install': False, 'path': '/home/nayanika/robotic_arm_ws/src/mrf_coordinator', 'symlink_install': True, 'test_result_base': None}
[0.194s] Level 5:colcon.colcon_core.verb:set package 'mrf_perception' build argument 'cmake_args' from command line to 'None'
[0.194s] Level 5:colcon.colcon_core.verb:set package 'mrf_perception' build argument 'cmake_target' from command line to 'None'
[0.194s] Level 5:colcon.colcon_core.verb:set package 'mrf_perception' build argument 'cmake_target_skip_unavailable' from command line to 'False'
[0.194s] Level 5:colcon.colcon_core.verb:set package 'mrf_perception' build argument 'cmake_clean_cache' from command line to 'False'
[0.194s] Level 5:colcon.colcon_core.verb:set package 'mrf_perception' build argument 'cmake_clean_first' from command line to 'False'
[0.194s] Level 5:colcon.colcon_core.verb:set package 'mrf_perception' build argument 'cmake_force_configure' from command line to 'False'
[0.194s] Level 5:colcon.colcon_core.verb:set package 'mrf_perception' build argument 'ament_cmake_args' from command line to 'None'
[0.194s] Level 5:colcon.colcon_core.verb:set package 'mrf_perception' build argument 'catkin_cmake_args' from command line to 'None'
[0.194s] Level 5:colcon.colcon_core.verb:set package 'mrf_perception' build argument 'catkin_skip_building_tests' from command line to 'False'
[0.194s] DEBUG:colcon.colcon_core.verb:Building package 'mrf_perception' with the following arguments: {'ament_cmake_args': None, 'build_base': '/home/nayanika/robotic_arm_ws/build/mrf_perception', 'catkin_cmake_args': None, 'catkin_skip_building_tests': False, 'cmake_args': None, 'cmake_clean_cache': False, 'cmake_clean_first': False, 'cmake_force_configure': False, 'cmake_target': None, 'cmake_target_skip_unavailable': False, 'install_base': '/home/nayanika/robotic_arm_ws/install/mrf_perception', 'merge_install': False, 'path': '/home/nayanika/robotic_arm_ws/src/mrf_perception', 'symlink_install': True, 'test_result_base': None}
[0.194s] Level 5:colcon.colcon_core.verb:set package 'mrf_bringup' build argument 'cmake_args' from command line to 'None'
[0.194s] Level 5:colcon.colcon_core.verb:set package 'mrf_bringup' build argument 'cmake_target' from command line to 'None'
[0.194s] Level 5:colcon.colcon_core.verb:set package 'mrf_bringup' build argument 'cmake_target_skip_unavailable' from command line to 'False'
[0.194s] Level 5:colcon.colcon_core.verb:set package 'mrf_bringup' build argument 'cmake_clean_cache' from command line to 'False'
[0.194s] Level 5:colcon.colcon_core.verb:set package 'mrf_bringup' build argument 'cmake_clean_first' from command line to 'False'
[0.194s] Level 5:colcon.colcon_core.verb:set package 'mrf_bringup' build argument 'cmake_force_configure' from command line to 'False'
[0.194s] Level 5:colcon.colcon_core.verb:set package 'mrf_bringup' build argument 'ament_cmake_args' from command line to 'None'
[0.194s] Level 5:colcon.colcon_core.verb:set package 'mrf_bringup' build argument 'catkin_cmake_args' from command line to 'None'
[0.194s] Level 5:colcon.colcon_core.verb:set package 'mrf_bringup' build argument 'catkin_skip_building_tests' from command line to 'False'
[0.194s] DEBUG:colcon.colcon_core.verb:Building package 'mrf_bringup' with the following arguments: {'ament_cmake_args': None, 'build_base': '/home/nayanika/robotic_arm_ws/build/mrf_bringup', 'catkin_cmake_args': None, 'catkin_skip_building_tests': False, 'cmake_args': None, 'cmake_clean_cache': False, 'cmake_clean_first': False, 'cmake_force_configure': False, 'cmake_target': None, 'cmake_target_skip_unavailable': False, 'install_base': '/home/nayanika/robotic_arm_ws/install/mrf_bringup', 'merge_install': False, 'path': '/home/nayanika/robotic_arm_ws/src/mrf_bringup', 'symlink_install': True, 'test_result_base': None}
[0.194s] INFO:colcon.colcon_core.executor:Executing jobs using 'parallel' executor
[0.195s] DEBUG:colcon.colcon_parallel_executor.executor.parallel:run_until_complete
[0.195s] INFO:colcon.colcon_ros.task.ament_cmake.build:Building ROS package in '/home/nayanika/robotic_arm_ws/src/mrf_msgs' with build type 'ament_cmake'
[0.195s] INFO:colcon.colcon_cmake.task.cmake.build:Building CMake package in '/home/nayanika/robotic_arm_ws/src/mrf_msgs'
[0.196s] INFO:colcon.colcon_core.plugin_system:Skipping extension 'colcon_core.shell.bat': Not used on non-Windows systems
[0.196s] INFO:colcon.colcon_core.shell:Skip shell extension 'powershell' for command environment: Not usable outside of PowerShell
[0.196s] DEBUG:colcon.colcon_core.shell:Skip shell extension 'dsv' for command environment
[0.198s] INFO:colcon.colcon_ros.task.ament_cmake.build:Building ROS package in '/home/nayanika/robotic_arm_ws/src/mrf_description' with build type 'ament_cmake'
[0.198s] INFO:colcon.colcon_cmake.task.cmake.build:Building CMake package in '/home/nayanika/robotic_arm_ws/src/mrf_description'
[0.198s] INFO:colcon.colcon_core.shell:Skip shell extension 'powershell' for command environment: Not usable outside of PowerShell
[0.198s] DEBUG:colcon.colcon_core.shell:Skip shell extension 'dsv' for command environment
[0.200s] INFO:colcon.colcon_ros.task.ament_cmake.build:Building ROS package in '/home/nayanika/robotic_arm_ws/src/mrf_gazebo' with build type 'ament_cmake'
[0.200s] INFO:colcon.colcon_cmake.task.cmake.build:Building CMake package in '/home/nayanika/robotic_arm_ws/src/mrf_gazebo'
[0.200s] INFO:colcon.colcon_core.shell:Skip shell extension 'powershell' for command environment: Not usable outside of PowerShell
[0.200s] DEBUG:colcon.colcon_core.shell:Skip shell extension 'dsv' for command environment
[0.204s] DEBUG:colcon.colcon_core.event_handler.log_command:Invoking command in '/home/nayanika/robotic_arm_ws/build/mrf_msgs': CMAKE_PREFIX_PATH=/home/nayanika/robot_ws/install/arm_gazebo:/opt/ros/humble /usr/bin/cmake --build /home/nayanika/robotic_arm_ws/build/mrf_msgs -- -j24 -l24
[0.206s] DEBUG:colcon.colcon_core.event_handler.log_command:Invoking command in '/home/nayanika/robotic_arm_ws/build/mrf_description': CMAKE_PREFIX_PATH=/home/nayanika/robot_ws/install/arm_gazebo:/opt/ros/humble /usr/bin/cmake --build /home/nayanika/robotic_arm_ws/build/mrf_description -- -j24 -l24
[0.207s] DEBUG:colcon.colcon_core.event_handler.log_command:Invoking command in '/home/nayanika/robotic_arm_ws/build/mrf_gazebo': CMAKE_PREFIX_PATH=/home/nayanika/robot_ws/install/arm_gazebo:/opt/ros/humble /usr/bin/cmake --build /home/nayanika/robotic_arm_ws/build/mrf_gazebo -- -j24 -l24
[0.236s] DEBUG:colcon.colcon_core.event_handler.log_command:Invoked command in '/home/nayanika/robotic_arm_ws/build/mrf_gazebo' returned '0': CMAKE_PREFIX_PATH=/home/nayanika/robot_ws/install/arm_gazebo:/opt/ros/humble /usr/bin/cmake --build /home/nayanika/robotic_arm_ws/build/mrf_gazebo -- -j24 -l24
[0.241s] DEBUG:colcon.colcon_core.event_handler.log_command:Invoking command in '/home/nayanika/robotic_arm_ws/build/mrf_gazebo': CMAKE_PREFIX_PATH=/home/nayanika/robot_ws/install/arm_gazebo:/opt/ros/humble /usr/bin/cmake --install /home/nayanika/robotic_arm_ws/build/mrf_gazebo
[0.242s] DEBUG:colcon.colcon_core.event_handler.log_command:Invoked command in '/home/nayanika/robotic_arm_ws/build/mrf_description' returned '0': CMAKE_PREFIX_PATH=/home/nayanika/robot_ws/install/arm_gazebo:/opt/ros/humble /usr/bin/cmake --build /home/nayanika/robotic_arm_ws/build/mrf_description -- -j24 -l24
[0.243s] DEBUG:colcon.colcon_core.event_handler.log_command:Invoking command in '/home/nayanika/robotic_arm_ws/build/mrf_description': CMAKE_PREFIX_PATH=/home/nayanika/robot_ws/install/arm_gazebo:/opt/ros/humble /usr/bin/cmake --install /home/nayanika/robotic_arm_ws/build/mrf_description
[0.258s] Level 1:colcon.colcon_core.environment:create_environment_scripts_only(mrf_gazebo)
[0.258s] DEBUG:colcon.colcon_core.event_handler.log_command:Invoked command in '/home/nayanika/robotic_arm_ws/build/mrf_gazebo' returned '0': CMAKE_PREFIX_PATH=/home/nayanika/robot_ws/install/arm_gazebo:/opt/ros/humble /usr/bin/cmake --install /home/nayanika/robotic_arm_ws/build/mrf_gazebo
[0.260s] Level 1:colcon.colcon_core.environment:checking '/home/nayanika/robotic_arm_ws/install/mrf_gazebo' for CMake module files
[0.261s] Level 1:colcon.colcon_core.environment:checking '/home/nayanika/robotic_arm_ws/install/mrf_gazebo' for CMake config files
[0.261s] Level 1:colcon.colcon_core.shell:create_environment_hook('mrf_gazebo', 'cmake_prefix_path')
[0.261s] INFO:colcon.colcon_core.shell:Creating environment hook '/home/nayanika/robotic_arm_ws/install/mrf_gazebo/share/mrf_gazebo/hook/cmake_prefix_path.ps1'
[0.262s] INFO:colcon.colcon_core.shell:Creating environment descriptor '/home/nayanika/robotic_arm_ws/install/mrf_gazebo/share/mrf_gazebo/hook/cmake_prefix_path.dsv'
[0.262s] INFO:colcon.colcon_core.shell:Creating environment hook '/home/nayanika/robotic_arm_ws/install/mrf_gazebo/share/mrf_gazebo/hook/cmake_prefix_path.sh'
[0.263s] Level 1:colcon.colcon_core.environment:checking '/home/nayanika/robotic_arm_ws/install/mrf_gazebo/bin'
[0.263s] Level 1:colcon.colcon_core.environment:checking '/home/nayanika/robotic_arm_ws/install/mrf_gazebo/lib/pkgconfig/mrf_gazebo.pc'
[0.263s] Level 1:colcon.colcon_core.environment:checking '/home/nayanika/robotic_arm_ws/install/mrf_gazebo/lib/python3.10/site-packages'
[0.264s] Level 1:colcon.colcon_core.environment:checking '/home/nayanika/robotic_arm_ws/install/mrf_gazebo/bin'
[0.264s] INFO:colcon.colcon_core.shell:Creating package script '/home/nayanika/robotic_arm_ws/install/mrf_gazebo/share/mrf_gazebo/package.ps1'
[0.265s] INFO:colcon.colcon_core.shell:Creating package descriptor '/home/nayanika/robotic_arm_ws/install/mrf_gazebo/share/mrf_gazebo/package.dsv'
[0.266s] INFO:colcon.colcon_core.shell:Creating package script '/home/nayanika/robotic_arm_ws/install/mrf_gazebo/share/mrf_gazebo/package.sh'
[0.267s] INFO:colcon.colcon_core.shell:Creating package script '/home/nayanika/robotic_arm_ws/install/mrf_gazebo/share/mrf_gazebo/package.bash'
[0.267s] INFO:colcon.colcon_core.shell:Creating package script '/home/nayanika/robotic_arm_ws/install/mrf_gazebo/share/mrf_gazebo/package.zsh'
[0.268s] Level 1:colcon.colcon_core.environment:create_file_with_runtime_dependencies(/home/nayanika/robotic_arm_ws/install/mrf_gazebo/share/colcon-core/packages/mrf_gazebo)
[0.269s] Level 1:colcon.colcon_core.environment:create_environment_scripts_only(mrf_gazebo)
[0.269s] Level 1:colcon.colcon_core.environment:checking '/home/nayanika/robotic_arm_ws/install/mrf_gazebo' for CMake module files
[0.269s] Level 1:colcon.colcon_core.environment:checking '/home/nayanika/robotic_arm_ws/install/mrf_gazebo' for CMake config files
[0.270s] Level 1:colcon.colcon_core.shell:create_environment_hook('mrf_gazebo', 'cmake_prefix_path')
[0.270s] INFO:colcon.colcon_core.shell:Creating environment hook '/home/nayanika/robotic_arm_ws/install/mrf_gazebo/share/mrf_gazebo/hook/cmake_prefix_path.ps1'
[0.270s] INFO:colcon.colcon_core.shell:Creating environment descriptor '/home/nayanika/robotic_arm_ws/install/mrf_gazebo/share/mrf_gazebo/hook/cmake_prefix_path.dsv'
[0.270s] INFO:colcon.colcon_core.shell:Creating environment hook '/home/nayanika/robotic_arm_ws/install/mrf_gazebo/share/mrf_gazebo/hook/cmake_prefix_path.sh'
[0.271s] Level 1:colcon.colcon_core.environment:checking '/home/nayanika/robotic_arm_ws/install/mrf_gazebo/bin'
[0.271s] Level 1:colcon.colcon_core.environment:checking '/home/nayanika/robotic_arm_ws/install/mrf_gazebo/lib/pkgconfig/mrf_gazebo.pc'
[0.271s] Level 1:colcon.colcon_core.environment:checking '/home/nayanika/robotic_arm_ws/install/mrf_gazebo/lib/python3.10/site-packages'
[0.271s] Level 1:colcon.colcon_core.environment:checking '/home/nayanika/robotic_arm_ws/install/mrf_gazebo/bin'
[0.271s] INFO:colcon.colcon_core.shell:Creating package script '/home/nayanika/robotic_arm_ws/install/mrf_gazebo/share/mrf_gazebo/package.ps1'
[0.272s] INFO:colcon.colcon_core.shell:Creating package descriptor '/home/nayanika/robotic_arm_ws/install/mrf_gazebo/share/mrf_gazebo/package.dsv'
[0.272s] INFO:colcon.colcon_core.shell:Creating package script '/home/nayanika/robotic_arm_ws/install/mrf_gazebo/share/mrf_gazebo/package.sh'
[0.272s] INFO:colcon.colcon_core.shell:Creating package script '/home/nayanika/robotic_arm_ws/install/mrf_gazebo/share/mrf_gazebo/package.bash'
[0.273s] INFO:colcon.colcon_core.shell:Creating package script '/home/nayanika/robotic_arm_ws/install/mrf_gazebo/share/mrf_gazebo/package.zsh'
[0.273s] Level 1:colcon.colcon_core.environment:create_file_with_runtime_dependencies(/home/nayanika/robotic_arm_ws/install/mrf_gazebo/share/colcon-core/packages/mrf_gazebo)
[0.273s] Level 1:colcon.colcon_core.environment:create_environment_scripts_only(mrf_description)
[0.273s] Level 1:colcon.colcon_core.environment:checking '/home/nayanika/robotic_arm_ws/install/mrf_description' for CMake module files
[0.274s] DEBUG:colcon.colcon_core.event_handler.log_command:Invoked command in '/home/nayanika/robotic_arm_ws/build/mrf_description' returned '0': CMAKE_PREFIX_PATH=/home/nayanika/robot_ws/install/arm_gazebo:/opt/ros/humble /usr/bin/cmake --install /home/nayanika/robotic_arm_ws/build/mrf_description
[0.274s] Level 1:colcon.colcon_core.environment:checking '/home/nayanika/robotic_arm_ws/install/mrf_description' for CMake config files
[0.274s] Level 1:colcon.colcon_core.shell:create_environment_hook('mrf_description', 'cmake_prefix_path')
[0.274s] INFO:colcon.colcon_core.shell:Creating environment hook '/home/nayanika/robotic_arm_ws/install/mrf_description/share/mrf_description/hook/cmake_prefix_path.ps1'
[0.274s] INFO:colcon.colcon_core.shell:Creating environment descriptor '/home/nayanika/robotic_arm_ws/install/mrf_description/share/mrf_description/hook/cmake_prefix_path.dsv'
[0.274s] INFO:colcon.colcon_core.shell:Creating environment hook '/home/nayanika/robotic_arm_ws/install/mrf_description/share/mrf_description/hook/cmake_prefix_path.sh'
[0.275s] Level 1:colcon.colcon_core.environment:checking '/home/nayanika/robotic_arm_ws/install/mrf_description/bin'
[0.275s] Level 1:colcon.colcon_core.environment:checking '/home/nayanika/robotic_arm_ws/install/mrf_description/lib/pkgconfig/mrf_description.pc'
[0.275s] Level 1:colcon.colcon_core.environment:checking '/home/nayanika/robotic_arm_ws/install/mrf_description/lib/python3.10/site-packages'
[0.275s] Level 1:colcon.colcon_core.environment:checking '/home/nayanika/robotic_arm_ws/install/mrf_description/bin'
[0.275s] INFO:colcon.colcon_core.shell:Creating package script '/home/nayanika/robotic_arm_ws/install/mrf_description/share/mrf_description/package.ps1'
[0.275s] INFO:colcon.colcon_core.shell:Creating package descriptor '/home/nayanika/robotic_arm_ws/install/mrf_description/share/mrf_description/package.dsv'
[0.276s] INFO:colcon.colcon_core.shell:Creating package script '/home/nayanika/robotic_arm_ws/install/mrf_description/share/mrf_description/package.sh'
[0.276s] INFO:colcon.colcon_core.shell:Creating package script '/home/nayanika/robotic_arm_ws/install/mrf_description/share/mrf_description/package.bash'
[0.276s] INFO:colcon.colcon_core.shell:Creating package script '/home/nayanika/robotic_arm_ws/install/mrf_description/share/mrf_description/package.zsh'
[0.276s] Level 1:colcon.colcon_core.environment:create_file_with_runtime_dependencies(/home/nayanika/robotic_arm_ws/install/mrf_description/share/colcon-core/packages/mrf_description)
[0.276s] Level 1:colcon.colcon_core.environment:create_environment_scripts_only(mrf_description)
[0.276s] Level 1:colcon.colcon_core.environment:checking '/home/nayanika/robotic_arm_ws/install/mrf_description' for CMake module files
[0.276s] Level 1:colcon.colcon_core.environment:checking '/home/nayanika/robotic_arm_ws/install/mrf_description' for CMake config files
[0.277s] Level 1:colcon.colcon_core.shell:create_environment_hook('mrf_description', 'cmake_prefix_path')
[0.277s] INFO:colcon.colcon_core.shell:Creating environment hook '/home/nayanika/robotic_arm_ws/install/mrf_description/share/mrf_description/hook/cmake_prefix_path.ps1'
[0.277s] INFO:colcon.colcon_core.shell:Creating environment descriptor '/home/nayanika/robotic_arm_ws/install/mrf_description/share/mrf_description/hook/cmake_prefix_path.dsv'
[0.277s] INFO:colcon.colcon_core.shell:Creating environment hook '/home/nayanika/robotic_arm_ws/install/mrf_description/share/mrf_description/hook/cmake_prefix_path.sh'
[0.277s] Level 1:colcon.colcon_core.environment:checking '/home/nayanika/robotic_arm_ws/install/mrf_description/bin'
[0.277s] Level 1:colcon.colcon_core.environment:checking '/home/nayanika/robotic_arm_ws/install/mrf_description/lib/pkgconfig/mrf_description.pc'
[0.277s] Level 1:colcon.colcon_core.environment:checking '/home/nayanika/robotic_arm_ws/install/mrf_description/lib/python3.10/site-packages'
[0.278s] Level 1:colcon.colcon_core.environment:checking '/home/nayanika/robotic_arm_ws/install/mrf_description/bin'
[0.278s] INFO:colcon.colcon_core.shell:Creating package script '/home/nayanika/robotic_arm_ws/install/mrf_description/share/mrf_description/package.ps1'
[0.278s] INFO:colcon.colcon_core.shell:Creating package descriptor '/home/nayanika/robotic_arm_ws/install/mrf_description/share/mrf_description/package.dsv'
[0.278s] INFO:colcon.colcon_core.shell:Creating package script '/home/nayanika/robotic_arm_ws/install/mrf_description/share/mrf_description/package.sh'
[0.278s] INFO:colcon.colcon_core.shell:Creating package script '/home/nayanika/robotic_arm_ws/install/mrf_description/share/mrf_description/package.bash'
[0.278s] INFO:colcon.colcon_core.shell:Creating package script '/home/nayanika/robotic_arm_ws/install/mrf_description/share/mrf_description/package.zsh'
[0.279s] Level 1:colcon.colcon_core.environment:create_file_with_runtime_dependencies(/home/nayanika/robotic_arm_ws/install/mrf_description/share/colcon-core/packages/mrf_description)
[0.412s] DEBUG:colcon.colcon_core.event_handler.log_command:Invoked command in '/home/nayanika/robotic_arm_ws/build/mrf_msgs' returned '0': CMAKE_PREFIX_PATH=/home/nayanika/robot_ws/install/arm_gazebo:/opt/ros/humble /usr/bin/cmake --build /home/nayanika/robotic_arm_ws/build/mrf_msgs -- -j24 -l24
[0.413s] DEBUG:colcon.colcon_core.event_handler.log_command:Invoking command in '/home/nayanika/robotic_arm_ws/build/mrf_msgs': CMAKE_PREFIX_PATH=/home/nayanika/robot_ws/install/arm_gazebo:/opt/ros/humble /usr/bin/cmake --install /home/nayanika/robotic_arm_ws/build/mrf_msgs
[0.471s] Level 1:colcon.colcon_core.environment:create_environment_scripts_only(mrf_msgs)
[0.471s] Level 1:colcon.colcon_core.environment:checking '/home/nayanika/robotic_arm_ws/install/mrf_msgs' for CMake module files
[0.471s] DEBUG:colcon.colcon_core.event_handler.log_command:Invoked command in '/home/nayanika/robotic_arm_ws/build/mrf_msgs' returned '0': CMAKE_PREFIX_PATH=/home/nayanika/robot_ws/install/arm_gazebo:/opt/ros/humble /usr/bin/cmake --install /home/nayanika/robotic_arm_ws/build/mrf_msgs
[0.472s] Level 1:colcon.colcon_core.environment:checking '/home/nayanika/robotic_arm_ws/install/mrf_msgs' for CMake config files
[0.472s] Level 1:colcon.colcon_core.shell:create_environment_hook('mrf_msgs', 'cmake_prefix_path')
[0.472s] INFO:colcon.colcon_core.shell:Creating environment hook '/home/nayanika/robotic_arm_ws/install/mrf_msgs/share/mrf_msgs/hook/cmake_prefix_path.ps1'
[0.472s] INFO:colcon.colcon_core.shell:Creating environment descriptor '/home/nayanika/robotic_arm_ws/install/mrf_msgs/share/mrf_msgs/hook/cmake_prefix_path.dsv'
[0.472s] INFO:colcon.colcon_core.shell:Creating environment hook '/home/nayanika/robotic_arm_ws/install/mrf_msgs/share/mrf_msgs/hook/cmake_prefix_path.sh'
[0.473s] Level 1:colcon.colcon_core.environment:checking '/home/nayanika/robotic_arm_ws/install/mrf_msgs/lib'
[0.473s] Level 1:colcon.colcon_core.shell:create_environment_hook('mrf_msgs', 'ld_library_path_lib')
[0.473s] INFO:colcon.colcon_core.shell:Creating environment hook '/home/nayanika/robotic_arm_ws/install/mrf_msgs/share/mrf_msgs/hook/ld_library_path_lib.ps1'
[0.473s] INFO:colcon.colcon_core.shell:Creating environment descriptor '/home/nayanika/robotic_arm_ws/install/mrf_msgs/share/mrf_msgs/hook/ld_library_path_lib.dsv'
[0.473s] INFO:colcon.colcon_core.shell:Creating environment hook '/home/nayanika/robotic_arm_ws/install/mrf_msgs/share/mrf_msgs/hook/ld_library_path_lib.sh'
[0.473s] Level 1:colcon.colcon_core.environment:checking '/home/nayanika/robotic_arm_ws/install/mrf_msgs/bin'
[0.473s] Level 1:colcon.colcon_core.environment:checking '/home/nayanika/robotic_arm_ws/install/mrf_msgs/lib/pkgconfig/mrf_msgs.pc'
[0.474s] Level 1:colcon.colcon_core.environment:checking '/home/nayanika/robotic_arm_ws/install/mrf_msgs/lib/python3.10/site-packages'
[0.474s] Level 1:colcon.colcon_core.environment:checking '/home/nayanika/robotic_arm_ws/install/mrf_msgs/bin'
[0.474s] INFO:colcon.colcon_core.shell:Creating package script '/home/nayanika/robotic_arm_ws/install/mrf_msgs/share/mrf_msgs/package.ps1'
[0.474s] INFO:colcon.colcon_core.shell:Creating package descriptor '/home/nayanika/robotic_arm_ws/install/mrf_msgs/share/mrf_msgs/package.dsv'
[0.474s] INFO:colcon.colcon_core.shell:Creating package script '/home/nayanika/robotic_arm_ws/install/mrf_msgs/share/mrf_msgs/package.sh'
[0.475s] INFO:colcon.colcon_core.shell:Creating package script '/home/nayanika/robotic_arm_ws/install/mrf_msgs/share/mrf_msgs/package.bash'
[0.475s] INFO:colcon.colcon_core.shell:Creating package script '/home/nayanika/robotic_arm_ws/install/mrf_msgs/share/mrf_msgs/package.zsh'
[0.475s] Level 1:colcon.colcon_core.environment:create_file_with_runtime_dependencies(/home/nayanika/robotic_arm_ws/install/mrf_msgs/share/colcon-core/packages/mrf_msgs)
[0.475s] Level 1:colcon.colcon_core.environment:create_environment_scripts_only(mrf_msgs)
[0.475s] Level 1:colcon.colcon_core.environment:checking '/home/nayanika/robotic_arm_ws/install/mrf_msgs' for CMake module files
[0.475s] Level 1:colcon.colcon_core.environment:checking '/home/nayanika/robotic_arm_ws/install/mrf_msgs' for CMake config files
[0.476s] Level 1:colcon.colcon_core.shell:create_environment_hook('mrf_msgs', 'cmake_prefix_path')
[0.476s] INFO:colcon.colcon_core.shell:Creating environment hook '/home/nayanika/robotic_arm_ws/install/mrf_msgs/share/mrf_msgs/hook/cmake_prefix_path.ps1'
[0.476s] INFO:colcon.colcon_core.shell:Creating environment descriptor '/home/nayanika/robotic_arm_ws/install/mrf_msgs/share/mrf_msgs/hook/cmake_prefix_path.dsv'
[0.476s] INFO:colcon.colcon_core.shell:Creating environment hook '/home/nayanika/robotic_arm_ws/install/mrf_msgs/share/mrf_msgs/hook/cmake_prefix_path.sh'
[0.476s] Level 1:colcon.colcon_core.environment:checking '/home/nayanika/robotic_arm_ws/install/mrf_msgs/lib'
[0.476s] Level 1:colcon.colcon_core.shell:create_environment_hook('mrf_msgs', 'ld_library_path_lib')
[0.476s] INFO:colcon.colcon_core.shell:Creating environment hook '/home/nayanika/robotic_arm_ws/install/mrf_msgs/share/mrf_msgs/hook/ld_library_path_lib.ps1'
[0.477s] INFO:colcon.colcon_core.shell:Creating environment descriptor '/home/nayanika/robotic_arm_ws/install/mrf_msgs/share/mrf_msgs/hook/ld_library_path_lib.dsv'
[0.477s] INFO:colcon.colcon_core.shell:Creating environment hook '/home/nayanika/robotic_arm_ws/install/mrf_msgs/share/mrf_msgs/hook/ld_library_path_lib.sh'
[0.477s] Level 1:colcon.colcon_core.environment:checking '/home/nayanika/robotic_arm_ws/install/mrf_msgs/bin'
[0.477s] Level 1:colcon.colcon_core.environment:checking '/home/nayanika/robotic_arm_ws/install/mrf_msgs/lib/pkgconfig/mrf_msgs.pc'
[0.477s] Level 1:colcon.colcon_core.environment:checking '/home/nayanika/robotic_arm_ws/install/mrf_msgs/lib/python3.10/site-packages'
[0.477s] Level 1:colcon.colcon_core.environment:checking '/home/nayanika/robotic_arm_ws/install/mrf_msgs/bin'
[0.477s] INFO:colcon.colcon_core.shell:Creating package script '/home/nayanika/robotic_arm_ws/install/mrf_msgs/share/mrf_msgs/package.ps1'
[0.477s] INFO:colcon.colcon_core.shell:Creating package descriptor '/home/nayanika/robotic_arm_ws/install/mrf_msgs/share/mrf_msgs/package.dsv'
[0.478s] INFO:colcon.colcon_core.shell:Creating package script '/home/nayanika/robotic_arm_ws/install/mrf_msgs/share/mrf_msgs/package.sh'
[0.478s] INFO:colcon.colcon_core.shell:Creating package script '/home/nayanika/robotic_arm_ws/install/mrf_msgs/share/mrf_msgs/package.bash'
[0.478s] INFO:colcon.colcon_core.shell:Creating package script '/home/nayanika/robotic_arm_ws/install/mrf_msgs/share/mrf_msgs/package.zsh'
[0.478s] Level 1:colcon.colcon_core.environment:create_file_with_runtime_dependencies(/home/nayanika/robotic_arm_ws/install/mrf_msgs/share/colcon-core/packages/mrf_msgs)
[0.478s] INFO:colcon.colcon_ros.task.ament_python.build:Building ROS package in '/home/nayanika/robotic_arm_ws/src/mrf_coordinator' with build type 'ament_python'
[0.478s] Level 1:colcon.colcon_core.shell:create_environment_hook('mrf_coordinator', 'ament_prefix_path')
[0.479s] INFO:colcon.colcon_core.shell:Creating environment hook '/home/nayanika/robotic_arm_ws/install/mrf_coordinator/share/mrf_coordinator/hook/ament_prefix_path.ps1'
[0.479s] INFO:colcon.colcon_core.shell:Creating environment descriptor '/home/nayanika/robotic_arm_ws/install/mrf_coordinator/share/mrf_coordinator/hook/ament_prefix_path.dsv'
[0.479s] INFO:colcon.colcon_core.shell:Creating environment hook '/home/nayanika/robotic_arm_ws/install/mrf_coordinator/share/mrf_coordinator/hook/ament_prefix_path.sh'
[0.479s] INFO:colcon.colcon_core.shell:Skip shell extension 'powershell' for command environment: Not usable outside of PowerShell
[0.479s] DEBUG:colcon.colcon_core.shell:Skip shell extension 'dsv' for command environment
[0.481s] INFO:colcon.colcon_ros.task.ament_python.build:Building ROS package in '/home/nayanika/robotic_arm_ws/src/mrf_perception' with build type 'ament_python'
[0.481s] Level 1:colcon.colcon_core.shell:create_environment_hook('mrf_perception', 'ament_prefix_path')
[0.481s] INFO:colcon.colcon_core.shell:Creating environment hook '/home/nayanika/robotic_arm_ws/install/mrf_perception/share/mrf_perception/hook/ament_prefix_path.ps1'
[0.482s] INFO:colcon.colcon_core.shell:Creating environment descriptor '/home/nayanika/robotic_arm_ws/install/mrf_perception/share/mrf_perception/hook/ament_prefix_path.dsv'
[0.482s] INFO:colcon.colcon_core.shell:Creating environment hook '/home/nayanika/robotic_arm_ws/install/mrf_perception/share/mrf_perception/hook/ament_prefix_path.sh'
[0.482s] INFO:colcon.colcon_core.shell:Skip shell extension 'powershell' for command environment: Not usable outside of PowerShell
[0.482s] DEBUG:colcon.colcon_core.shell:Skip shell extension 'dsv' for command environment
[0.607s] INFO:colcon.colcon_core.task.python.build:Building Python package in '/home/nayanika/robotic_arm_ws/src/mrf_coordinator'
[0.607s] INFO:colcon.colcon_core.shell:Skip shell extension 'powershell' for command environment: Not usable outside of PowerShell
[0.607s] DEBUG:colcon.colcon_core.shell:Skip shell extension 'dsv' for command environment
[0.743s] INFO:colcon.colcon_core.task.python.build:Building Python package in '/home/nayanika/robotic_arm_ws/src/mrf_perception'
[0.743s] INFO:colcon.colcon_core.shell:Skip shell extension 'powershell' for command environment: Not usable outside of PowerShell
[0.743s] DEBUG:colcon.colcon_core.shell:Skip shell extension 'dsv' for command environment
[0.928s] DEBUG:colcon.colcon_core.event_handler.log_command:Invoking command in '/home/nayanika/robotic_arm_ws/build/mrf_coordinator': AMENT_PREFIX_PATH=/home/nayanika/robotic_arm_ws/install/mrf_msgs:${AMENT_PREFIX_PATH} CMAKE_PREFIX_PATH=/home/nayanika/robotic_arm_ws/install/mrf_msgs LD_LIBRARY_PATH=/home/nayanika/robotic_arm_ws/install/mrf_msgs/lib:${LD_LIBRARY_PATH} PYTHONPATH=/home/nayanika/robotic_arm_ws/build/mrf_coordinator/prefix_override:/usr/lib/python3/dist-packages/colcon_core/task/python/colcon_distutils_commands:/home/nayanika/robotic_arm_ws/install/mrf_coordinator/lib/python3.10/site-packages:/home/nayanika/robotic_arm_ws/install/mrf_msgs/local/lib/python3.10/dist-packages:${PYTHONPATH} /usr/bin/python3 -W ignore:setup.py install is deprecated -W ignore:easy_install command is deprecated setup.py develop --editable --build-directory /home/nayanika/robotic_arm_ws/build/mrf_coordinator/build --no-deps symlink_data
[0.929s] DEBUG:colcon.colcon_core.event_handler.log_command:Invoking command in '/home/nayanika/robotic_arm_ws/build/mrf_perception': AMENT_PREFIX_PATH=/home/nayanika/robotic_arm_ws/install/mrf_msgs:${AMENT_PREFIX_PATH} CMAKE_PREFIX_PATH=/home/nayanika/robotic_arm_ws/install/mrf_msgs LD_LIBRARY_PATH=/home/nayanika/robotic_arm_ws/install/mrf_msgs/lib:${LD_LIBRARY_PATH} PYTHONPATH=/home/nayanika/robotic_arm_ws/build/mrf_perception/prefix_override:/usr/lib/python3/dist-packages/colcon_core/task/python/colcon_distutils_commands:/home/nayanika/robotic_arm_ws/install/mrf_perception/lib/python3.10/site-packages:/home/nayanika/robotic_arm_ws/install/mrf_msgs/local/lib/python3.10/dist-packages:${PYTHONPATH} /usr/bin/python3 -W ignore:setup.py install is deprecated -W ignore:easy_install command is deprecated setup.py develop --editable --build-directory /home/nayanika/robotic_arm_ws/build/mrf_perception/build --no-deps symlink_data
[1.156s] Level 1:colcon.colcon_core.shell:create_environment_hook('mrf_coordinator', 'pythonpath_develop')
[1.156s] INFO:colcon.colcon_core.shell:Creating environment hook '/home/nayanika/robotic_arm_ws/build/mrf_coordinator/share/mrf_coordinator/hook/pythonpath_develop.ps1'
[1.156s] DEBUG:colcon.colcon_core.event_handler.log_command:Invoked command in '/home/nayanika/robotic_arm_ws/build/mrf_coordinator' returned '0': AMENT_PREFIX_PATH=/home/nayanika/robotic_arm_ws/install/mrf_msgs:${AMENT_PREFIX_PATH} CMAKE_PREFIX_PATH=/home/nayanika/robotic_arm_ws/install/mrf_msgs LD_LIBRARY_PATH=/home/nayanika/robotic_arm_ws/install/mrf_msgs/lib:${LD_LIBRARY_PATH} PYTHONPATH=/home/nayanika/robotic_arm_ws/build/mrf_coordinator/prefix_override:/usr/lib/python3/dist-packages/colcon_core/task/python/colcon_distutils_commands:/home/nayanika/robotic_arm_ws/install/mrf_coordinator/lib/python3.10/site-packages:/home/nayanika/robotic_arm_ws/install/mrf_msgs/local/lib/python3.10/dist-packages:${PYTHONPATH} /usr/bin/python3 -W ignore:setup.py install is deprecated -W ignore:easy_install command is deprecated setup.py develop --editable --build-directory /home/nayanika/robotic_arm_ws/build/mrf_coordinator/build --no-deps symlink_data
[1.156s] INFO:colcon.colcon_core.shell:Creating environment descriptor '/home/nayanika/robotic_arm_ws/build/mrf_coordinator/share/mrf_coordinator/hook/pythonpath_develop.dsv'
[1.157s] INFO:colcon.colcon_core.shell:Creating environment hook '/home/nayanika/robotic_arm_ws/build/mrf_coordinator/share/mrf_coordinator/hook/pythonpath_develop.sh'
[1.157s] Level 1:colcon.colcon_core.environment:checking '/home/nayanika/robotic_arm_ws/install/mrf_coordinator' for CMake module files
[1.157s] Level 1:colcon.colcon_core.environment:checking '/home/nayanika/robotic_arm_ws/install/mrf_coordinator' for CMake config files
[1.157s] Level 1:colcon.colcon_core.environment:checking '/home/nayanika/robotic_arm_ws/install/mrf_coordinator/lib'
[1.157s] Level 1:colcon.colcon_core.environment:checking '/home/nayanika/robotic_arm_ws/install/mrf_coordinator/bin'
[1.157s] Level 1:colcon.colcon_core.environment:checking '/home/nayanika/robotic_arm_ws/install/mrf_coordinator/lib/pkgconfig/mrf_coordinator.pc'
[1.158s] Level 1:colcon.colcon_core.environment:checking '/home/nayanika/robotic_arm_ws/install/mrf_coordinator/lib/python3.10/site-packages'
[1.158s] Level 1:colcon.colcon_core.shell:create_environment_hook('mrf_coordinator', 'pythonpath')
[1.158s] INFO:colcon.colcon_core.shell:Creating environment hook '/home/nayanika/robotic_arm_ws/install/mrf_coordinator/share/mrf_coordinator/hook/pythonpath.ps1'
[1.158s] INFO:colcon.colcon_core.shell:Creating environment descriptor '/home/nayanika/robotic_arm_ws/install/mrf_coordinator/share/mrf_coordinator/hook/pythonpath.dsv'
[1.158s] INFO:colcon.colcon_core.shell:Creating environment hook '/home/nayanika/robotic_arm_ws/install/mrf_coordinator/share/mrf_coordinator/hook/pythonpath.sh'
[1.158s] Level 1:colcon.colcon_core.environment:checking '/home/nayanika/robotic_arm_ws/install/mrf_coordinator/bin'
[1.158s] Level 1:colcon.colcon_core.environment:create_environment_scripts_only(mrf_coordinator)
[1.159s] INFO:colcon.colcon_core.shell:Creating package script '/home/nayanika/robotic_arm_ws/install/mrf_coordinator/share/mrf_coordinator/package.ps1'
[1.159s] INFO:colcon.colcon_core.shell:Creating package descriptor '/home/nayanika/robotic_arm_ws/install/mrf_coordinator/share/mrf_coordinator/package.dsv'
[1.159s] INFO:colcon.colcon_core.shell:Creating package script '/home/nayanika/robotic_arm_ws/install/mrf_coordinator/share/mrf_coordinator/package.sh'
[1.159s] INFO:colcon.colcon_core.shell:Creating package script '/home/nayanika/robotic_arm_ws/install/mrf_coordinator/share/mrf_coordinator/package.bash'
[1.159s] INFO:colcon.colcon_core.shell:Creating package script '/home/nayanika/robotic_arm_ws/install/mrf_coordinator/share/mrf_coordinator/package.zsh'
[1.160s] Level 1:colcon.colcon_core.environment:create_file_with_runtime_dependencies(/home/nayanika/robotic_arm_ws/install/mrf_coordinator/share/colcon-core/packages/mrf_coordinator)
[1.160s] Level 1:colcon.colcon_core.shell:create_environment_hook('mrf_perception', 'pythonpath_develop')
[1.160s] INFO:colcon.colcon_core.shell:Creating environment hook '/home/nayanika/robotic_arm_ws/build/mrf_perception/share/mrf_perception/hook/pythonpath_develop.ps1'
[1.161s] DEBUG:colcon.colcon_core.event_handler.log_command:Invoked command in '/home/nayanika/robotic_arm_ws/build/mrf_perception' returned '0': AMENT_PREFIX_PATH=/home/nayanika/robotic_arm_ws/install/mrf_msgs:${AMENT_PREFIX_PATH} CMAKE_PREFIX_PATH=/home/nayanika/robotic_arm_ws/install/mrf_msgs LD_LIBRARY_PATH=/home/nayanika/robotic_arm_ws/install/mrf_msgs/lib:${LD_LIBRARY_PATH} PYTHONPATH=/home/nayanika/robotic_arm_ws/build/mrf_perception/prefix_override:/usr/lib/python3/dist-packages/colcon_core/task/python/colcon_distutils_commands:/home/nayanika/robotic_arm_ws/install/mrf_perception/lib/python3.10/site-packages:/home/nayanika/robotic_arm_ws/install/mrf_msgs/local/lib/python3.10/dist-packages:${PYTHONPATH} /usr/bin/python3 -W ignore:setup.py install is deprecated -W ignore:easy_install command is deprecated setup.py develop --editable --build-directory /home/nayanika/robotic_arm_ws/build/mrf_perception/build --no-deps symlink_data
[1.161s] INFO:colcon.colcon_core.shell:Creating environment descriptor '/home/nayanika/robotic_arm_ws/build/mrf_perception/share/mrf_perception/hook/pythonpath_develop.dsv'
[1.161s] INFO:colcon.colcon_core.shell:Creating environment hook '/home/nayanika/robotic_arm_ws/build/mrf_perception/share/mrf_perception/hook/pythonpath_develop.sh'
[1.161s] Level 1:colcon.colcon_core.environment:checking '/home/nayanika/robotic_arm_ws/install/mrf_perception' for CMake module files
[1.161s] Level 1:colcon.colcon_core.environment:checking '/home/nayanika/robotic_arm_ws/install/mrf_perception' for CMake config files
[1.162s] Level 1:colcon.colcon_core.environment:checking '/home/nayanika/robotic_arm_ws/install/mrf_perception/lib'
[1.162s] Level 1:colcon.colcon_core.environment:checking '/home/nayanika/robotic_arm_ws/install/mrf_perception/bin'
[1.162s] Level 1:colcon.colcon_core.environment:checking '/home/nayanika/robotic_arm_ws/install/mrf_perception/lib/pkgconfig/mrf_perception.pc'
[1.162s] Level 1:colcon.colcon_core.environment:checking '/home/nayanika/robotic_arm_ws/install/mrf_perception/lib/python3.10/site-packages'
[1.162s] Level 1:colcon.colcon_core.shell:create_environment_hook('mrf_perception', 'pythonpath')
[1.162s] INFO:colcon.colcon_core.shell:Creating environment hook '/home/nayanika/robotic_arm_ws/install/mrf_perception/share/mrf_perception/hook/pythonpath.ps1'
[1.162s] INFO:colcon.colcon_core.shell:Creating environment descriptor '/home/nayanika/robotic_arm_ws/install/mrf_perception/share/mrf_perception/hook/pythonpath.dsv'
[1.162s] INFO:colcon.colcon_core.shell:Creating environment hook '/home/nayanika/robotic_arm_ws/install/mrf_perception/share/mrf_perception/hook/pythonpath.sh'
[1.162s] Level 1:colcon.colcon_core.environment:checking '/home/nayanika/robotic_arm_ws/install/mrf_perception/bin'
[1.162s] Level 1:colcon.colcon_core.environment:create_environment_scripts_only(mrf_perception)
[1.163s] INFO:colcon.colcon_core.shell:Creating package script '/home/nayanika/robotic_arm_ws/install/mrf_perception/share/mrf_perception/package.ps1'
[1.163s] INFO:colcon.colcon_core.shell:Creating package descriptor '/home/nayanika/robotic_arm_ws/install/mrf_perception/share/mrf_perception/package.dsv'
[1.163s] INFO:colcon.colcon_core.shell:Creating package script '/home/nayanika/robotic_arm_ws/install/mrf_perception/share/mrf_perception/package.sh'
[1.163s] INFO:colcon.colcon_core.shell:Creating package script '/home/nayanika/robotic_arm_ws/install/mrf_perception/share/mrf_perception/package.bash'
[1.163s] INFO:colcon.colcon_core.shell:Creating package script '/home/nayanika/robotic_arm_ws/install/mrf_perception/share/mrf_perception/package.zsh'
[1.163s] Level 1:colcon.colcon_core.environment:create_file_with_runtime_dependencies(/home/nayanika/robotic_arm_ws/install/mrf_perception/share/colcon-core/packages/mrf_perception)
[1.164s] INFO:colcon.colcon_ros.task.ament_cmake.build:Building ROS package in '/home/nayanika/robotic_arm_ws/src/mrf_bringup' with build type 'ament_cmake'
[1.164s] INFO:colcon.colcon_cmake.task.cmake.build:Building CMake package in '/home/nayanika/robotic_arm_ws/src/mrf_bringup'
[1.164s] INFO:colcon.colcon_core.shell:Skip shell extension 'powershell' for command environment: Not usable outside of PowerShell
[1.164s] DEBUG:colcon.colcon_core.shell:Skip shell extension 'dsv' for command environment
[1.173s] DEBUG:colcon.colcon_core.event_handler.log_command:Invoking command in '/home/nayanika/robotic_arm_ws/build/mrf_bringup': AMENT_PREFIX_PATH=/home/nayanika/robotic_arm_ws/install/mrf_perception:/home/nayanika/robotic_arm_ws/install/mrf_coordinator:/home/nayanika/robotic_arm_ws/install/mrf_msgs:/home/nayanika/robotic_arm_ws/install/mrf_gazebo:/home/nayanika/robotic_arm_ws/install/mrf_description:${AMENT_PREFIX_PATH} CMAKE_PREFIX_PATH=/home/nayanika/robotic_arm_ws/install/mrf_msgs:/home/nayanika/robotic_arm_ws/install/mrf_gazebo:/home/nayanika/robotic_arm_ws/install/mrf_description:/home/nayanika/robot_ws/install/arm_gazebo:/opt/ros/humble LD_LIBRARY_PATH=/home/nayanika/robotic_arm_ws/install/mrf_msgs/lib:${LD_LIBRARY_PATH} PYTHONPATH=/home/nayanika/robotic_arm_ws/build/mrf_perception:/home/nayanika/robotic_arm_ws/install/mrf_perception/lib/python3.10/site-packages:/home/nayanika/robotic_arm_ws/build/mrf_coordinator:/home/nayanika/robotic_arm_ws/install/mrf_coordinator/lib/python3.10/site-packages:/home/nayanika/robotic_arm_ws/install/mrf_msgs/local/lib/python3.10/dist-packages:${PYTHONPATH} /usr/bin/cmake --build /home/nayanika/robotic_arm_ws/build/mrf_bringup -- -j24 -l24
[1.202s] DEBUG:colcon.colcon_core.event_handler.log_command:Invoked command in '/home/nayanika/robotic_arm_ws/build/mrf_bringup' returned '0': AMENT_PREFIX_PATH=/home/nayanika/robotic_arm_ws/install/mrf_perception:/home/nayanika/robotic_arm_ws/install/mrf_coordinator:/home/nayanika/robotic_arm_ws/install/mrf_msgs:/home/nayanika/robotic_arm_ws/install/mrf_gazebo:/home/nayanika/robotic_arm_ws/install/mrf_description:${AMENT_PREFIX_PATH} CMAKE_PREFIX_PATH=/home/nayanika/robotic_arm_ws/install/mrf_msgs:/home/nayanika/robotic_arm_ws/install/mrf_gazebo:/home/nayanika/robotic_arm_ws/install/mrf_description:/home/nayanika/robot_ws/install/arm_gazebo:/opt/ros/humble LD_LIBRARY_PATH=/home/nayanika/robotic_arm_ws/install/mrf_msgs/lib:${LD_LIBRARY_PATH} PYTHONPATH=/home/nayanika/robotic_arm_ws/build/mrf_perception:/home/nayanika/robotic_arm_ws/install/mrf_perception/lib/python3.10/site-packages:/home/nayanika/robotic_arm_ws/build/mrf_coordinator:/home/nayanika/robotic_arm_ws/install/mrf_coordinator/lib/python3.10/site-packages:/home/nayanika/robotic_arm_ws/install/mrf_msgs/local/lib/python3.10/dist-packages:${PYTHONPATH} /usr/bin/cmake --build /home/nayanika/robotic_arm_ws/build/mrf_bringup -- -j24 -l24
[1.204s] DEBUG:colcon.colcon_core.event_handler.log_command:Invoking command in '/home/nayanika/robotic_arm_ws/build/mrf_bringup': AMENT_PREFIX_PATH=/home/nayanika/robotic_arm_ws/install/mrf_perception:/home/nayanika/robotic_arm_ws/install/mrf_coordinator:/home/nayanika/robotic_arm_ws/install/mrf_msgs:/home/nayanika/robotic_arm_ws/install/mrf_gazebo:/home/nayanika/robotic_arm_ws/install/mrf_description:${AMENT_PREFIX_PATH} CMAKE_PREFIX_PATH=/home/nayanika/robotic_arm_ws/install/mrf_msgs:/home/nayanika/robotic_arm_ws/install/mrf_gazebo:/home/nayanika/robotic_arm_ws/install/mrf_description:/home/nayanika/robot_ws/install/arm_gazebo:/opt/ros/humble LD_LIBRARY_PATH=/home/nayanika/robotic_arm_ws/install/mrf_msgs/lib:${LD_LIBRARY_PATH} PYTHONPATH=/home/nayanika/robotic_arm_ws/build/mrf_perception:/home/nayanika/robotic_arm_ws/install/mrf_perception/lib/python3.10/site-packages:/home/nayanika/robotic_arm_ws/build/mrf_coordinator:/home/nayanika/robotic_arm_ws/install/mrf_coordinator/lib/python3.10/site-packages:/home/nayanika/robotic_arm_ws/install/mrf_msgs/local/lib/python3.10/dist-packages:${PYTHONPATH} /usr/bin/cmake --install /home/nayanika/robotic_arm_ws/build/mrf_bringup
[1.231s] Level 1:colcon.colcon_core.environment:create_environment_scripts_only(mrf_bringup)
[1.232s] Level 1:colcon.colcon_core.environment:checking '/home/nayanika/robotic_arm_ws/install/mrf_bringup' for CMake module files
[1.232s] DEBUG:colcon.colcon_core.event_handler.log_command:Invoked command in '/home/nayanika/robotic_arm_ws/build/mrf_bringup' returned '0': AMENT_PREFIX_PATH=/home/nayanika/robotic_arm_ws/install/mrf_perception:/home/nayanika/robotic_arm_ws/install/mrf_coordinator:/home/nayanika/robotic_arm_ws/install/mrf_msgs:/home/nayanika/robotic_arm_ws/install/mrf_gazebo:/home/nayanika/robotic_arm_ws/install/mrf_description:${AMENT_PREFIX_PATH} CMAKE_PREFIX_PATH=/home/nayanika/robotic_arm_ws/install/mrf_msgs:/home/nayanika/robotic_arm_ws/install/mrf_gazebo:/home/nayanika/robotic_arm_ws/install/mrf_description:/home/nayanika/robot_ws/install/arm_gazebo:/opt/ros/humble LD_LIBRARY_PATH=/home/nayanika/robotic_arm_ws/install/mrf_msgs/lib:${LD_LIBRARY_PATH} PYTHONPATH=/home/nayanika/robotic_arm_ws/build/mrf_perception:/home/nayanika/robotic_arm_ws/install/mrf_perception/lib/python3.10/site-packages:/home/nayanika/robotic_arm_ws/build/mrf_coordinator:/home/nayanika/robotic_arm_ws/install/mrf_coordinator/lib/python3.10/site-packages:/home/nayanika/robotic_arm_ws/install/mrf_msgs/local/lib/python3.10/dist-packages:${PYTHONPATH} /usr/bin/cmake --install /home/nayanika/robotic_arm_ws/build/mrf_bringup
[1.233s] Level 1:colcon.colcon_core.environment:checking '/home/nayanika/robotic_arm_ws/install/mrf_bringup' for CMake config files
[1.233s] Level 1:colcon.colcon_core.shell:create_environment_hook('mrf_bringup', 'cmake_prefix_path')
[1.233s] INFO:colcon.colcon_core.shell:Creating environment hook '/home/nayanika/robotic_arm_ws/install/mrf_bringup/share/mrf_bringup/hook/cmake_prefix_path.ps1'
[1.234s] INFO:colcon.colcon_core.shell:Creating environment descriptor '/home/nayanika/robotic_arm_ws/install/mrf_bringup/share/mrf_bringup/hook/cmake_prefix_path.dsv'
[1.234s] INFO:colcon.colcon_core.shell:Creating environment hook '/home/nayanika/robotic_arm_ws/install/mrf_bringup/share/mrf_bringup/hook/cmake_prefix_path.sh'
[1.235s] Level 1:colcon.colcon_core.environment:checking '/home/nayanika/robotic_arm_ws/install/mrf_bringup/bin'
[1.235s] Level 1:colcon.colcon_core.environment:checking '/home/nayanika/robotic_arm_ws/install/mrf_bringup/lib/pkgconfig/mrf_bringup.pc'
[1.235s] Level 1:colcon.colcon_core.environment:checking '/home/nayanika/robotic_arm_ws/install/mrf_bringup/lib/python3.10/site-packages'
[1.236s] Level 1:colcon.colcon_core.environment:checking '/home/nayanika/robotic_arm_ws/install/mrf_bringup/bin'
[1.236s] INFO:colcon.colcon_core.shell:Creating package script '/home/nayanika/robotic_arm_ws/install/mrf_bringup/share/mrf_bringup/package.ps1'
[1.237s] INFO:colcon.colcon_core.shell:Creating package descriptor '/home/nayanika/robotic_arm_ws/install/mrf_bringup/share/mrf_bringup/package.dsv'
[1.237s] INFO:colcon.colcon_core.shell:Creating package script '/home/nayanika/robotic_arm_ws/install/mrf_bringup/share/mrf_bringup/package.sh'
[1.238s] INFO:colcon.colcon_core.shell:Creating package script '/home/nayanika/robotic_arm_ws/install/mrf_bringup/share/mrf_bringup/package.bash'
[1.238s] INFO:colcon.colcon_core.shell:Creating package script '/home/nayanika/robotic_arm_ws/install/mrf_bringup/share/mrf_bringup/package.zsh'
[1.238s] Level 1:colcon.colcon_core.environment:create_file_with_runtime_dependencies(/home/nayanika/robotic_arm_ws/install/mrf_bringup/share/colcon-core/packages/mrf_bringup)
[1.239s] Level 1:colcon.colcon_core.environment:create_environment_scripts_only(mrf_bringup)
[1.239s] Level 1:colcon.colcon_core.environment:checking '/home/nayanika/robotic_arm_ws/install/mrf_bringup' for CMake module files
[1.240s] Level 1:colcon.colcon_core.environment:checking '/home/nayanika/robotic_arm_ws/install/mrf_bringup' for CMake config files
[1.240s] Level 1:colcon.colcon_core.shell:create_environment_hook('mrf_bringup', 'cmake_prefix_path')
[1.240s] INFO:colcon.colcon_core.shell:Creating environment hook '/home/nayanika/robotic_arm_ws/install/mrf_bringup/share/mrf_bringup/hook/cmake_prefix_path.ps1'
[1.241s] INFO:colcon.colcon_core.shell:Creating environment descriptor '/home/nayanika/robotic_arm_ws/install/mrf_bringup/share/mrf_bringup/hook/cmake_prefix_path.dsv'
[1.241s] INFO:colcon.colcon_core.shell:Creating environment hook '/home/nayanika/robotic_arm_ws/install/mrf_bringup/share/mrf_bringup/hook/cmake_prefix_path.sh'
[1.241s] Level 1:colcon.colcon_core.environment:checking '/home/nayanika/robotic_arm_ws/install/mrf_bringup/bin'
[1.241s] Level 1:colcon.colcon_core.environment:checking '/home/nayanika/robotic_arm_ws/install/mrf_bringup/lib/pkgconfig/mrf_bringup.pc'
[1.241s] Level 1:colcon.colcon_core.environment:checking '/home/nayanika/robotic_arm_ws/install/mrf_bringup/lib/python3.10/site-packages'
[1.242s] Level 1:colcon.colcon_core.environment:checking '/home/nayanika/robotic_arm_ws/install/mrf_bringup/bin'
[1.242s] INFO:colcon.colcon_core.shell:Creating package script '/home/nayanika/robotic_arm_ws/install/mrf_bringup/share/mrf_bringup/package.ps1'
[1.242s] INFO:colcon.colcon_core.shell:Creating package descriptor '/home/nayanika/robotic_arm_ws/install/mrf_bringup/share/mrf_bringup/package.dsv'
[1.243s] INFO:colcon.colcon_core.shell:Creating package script '/home/nayanika/robotic_arm_ws/install/mrf_bringup/share/mrf_bringup/package.sh'
[1.243s] INFO:colcon.colcon_core.shell:Creating package script '/home/nayanika/robotic_arm_ws/install/mrf_bringup/share/mrf_bringup/package.bash'
[1.243s] INFO:colcon.colcon_core.shell:Creating package script '/home/nayanika/robotic_arm_ws/install/mrf_bringup/share/mrf_bringup/package.zsh'
[1.244s] Level 1:colcon.colcon_core.environment:create_file_with_runtime_dependencies(/home/nayanika/robotic_arm_ws/install/mrf_bringup/share/colcon-core/packages/mrf_bringup)
[1.244s] DEBUG:colcon.colcon_parallel_executor.executor.parallel:closing loop
[1.244s] DEBUG:colcon.colcon_parallel_executor.executor.parallel:loop closed
[1.244s] DEBUG:colcon.colcon_parallel_executor.executor.parallel:run_until_complete finished with '0'
[1.244s] DEBUG:colcon.colcon_core.event_reactor:joining thread
[1.248s] INFO:colcon.colcon_core.plugin_system:Skipping extension 'colcon_notification.desktop_notification.terminal_notifier': Not used on non-Darwin systems
[1.248s] INFO:colcon.colcon_core.plugin_system:Skipping extension 'colcon_notification.desktop_notification.win32': Not used on non-Windows systems
[1.248s] INFO:colcon.colcon_notification.desktop_notification:Sending desktop notification using 'notify2'
[1.260s] DEBUG:colcon.colcon_core.event_reactor:joined thread
[1.260s] INFO:colcon.colcon_core.shell:Creating prefix script '/home/nayanika/robotic_arm_ws/install/local_setup.ps1'
[1.262s] INFO:colcon.colcon_core.shell:Creating prefix util module '/home/nayanika/robotic_arm_ws/install/_local_setup_util_ps1.py'
[1.263s] INFO:colcon.colcon_core.shell:Creating prefix chain script '/home/nayanika/robotic_arm_ws/install/setup.ps1'
[1.264s] INFO:colcon.colcon_core.shell:Creating prefix script '/home/nayanika/robotic_arm_ws/install/local_setup.sh'
[1.264s] INFO:colcon.colcon_core.shell:Creating prefix util module '/home/nayanika/robotic_arm_ws/install/_local_setup_util_sh.py'
[1.264s] INFO:colcon.colcon_core.shell:Creating prefix chain script '/home/nayanika/robotic_arm_ws/install/setup.sh'
[1.265s] INFO:colcon.colcon_core.shell:Creating prefix script '/home/nayanika/robotic_arm_ws/install/local_setup.bash'
[1.265s] INFO:colcon.colcon_core.shell:Creating prefix chain script '/home/nayanika/robotic_arm_ws/install/setup.bash'
[1.266s] INFO:colcon.colcon_core.shell:Creating prefix script '/home/nayanika/robotic_arm_ws/install/local_setup.zsh'
[1.266s] INFO:colcon.colcon_core.shell:Creating prefix chain script '/home/nayanika/robotic_arm_ws/install/setup.zsh'
